[0.178s] Invoking command in '/home/yirehban/ros2_ws/build/examples_rclcpp_minimal_composition': CMAKE_PREFIX_PATH=/opt/ros/humble /usr/bin/cmake /home/yirehban/ros2_ws/src/examples/rclcpp/composition/minimal_composition -DCMAKE_INSTALL_PREFIX=/home/yirehban/ros2_ws/install/examples_rclcpp_minimal_composition
[0.465s] -- The C compiler identification is GNU 11.4.0
[0.748s] -- The CXX compiler identification is GNU 11.4.0
[0.770s] -- Detecting C compiler ABI info
[1.096s] -- Detecting C compiler ABI info - done
[1.111s] -- Check for working C compiler: /usr/bin/cc - skipped
[1.114s] -- Detecting C compile features
[1.114s] -- Detecting C compile features - done
[1.122s] -- Detecting CXX compiler ABI info
[1.513s] -- Detecting CXX compiler ABI info - done
[1.531s] -- Check for working CXX compiler: /usr/bin/c++ - skipped
[1.536s] -- Detecting CXX compile features
[1.537s] -- Detecting CXX compile features - done
[1.542s] -- Found ament_cmake: 1.3.11 (/opt/ros/humble/share/ament_cmake/cmake)
[2.233s] -- Found Python3: /usr/bin/python3 (found version "3.10.12") found components: Interpreter 
[2.544s] -- Found rclcpp: 16.0.12 (/opt/ros/humble/share/rclcpp/cmake)
[2.635s] -- Found rosidl_generator_c: 3.1.6 (/opt/ros/humble/share/rosidl_generator_c/cmake)
[2.661s] -- Found rosidl_adapter: 3.1.6 (/opt/ros/humble/share/rosidl_adapter/cmake)
[2.677s] -- Found rosidl_generator_cpp: 3.1.6 (/opt/ros/humble/share/rosidl_generator_cpp/cmake)
[2.702s] -- Using all available rosidl_typesupport_c: rosidl_typesupport_fastrtps_c;rosidl_typesupport_introspection_c
[2.742s] -- Using all available rosidl_typesupport_cpp: rosidl_typesupport_fastrtps_cpp;rosidl_typesupport_introspection_cpp
[2.832s] -- Found rmw_implementation_cmake: 6.1.2 (/opt/ros/humble/share/rmw_implementation_cmake/cmake)
[2.837s] -- Found rmw_fastrtps_cpp: 6.2.7 (/opt/ros/humble/share/rmw_fastrtps_cpp/cmake)
[3.274s] -- Found OpenSSL: /usr/lib/aarch64-linux-gnu/libcrypto.so (found version "3.0.2")  
[3.382s] -- Found FastRTPS: /opt/ros/humble/include  
[3.489s] -- Using RMW implementation 'rmw_fastrtps_cpp' as default
[3.511s] -- Looking for pthread.h
[3.774s] -- Looking for pthread.h - found
[3.775s] -- Performing Test CMAKE_HAVE_LIBC_PTHREAD
[4.065s] -- Performing Test CMAKE_HAVE_LIBC_PTHREAD - Success
[4.067s] -- Found Threads: TRUE  
[4.230s] -- Found rclcpp_components: 16.0.12 (/opt/ros/humble/share/rclcpp_components/cmake)
[4.338s] -- Found ament_lint_auto: 0.12.12 (/opt/ros/humble/share/ament_lint_auto/cmake)
[4.795s] -- Added test 'copyright' to check source files copyright and LICENSE
[4.806s] -- Added test 'cppcheck' to perform static code analysis on C / C++ code
[4.807s] -- Configured cppcheck include dirs: /home/yirehban/ros2_ws/src/examples/rclcpp/composition/minimal_composition/include
[4.807s] -- Configured cppcheck exclude dirs and/or files: 
[4.809s] -- Added test 'cpplint' to check C / C++ code against the Google style
[4.809s] -- Configured cpplint exclude dirs and/or files: 
[4.810s] -- Added test 'lint_cmake' to check CMake code style
[4.812s] -- Added test 'uncrustify' to check C / C++ code style
[4.812s] -- Configured uncrustify additional arguments: 
[4.812s] -- Added test 'xmllint' to check XML markup files
[4.815s] -- Configuring done
[4.914s] -- Generating done
[4.937s] -- Build files have been written to: /home/yirehban/ros2_ws/build/examples_rclcpp_minimal_composition
[5.020s] Invoked command in '/home/yirehban/ros2_ws/build/examples_rclcpp_minimal_composition' returned '0': CMAKE_PREFIX_PATH=/opt/ros/humble /usr/bin/cmake /home/yirehban/ros2_ws/src/examples/rclcpp/composition/minimal_composition -DCMAKE_INSTALL_PREFIX=/home/yirehban/ros2_ws/install/examples_rclcpp_minimal_composition
[5.021s] Invoking command in '/home/yirehban/ros2_ws/build/examples_rclcpp_minimal_composition': CMAKE_PREFIX_PATH=/opt/ros/humble /usr/bin/cmake --build /home/yirehban/ros2_ws/build/examples_rclcpp_minimal_composition -- -j6 -l6
[18.208s] [ 11%] [32mBuilding CXX object CMakeFiles/composition_nodes.dir/src/publisher_node.cpp.o[0m
[19.760s] [ 22%] [32mBuilding CXX object CMakeFiles/composition_nodes.dir/src/subscriber_node.cpp.o[0m
[41.744s] [ 33%] [32m[1mLinking CXX shared library libcomposition_nodes.so[0m
[43.203s] [ 33%] Built target composition_nodes
[43.354s] [ 44%] [32mBuilding CXX object CMakeFiles/composition_publisher.dir/src/standalone_publisher.cpp.o[0m
[50.769s] [ 55%] [32m[1mLinking CXX executable composition_publisher[0m
[51.258s] [ 55%] Built target composition_publisher
[51.302s] [ 66%] [32mBuilding CXX object CMakeFiles/composition_composed.dir/src/composed.cpp.o[0m
[59.498s] [ 77%] [32m[1mLinking CXX executable composition_composed[0m
[60.537s] [ 77%] Built target composition_composed
[60.666s] [ 88%] [32mBuilding CXX object CMakeFiles/composition_subscriber.dir/src/standalone_subscriber.cpp.o[0m
[69.221s] [100%] [32m[1mLinking CXX executable composition_subscriber[0m
[69.733s] [100%] Built target composition_subscriber
[69.783s] Invoked command in '/home/yirehban/ros2_ws/build/examples_rclcpp_minimal_composition' returned '0': CMAKE_PREFIX_PATH=/opt/ros/humble /usr/bin/cmake --build /home/yirehban/ros2_ws/build/examples_rclcpp_minimal_composition -- -j6 -l6
[69.797s] Invoking command in '/home/yirehban/ros2_ws/build/examples_rclcpp_minimal_composition': CMAKE_PREFIX_PATH=/opt/ros/humble /usr/bin/cmake --install /home/yirehban/ros2_ws/build/examples_rclcpp_minimal_composition
[78.901s] -- Install configuration: ""
[78.901s] -- Installing: /home/yirehban/ros2_ws/install/examples_rclcpp_minimal_composition/share/examples_rclcpp_minimal_composition/environment/library_path.sh
[78.902s] -- Installing: /home/yirehban/ros2_ws/install/examples_rclcpp_minimal_composition/share/examples_rclcpp_minimal_composition/environment/library_path.dsv
[78.902s] -- Installing: /home/yirehban/ros2_ws/install/examples_rclcpp_minimal_composition/lib/libcomposition_nodes.so
[78.903s] -- Set runtime path of "/home/yirehban/ros2_ws/install/examples_rclcpp_minimal_composition/lib/libcomposition_nodes.so" to ""
[78.903s] -- Installing: /home/yirehban/ros2_ws/install/examples_rclcpp_minimal_composition/lib/examples_rclcpp_minimal_composition/composition_publisher
[78.903s] -- Set runtime path of "/home/yirehban/ros2_ws/install/examples_rclcpp_minimal_composition/lib/examples_rclcpp_minimal_composition/composition_publisher" to ""
[78.905s] -- Installing: /home/yirehban/ros2_ws/install/examples_rclcpp_minimal_composition/lib/examples_rclcpp_minimal_composition/composition_subscriber
[78.905s] -- Set runtime path of "/home/yirehban/ros2_ws/install/examples_rclcpp_minimal_composition/lib/examples_rclcpp_minimal_composition/composition_subscriber" to ""
[78.906s] -- Installing: /home/yirehban/ros2_ws/install/examples_rclcpp_minimal_composition/lib/examples_rclcpp_minimal_composition/composition_composed
[78.906s] -- Set runtime path of "/home/yirehban/ros2_ws/install/examples_rclcpp_minimal_composition/lib/examples_rclcpp_minimal_composition/composition_composed" to ""
[78.906s] -- Installing: /home/yirehban/ros2_ws/install/examples_rclcpp_minimal_composition/share/ament_index/resource_index/package_run_dependencies/examples_rclcpp_minimal_composition
[78.906s] -- Installing: /home/yirehban/ros2_ws/install/examples_rclcpp_minimal_composition/share/ament_index/resource_index/parent_prefix_path/examples_rclcpp_minimal_composition
[78.906s] -- Installing: /home/yirehban/ros2_ws/install/examples_rclcpp_minimal_composition/share/examples_rclcpp_minimal_composition/environment/ament_prefix_path.sh
[78.906s] -- Installing: /home/yirehban/ros2_ws/install/examples_rclcpp_minimal_composition/share/examples_rclcpp_minimal_composition/environment/ament_prefix_path.dsv
[78.906s] -- Installing: /home/yirehban/ros2_ws/install/examples_rclcpp_minimal_composition/share/examples_rclcpp_minimal_composition/environment/path.sh
[78.906s] -- Installing: /home/yirehban/ros2_ws/install/examples_rclcpp_minimal_composition/share/examples_rclcpp_minimal_composition/environment/path.dsv
[78.907s] -- Installing: /home/yirehban/ros2_ws/install/examples_rclcpp_minimal_composition/share/examples_rclcpp_minimal_composition/local_setup.bash
[78.907s] -- Installing: /home/yirehban/ros2_ws/install/examples_rclcpp_minimal_composition/share/examples_rclcpp_minimal_composition/local_setup.sh
[78.907s] -- Installing: /home/yirehban/ros2_ws/install/examples_rclcpp_minimal_composition/share/examples_rclcpp_minimal_composition/local_setup.zsh
[78.907s] -- Installing: /home/yirehban/ros2_ws/install/examples_rclcpp_minimal_composition/share/examples_rclcpp_minimal_composition/local_setup.dsv
[78.907s] -- Installing: /home/yirehban/ros2_ws/install/examples_rclcpp_minimal_composition/share/examples_rclcpp_minimal_composition/package.dsv
[78.907s] -- Installing: /home/yirehban/ros2_ws/install/examples_rclcpp_minimal_composition/share/ament_index/resource_index/packages/examples_rclcpp_minimal_composition
[78.907s] -- Installing: /home/yirehban/ros2_ws/install/examples_rclcpp_minimal_composition/share/examples_rclcpp_minimal_composition/cmake/examples_rclcpp_minimal_compositionConfig.cmake
[78.907s] -- Installing: /home/yirehban/ros2_ws/install/examples_rclcpp_minimal_composition/share/examples_rclcpp_minimal_composition/cmake/examples_rclcpp_minimal_compositionConfig-version.cmake
[78.908s] -- Installing: /home/yirehban/ros2_ws/install/examples_rclcpp_minimal_composition/share/examples_rclcpp_minimal_composition/package.xml
[78.913s] Invoked command in '/home/yirehban/ros2_ws/build/examples_rclcpp_minimal_composition' returned '0': CMAKE_PREFIX_PATH=/opt/ros/humble /usr/bin/cmake --install /home/yirehban/ros2_ws/build/examples_rclcpp_minimal_composition
