[0.042s] Invoking command in '/home/yirehban/ros2_ws/build/examples_rclcpp_wait_set': CMAKE_PREFIX_PATH=/opt/ros/humble /usr/bin/cmake /home/yirehban/ros2_ws/src/examples/rclcpp/wait_set -DCMAKE_INSTALL_PREFIX=/home/yirehban/ros2_ws/install/examples_rclcpp_wait_set
[3.413s] -- The C compiler identification is GNU 11.4.0
[3.413s] -- The CXX compiler identification is GNU 11.4.0
[3.414s] -- Detecting C compiler ABI info
[3.414s] -- Detecting C compiler ABI info - done
[3.414s] -- Check for working C compiler: /usr/bin/cc - skipped
[3.414s] -- Detecting C compile features
[3.414s] -- Detecting C compile features - done
[3.414s] -- Detecting CXX compiler ABI info
[3.414s] -- Detecting CXX compiler ABI info - done
[3.414s] -- Check for working CXX compiler: /usr/bin/c++ - skipped
[3.414s] -- Detecting CXX compile features
[3.415s] -- Detecting CXX compile features - done
[3.415s] -- Found ament_cmake: 1.3.11 (/opt/ros/humble/share/ament_cmake/cmake)
[3.415s] -- Found Python3: /usr/bin/python3 (found version "3.10.12") found components: Interpreter 
[3.415s] -- Found example_interfaces: 0.9.3 (/opt/ros/humble/share/example_interfaces/cmake)
[3.415s] -- Found rosidl_generator_c: 3.1.6 (/opt/ros/humble/share/rosidl_generator_c/cmake)
[3.415s] -- Found rosidl_adapter: 3.1.6 (/opt/ros/humble/share/rosidl_adapter/cmake)
[3.415s] -- Found rosidl_generator_cpp: 3.1.6 (/opt/ros/humble/share/rosidl_generator_cpp/cmake)
[3.415s] -- Using all available rosidl_typesupport_c: rosidl_typesupport_fastrtps_c;rosidl_typesupport_introspection_c
[3.415s] -- Using all available rosidl_typesupport_cpp: rosidl_typesupport_fastrtps_cpp;rosidl_typesupport_introspection_cpp
[3.416s] -- Found rclcpp: 16.0.12 (/opt/ros/humble/share/rclcpp/cmake)
[3.416s] -- Found rmw_implementation_cmake: 6.1.2 (/opt/ros/humble/share/rmw_implementation_cmake/cmake)
[3.416s] -- Found rmw_fastrtps_cpp: 6.2.7 (/opt/ros/humble/share/rmw_fastrtps_cpp/cmake)
[3.416s] -- Found OpenSSL: /usr/lib/aarch64-linux-gnu/libcrypto.so (found version "3.0.2")  
[3.416s] -- Found FastRTPS: /opt/ros/humble/include  
[3.416s] -- Using RMW implementation 'rmw_fastrtps_cpp' as default
[3.416s] -- Looking for pthread.h
[3.416s] -- Looking for pthread.h - found
[3.416s] -- Performing Test CMAKE_HAVE_LIBC_PTHREAD
[3.416s] -- Performing Test CMAKE_HAVE_LIBC_PTHREAD - Success
[3.417s] -- Found Threads: TRUE  
[3.417s] -- Found rclcpp_components: 16.0.12 (/opt/ros/humble/share/rclcpp_components/cmake)
[3.417s] -- Found ament_lint_auto: 0.12.12 (/opt/ros/humble/share/ament_lint_auto/cmake)
[3.591s] -- Added test 'copyright' to check source files copyright and LICENSE
[3.597s] -- Added test 'cppcheck' to perform static code analysis on C / C++ code
[3.598s] -- Configured cppcheck include dirs: /home/yirehban/ros2_ws/src/examples/rclcpp/wait_set/include
[3.598s] -- Configured cppcheck exclude dirs and/or files: 
[3.600s] -- Added test 'cpplint' to check C / C++ code against the Google style
[3.601s] -- Configured cpplint exclude dirs and/or files: 
[3.602s] -- Added test 'lint_cmake' to check CMake code style
[3.605s] -- Added test 'uncrustify' to check C / C++ code style
[3.605s] -- Configured uncrustify additional arguments: 
[3.606s] -- Added test 'xmllint' to check XML markup files
[3.608s] -- Configuring done
[3.837s] -- Generating done
[3.876s] -- Build files have been written to: /home/yirehban/ros2_ws/build/examples_rclcpp_wait_set
[3.917s] Invoked command in '/home/yirehban/ros2_ws/build/examples_rclcpp_wait_set' returned '0': CMAKE_PREFIX_PATH=/opt/ros/humble /usr/bin/cmake /home/yirehban/ros2_ws/src/examples/rclcpp/wait_set -DCMAKE_INSTALL_PREFIX=/home/yirehban/ros2_ws/install/examples_rclcpp_wait_set
[3.918s] Invoking command in '/home/yirehban/ros2_ws/build/examples_rclcpp_wait_set': CMAKE_PREFIX_PATH=/opt/ros/humble /usr/bin/cmake --build /home/yirehban/ros2_ws/build/examples_rclcpp_wait_set -- -j6 -l6
[15.616s] [  4%] [32mBuilding CXX object CMakeFiles/talker.dir/src/talker.cpp.o[0m
[16.787s] [  8%] [32m[1mLinking CXX shared library libtalker.so[0m
[17.265s] [  8%] Built target talker
[17.309s] [ 12%] [32mBuilding CXX object CMakeFiles/static_wait_set.dir/src/static_wait_set.cpp.o[0m
[38.574s] [ 16%] [32m[1mLinking CXX executable static_wait_set[0m
[39.582s] [ 16%] Built target static_wait_set
[39.640s] [ 20%] [32mBuilding CXX object CMakeFiles/thread_safe_wait_set.dir/src/thread_safe_wait_set.cpp.o[0m
[60.516s] [ 25%] [32m[1mLinking CXX executable thread_safe_wait_set[0m
[61.685s] [ 25%] Built target thread_safe_wait_set
[61.731s] [ 29%] [32mBuilding CXX object CMakeFiles/wait_set_topics_and_timer.dir/src/wait_set_topics_and_timer.cpp.o[0m
[82.503s] [ 33%] [32m[1mLinking CXX executable wait_set_topics_and_timer[0m
[83.382s] [ 33%] Built target wait_set_topics_and_timer
[83.434s] [ 37%] [32mBuilding CXX object CMakeFiles/wait_set_random_order.dir/src/wait_set_random_order.cpp.o[0m
[105.257s] [ 41%] [32m[1mLinking CXX executable wait_set_random_order[0m
[106.237s] [ 41%] Built target wait_set_random_order
[106.278s] [ 45%] [32mBuilding CXX object CMakeFiles/executor_random_order.dir/src/executor_random_order.cpp.o[0m
[125.119s] [ 50%] [32m[1mLinking CXX executable executor_random_order[0m
[125.933s] [ 50%] Built target executor_random_order
[125.980s] [ 54%] [32mBuilding CXX object CMakeFiles/wait_set.dir/src/wait_set.cpp.o[0m
[125.989s] [ 58%] [32mBuilding CXX object CMakeFiles/wait_set_topics_with_different_rates.dir/src/wait_set_topics_with_different_rates.cpp.o[0m
[146.808s] [ 62%] [32m[1mLinking CXX executable wait_set[0m
[147.804s] [ 62%] Built target wait_set
[147.847s] [ 66%] [32mBuilding CXX object CMakeFiles/wait_set_listener.dir/rclcpp_components/node_main_wait_set_listener.cpp.o[0m
[150.396s] [ 70%] [32m[1mLinking CXX executable wait_set_topics_with_different_rates[0m
[151.630s] [ 70%] Built target wait_set_topics_with_different_rates
[151.790s] [ 75%] [32mBuilding CXX object CMakeFiles/listener.dir/src/listener.cpp.o[0m
[156.422s] [ 79%] [32m[1mLinking CXX executable wait_set_listener[0m
[156.810s] [ 79%] Built target wait_set_listener
[171.759s] [ 83%] [32m[1mLinking CXX shared library liblistener.so[0m
[172.639s] [ 83%] Built target listener
[172.684s] [ 87%] [32mBuilding CXX object CMakeFiles/wait_set_composed.dir/src/wait_set_composed.cpp.o[0m
[172.686s] [ 91%] [32mBuilding CXX object CMakeFiles/wait_set_talker.dir/rclcpp_components/node_main_wait_set_talker.cpp.o[0m
[179.399s] [ 95%] [32m[1mLinking CXX executable wait_set_talker[0m
[179.442s] [100%] [32m[1mLinking CXX executable wait_set_composed[0m
[179.667s] [100%] Built target wait_set_talker
[179.941s] [100%] Built target wait_set_composed
[179.970s] Invoked command in '/home/yirehban/ros2_ws/build/examples_rclcpp_wait_set' returned '0': CMAKE_PREFIX_PATH=/opt/ros/humble /usr/bin/cmake --build /home/yirehban/ros2_ws/build/examples_rclcpp_wait_set -- -j6 -l6
[179.976s] Invoking command in '/home/yirehban/ros2_ws/build/examples_rclcpp_wait_set': CMAKE_PREFIX_PATH=/opt/ros/humble /usr/bin/cmake --install /home/yirehban/ros2_ws/build/examples_rclcpp_wait_set
[179.996s] -- Install configuration: ""
[179.997s] -- Installing: /home/yirehban/ros2_ws/install/examples_rclcpp_wait_set/lib/examples_rclcpp_wait_set/wait_set_talker
[179.998s] -- Set runtime path of "/home/yirehban/ros2_ws/install/examples_rclcpp_wait_set/lib/examples_rclcpp_wait_set/wait_set_talker" to ""
[179.998s] -- Installing: /home/yirehban/ros2_ws/install/examples_rclcpp_wait_set/lib/examples_rclcpp_wait_set/wait_set_listener
[179.999s] -- Set runtime path of "/home/yirehban/ros2_ws/install/examples_rclcpp_wait_set/lib/examples_rclcpp_wait_set/wait_set_listener" to ""
[179.999s] -- Installing: /home/yirehban/ros2_ws/install/examples_rclcpp_wait_set/lib/libtalker.so
[180.004s] -- Set runtime path of "/home/yirehban/ros2_ws/install/examples_rclcpp_wait_set/lib/libtalker.so" to ""
[180.004s] -- Installing: /home/yirehban/ros2_ws/install/examples_rclcpp_wait_set/lib/liblistener.so
[180.021s] -- Set runtime path of "/home/yirehban/ros2_ws/install/examples_rclcpp_wait_set/lib/liblistener.so" to ""
[180.021s] -- Installing: /home/yirehban/ros2_ws/install/examples_rclcpp_wait_set/lib/examples_rclcpp_wait_set/wait_set
[180.030s] -- Set runtime path of "/home/yirehban/ros2_ws/install/examples_rclcpp_wait_set/lib/examples_rclcpp_wait_set/wait_set" to ""
[180.030s] -- Installing: /home/yirehban/ros2_ws/install/examples_rclcpp_wait_set/lib/examples_rclcpp_wait_set/static_wait_set
[180.038s] -- Set runtime path of "/home/yirehban/ros2_ws/install/examples_rclcpp_wait_set/lib/examples_rclcpp_wait_set/static_wait_set" to ""
[180.038s] -- Installing: /home/yirehban/ros2_ws/install/examples_rclcpp_wait_set/lib/examples_rclcpp_wait_set/thread_safe_wait_set
[180.046s] -- Set runtime path of "/home/yirehban/ros2_ws/install/examples_rclcpp_wait_set/lib/examples_rclcpp_wait_set/thread_safe_wait_set" to ""
[180.046s] -- Installing: /home/yirehban/ros2_ws/install/examples_rclcpp_wait_set/lib/examples_rclcpp_wait_set/wait_set_topics_and_timer
[180.053s] -- Set runtime path of "/home/yirehban/ros2_ws/install/examples_rclcpp_wait_set/lib/examples_rclcpp_wait_set/wait_set_topics_and_timer" to ""
[180.054s] -- Installing: /home/yirehban/ros2_ws/install/examples_rclcpp_wait_set/lib/examples_rclcpp_wait_set/wait_set_random_order
[180.062s] -- Set runtime path of "/home/yirehban/ros2_ws/install/examples_rclcpp_wait_set/lib/examples_rclcpp_wait_set/wait_set_random_order" to ""
[180.062s] -- Installing: /home/yirehban/ros2_ws/install/examples_rclcpp_wait_set/lib/examples_rclcpp_wait_set/executor_random_order
[180.069s] -- Set runtime path of "/home/yirehban/ros2_ws/install/examples_rclcpp_wait_set/lib/examples_rclcpp_wait_set/executor_random_order" to ""
[180.069s] -- Installing: /home/yirehban/ros2_ws/install/examples_rclcpp_wait_set/lib/examples_rclcpp_wait_set/wait_set_topics_with_different_rates
[180.077s] -- Set runtime path of "/home/yirehban/ros2_ws/install/examples_rclcpp_wait_set/lib/examples_rclcpp_wait_set/wait_set_topics_with_different_rates" to ""
[180.077s] -- Installing: /home/yirehban/ros2_ws/install/examples_rclcpp_wait_set/lib/examples_rclcpp_wait_set/wait_set_composed
[180.077s] -- Set runtime path of "/home/yirehban/ros2_ws/install/examples_rclcpp_wait_set/lib/examples_rclcpp_wait_set/wait_set_composed" to ""
[180.078s] -- Installing: /home/yirehban/ros2_ws/install/examples_rclcpp_wait_set/share/ament_index/resource_index/package_run_dependencies/examples_rclcpp_wait_set
[180.080s] -- Installing: /home/yirehban/ros2_ws/install/examples_rclcpp_wait_set/share/ament_index/resource_index/parent_prefix_path/examples_rclcpp_wait_set
[180.080s] -- Installing: /home/yirehban/ros2_ws/install/examples_rclcpp_wait_set/share/examples_rclcpp_wait_set/environment/ament_prefix_path.sh
[180.081s] -- Installing: /home/yirehban/ros2_ws/install/examples_rclcpp_wait_set/share/examples_rclcpp_wait_set/environment/ament_prefix_path.dsv
[180.082s] -- Installing: /home/yirehban/ros2_ws/install/examples_rclcpp_wait_set/share/examples_rclcpp_wait_set/environment/path.sh
[180.082s] -- Installing: /home/yirehban/ros2_ws/install/examples_rclcpp_wait_set/share/examples_rclcpp_wait_set/environment/path.dsv
[180.082s] -- Installing: /home/yirehban/ros2_ws/install/examples_rclcpp_wait_set/share/examples_rclcpp_wait_set/local_setup.bash
[180.082s] -- Installing: /home/yirehban/ros2_ws/install/examples_rclcpp_wait_set/share/examples_rclcpp_wait_set/local_setup.sh
[180.082s] -- Installing: /home/yirehban/ros2_ws/install/examples_rclcpp_wait_set/share/examples_rclcpp_wait_set/local_setup.zsh
[180.082s] -- Installing: /home/yirehban/ros2_ws/install/examples_rclcpp_wait_set/share/examples_rclcpp_wait_set/local_setup.dsv
[180.083s] -- Installing: /home/yirehban/ros2_ws/install/examples_rclcpp_wait_set/share/examples_rclcpp_wait_set/package.dsv
[180.083s] -- Installing: /home/yirehban/ros2_ws/install/examples_rclcpp_wait_set/share/ament_index/resource_index/packages/examples_rclcpp_wait_set
[180.083s] -- Installing: /home/yirehban/ros2_ws/install/examples_rclcpp_wait_set/share/ament_index/resource_index/rclcpp_components/examples_rclcpp_wait_set
[180.084s] -- Installing: /home/yirehban/ros2_ws/install/examples_rclcpp_wait_set/share/examples_rclcpp_wait_set/cmake/examples_rclcpp_wait_setConfig.cmake
[180.084s] -- Installing: /home/yirehban/ros2_ws/install/examples_rclcpp_wait_set/share/examples_rclcpp_wait_set/cmake/examples_rclcpp_wait_setConfig-version.cmake
[180.084s] -- Installing: /home/yirehban/ros2_ws/install/examples_rclcpp_wait_set/share/examples_rclcpp_wait_set/package.xml
[180.091s] Invoked command in '/home/yirehban/ros2_ws/build/examples_rclcpp_wait_set' returned '0': CMAKE_PREFIX_PATH=/opt/ros/humble /usr/bin/cmake --install /home/yirehban/ros2_ws/build/examples_rclcpp_wait_set
