[0.034s] Invoking command in '/home/yirehban/ros2_ws/build/zed_tutorial_depth': CMAKE_PREFIX_PATH=/opt/ros/humble /usr/bin/cmake /home/yirehban/ros2_ws/src/zed-ros2-examples/tutorials/zed_depth_tutorial -DCMAKE_INSTALL_PREFIX=/home/yirehban/ros2_ws/install/zed_tutorial_depth
[0.173s] -- The C compiler identification is GNU 11.4.0
[0.287s] -- The CXX compiler identification is GNU 11.4.0
[0.305s] -- Detecting C compiler ABI info
[0.499s] -- Detecting C compiler ABI info - done
[0.528s] -- Check for working C compiler: /usr/bin/cc - skipped
[0.530s] -- Detecting C compile features
[0.532s] -- Detecting C compile features - done
[0.540s] -- Detecting CXX compiler ABI info
[0.701s] -- Detecting CXX compiler ABI info - done
[0.713s] -- Check for working CXX compiler: /usr/bin/c++ - skipped
[0.714s] -- Detecting CXX compile features
[0.714s] -- Detecting CXX compile features - done
[0.718s] -- Found ament_cmake_auto: 1.3.11 (/opt/ros/humble/share/ament_cmake_auto/cmake)
[1.145s] -- Found Python3: /usr/bin/python3 (found version "3.10.12") found components: Interpreter 
[1.673s] -- Found rosidl_generator_c: 3.1.6 (/opt/ros/humble/share/rosidl_generator_c/cmake)
[1.683s] -- Found rosidl_adapter: 3.1.6 (/opt/ros/humble/share/rosidl_adapter/cmake)
[1.700s] -- Found rosidl_generator_cpp: 3.1.6 (/opt/ros/humble/share/rosidl_generator_cpp/cmake)
[1.729s] -- Using all available rosidl_typesupport_c: rosidl_typesupport_fastrtps_c;rosidl_typesupport_introspection_c
[1.765s] -- Using all available rosidl_typesupport_cpp: rosidl_typesupport_fastrtps_cpp;rosidl_typesupport_introspection_cpp
[1.859s] -- Found rmw_implementation_cmake: 6.1.2 (/opt/ros/humble/share/rmw_implementation_cmake/cmake)
[1.865s] -- Found rmw_fastrtps_cpp: 6.2.7 (/opt/ros/humble/share/rmw_fastrtps_cpp/cmake)
[2.035s] -- Found OpenSSL: /usr/lib/aarch64-linux-gnu/libcrypto.so (found version "3.0.2")  
[2.087s] -- Found FastRTPS: /opt/ros/humble/include  
[2.180s] -- Using RMW implementation 'rmw_fastrtps_cpp' as default
[2.197s] -- Looking for pthread.h
[2.428s] -- Looking for pthread.h - found
[2.430s] -- Performing Test CMAKE_HAVE_LIBC_PTHREAD
[2.585s] -- Performing Test CMAKE_HAVE_LIBC_PTHREAD - Success
[2.587s] -- Found Threads: TRUE  
[2.789s] -- Found ament_lint_auto: 0.12.12 (/opt/ros/humble/share/ament_lint_auto/cmake)
[2.840s] -- Added test 'copyright' to check source files copyright and LICENSE
[2.842s] -- Added test 'cppcheck' to perform static code analysis on C / C++ code
[2.845s] -- Configured cppcheck include dirs: 
[2.845s] -- Configured cppcheck exclude dirs and/or files: 
[2.846s] -- Added test 'cpplint' to check C / C++ code against the Google style
[2.846s] -- Configured cpplint exclude dirs and/or files: 
[2.848s] -- Added test 'lint_cmake' to check CMake code style
[2.849s] -- Added test 'uncrustify' to check C / C++ code style
[2.849s] -- Configured uncrustify additional arguments: 
[2.850s] -- Added test 'xmllint' to check XML markup files
[2.851s] -- Added test 'clang_format' to check C / C++ code style
[2.854s] -- Configuring done
[2.880s] -- Generating done
[2.889s] -- Build files have been written to: /home/yirehban/ros2_ws/build/zed_tutorial_depth
[2.931s] Invoked command in '/home/yirehban/ros2_ws/build/zed_tutorial_depth' returned '0': CMAKE_PREFIX_PATH=/opt/ros/humble /usr/bin/cmake /home/yirehban/ros2_ws/src/zed-ros2-examples/tutorials/zed_depth_tutorial -DCMAKE_INSTALL_PREFIX=/home/yirehban/ros2_ws/install/zed_tutorial_depth
[2.939s] Invoking command in '/home/yirehban/ros2_ws/build/zed_tutorial_depth': CMAKE_PREFIX_PATH=/opt/ros/humble /usr/bin/cmake --build /home/yirehban/ros2_ws/build/zed_tutorial_depth -- -j6 -l6
[3.072s] [ 50%] [32mBuilding CXX object CMakeFiles/zed_tutorial_depth.dir/src/zed_depth_sub_tutorial.cpp.o[0m
[28.340s] [100%] [32m[1mLinking CXX executable zed_tutorial_depth[0m
[28.656s] [100%] Built target zed_tutorial_depth
[28.683s] Invoked command in '/home/yirehban/ros2_ws/build/zed_tutorial_depth' returned '0': CMAKE_PREFIX_PATH=/opt/ros/humble /usr/bin/cmake --build /home/yirehban/ros2_ws/build/zed_tutorial_depth -- -j6 -l6
[28.684s] Invoking command in '/home/yirehban/ros2_ws/build/zed_tutorial_depth': CMAKE_PREFIX_PATH=/opt/ros/humble /usr/bin/cmake --install /home/yirehban/ros2_ws/build/zed_tutorial_depth
[40.431s] -- Install configuration: "Release"
[40.431s] -- Installing: /home/yirehban/ros2_ws/install/zed_tutorial_depth/lib/zed_tutorial_depth/zed_tutorial_depth
[40.431s] -- Set runtime path of "/home/yirehban/ros2_ws/install/zed_tutorial_depth/lib/zed_tutorial_depth/zed_tutorial_depth" to ""
[40.432s] -- Installing: /home/yirehban/ros2_ws/install/zed_tutorial_depth/share/ament_index/resource_index/package_run_dependencies/zed_tutorial_depth
[40.432s] -- Installing: /home/yirehban/ros2_ws/install/zed_tutorial_depth/share/ament_index/resource_index/parent_prefix_path/zed_tutorial_depth
[40.432s] -- Installing: /home/yirehban/ros2_ws/install/zed_tutorial_depth/share/zed_tutorial_depth/environment/ament_prefix_path.sh
[40.432s] -- Installing: /home/yirehban/ros2_ws/install/zed_tutorial_depth/share/zed_tutorial_depth/environment/ament_prefix_path.dsv
[40.432s] -- Installing: /home/yirehban/ros2_ws/install/zed_tutorial_depth/share/zed_tutorial_depth/environment/path.sh
[40.432s] -- Installing: /home/yirehban/ros2_ws/install/zed_tutorial_depth/share/zed_tutorial_depth/environment/path.dsv
[40.432s] -- Installing: /home/yirehban/ros2_ws/install/zed_tutorial_depth/share/zed_tutorial_depth/local_setup.bash
[40.432s] -- Installing: /home/yirehban/ros2_ws/install/zed_tutorial_depth/share/zed_tutorial_depth/local_setup.sh
[40.432s] -- Installing: /home/yirehban/ros2_ws/install/zed_tutorial_depth/share/zed_tutorial_depth/local_setup.zsh
[40.432s] -- Installing: /home/yirehban/ros2_ws/install/zed_tutorial_depth/share/zed_tutorial_depth/local_setup.dsv
[40.433s] -- Installing: /home/yirehban/ros2_ws/install/zed_tutorial_depth/share/zed_tutorial_depth/package.dsv
[40.433s] -- Installing: /home/yirehban/ros2_ws/install/zed_tutorial_depth/share/ament_index/resource_index/packages/zed_tutorial_depth
[40.433s] -- Installing: /home/yirehban/ros2_ws/install/zed_tutorial_depth/share/zed_tutorial_depth/cmake/zed_tutorial_depthConfig.cmake
[40.433s] -- Installing: /home/yirehban/ros2_ws/install/zed_tutorial_depth/share/zed_tutorial_depth/cmake/zed_tutorial_depthConfig-version.cmake
[40.433s] -- Installing: /home/yirehban/ros2_ws/install/zed_tutorial_depth/share/zed_tutorial_depth/package.xml
[40.440s] Invoked command in '/home/yirehban/ros2_ws/build/zed_tutorial_depth' returned '0': CMAKE_PREFIX_PATH=/opt/ros/humble /usr/bin/cmake --install /home/yirehban/ros2_ws/build/zed_tutorial_depth
