[2.798s] Invoking command in '/home/yirehban/ros2_ws/src/examples/rclpy/services/minimal_client': PYTHONPATH=/home/yirehban/ros2_ws/build/examples_rclpy_minimal_client/prefix_override:/usr/lib/python3/dist-packages/colcon_core/task/python/colcon_distutils_commands:/home/yirehban/ros2_ws/install/examples_rclpy_minimal_client/lib/python3.10/site-packages:${PYTHONPATH} /usr/bin/python3 -W ignore:setup.py install is deprecated -W ignore:easy_install command is deprecated setup.py egg_info --egg-base ../../../../../build/examples_rclpy_minimal_client build --build-base /home/yirehban/ros2_ws/build/examples_rclpy_minimal_client/build install --record /home/yirehban/ros2_ws/build/examples_rclpy_minimal_client/install.log --single-version-externally-managed install_data
[3.458s] running egg_info
[3.460s] creating ../../../../../build/examples_rclpy_minimal_client/examples_rclpy_minimal_client.egg-info
[3.461s] writing ../../../../../build/examples_rclpy_minimal_client/examples_rclpy_minimal_client.egg-info/PKG-INFO
[3.462s] writing dependency_links to ../../../../../build/examples_rclpy_minimal_client/examples_rclpy_minimal_client.egg-info/dependency_links.txt
[3.462s] writing entry points to ../../../../../build/examples_rclpy_minimal_client/examples_rclpy_minimal_client.egg-info/entry_points.txt
[3.463s] writing requirements to ../../../../../build/examples_rclpy_minimal_client/examples_rclpy_minimal_client.egg-info/requires.txt
[3.463s] writing top-level names to ../../../../../build/examples_rclpy_minimal_client/examples_rclpy_minimal_client.egg-info/top_level.txt
[3.464s] writing manifest file '../../../../../build/examples_rclpy_minimal_client/examples_rclpy_minimal_client.egg-info/SOURCES.txt'
[3.471s] reading manifest file '../../../../../build/examples_rclpy_minimal_client/examples_rclpy_minimal_client.egg-info/SOURCES.txt'
[3.473s] writing manifest file '../../../../../build/examples_rclpy_minimal_client/examples_rclpy_minimal_client.egg-info/SOURCES.txt'
[3.473s] running build
[3.474s] running build_py
[3.474s] creating /home/yirehban/ros2_ws/build/examples_rclpy_minimal_client/build
[3.474s] creating /home/yirehban/ros2_ws/build/examples_rclpy_minimal_client/build/lib
[3.474s] creating /home/yirehban/ros2_ws/build/examples_rclpy_minimal_client/build/lib/examples_rclpy_minimal_client
[3.474s] copying examples_rclpy_minimal_client/client_async_member_function.py -> /home/yirehban/ros2_ws/build/examples_rclpy_minimal_client/build/lib/examples_rclpy_minimal_client
[3.476s] copying examples_rclpy_minimal_client/client.py -> /home/yirehban/ros2_ws/build/examples_rclpy_minimal_client/build/lib/examples_rclpy_minimal_client
[3.477s] copying examples_rclpy_minimal_client/__init__.py -> /home/yirehban/ros2_ws/build/examples_rclpy_minimal_client/build/lib/examples_rclpy_minimal_client
[3.477s] copying examples_rclpy_minimal_client/client_async_callback.py -> /home/yirehban/ros2_ws/build/examples_rclpy_minimal_client/build/lib/examples_rclpy_minimal_client
[3.478s] copying examples_rclpy_minimal_client/client_async.py -> /home/yirehban/ros2_ws/build/examples_rclpy_minimal_client/build/lib/examples_rclpy_minimal_client
[3.479s] running install
[3.480s] running install_lib
[3.482s] creating /home/yirehban/ros2_ws/install/examples_rclpy_minimal_client/lib/python3.10/site-packages/examples_rclpy_minimal_client
[3.482s] copying /home/yirehban/ros2_ws/build/examples_rclpy_minimal_client/build/lib/examples_rclpy_minimal_client/client_async_member_function.py -> /home/yirehban/ros2_ws/install/examples_rclpy_minimal_client/lib/python3.10/site-packages/examples_rclpy_minimal_client
[3.482s] copying /home/yirehban/ros2_ws/build/examples_rclpy_minimal_client/build/lib/examples_rclpy_minimal_client/client.py -> /home/yirehban/ros2_ws/install/examples_rclpy_minimal_client/lib/python3.10/site-packages/examples_rclpy_minimal_client
[3.482s] copying /home/yirehban/ros2_ws/build/examples_rclpy_minimal_client/build/lib/examples_rclpy_minimal_client/__init__.py -> /home/yirehban/ros2_ws/install/examples_rclpy_minimal_client/lib/python3.10/site-packages/examples_rclpy_minimal_client
[3.482s] copying /home/yirehban/ros2_ws/build/examples_rclpy_minimal_client/build/lib/examples_rclpy_minimal_client/client_async_callback.py -> /home/yirehban/ros2_ws/install/examples_rclpy_minimal_client/lib/python3.10/site-packages/examples_rclpy_minimal_client
[3.483s] copying /home/yirehban/ros2_ws/build/examples_rclpy_minimal_client/build/lib/examples_rclpy_minimal_client/client_async.py -> /home/yirehban/ros2_ws/install/examples_rclpy_minimal_client/lib/python3.10/site-packages/examples_rclpy_minimal_client
[3.484s] byte-compiling /home/yirehban/ros2_ws/install/examples_rclpy_minimal_client/lib/python3.10/site-packages/examples_rclpy_minimal_client/client_async_member_function.py to client_async_member_function.cpython-310.pyc
[3.485s] byte-compiling /home/yirehban/ros2_ws/install/examples_rclpy_minimal_client/lib/python3.10/site-packages/examples_rclpy_minimal_client/client.py to client.cpython-310.pyc
[3.486s] byte-compiling /home/yirehban/ros2_ws/install/examples_rclpy_minimal_client/lib/python3.10/site-packages/examples_rclpy_minimal_client/__init__.py to __init__.cpython-310.pyc
[3.486s] byte-compiling /home/yirehban/ros2_ws/install/examples_rclpy_minimal_client/lib/python3.10/site-packages/examples_rclpy_minimal_client/client_async_callback.py to client_async_callback.cpython-310.pyc
[3.487s] byte-compiling /home/yirehban/ros2_ws/install/examples_rclpy_minimal_client/lib/python3.10/site-packages/examples_rclpy_minimal_client/client_async.py to client_async.cpython-310.pyc
[3.488s] running install_data
[3.488s] creating /home/yirehban/ros2_ws/install/examples_rclpy_minimal_client/share/ament_index
[3.488s] creating /home/yirehban/ros2_ws/install/examples_rclpy_minimal_client/share/ament_index/resource_index
[3.489s] creating /home/yirehban/ros2_ws/install/examples_rclpy_minimal_client/share/ament_index/resource_index/packages
[3.489s] copying resource/examples_rclpy_minimal_client -> /home/yirehban/ros2_ws/install/examples_rclpy_minimal_client/share/ament_index/resource_index/packages
[3.489s] copying package.xml -> /home/yirehban/ros2_ws/install/examples_rclpy_minimal_client/share/examples_rclpy_minimal_client
[3.490s] running install_egg_info
[3.494s] Copying ../../../../../build/examples_rclpy_minimal_client/examples_rclpy_minimal_client.egg-info to /home/yirehban/ros2_ws/install/examples_rclpy_minimal_client/lib/python3.10/site-packages/examples_rclpy_minimal_client-0.15.3-py3.10.egg-info
[3.497s] running install_scripts
[3.548s] Installing client script to /home/yirehban/ros2_ws/install/examples_rclpy_minimal_client/lib/examples_rclpy_minimal_client
[3.548s] Installing client_async script to /home/yirehban/ros2_ws/install/examples_rclpy_minimal_client/lib/examples_rclpy_minimal_client
[3.549s] Installing client_async_callback script to /home/yirehban/ros2_ws/install/examples_rclpy_minimal_client/lib/examples_rclpy_minimal_client
[3.549s] Installing client_async_member_function script to /home/yirehban/ros2_ws/install/examples_rclpy_minimal_client/lib/examples_rclpy_minimal_client
[3.550s] writing list of installed files to '/home/yirehban/ros2_ws/build/examples_rclpy_minimal_client/install.log'
[3.702s] Invoked command in '/home/yirehban/ros2_ws/src/examples/rclpy/services/minimal_client' returned '0': PYTHONPATH=/home/yirehban/ros2_ws/build/examples_rclpy_minimal_client/prefix_override:/usr/lib/python3/dist-packages/colcon_core/task/python/colcon_distutils_commands:/home/yirehban/ros2_ws/install/examples_rclpy_minimal_client/lib/python3.10/site-packages:${PYTHONPATH} /usr/bin/python3 -W ignore:setup.py install is deprecated -W ignore:easy_install command is deprecated setup.py egg_info --egg-base ../../../../../build/examples_rclpy_minimal_client build --build-base /home/yirehban/ros2_ws/build/examples_rclpy_minimal_client/build install --record /home/yirehban/ros2_ws/build/examples_rclpy_minimal_client/install.log --single-version-externally-managed install_data
