[0.035s] Invoking command in '/home/yirehban/ros2_ws/build/zed_tutorial_video': CMAKE_PREFIX_PATH=${CMAKE_PREFIX_PATH}:/home/yirehban/ros2_ws/install/mavlink_thruster_control:/home/yirehban/ros2_ws/install/launch_testing_examples:/home/yirehban/ros2_ws/install/examples_rclpy_pointcloud_publisher:/home/yirehban/ros2_ws/install/examples_rclpy_minimal_subscriber:/home/yirehban/ros2_ws/install/examples_rclpy_minimal_service:/home/yirehban/ros2_ws/install/examples_rclpy_minimal_publisher:/home/yirehban/ros2_ws/install/examples_rclpy_minimal_client:/home/yirehban/ros2_ws/install/examples_rclpy_minimal_action_server:/home/yirehban/ros2_ws/install/examples_rclpy_minimal_action_client:/home/yirehban/ros2_ws/install/examples_rclpy_guard_conditions:/home/yirehban/ros2_ws/install/examples_rclpy_executors:/opt/ros/humble /usr/bin/cmake --build /home/yirehban/ros2_ws/build/zed_tutorial_video -- -j6 -l6
[0.246s] [35m[1mConsolidate compiler generated dependencies of target zed_tutorial_video[0m
[0.342s] [100%] Built target zed_tutorial_video
[0.413s] Invoked command in '/home/yirehban/ros2_ws/build/zed_tutorial_video' returned '0': CMAKE_PREFIX_PATH=${CMAKE_PREFIX_PATH}:/home/yirehban/ros2_ws/install/mavlink_thruster_control:/home/yirehban/ros2_ws/install/launch_testing_examples:/home/yirehban/ros2_ws/install/examples_rclpy_pointcloud_publisher:/home/yirehban/ros2_ws/install/examples_rclpy_minimal_subscriber:/home/yirehban/ros2_ws/install/examples_rclpy_minimal_service:/home/yirehban/ros2_ws/install/examples_rclpy_minimal_publisher:/home/yirehban/ros2_ws/install/examples_rclpy_minimal_client:/home/yirehban/ros2_ws/install/examples_rclpy_minimal_action_server:/home/yirehban/ros2_ws/install/examples_rclpy_minimal_action_client:/home/yirehban/ros2_ws/install/examples_rclpy_guard_conditions:/home/yirehban/ros2_ws/install/examples_rclpy_executors:/opt/ros/humble /usr/bin/cmake --build /home/yirehban/ros2_ws/build/zed_tutorial_video -- -j6 -l6
[0.440s] Invoking command in '/home/yirehban/ros2_ws/build/zed_tutorial_video': CMAKE_PREFIX_PATH=${CMAKE_PREFIX_PATH}:/home/yirehban/ros2_ws/install/mavlink_thruster_control:/home/yirehban/ros2_ws/install/launch_testing_examples:/home/yirehban/ros2_ws/install/examples_rclpy_pointcloud_publisher:/home/yirehban/ros2_ws/install/examples_rclpy_minimal_subscriber:/home/yirehban/ros2_ws/install/examples_rclpy_minimal_service:/home/yirehban/ros2_ws/install/examples_rclpy_minimal_publisher:/home/yirehban/ros2_ws/install/examples_rclpy_minimal_client:/home/yirehban/ros2_ws/install/examples_rclpy_minimal_action_server:/home/yirehban/ros2_ws/install/examples_rclpy_minimal_action_client:/home/yirehban/ros2_ws/install/examples_rclpy_guard_conditions:/home/yirehban/ros2_ws/install/examples_rclpy_executors:/opt/ros/humble /usr/bin/cmake --install /home/yirehban/ros2_ws/build/zed_tutorial_video
[0.457s] -- Install configuration: "Release"
[0.465s] -- Up-to-date: /home/yirehban/ros2_ws/install/zed_tutorial_video/lib/zed_tutorial_video/zed_tutorial_video
[0.465s] -- Up-to-date: /home/yirehban/ros2_ws/install/zed_tutorial_video/share/ament_index/resource_index/package_run_dependencies/zed_tutorial_video
[0.465s] -- Up-to-date: /home/yirehban/ros2_ws/install/zed_tutorial_video/share/ament_index/resource_index/parent_prefix_path/zed_tutorial_video
[0.465s] -- Up-to-date: /home/yirehban/ros2_ws/install/zed_tutorial_video/share/zed_tutorial_video/environment/ament_prefix_path.sh
[0.465s] -- Up-to-date: /home/yirehban/ros2_ws/install/zed_tutorial_video/share/zed_tutorial_video/environment/ament_prefix_path.dsv
[0.466s] -- Up-to-date: /home/yirehban/ros2_ws/install/zed_tutorial_video/share/zed_tutorial_video/environment/path.sh
[0.466s] -- Up-to-date: /home/yirehban/ros2_ws/install/zed_tutorial_video/share/zed_tutorial_video/environment/path.dsv
[0.466s] -- Up-to-date: /home/yirehban/ros2_ws/install/zed_tutorial_video/share/zed_tutorial_video/local_setup.bash
[0.466s] -- Up-to-date: /home/yirehban/ros2_ws/install/zed_tutorial_video/share/zed_tutorial_video/local_setup.sh
[0.466s] -- Up-to-date: /home/yirehban/ros2_ws/install/zed_tutorial_video/share/zed_tutorial_video/local_setup.zsh
[0.466s] -- Up-to-date: /home/yirehban/ros2_ws/install/zed_tutorial_video/share/zed_tutorial_video/local_setup.dsv
[0.466s] -- Installing: /home/yirehban/ros2_ws/install/zed_tutorial_video/share/zed_tutorial_video/package.dsv
[0.467s] -- Up-to-date: /home/yirehban/ros2_ws/install/zed_tutorial_video/share/ament_index/resource_index/packages/zed_tutorial_video
[0.467s] -- Up-to-date: /home/yirehban/ros2_ws/install/zed_tutorial_video/share/zed_tutorial_video/cmake/zed_tutorial_videoConfig.cmake
[0.467s] -- Up-to-date: /home/yirehban/ros2_ws/install/zed_tutorial_video/share/zed_tutorial_video/cmake/zed_tutorial_videoConfig-version.cmake
[0.467s] -- Up-to-date: /home/yirehban/ros2_ws/install/zed_tutorial_video/share/zed_tutorial_video/package.xml
[0.557s] Invoked command in '/home/yirehban/ros2_ws/build/zed_tutorial_video' returned '0': CMAKE_PREFIX_PATH=${CMAKE_PREFIX_PATH}:/home/yirehban/ros2_ws/install/mavlink_thruster_control:/home/yirehban/ros2_ws/install/launch_testing_examples:/home/yirehban/ros2_ws/install/examples_rclpy_pointcloud_publisher:/home/yirehban/ros2_ws/install/examples_rclpy_minimal_subscriber:/home/yirehban/ros2_ws/install/examples_rclpy_minimal_service:/home/yirehban/ros2_ws/install/examples_rclpy_minimal_publisher:/home/yirehban/ros2_ws/install/examples_rclpy_minimal_client:/home/yirehban/ros2_ws/install/examples_rclpy_minimal_action_server:/home/yirehban/ros2_ws/install/examples_rclpy_minimal_action_client:/home/yirehban/ros2_ws/install/examples_rclpy_guard_conditions:/home/yirehban/ros2_ws/install/examples_rclpy_executors:/opt/ros/humble /usr/bin/cmake --install /home/yirehban/ros2_ws/build/zed_tutorial_video
