[0.036s] Invoking command in '/home/yirehban/ros2_ws/build/zed_depth_to_laserscan': AMENT_PREFIX_PATH=/home/yirehban/ros2_ws/install/zed_wrapper:/home/yirehban/ros2_ws/install/zed_components:${AMENT_PREFIX_PATH} CMAKE_PREFIX_PATH=/home/yirehban/ros2_ws/install/zed_wrapper:/home/yirehban/ros2_ws/install/zed_components:/opt/ros/humble LD_LIBRARY_PATH=/home/yirehban/ros2_ws/install/zed_components/lib:/opt/ros/humble/opt/rviz_ogre_vendor/lib:/opt/ros/humble/lib/aarch64-linux-gnu:/opt/ros/humble/lib:/usr/local/cuda-12.6/lib64 /usr/bin/cmake /home/yirehban/ros2_ws/src/zed-ros2-examples/examples/zed_depth_to_laserscan -DCMAKE_INSTALL_PREFIX=/home/yirehban/ros2_ws/install/zed_depth_to_laserscan
[0.154s] -- The C compiler identification is GNU 11.4.0
[0.294s] -- The CXX compiler identification is GNU 11.4.0
[0.307s] -- Detecting C compiler ABI info
[0.452s] -- Detecting C compiler ABI info - done
[0.463s] -- Check for working C compiler: /usr/bin/cc - skipped
[0.464s] -- Detecting C compile features
[0.465s] -- Detecting C compile features - done
[0.470s] -- Detecting CXX compiler ABI info
[0.645s] -- Detecting CXX compiler ABI info - done
[0.667s] -- Check for working CXX compiler: /usr/bin/c++ - skipped
[0.667s] -- Detecting CXX compile features
[0.674s] -- Detecting CXX compile features - done
[0.674s] -- Found ament_cmake_auto: 1.3.11 (/opt/ros/humble/share/ament_cmake_auto/cmake)
[1.080s] -- Found Python3: /usr/bin/python3 (found version "3.10.12") found components: Interpreter 
[1.571s] -- Found rosidl_generator_c: 3.1.6 (/opt/ros/humble/share/rosidl_generator_c/cmake)
[1.580s] -- Found rosidl_adapter: 3.1.6 (/opt/ros/humble/share/rosidl_adapter/cmake)
[1.598s] -- Found rosidl_generator_cpp: 3.1.6 (/opt/ros/humble/share/rosidl_generator_cpp/cmake)
[1.620s] -- Using all available rosidl_typesupport_c: rosidl_typesupport_fastrtps_c;rosidl_typesupport_introspection_c
[1.649s] -- Using all available rosidl_typesupport_cpp: rosidl_typesupport_fastrtps_cpp;rosidl_typesupport_introspection_cpp
[1.725s] -- Found rmw_implementation_cmake: 6.1.2 (/opt/ros/humble/share/rmw_implementation_cmake/cmake)
[1.729s] -- Found rmw_fastrtps_cpp: 6.2.7 (/opt/ros/humble/share/rmw_fastrtps_cpp/cmake)
[1.865s] -- Found OpenSSL: /usr/lib/aarch64-linux-gnu/libcrypto.so (found version "3.0.2")  
[1.917s] -- Found FastRTPS: /opt/ros/humble/include  
[1.992s] -- Using RMW implementation 'rmw_fastrtps_cpp' as default
[2.073s] -- Looking for pthread.h
[2.253s] -- Looking for pthread.h - found
[2.253s] -- Performing Test CMAKE_HAVE_LIBC_PTHREAD
[2.488s] -- Performing Test CMAKE_HAVE_LIBC_PTHREAD - Success
[2.496s] -- Found Threads: TRUE  
[2.874s] -- Found eigen3_cmake_module: 0.1.1 (/opt/ros/humble/share/eigen3_cmake_module/cmake)
[2.876s] -- Found Eigen3: TRUE (found version "3.4.0") 
[2.877s] -- Ensuring Eigen3 include directory is part of orocos-kdl CMake target
[3.262s] -- Found zed_wrapper: 5.0.0 (/home/yirehban/ros2_ws/install/zed_wrapper/share/zed_wrapper/cmake)
[3.265s] -- Found ament_lint_auto: 0.12.12 (/opt/ros/humble/share/ament_lint_auto/cmake)
[3.317s] -- Added test 'copyright' to check source files copyright and LICENSE
[3.322s] -- Added test 'flake8' to check Python code syntax and style conventions
[3.323s] -- Added test 'lint_cmake' to check CMake code style
[3.324s] -- Added test 'pep257' to check Python code against some of the docstring style conventions in PEP 257
[3.326s] -- Added test 'xmllint' to check XML markup files
[3.335s] -- Configuring done
[3.351s] -- Generating done
[3.361s] -- Build files have been written to: /home/yirehban/ros2_ws/build/zed_depth_to_laserscan
[3.410s] Invoked command in '/home/yirehban/ros2_ws/build/zed_depth_to_laserscan' returned '0': AMENT_PREFIX_PATH=/home/yirehban/ros2_ws/install/zed_wrapper:/home/yirehban/ros2_ws/install/zed_components:${AMENT_PREFIX_PATH} CMAKE_PREFIX_PATH=/home/yirehban/ros2_ws/install/zed_wrapper:/home/yirehban/ros2_ws/install/zed_components:/opt/ros/humble LD_LIBRARY_PATH=/home/yirehban/ros2_ws/install/zed_components/lib:/opt/ros/humble/opt/rviz_ogre_vendor/lib:/opt/ros/humble/lib/aarch64-linux-gnu:/opt/ros/humble/lib:/usr/local/cuda-12.6/lib64 /usr/bin/cmake /home/yirehban/ros2_ws/src/zed-ros2-examples/examples/zed_depth_to_laserscan -DCMAKE_INSTALL_PREFIX=/home/yirehban/ros2_ws/install/zed_depth_to_laserscan
[3.411s] Invoking command in '/home/yirehban/ros2_ws/build/zed_depth_to_laserscan': AMENT_PREFIX_PATH=/home/yirehban/ros2_ws/install/zed_wrapper:/home/yirehban/ros2_ws/install/zed_components:${AMENT_PREFIX_PATH} CMAKE_PREFIX_PATH=/home/yirehban/ros2_ws/install/zed_wrapper:/home/yirehban/ros2_ws/install/zed_components:/opt/ros/humble LD_LIBRARY_PATH=/home/yirehban/ros2_ws/install/zed_components/lib:/opt/ros/humble/opt/rviz_ogre_vendor/lib:/opt/ros/humble/lib/aarch64-linux-gnu:/opt/ros/humble/lib:/usr/local/cuda-12.6/lib64 /usr/bin/cmake --build /home/yirehban/ros2_ws/build/zed_depth_to_laserscan -- -j6 -l6
[3.531s] Invoked command in '/home/yirehban/ros2_ws/build/zed_depth_to_laserscan' returned '0': AMENT_PREFIX_PATH=/home/yirehban/ros2_ws/install/zed_wrapper:/home/yirehban/ros2_ws/install/zed_components:${AMENT_PREFIX_PATH} CMAKE_PREFIX_PATH=/home/yirehban/ros2_ws/install/zed_wrapper:/home/yirehban/ros2_ws/install/zed_components:/opt/ros/humble LD_LIBRARY_PATH=/home/yirehban/ros2_ws/install/zed_components/lib:/opt/ros/humble/opt/rviz_ogre_vendor/lib:/opt/ros/humble/lib/aarch64-linux-gnu:/opt/ros/humble/lib:/usr/local/cuda-12.6/lib64 /usr/bin/cmake --build /home/yirehban/ros2_ws/build/zed_depth_to_laserscan -- -j6 -l6
[3.532s] Invoking command in '/home/yirehban/ros2_ws/build/zed_depth_to_laserscan': AMENT_PREFIX_PATH=/home/yirehban/ros2_ws/install/zed_wrapper:/home/yirehban/ros2_ws/install/zed_components:${AMENT_PREFIX_PATH} CMAKE_PREFIX_PATH=/home/yirehban/ros2_ws/install/zed_wrapper:/home/yirehban/ros2_ws/install/zed_components:/opt/ros/humble LD_LIBRARY_PATH=/home/yirehban/ros2_ws/install/zed_components/lib:/opt/ros/humble/opt/rviz_ogre_vendor/lib:/opt/ros/humble/lib/aarch64-linux-gnu:/opt/ros/humble/lib:/usr/local/cuda-12.6/lib64 /usr/bin/cmake --install /home/yirehban/ros2_ws/build/zed_depth_to_laserscan
[3.547s] -- Install configuration: ""
[3.548s] -- Installing: /home/yirehban/ros2_ws/install/zed_depth_to_laserscan/share/zed_depth_to_laserscan/launch
[3.549s] -- Installing: /home/yirehban/ros2_ws/install/zed_depth_to_laserscan/share/zed_depth_to_laserscan/launch/zed_depth_to_laserscan.launch.py
[3.550s] -- Installing: /home/yirehban/ros2_ws/install/zed_depth_to_laserscan/share/zed_depth_to_laserscan/config
[3.551s] -- Installing: /home/yirehban/ros2_ws/install/zed_depth_to_laserscan/share/zed_depth_to_laserscan/config/zed_depth_to_laserscan.yaml
[3.552s] -- Installing: /home/yirehban/ros2_ws/install/zed_depth_to_laserscan/share/zed_depth_to_laserscan/rviz2
[3.552s] -- Installing: /home/yirehban/ros2_ws/install/zed_depth_to_laserscan/share/zed_depth_to_laserscan/rviz2/zed_depth_to_laserscan.rviz
[3.554s] -- Installing: /home/yirehban/ros2_ws/install/zed_depth_to_laserscan/share/ament_index/resource_index/package_run_dependencies/zed_depth_to_laserscan
[3.555s] -- Installing: /home/yirehban/ros2_ws/install/zed_depth_to_laserscan/share/ament_index/resource_index/parent_prefix_path/zed_depth_to_laserscan
[3.556s] -- Installing: /home/yirehban/ros2_ws/install/zed_depth_to_laserscan/share/zed_depth_to_laserscan/environment/ament_prefix_path.sh
[3.556s] -- Installing: /home/yirehban/ros2_ws/install/zed_depth_to_laserscan/share/zed_depth_to_laserscan/environment/ament_prefix_path.dsv
[3.557s] -- Installing: /home/yirehban/ros2_ws/install/zed_depth_to_laserscan/share/zed_depth_to_laserscan/environment/path.sh
[3.560s] -- Installing: /home/yirehban/ros2_ws/install/zed_depth_to_laserscan/share/zed_depth_to_laserscan/environment/path.dsv
[3.560s] -- Installing: /home/yirehban/ros2_ws/install/zed_depth_to_laserscan/share/zed_depth_to_laserscan/local_setup.bash
[3.561s] -- Installing: /home/yirehban/ros2_ws/install/zed_depth_to_laserscan/share/zed_depth_to_laserscan/local_setup.sh
[3.562s] -- Installing: /home/yirehban/ros2_ws/install/zed_depth_to_laserscan/share/zed_depth_to_laserscan/local_setup.zsh
[3.563s] -- Installing: /home/yirehban/ros2_ws/install/zed_depth_to_laserscan/share/zed_depth_to_laserscan/local_setup.dsv
[3.563s] -- Installing: /home/yirehban/ros2_ws/install/zed_depth_to_laserscan/share/zed_depth_to_laserscan/package.dsv
[3.564s] -- Installing: /home/yirehban/ros2_ws/install/zed_depth_to_laserscan/share/ament_index/resource_index/packages/zed_depth_to_laserscan
[3.565s] -- Installing: /home/yirehban/ros2_ws/install/zed_depth_to_laserscan/share/zed_depth_to_laserscan/cmake/zed_depth_to_laserscanConfig.cmake
[3.566s] -- Installing: /home/yirehban/ros2_ws/install/zed_depth_to_laserscan/share/zed_depth_to_laserscan/cmake/zed_depth_to_laserscanConfig-version.cmake
[3.566s] -- Installing: /home/yirehban/ros2_ws/install/zed_depth_to_laserscan/share/zed_depth_to_laserscan/package.xml
[3.578s] Invoked command in '/home/yirehban/ros2_ws/build/zed_depth_to_laserscan' returned '0': AMENT_PREFIX_PATH=/home/yirehban/ros2_ws/install/zed_wrapper:/home/yirehban/ros2_ws/install/zed_components:${AMENT_PREFIX_PATH} CMAKE_PREFIX_PATH=/home/yirehban/ros2_ws/install/zed_wrapper:/home/yirehban/ros2_ws/install/zed_components:/opt/ros/humble LD_LIBRARY_PATH=/home/yirehban/ros2_ws/install/zed_components/lib:/opt/ros/humble/opt/rviz_ogre_vendor/lib:/opt/ros/humble/lib/aarch64-linux-gnu:/opt/ros/humble/lib:/usr/local/cuda-12.6/lib64 /usr/bin/cmake --install /home/yirehban/ros2_ws/build/zed_depth_to_laserscan
