[2.417s] Invoking command in '/home/yirehban/ros2_ws/src/examples/rclpy/topics/minimal_publisher': PYTHONPATH=/home/yirehban/ros2_ws/build/examples_rclpy_minimal_publisher/prefix_override:/usr/lib/python3/dist-packages/colcon_core/task/python/colcon_distutils_commands:/home/yirehban/ros2_ws/install/examples_rclpy_minimal_publisher/lib/python3.10/site-packages:${PYTHONPATH} /usr/bin/python3 -W ignore:setup.py install is deprecated -W ignore:easy_install command is deprecated setup.py egg_info --egg-base ../../../../../build/examples_rclpy_minimal_publisher build --build-base /home/yirehban/ros2_ws/build/examples_rclpy_minimal_publisher/build install --record /home/yirehban/ros2_ws/build/examples_rclpy_minimal_publisher/install.log --single-version-externally-managed install_data
[2.827s] /home/yirehban/.local/lib/python3.10/site-packages/setuptools/_distutils/dist.py:289: UserWarning: Unknown distribution option: 'tests_require'
[2.828s]   warnings.warn(msg)
[2.912s] /home/yirehban/.local/lib/python3.10/site-packages/setuptools/dist.py:759: SetuptoolsDeprecationWarning: License classifiers are deprecated.
[2.912s] !!
[2.912s] 
[2.912s]         ********************************************************************************
[2.912s]         Please consider removing the following classifiers in favor of a SPDX license expression:
[2.913s] 
[2.913s]         License :: OSI Approved :: Apache Software License
[2.913s] 
[2.913s]         See https://packaging.python.org/en/latest/guides/writing-pyproject-toml/#license for details.
[2.913s]         ********************************************************************************
[2.913s] 
[2.913s] !!
[2.913s]   self._finalize_license_expression()
[3.099s] running egg_info
[3.145s] writing ../../../../../build/examples_rclpy_minimal_publisher/examples_rclpy_minimal_publisher.egg-info/PKG-INFO
[3.160s] writing dependency_links to ../../../../../build/examples_rclpy_minimal_publisher/examples_rclpy_minimal_publisher.egg-info/dependency_links.txt
[3.161s] writing entry points to ../../../../../build/examples_rclpy_minimal_publisher/examples_rclpy_minimal_publisher.egg-info/entry_points.txt
[3.161s] writing requirements to ../../../../../build/examples_rclpy_minimal_publisher/examples_rclpy_minimal_publisher.egg-info/requires.txt
[3.161s] writing top-level names to ../../../../../build/examples_rclpy_minimal_publisher/examples_rclpy_minimal_publisher.egg-info/top_level.txt
[3.273s] reading manifest file '../../../../../build/examples_rclpy_minimal_publisher/examples_rclpy_minimal_publisher.egg-info/SOURCES.txt'
[3.277s] writing manifest file '../../../../../build/examples_rclpy_minimal_publisher/examples_rclpy_minimal_publisher.egg-info/SOURCES.txt'
[3.277s] running build
[3.277s] running build_py
[3.291s] copying examples_rclpy_minimal_publisher/publisher_local_function.py -> /home/yirehban/ros2_ws/build/examples_rclpy_minimal_publisher/build/lib/examples_rclpy_minimal_publisher
[3.292s] copying examples_rclpy_minimal_publisher/__init__.py -> /home/yirehban/ros2_ws/build/examples_rclpy_minimal_publisher/build/lib/examples_rclpy_minimal_publisher
[3.292s] copying examples_rclpy_minimal_publisher/publisher_member_function_with_wait_for_all_acked.py -> /home/yirehban/ros2_ws/build/examples_rclpy_minimal_publisher/build/lib/examples_rclpy_minimal_publisher
[3.293s] copying examples_rclpy_minimal_publisher/publisher_old_school.py -> /home/yirehban/ros2_ws/build/examples_rclpy_minimal_publisher/build/lib/examples_rclpy_minimal_publisher
[3.294s] copying examples_rclpy_minimal_publisher/publisher_member_function.py -> /home/yirehban/ros2_ws/build/examples_rclpy_minimal_publisher/build/lib/examples_rclpy_minimal_publisher
[3.295s] running install
[3.304s] running install_lib
[3.367s] running install_data
[3.368s] copying resource/examples_rclpy_minimal_publisher -> /home/yirehban/ros2_ws/install/examples_rclpy_minimal_publisher/share/ament_index/resource_index/packages
[3.368s] copying package.xml -> /home/yirehban/ros2_ws/install/examples_rclpy_minimal_publisher/share/examples_rclpy_minimal_publisher
[3.369s] running install_egg_info
[3.414s] removing '/home/yirehban/ros2_ws/install/examples_rclpy_minimal_publisher/lib/python3.10/site-packages/examples_rclpy_minimal_publisher-0.15.3-py3.10.egg-info' (and everything under it)
[3.415s] Copying ../../../../../build/examples_rclpy_minimal_publisher/examples_rclpy_minimal_publisher.egg-info to /home/yirehban/ros2_ws/install/examples_rclpy_minimal_publisher/lib/python3.10/site-packages/examples_rclpy_minimal_publisher-0.15.3-py3.10.egg-info
[3.418s] running install_scripts
[3.505s] Installing publisher_local_function script to /home/yirehban/ros2_ws/install/examples_rclpy_minimal_publisher/lib/examples_rclpy_minimal_publisher
[3.518s] Installing publisher_member_function script to /home/yirehban/ros2_ws/install/examples_rclpy_minimal_publisher/lib/examples_rclpy_minimal_publisher
[3.518s] Installing publisher_member_function_with_wait_for_all_acked script to /home/yirehban/ros2_ws/install/examples_rclpy_minimal_publisher/lib/examples_rclpy_minimal_publisher
[3.519s] Installing publisher_old_school script to /home/yirehban/ros2_ws/install/examples_rclpy_minimal_publisher/lib/examples_rclpy_minimal_publisher
[3.520s] writing list of installed files to '/home/yirehban/ros2_ws/build/examples_rclpy_minimal_publisher/install.log'
[3.625s] Invoked command in '/home/yirehban/ros2_ws/src/examples/rclpy/topics/minimal_publisher' returned '0': PYTHONPATH=/home/yirehban/ros2_ws/build/examples_rclpy_minimal_publisher/prefix_override:/usr/lib/python3/dist-packages/colcon_core/task/python/colcon_distutils_commands:/home/yirehban/ros2_ws/install/examples_rclpy_minimal_publisher/lib/python3.10/site-packages:${PYTHONPATH} /usr/bin/python3 -W ignore:setup.py install is deprecated -W ignore:easy_install command is deprecated setup.py egg_info --egg-base ../../../../../build/examples_rclpy_minimal_publisher build --build-base /home/yirehban/ros2_ws/build/examples_rclpy_minimal_publisher/build install --record /home/yirehban/ros2_ws/build/examples_rclpy_minimal_publisher/install.log --single-version-externally-managed install_data
