[0.091s] Invoking command in '/home/yirehban/ros2_ws/src/build/zed_components': CMAKE_PREFIX_PATH=${CMAKE_PREFIX_PATH}:/home/yirehban/ros2_ws/install/vision:/home/yirehban/ros2_ws/install/mavlink_thruster_control:/home/yirehban/ros2_ws/install/launch_testing_examples:/home/yirehban/ros2_ws/install/examples_rclpy_pointcloud_publisher:/home/yirehban/ros2_ws/install/examples_rclpy_minimal_subscriber:/home/yirehban/ros2_ws/install/examples_rclpy_minimal_service:/home/yirehban/ros2_ws/install/examples_rclpy_minimal_publisher:/home/yirehban/ros2_ws/install/examples_rclpy_minimal_client:/home/yirehban/ros2_ws/install/examples_rclpy_minimal_action_server:/home/yirehban/ros2_ws/install/examples_rclpy_minimal_action_client:/home/yirehban/ros2_ws/install/examples_rclpy_guard_conditions:/home/yirehban/ros2_ws/install/examples_rclpy_executors:/opt/ros/humble /usr/bin/cmake /home/yirehban/ros2_ws/src/zed-ros2-wrapper/zed_components -DCMAKE_INSTALL_PREFIX=/home/yirehban/ros2_ws/src/install/zed_components
[0.897s] -- The C compiler identification is GNU 11.4.0
[1.227s] -- The CXX compiler identification is GNU 11.4.0
[1.246s] -- Detecting C compiler ABI info
[1.506s] -- Detecting C compiler ABI info - done
[1.531s] -- Check for working C compiler: /usr/bin/cc - skipped
[1.532s] -- Detecting C compile features
[1.532s] -- Detecting C compile features - done
[1.538s] -- Detecting CXX compiler ABI info
[1.825s] -- Detecting CXX compiler ABI info - done
[1.838s] -- Check for working CXX compiler: /usr/bin/c++ - skipped
[1.840s] -- Detecting CXX compile features
[1.841s] -- Detecting CXX compile features - done
[1.891s] -- Looking for sgemm_
[2.144s] -- Looking for sgemm_ - not found
[2.155s] -- Looking for pthread.h
[2.656s] -- Looking for pthread.h - found
[2.657s] -- Performing Test CMAKE_HAVE_LIBC_PTHREAD
[3.009s] -- Performing Test CMAKE_HAVE_LIBC_PTHREAD - Success
[3.009s] -- Found Threads: TRUE  
[3.274s] -- Looking for sgemm_
[3.685s] -- Looking for sgemm_ - found
[3.685s] -- Found BLAS: /usr/lib/aarch64-linux-gnu/libopenblas.so  
[3.944s] -- Found CUDA: /usr/local/cuda-12.6 (found suitable version "12.6", minimum required is "12.6") 
[4.111s] -- Found CUDA: /usr/local/cuda-12.6 (found version "12.6") 
[4.127s] -- Found ament_cmake_auto: 1.3.12 (/opt/ros/humble/share/ament_cmake_auto/cmake)
[5.452s] -- Found Python3: /usr/bin/python3 (found version "3.10.12") found components: Interpreter 
[6.183s] -- Found rosidl_generator_c: 3.1.7 (/opt/ros/humble/share/rosidl_generator_c/cmake)
[6.204s] -- Found rosidl_adapter: 3.1.7 (/opt/ros/humble/share/rosidl_adapter/cmake)
[6.232s] -- Found rosidl_generator_cpp: 3.1.7 (/opt/ros/humble/share/rosidl_generator_cpp/cmake)
[6.269s] -- Using all available rosidl_typesupport_c: rosidl_typesupport_fastrtps_c;rosidl_typesupport_introspection_c
[6.322s] -- Using all available rosidl_typesupport_cpp: rosidl_typesupport_fastrtps_cpp;rosidl_typesupport_introspection_cpp
[6.807s] -- Found rmw_implementation_cmake: 6.1.2 (/opt/ros/humble/share/rmw_implementation_cmake/cmake)
[6.819s] -- Found rmw_fastrtps_cpp: 6.2.8 (/opt/ros/humble/share/rmw_fastrtps_cpp/cmake)
[7.098s] -- Found OpenSSL: /usr/lib/aarch64-linux-gnu/libcrypto.so (found version "3.0.2")  
[7.214s] -- Found FastRTPS: /opt/ros/humble/include  
[7.398s] -- Using RMW implementation 'rmw_fastrtps_cpp' as default
[10.431s] -- Found eigen3_cmake_module: 0.1.1 (/opt/ros/humble/share/eigen3_cmake_module/cmake)
[10.440s] -- Found Eigen3: TRUE (found version "3.4.0") 
[10.440s] -- Ensuring Eigen3 include directory is part of orocos-kdl CMake target
[12.725s] -- Found ament_lint_auto: 0.12.14 (/opt/ros/humble/share/ament_lint_auto/cmake)
[13.456s] -- Added test 'copyright' to check source files copyright and LICENSE
[13.474s] -- Added test 'cppcheck' to perform static code analysis on C / C++ code
[13.494s] -- Configured cppcheck include dirs: /home/yirehban/ros2_ws/src/zed-ros2-wrapper/zed_components/src/include;/home/yirehban/ros2_ws/src/zed-ros2-wrapper/zed_components/src/zed_camera/include;/home/yirehban/ros2_ws/src/zed-ros2-wrapper/zed_components/src/tools/include
[13.496s] -- Configured cppcheck exclude dirs and/or files: 
[13.520s] -- Added test 'lint_cmake' to check CMake code style
[13.543s] -- Added test 'uncrustify' to check C / C++ code style
[13.554s] -- Configured uncrustify additional arguments: 
[13.572s] -- Added test 'xmllint' to check XML markup files
[13.714s] -- Configuring done
[14.738s] -- Generating done
[14.840s] -- Build files have been written to: /home/yirehban/ros2_ws/src/build/zed_components
[14.960s] Invoked command in '/home/yirehban/ros2_ws/src/build/zed_components' returned '0': CMAKE_PREFIX_PATH=${CMAKE_PREFIX_PATH}:/home/yirehban/ros2_ws/install/vision:/home/yirehban/ros2_ws/install/mavlink_thruster_control:/home/yirehban/ros2_ws/install/launch_testing_examples:/home/yirehban/ros2_ws/install/examples_rclpy_pointcloud_publisher:/home/yirehban/ros2_ws/install/examples_rclpy_minimal_subscriber:/home/yirehban/ros2_ws/install/examples_rclpy_minimal_service:/home/yirehban/ros2_ws/install/examples_rclpy_minimal_publisher:/home/yirehban/ros2_ws/install/examples_rclpy_minimal_client:/home/yirehban/ros2_ws/install/examples_rclpy_minimal_action_server:/home/yirehban/ros2_ws/install/examples_rclpy_minimal_action_client:/home/yirehban/ros2_ws/install/examples_rclpy_guard_conditions:/home/yirehban/ros2_ws/install/examples_rclpy_executors:/opt/ros/humble /usr/bin/cmake /home/yirehban/ros2_ws/src/zed-ros2-wrapper/zed_components -DCMAKE_INSTALL_PREFIX=/home/yirehban/ros2_ws/src/install/zed_components
[14.962s] Invoking command in '/home/yirehban/ros2_ws/src/build/zed_components': CMAKE_PREFIX_PATH=${CMAKE_PREFIX_PATH}:/home/yirehban/ros2_ws/install/vision:/home/yirehban/ros2_ws/install/mavlink_thruster_control:/home/yirehban/ros2_ws/install/launch_testing_examples:/home/yirehban/ros2_ws/install/examples_rclpy_pointcloud_publisher:/home/yirehban/ros2_ws/install/examples_rclpy_minimal_subscriber:/home/yirehban/ros2_ws/install/examples_rclpy_minimal_service:/home/yirehban/ros2_ws/install/examples_rclpy_minimal_publisher:/home/yirehban/ros2_ws/install/examples_rclpy_minimal_client:/home/yirehban/ros2_ws/install/examples_rclpy_minimal_action_server:/home/yirehban/ros2_ws/install/examples_rclpy_minimal_action_client:/home/yirehban/ros2_ws/install/examples_rclpy_guard_conditions:/home/yirehban/ros2_ws/install/examples_rclpy_executors:/opt/ros/humble /usr/bin/cmake --build /home/yirehban/ros2_ws/src/build/zed_components -- -j6 -l6
