[0.086s] Invoking command in '/home/yirehban/ros2_ws/build/examples_rclcpp_minimal_publisher': CMAKE_PREFIX_PATH=/opt/ros/humble /usr/bin/cmake /home/yirehban/ros2_ws/src/examples/rclcpp/topics/minimal_publisher -DCMAKE_INSTALL_PREFIX=/home/yirehban/ros2_ws/install/examples_rclcpp_minimal_publisher
[3.723s] -- The C compiler identification is GNU 11.4.0
[3.723s] -- The CXX compiler identification is GNU 11.4.0
[3.723s] -- Detecting C compiler ABI info
[3.723s] -- Detecting C compiler ABI info - done
[3.724s] -- Check for working C compiler: /usr/bin/cc - skipped
[3.724s] -- Detecting C compile features
[3.726s] -- Detecting C compile features - done
[3.726s] -- Detecting CXX compiler ABI info
[3.726s] -- Detecting CXX compiler ABI info - done
[3.726s] -- Check for working CXX compiler: /usr/bin/c++ - skipped
[3.726s] -- Detecting CXX compile features
[3.726s] -- Detecting CXX compile features - done
[3.726s] -- Found ament_cmake: 1.3.11 (/opt/ros/humble/share/ament_cmake/cmake)
[3.726s] -- Found Python3: /usr/bin/python3 (found version "3.10.12") found components: Interpreter 
[3.727s] -- Found rclcpp: 16.0.12 (/opt/ros/humble/share/rclcpp/cmake)
[3.727s] -- Found rosidl_generator_c: 3.1.6 (/opt/ros/humble/share/rosidl_generator_c/cmake)
[3.727s] -- Found rosidl_adapter: 3.1.6 (/opt/ros/humble/share/rosidl_adapter/cmake)
[3.727s] -- Found rosidl_generator_cpp: 3.1.6 (/opt/ros/humble/share/rosidl_generator_cpp/cmake)
[3.727s] -- Using all available rosidl_typesupport_c: rosidl_typesupport_fastrtps_c;rosidl_typesupport_introspection_c
[3.727s] -- Using all available rosidl_typesupport_cpp: rosidl_typesupport_fastrtps_cpp;rosidl_typesupport_introspection_cpp
[3.727s] -- Found rmw_implementation_cmake: 6.1.2 (/opt/ros/humble/share/rmw_implementation_cmake/cmake)
[3.727s] -- Found rmw_fastrtps_cpp: 6.2.7 (/opt/ros/humble/share/rmw_fastrtps_cpp/cmake)
[3.727s] -- Found OpenSSL: /usr/lib/aarch64-linux-gnu/libcrypto.so (found version "3.0.2")  
[3.727s] -- Found FastRTPS: /opt/ros/humble/include  
[3.728s] -- Using RMW implementation 'rmw_fastrtps_cpp' as default
[3.728s] -- Looking for pthread.h
[3.728s] -- Looking for pthread.h - found
[3.728s] -- Performing Test CMAKE_HAVE_LIBC_PTHREAD
[3.921s] -- Performing Test CMAKE_HAVE_LIBC_PTHREAD - Success
[3.924s] -- Found Threads: TRUE  
[4.082s] -- Found ament_lint_auto: 0.12.12 (/opt/ros/humble/share/ament_lint_auto/cmake)
[4.468s] -- Added test 'copyright' to check source files copyright and LICENSE
[4.474s] -- Added test 'cppcheck' to perform static code analysis on C / C++ code
[4.479s] -- Configured cppcheck include dirs: 
[4.479s] -- Configured cppcheck exclude dirs and/or files: 
[4.482s] -- Added test 'cpplint' to check C / C++ code against the Google style
[4.482s] -- Configured cpplint exclude dirs and/or files: 
[4.489s] -- Added test 'lint_cmake' to check CMake code style
[4.491s] -- Added test 'uncrustify' to check C / C++ code style
[4.492s] -- Configured uncrustify additional arguments: 
[4.499s] -- Added test 'xmllint' to check XML markup files
[4.502s] -- Configuring done
[4.598s] -- Generating done
[4.643s] -- Build files have been written to: /home/yirehban/ros2_ws/build/examples_rclcpp_minimal_publisher
[4.716s] Invoked command in '/home/yirehban/ros2_ws/build/examples_rclcpp_minimal_publisher' returned '0': CMAKE_PREFIX_PATH=/opt/ros/humble /usr/bin/cmake /home/yirehban/ros2_ws/src/examples/rclcpp/topics/minimal_publisher -DCMAKE_INSTALL_PREFIX=/home/yirehban/ros2_ws/install/examples_rclcpp_minimal_publisher
[4.717s] Invoking command in '/home/yirehban/ros2_ws/build/examples_rclcpp_minimal_publisher': CMAKE_PREFIX_PATH=/opt/ros/humble /usr/bin/cmake --build /home/yirehban/ros2_ws/build/examples_rclcpp_minimal_publisher -- -j6 -l6
[5.076s] [  8%] [32mBuilding CXX object CMakeFiles/publisher_lambda.dir/lambda.cpp.o[0m
[20.371s] [ 16%] [32m[1mLinking CXX executable publisher_lambda[0m
[20.810s] [ 16%] Built target publisher_lambda
[20.866s] [ 25%] [32mBuilding CXX object CMakeFiles/publisher_not_composable.dir/not_composable.cpp.o[0m
[31.519s] [ 33%] [32m[1mLinking CXX executable publisher_not_composable[0m
[32.022s] [ 33%] Built target publisher_not_composable
[32.194s] [ 41%] [32mBuilding CXX object CMakeFiles/publisher_wait_for_all_acked.dir/member_function_with_wait_for_all_acked.cpp.o[0m
[43.812s] [ 50%] [32m[1mLinking CXX executable publisher_wait_for_all_acked[0m
[44.187s] [ 50%] Built target publisher_wait_for_all_acked
[44.227s] [ 58%] [32mBuilding CXX object CMakeFiles/publisher_member_function_with_unique_network_flow_endpoints.dir/member_function_with_unique_network_flow_endpoints.cpp.o[0m
[54.474s] [ 66%] [32m[1mLinking CXX executable publisher_member_function_with_unique_network_flow_endpoints[0m
[54.950s] [ 66%] Built target publisher_member_function_with_unique_network_flow_endpoints
[55.016s] [ 75%] [32mBuilding CXX object CMakeFiles/publisher_member_function_with_type_adapter.dir/member_function_with_type_adapter.cpp.o[0m
[67.144s] [ 83%] [32m[1mLinking CXX executable publisher_member_function_with_type_adapter[0m
[67.874s] [ 83%] Built target publisher_member_function_with_type_adapter
[68.004s] [ 91%] [32mBuilding CXX object CMakeFiles/publisher_member_function.dir/member_function.cpp.o[0m
[78.385s] [100%] [32m[1mLinking CXX executable publisher_member_function[0m
[78.749s] [100%] Built target publisher_member_function
[78.780s] Invoked command in '/home/yirehban/ros2_ws/build/examples_rclcpp_minimal_publisher' returned '0': CMAKE_PREFIX_PATH=/opt/ros/humble /usr/bin/cmake --build /home/yirehban/ros2_ws/build/examples_rclcpp_minimal_publisher -- -j6 -l6
[78.782s] Invoking command in '/home/yirehban/ros2_ws/build/examples_rclcpp_minimal_publisher': CMAKE_PREFIX_PATH=/opt/ros/humble /usr/bin/cmake --install /home/yirehban/ros2_ws/build/examples_rclcpp_minimal_publisher
[78.793s] -- Install configuration: ""
[78.793s] -- Installing: /home/yirehban/ros2_ws/install/examples_rclcpp_minimal_publisher/lib/examples_rclcpp_minimal_publisher/publisher_lambda
[78.796s] -- Set runtime path of "/home/yirehban/ros2_ws/install/examples_rclcpp_minimal_publisher/lib/examples_rclcpp_minimal_publisher/publisher_lambda" to ""
[78.796s] -- Installing: /home/yirehban/ros2_ws/install/examples_rclcpp_minimal_publisher/lib/examples_rclcpp_minimal_publisher/publisher_member_function
[78.798s] -- Set runtime path of "/home/yirehban/ros2_ws/install/examples_rclcpp_minimal_publisher/lib/examples_rclcpp_minimal_publisher/publisher_member_function" to ""
[78.798s] -- Installing: /home/yirehban/ros2_ws/install/examples_rclcpp_minimal_publisher/lib/examples_rclcpp_minimal_publisher/publisher_member_function_with_type_adapter
[78.801s] -- Set runtime path of "/home/yirehban/ros2_ws/install/examples_rclcpp_minimal_publisher/lib/examples_rclcpp_minimal_publisher/publisher_member_function_with_type_adapter" to ""
[78.801s] -- Installing: /home/yirehban/ros2_ws/install/examples_rclcpp_minimal_publisher/lib/examples_rclcpp_minimal_publisher/publisher_member_function_with_unique_network_flow_endpoints
[78.806s] -- Set runtime path of "/home/yirehban/ros2_ws/install/examples_rclcpp_minimal_publisher/lib/examples_rclcpp_minimal_publisher/publisher_member_function_with_unique_network_flow_endpoints" to ""
[78.806s] -- Installing: /home/yirehban/ros2_ws/install/examples_rclcpp_minimal_publisher/lib/examples_rclcpp_minimal_publisher/publisher_wait_for_all_acked
[78.813s] -- Set runtime path of "/home/yirehban/ros2_ws/install/examples_rclcpp_minimal_publisher/lib/examples_rclcpp_minimal_publisher/publisher_wait_for_all_acked" to ""
[78.813s] -- Installing: /home/yirehban/ros2_ws/install/examples_rclcpp_minimal_publisher/lib/examples_rclcpp_minimal_publisher/publisher_not_composable
[78.814s] -- Set runtime path of "/home/yirehban/ros2_ws/install/examples_rclcpp_minimal_publisher/lib/examples_rclcpp_minimal_publisher/publisher_not_composable" to ""
[78.815s] -- Installing: /home/yirehban/ros2_ws/install/examples_rclcpp_minimal_publisher/share/ament_index/resource_index/package_run_dependencies/examples_rclcpp_minimal_publisher
[78.815s] -- Installing: /home/yirehban/ros2_ws/install/examples_rclcpp_minimal_publisher/share/ament_index/resource_index/parent_prefix_path/examples_rclcpp_minimal_publisher
[78.816s] -- Installing: /home/yirehban/ros2_ws/install/examples_rclcpp_minimal_publisher/share/examples_rclcpp_minimal_publisher/environment/ament_prefix_path.sh
[78.820s] -- Installing: /home/yirehban/ros2_ws/install/examples_rclcpp_minimal_publisher/share/examples_rclcpp_minimal_publisher/environment/ament_prefix_path.dsv
[78.822s] -- Installing: /home/yirehban/ros2_ws/install/examples_rclcpp_minimal_publisher/share/examples_rclcpp_minimal_publisher/environment/path.sh
[78.822s] -- Installing: /home/yirehban/ros2_ws/install/examples_rclcpp_minimal_publisher/share/examples_rclcpp_minimal_publisher/environment/path.dsv
[78.822s] -- Installing: /home/yirehban/ros2_ws/install/examples_rclcpp_minimal_publisher/share/examples_rclcpp_minimal_publisher/local_setup.bash
[78.822s] -- Installing: /home/yirehban/ros2_ws/install/examples_rclcpp_minimal_publisher/share/examples_rclcpp_minimal_publisher/local_setup.sh
[78.822s] -- Installing: /home/yirehban/ros2_ws/install/examples_rclcpp_minimal_publisher/share/examples_rclcpp_minimal_publisher/local_setup.zsh
[78.823s] -- Installing: /home/yirehban/ros2_ws/install/examples_rclcpp_minimal_publisher/share/examples_rclcpp_minimal_publisher/local_setup.dsv
[78.823s] -- Installing: /home/yirehban/ros2_ws/install/examples_rclcpp_minimal_publisher/share/examples_rclcpp_minimal_publisher/package.dsv
[78.823s] -- Installing: /home/yirehban/ros2_ws/install/examples_rclcpp_minimal_publisher/share/ament_index/resource_index/packages/examples_rclcpp_minimal_publisher
[78.823s] -- Installing: /home/yirehban/ros2_ws/install/examples_rclcpp_minimal_publisher/share/examples_rclcpp_minimal_publisher/cmake/examples_rclcpp_minimal_publisherConfig.cmake
[78.823s] -- Installing: /home/yirehban/ros2_ws/install/examples_rclcpp_minimal_publisher/share/examples_rclcpp_minimal_publisher/cmake/examples_rclcpp_minimal_publisherConfig-version.cmake
[78.823s] -- Installing: /home/yirehban/ros2_ws/install/examples_rclcpp_minimal_publisher/share/examples_rclcpp_minimal_publisher/package.xml
[78.864s] Invoked command in '/home/yirehban/ros2_ws/build/examples_rclcpp_minimal_publisher' returned '0': CMAKE_PREFIX_PATH=/opt/ros/humble /usr/bin/cmake --install /home/yirehban/ros2_ws/build/examples_rclcpp_minimal_publisher
