[0.040s] Invoking command in '/home/yirehban/ros2_ws/build/mission': CMAKE_PREFIX_PATH=${CMAKE_PREFIX_PATH}:/home/yirehban/ros2_ws/install/vision:/home/yirehban/ros2_ws/install/mavlink_thruster_control:/home/yirehban/ros2_ws/install/launch_testing_examples:/home/yirehban/ros2_ws/install/examples_rclpy_pointcloud_publisher:/home/yirehban/ros2_ws/install/examples_rclpy_minimal_subscriber:/home/yirehban/ros2_ws/install/examples_rclpy_minimal_service:/home/yirehban/ros2_ws/install/examples_rclpy_minimal_publisher:/home/yirehban/ros2_ws/install/examples_rclpy_minimal_client:/home/yirehban/ros2_ws/install/examples_rclpy_minimal_action_server:/home/yirehban/ros2_ws/install/examples_rclpy_minimal_action_client:/home/yirehban/ros2_ws/install/examples_rclpy_guard_conditions:/home/yirehban/ros2_ws/install/examples_rclpy_executors:/opt/ros/humble /usr/bin/cmake --build /home/yirehban/ros2_ws/build/mission -- -j6 -l6
[0.403s] [35m[1mConsolidate compiler generated dependencies of target bt_runner[0m
[0.456s] [ 20%] [32mBuilding CXX object CMakeFiles/bt_runner.dir/main.cpp.o[0m
[30.032s] [ 40%] [32m[1mLinking CXX executable bt_runner[0m
[31.649s] [100%] Built target bt_runner
[31.729s] Invoked command in '/home/yirehban/ros2_ws/build/mission' returned '0': CMAKE_PREFIX_PATH=${CMAKE_PREFIX_PATH}:/home/yirehban/ros2_ws/install/vision:/home/yirehban/ros2_ws/install/mavlink_thruster_control:/home/yirehban/ros2_ws/install/launch_testing_examples:/home/yirehban/ros2_ws/install/examples_rclpy_pointcloud_publisher:/home/yirehban/ros2_ws/install/examples_rclpy_minimal_subscriber:/home/yirehban/ros2_ws/install/examples_rclpy_minimal_service:/home/yirehban/ros2_ws/install/examples_rclpy_minimal_publisher:/home/yirehban/ros2_ws/install/examples_rclpy_minimal_client:/home/yirehban/ros2_ws/install/examples_rclpy_minimal_action_server:/home/yirehban/ros2_ws/install/examples_rclpy_minimal_action_client:/home/yirehban/ros2_ws/install/examples_rclpy_guard_conditions:/home/yirehban/ros2_ws/install/examples_rclpy_executors:/opt/ros/humble /usr/bin/cmake --build /home/yirehban/ros2_ws/build/mission -- -j6 -l6
[31.764s] Invoking command in '/home/yirehban/ros2_ws/build/mission': CMAKE_PREFIX_PATH=${CMAKE_PREFIX_PATH}:/home/yirehban/ros2_ws/install/vision:/home/yirehban/ros2_ws/install/mavlink_thruster_control:/home/yirehban/ros2_ws/install/launch_testing_examples:/home/yirehban/ros2_ws/install/examples_rclpy_pointcloud_publisher:/home/yirehban/ros2_ws/install/examples_rclpy_minimal_subscriber:/home/yirehban/ros2_ws/install/examples_rclpy_minimal_service:/home/yirehban/ros2_ws/install/examples_rclpy_minimal_publisher:/home/yirehban/ros2_ws/install/examples_rclpy_minimal_client:/home/yirehban/ros2_ws/install/examples_rclpy_minimal_action_server:/home/yirehban/ros2_ws/install/examples_rclpy_minimal_action_client:/home/yirehban/ros2_ws/install/examples_rclpy_guard_conditions:/home/yirehban/ros2_ws/install/examples_rclpy_executors:/opt/ros/humble /usr/bin/cmake --install /home/yirehban/ros2_ws/build/mission
[31.787s] -- Install configuration: ""
[31.799s] -- Execute custom install script
[31.802s] -- Up-to-date symlink: /home/yirehban/ros2_ws/install/mission/lib/mission/bt_runner
[31.848s] -- Up-to-date symlink: /home/yirehban/ros2_ws/install/mission/share/ament_index/resource_index/package_run_dependencies/mission
[31.886s] -- Up-to-date symlink: /home/yirehban/ros2_ws/install/mission/share/ament_index/resource_index/parent_prefix_path/mission
[31.890s] -- Up-to-date symlink: /home/yirehban/ros2_ws/install/mission/share/mission/environment/ament_prefix_path.sh
[31.900s] -- Up-to-date symlink: /home/yirehban/ros2_ws/install/mission/share/mission/environment/ament_prefix_path.dsv
[31.903s] -- Up-to-date symlink: /home/yirehban/ros2_ws/install/mission/share/mission/environment/path.sh
[31.904s] -- Up-to-date symlink: /home/yirehban/ros2_ws/install/mission/share/mission/environment/path.dsv
[31.905s] -- Up-to-date symlink: /home/yirehban/ros2_ws/install/mission/share/mission/local_setup.bash
[31.906s] -- Up-to-date symlink: /home/yirehban/ros2_ws/install/mission/share/mission/local_setup.sh
[31.907s] -- Up-to-date symlink: /home/yirehban/ros2_ws/install/mission/share/mission/local_setup.zsh
[31.907s] -- Up-to-date symlink: /home/yirehban/ros2_ws/install/mission/share/mission/local_setup.dsv
[31.908s] -- Symlinking: /home/yirehban/ros2_ws/install/mission/share/mission/package.dsv
[31.940s] -- Up-to-date symlink: /home/yirehban/ros2_ws/install/mission/share/ament_index/resource_index/packages/mission
[31.940s] -- Up-to-date symlink: /home/yirehban/ros2_ws/install/mission/share/mission/cmake/missionConfig.cmake
[31.942s] -- Up-to-date symlink: /home/yirehban/ros2_ws/install/mission/share/mission/cmake/missionConfig-version.cmake
[31.943s] -- Up-to-date symlink: /home/yirehban/ros2_ws/install/mission/share/mission/package.xml
[31.953s] Invoked command in '/home/yirehban/ros2_ws/build/mission' returned '0': CMAKE_PREFIX_PATH=${CMAKE_PREFIX_PATH}:/home/yirehban/ros2_ws/install/vision:/home/yirehban/ros2_ws/install/mavlink_thruster_control:/home/yirehban/ros2_ws/install/launch_testing_examples:/home/yirehban/ros2_ws/install/examples_rclpy_pointcloud_publisher:/home/yirehban/ros2_ws/install/examples_rclpy_minimal_subscriber:/home/yirehban/ros2_ws/install/examples_rclpy_minimal_service:/home/yirehban/ros2_ws/install/examples_rclpy_minimal_publisher:/home/yirehban/ros2_ws/install/examples_rclpy_minimal_client:/home/yirehban/ros2_ws/install/examples_rclpy_minimal_action_server:/home/yirehban/ros2_ws/install/examples_rclpy_minimal_action_client:/home/yirehban/ros2_ws/install/examples_rclpy_guard_conditions:/home/yirehban/ros2_ws/install/examples_rclpy_executors:/opt/ros/humble /usr/bin/cmake --install /home/yirehban/ros2_ws/build/mission
