[2.644s] Invoking command in '/home/yirehban/ros2_ws/src/examples/rclpy/actions/minimal_action_server': PYTHONPATH=/home/yirehban/ros2_ws/build/examples_rclpy_minimal_action_server/prefix_override:/usr/lib/python3/dist-packages/colcon_core/task/python/colcon_distutils_commands:/home/yirehban/ros2_ws/install/examples_rclpy_minimal_action_server/lib/python3.10/site-packages:${PYTHONPATH} /usr/bin/python3 -W ignore:setup.py install is deprecated -W ignore:easy_install command is deprecated setup.py egg_info --egg-base ../../../../../build/examples_rclpy_minimal_action_server build --build-base /home/yirehban/ros2_ws/build/examples_rclpy_minimal_action_server/build install --record /home/yirehban/ros2_ws/build/examples_rclpy_minimal_action_server/install.log --single-version-externally-managed install_data
[3.106s] /home/yirehban/.local/lib/python3.10/site-packages/setuptools/_distutils/dist.py:289: UserWarning: Unknown distribution option: 'tests_require'
[3.107s]   warnings.warn(msg)
[3.214s] /home/yirehban/.local/lib/python3.10/site-packages/setuptools/dist.py:759: SetuptoolsDeprecationWarning: License classifiers are deprecated.
[3.214s] !!
[3.214s] 
[3.214s]         ********************************************************************************
[3.214s]         Please consider removing the following classifiers in favor of a SPDX license expression:
[3.214s] 
[3.214s]         License :: OSI Approved :: Apache Software License
[3.215s] 
[3.215s]         See https://packaging.python.org/en/latest/guides/writing-pyproject-toml/#license for details.
[3.215s]         ********************************************************************************
[3.215s] 
[3.215s] !!
[3.215s]   self._finalize_license_expression()
[3.431s] running egg_info
[3.477s] writing ../../../../../build/examples_rclpy_minimal_action_server/examples_rclpy_minimal_action_server.egg-info/PKG-INFO
[3.483s] writing dependency_links to ../../../../../build/examples_rclpy_minimal_action_server/examples_rclpy_minimal_action_server.egg-info/dependency_links.txt
[3.485s] writing entry points to ../../../../../build/examples_rclpy_minimal_action_server/examples_rclpy_minimal_action_server.egg-info/entry_points.txt
[3.487s] writing requirements to ../../../../../build/examples_rclpy_minimal_action_server/examples_rclpy_minimal_action_server.egg-info/requires.txt
[3.488s] writing top-level names to ../../../../../build/examples_rclpy_minimal_action_server/examples_rclpy_minimal_action_server.egg-info/top_level.txt
[3.591s] reading manifest file '../../../../../build/examples_rclpy_minimal_action_server/examples_rclpy_minimal_action_server.egg-info/SOURCES.txt'
[3.596s] writing manifest file '../../../../../build/examples_rclpy_minimal_action_server/examples_rclpy_minimal_action_server.egg-info/SOURCES.txt'
[3.598s] running build
[3.599s] running build_py
[3.602s] copying examples_rclpy_minimal_action_server/server_defer.py -> /home/yirehban/ros2_ws/build/examples_rclpy_minimal_action_server/build/lib/examples_rclpy_minimal_action_server
[3.605s] copying examples_rclpy_minimal_action_server/__init__.py -> /home/yirehban/ros2_ws/build/examples_rclpy_minimal_action_server/build/lib/examples_rclpy_minimal_action_server
[3.606s] copying examples_rclpy_minimal_action_server/server.py -> /home/yirehban/ros2_ws/build/examples_rclpy_minimal_action_server/build/lib/examples_rclpy_minimal_action_server
[3.609s] copying examples_rclpy_minimal_action_server/server_not_composable.py -> /home/yirehban/ros2_ws/build/examples_rclpy_minimal_action_server/build/lib/examples_rclpy_minimal_action_server
[3.612s] copying examples_rclpy_minimal_action_server/server_single_goal.py -> /home/yirehban/ros2_ws/build/examples_rclpy_minimal_action_server/build/lib/examples_rclpy_minimal_action_server
[3.614s] copying examples_rclpy_minimal_action_server/server_queue_goals.py -> /home/yirehban/ros2_ws/build/examples_rclpy_minimal_action_server/build/lib/examples_rclpy_minimal_action_server
[3.618s] running install
[3.634s] running install_lib
[3.682s] running install_data
[3.683s] copying resource/examples_rclpy_minimal_action_server -> /home/yirehban/ros2_ws/install/examples_rclpy_minimal_action_server/share/ament_index/resource_index/packages
[3.684s] copying package.xml -> /home/yirehban/ros2_ws/install/examples_rclpy_minimal_action_server/share/examples_rclpy_minimal_action_server
[3.685s] running install_egg_info
[3.733s] removing '/home/yirehban/ros2_ws/install/examples_rclpy_minimal_action_server/lib/python3.10/site-packages/examples_rclpy_minimal_action_server-0.15.3-py3.10.egg-info' (and everything under it)
[3.739s] Copying ../../../../../build/examples_rclpy_minimal_action_server/examples_rclpy_minimal_action_server.egg-info to /home/yirehban/ros2_ws/install/examples_rclpy_minimal_action_server/lib/python3.10/site-packages/examples_rclpy_minimal_action_server-0.15.3-py3.10.egg-info
[3.740s] running install_scripts
[3.828s] Installing server script to /home/yirehban/ros2_ws/install/examples_rclpy_minimal_action_server/lib/examples_rclpy_minimal_action_server
[3.830s] Installing server_defer script to /home/yirehban/ros2_ws/install/examples_rclpy_minimal_action_server/lib/examples_rclpy_minimal_action_server
[3.831s] Installing server_not_composable script to /home/yirehban/ros2_ws/install/examples_rclpy_minimal_action_server/lib/examples_rclpy_minimal_action_server
[3.832s] Installing server_queue_goals script to /home/yirehban/ros2_ws/install/examples_rclpy_minimal_action_server/lib/examples_rclpy_minimal_action_server
[3.834s] Installing server_single_goal script to /home/yirehban/ros2_ws/install/examples_rclpy_minimal_action_server/lib/examples_rclpy_minimal_action_server
[3.835s] writing list of installed files to '/home/yirehban/ros2_ws/build/examples_rclpy_minimal_action_server/install.log'
[3.931s] Invoked command in '/home/yirehban/ros2_ws/src/examples/rclpy/actions/minimal_action_server' returned '0': PYTHONPATH=/home/yirehban/ros2_ws/build/examples_rclpy_minimal_action_server/prefix_override:/usr/lib/python3/dist-packages/colcon_core/task/python/colcon_distutils_commands:/home/yirehban/ros2_ws/install/examples_rclpy_minimal_action_server/lib/python3.10/site-packages:${PYTHONPATH} /usr/bin/python3 -W ignore:setup.py install is deprecated -W ignore:easy_install command is deprecated setup.py egg_info --egg-base ../../../../../build/examples_rclpy_minimal_action_server build --build-base /home/yirehban/ros2_ws/build/examples_rclpy_minimal_action_server/build install --record /home/yirehban/ros2_ws/build/examples_rclpy_minimal_action_server/install.log --single-version-externally-managed install_data
