[2.770s] Invoking command in '/home/yirehban/ros2_ws/src/examples/rclpy/topics/minimal_publisher': PYTHONPATH=/home/yirehban/ros2_ws/build/examples_rclpy_minimal_publisher/prefix_override:/usr/lib/python3/dist-packages/colcon_core/task/python/colcon_distutils_commands:/home/yirehban/ros2_ws/install/examples_rclpy_minimal_publisher/lib/python3.10/site-packages:${PYTHONPATH} /usr/bin/python3 -W ignore:setup.py install is deprecated -W ignore:easy_install command is deprecated setup.py egg_info --egg-base ../../../../../build/examples_rclpy_minimal_publisher build --build-base /home/yirehban/ros2_ws/build/examples_rclpy_minimal_publisher/build install --record /home/yirehban/ros2_ws/build/examples_rclpy_minimal_publisher/install.log --single-version-externally-managed install_data
[3.403s] running egg_info
[3.405s] creating ../../../../../build/examples_rclpy_minimal_publisher/examples_rclpy_minimal_publisher.egg-info
[3.405s] writing ../../../../../build/examples_rclpy_minimal_publisher/examples_rclpy_minimal_publisher.egg-info/PKG-INFO
[3.406s] writing dependency_links to ../../../../../build/examples_rclpy_minimal_publisher/examples_rclpy_minimal_publisher.egg-info/dependency_links.txt
[3.412s] writing entry points to ../../../../../build/examples_rclpy_minimal_publisher/examples_rclpy_minimal_publisher.egg-info/entry_points.txt
[3.413s] writing requirements to ../../../../../build/examples_rclpy_minimal_publisher/examples_rclpy_minimal_publisher.egg-info/requires.txt
[3.413s] writing top-level names to ../../../../../build/examples_rclpy_minimal_publisher/examples_rclpy_minimal_publisher.egg-info/top_level.txt
[3.415s] writing manifest file '../../../../../build/examples_rclpy_minimal_publisher/examples_rclpy_minimal_publisher.egg-info/SOURCES.txt'
[3.422s] reading manifest file '../../../../../build/examples_rclpy_minimal_publisher/examples_rclpy_minimal_publisher.egg-info/SOURCES.txt'
[3.423s] writing manifest file '../../../../../build/examples_rclpy_minimal_publisher/examples_rclpy_minimal_publisher.egg-info/SOURCES.txt'
[3.423s] running build
[3.424s] running build_py
[3.424s] creating /home/yirehban/ros2_ws/build/examples_rclpy_minimal_publisher/build
[3.424s] creating /home/yirehban/ros2_ws/build/examples_rclpy_minimal_publisher/build/lib
[3.424s] creating /home/yirehban/ros2_ws/build/examples_rclpy_minimal_publisher/build/lib/examples_rclpy_minimal_publisher
[3.424s] copying examples_rclpy_minimal_publisher/publisher_local_function.py -> /home/yirehban/ros2_ws/build/examples_rclpy_minimal_publisher/build/lib/examples_rclpy_minimal_publisher
[3.426s] copying examples_rclpy_minimal_publisher/__init__.py -> /home/yirehban/ros2_ws/build/examples_rclpy_minimal_publisher/build/lib/examples_rclpy_minimal_publisher
[3.427s] copying examples_rclpy_minimal_publisher/publisher_member_function_with_wait_for_all_acked.py -> /home/yirehban/ros2_ws/build/examples_rclpy_minimal_publisher/build/lib/examples_rclpy_minimal_publisher
[3.427s] copying examples_rclpy_minimal_publisher/publisher_old_school.py -> /home/yirehban/ros2_ws/build/examples_rclpy_minimal_publisher/build/lib/examples_rclpy_minimal_publisher
[3.428s] copying examples_rclpy_minimal_publisher/publisher_member_function.py -> /home/yirehban/ros2_ws/build/examples_rclpy_minimal_publisher/build/lib/examples_rclpy_minimal_publisher
[3.428s] running install
[3.429s] running install_lib
[3.432s] creating /home/yirehban/ros2_ws/install/examples_rclpy_minimal_publisher/lib/python3.10/site-packages/examples_rclpy_minimal_publisher
[3.432s] copying /home/yirehban/ros2_ws/build/examples_rclpy_minimal_publisher/build/lib/examples_rclpy_minimal_publisher/publisher_local_function.py -> /home/yirehban/ros2_ws/install/examples_rclpy_minimal_publisher/lib/python3.10/site-packages/examples_rclpy_minimal_publisher
[3.432s] copying /home/yirehban/ros2_ws/build/examples_rclpy_minimal_publisher/build/lib/examples_rclpy_minimal_publisher/__init__.py -> /home/yirehban/ros2_ws/install/examples_rclpy_minimal_publisher/lib/python3.10/site-packages/examples_rclpy_minimal_publisher
[3.432s] copying /home/yirehban/ros2_ws/build/examples_rclpy_minimal_publisher/build/lib/examples_rclpy_minimal_publisher/publisher_member_function_with_wait_for_all_acked.py -> /home/yirehban/ros2_ws/install/examples_rclpy_minimal_publisher/lib/python3.10/site-packages/examples_rclpy_minimal_publisher
[3.433s] copying /home/yirehban/ros2_ws/build/examples_rclpy_minimal_publisher/build/lib/examples_rclpy_minimal_publisher/publisher_old_school.py -> /home/yirehban/ros2_ws/install/examples_rclpy_minimal_publisher/lib/python3.10/site-packages/examples_rclpy_minimal_publisher
[3.433s] copying /home/yirehban/ros2_ws/build/examples_rclpy_minimal_publisher/build/lib/examples_rclpy_minimal_publisher/publisher_member_function.py -> /home/yirehban/ros2_ws/install/examples_rclpy_minimal_publisher/lib/python3.10/site-packages/examples_rclpy_minimal_publisher
[3.434s] byte-compiling /home/yirehban/ros2_ws/install/examples_rclpy_minimal_publisher/lib/python3.10/site-packages/examples_rclpy_minimal_publisher/publisher_local_function.py to publisher_local_function.cpython-310.pyc
[3.435s] byte-compiling /home/yirehban/ros2_ws/install/examples_rclpy_minimal_publisher/lib/python3.10/site-packages/examples_rclpy_minimal_publisher/__init__.py to __init__.cpython-310.pyc
[3.436s] byte-compiling /home/yirehban/ros2_ws/install/examples_rclpy_minimal_publisher/lib/python3.10/site-packages/examples_rclpy_minimal_publisher/publisher_member_function_with_wait_for_all_acked.py to publisher_member_function_with_wait_for_all_acked.cpython-310.pyc
[3.437s] byte-compiling /home/yirehban/ros2_ws/install/examples_rclpy_minimal_publisher/lib/python3.10/site-packages/examples_rclpy_minimal_publisher/publisher_old_school.py to publisher_old_school.cpython-310.pyc
[3.437s] byte-compiling /home/yirehban/ros2_ws/install/examples_rclpy_minimal_publisher/lib/python3.10/site-packages/examples_rclpy_minimal_publisher/publisher_member_function.py to publisher_member_function.cpython-310.pyc
[3.438s] running install_data
[3.439s] creating /home/yirehban/ros2_ws/install/examples_rclpy_minimal_publisher/share/ament_index
[3.439s] creating /home/yirehban/ros2_ws/install/examples_rclpy_minimal_publisher/share/ament_index/resource_index
[3.439s] creating /home/yirehban/ros2_ws/install/examples_rclpy_minimal_publisher/share/ament_index/resource_index/packages
[3.439s] copying resource/examples_rclpy_minimal_publisher -> /home/yirehban/ros2_ws/install/examples_rclpy_minimal_publisher/share/ament_index/resource_index/packages
[3.439s] copying package.xml -> /home/yirehban/ros2_ws/install/examples_rclpy_minimal_publisher/share/examples_rclpy_minimal_publisher
[3.440s] running install_egg_info
[3.444s] Copying ../../../../../build/examples_rclpy_minimal_publisher/examples_rclpy_minimal_publisher.egg-info to /home/yirehban/ros2_ws/install/examples_rclpy_minimal_publisher/lib/python3.10/site-packages/examples_rclpy_minimal_publisher-0.15.3-py3.10.egg-info
[3.447s] running install_scripts
[3.493s] Installing publisher_local_function script to /home/yirehban/ros2_ws/install/examples_rclpy_minimal_publisher/lib/examples_rclpy_minimal_publisher
[3.494s] Installing publisher_member_function script to /home/yirehban/ros2_ws/install/examples_rclpy_minimal_publisher/lib/examples_rclpy_minimal_publisher
[3.494s] Installing publisher_member_function_with_wait_for_all_acked script to /home/yirehban/ros2_ws/install/examples_rclpy_minimal_publisher/lib/examples_rclpy_minimal_publisher
[3.494s] Installing publisher_old_school script to /home/yirehban/ros2_ws/install/examples_rclpy_minimal_publisher/lib/examples_rclpy_minimal_publisher
[3.495s] writing list of installed files to '/home/yirehban/ros2_ws/build/examples_rclpy_minimal_publisher/install.log'
[3.632s] Invoked command in '/home/yirehban/ros2_ws/src/examples/rclpy/topics/minimal_publisher' returned '0': PYTHONPATH=/home/yirehban/ros2_ws/build/examples_rclpy_minimal_publisher/prefix_override:/usr/lib/python3/dist-packages/colcon_core/task/python/colcon_distutils_commands:/home/yirehban/ros2_ws/install/examples_rclpy_minimal_publisher/lib/python3.10/site-packages:${PYTHONPATH} /usr/bin/python3 -W ignore:setup.py install is deprecated -W ignore:easy_install command is deprecated setup.py egg_info --egg-base ../../../../../build/examples_rclpy_minimal_publisher build --build-base /home/yirehban/ros2_ws/build/examples_rclpy_minimal_publisher/build install --record /home/yirehban/ros2_ws/build/examples_rclpy_minimal_publisher/install.log --single-version-externally-managed install_data
