[3.604s] Invoking command in '/home/yirehban/ros2_ws/src/examples/rclpy/executors': PYTHONPATH=/home/yirehban/ros2_ws/build/examples_rclpy_executors/prefix_override:/usr/lib/python3/dist-packages/colcon_core/task/python/colcon_distutils_commands:/home/yirehban/ros2_ws/install/examples_rclpy_executors/lib/python3.10/site-packages:${PYTHONPATH} /usr/bin/python3 -W ignore:setup.py install is deprecated -W ignore:easy_install command is deprecated setup.py egg_info --egg-base ../../../../build/examples_rclpy_executors build --build-base /home/yirehban/ros2_ws/build/examples_rclpy_executors/build install --record /home/yirehban/ros2_ws/build/examples_rclpy_executors/install.log --single-version-externally-managed install_data
[4.168s] /home/yirehban/.local/lib/python3.10/site-packages/setuptools/_distutils/dist.py:289: UserWarning: Unknown distribution option: 'tests_require'
[4.168s]   warnings.warn(msg)
[4.246s] /home/yirehban/.local/lib/python3.10/site-packages/setuptools/dist.py:759: SetuptoolsDeprecationWarning: License classifiers are deprecated.
[4.246s] !!
[4.246s] 
[4.246s]         ********************************************************************************
[4.247s]         Please consider removing the following classifiers in favor of a SPDX license expression:
[4.247s] 
[4.247s]         License :: OSI Approved :: Apache Software License
[4.247s] 
[4.247s]         See https://packaging.python.org/en/latest/guides/writing-pyproject-toml/#license for details.
[4.247s]         ********************************************************************************
[4.247s] 
[4.247s] !!
[4.247s]   self._finalize_license_expression()
[4.485s] running egg_info
[4.526s] writing ../../../../build/examples_rclpy_executors/examples_rclpy_executors.egg-info/PKG-INFO
[4.528s] writing dependency_links to ../../../../build/examples_rclpy_executors/examples_rclpy_executors.egg-info/dependency_links.txt
[4.528s] writing entry points to ../../../../build/examples_rclpy_executors/examples_rclpy_executors.egg-info/entry_points.txt
[4.529s] writing requirements to ../../../../build/examples_rclpy_executors/examples_rclpy_executors.egg-info/requires.txt
[4.529s] writing top-level names to ../../../../build/examples_rclpy_executors/examples_rclpy_executors.egg-info/top_level.txt
[4.610s] reading manifest file '../../../../build/examples_rclpy_executors/examples_rclpy_executors.egg-info/SOURCES.txt'
[4.613s] writing manifest file '../../../../build/examples_rclpy_executors/examples_rclpy_executors.egg-info/SOURCES.txt'
[4.614s] running build
[4.614s] running build_py
[4.616s] copying examples_rclpy_executors/callback_group.py -> /home/yirehban/ros2_ws/build/examples_rclpy_executors/build/lib/examples_rclpy_executors
[4.621s] copying examples_rclpy_executors/__init__.py -> /home/yirehban/ros2_ws/build/examples_rclpy_executors/build/lib/examples_rclpy_executors
[4.626s] copying examples_rclpy_executors/custom_callback_group.py -> /home/yirehban/ros2_ws/build/examples_rclpy_executors/build/lib/examples_rclpy_executors
[4.626s] copying examples_rclpy_executors/listener.py -> /home/yirehban/ros2_ws/build/examples_rclpy_executors/build/lib/examples_rclpy_executors
[4.626s] copying examples_rclpy_executors/custom_executor.py -> /home/yirehban/ros2_ws/build/examples_rclpy_executors/build/lib/examples_rclpy_executors
[4.626s] copying examples_rclpy_executors/composed.py -> /home/yirehban/ros2_ws/build/examples_rclpy_executors/build/lib/examples_rclpy_executors
[4.626s] copying examples_rclpy_executors/talker.py -> /home/yirehban/ros2_ws/build/examples_rclpy_executors/build/lib/examples_rclpy_executors
[4.627s] running install
[4.648s] running install_lib
[4.740s] running install_data
[4.740s] copying resource/examples_rclpy_executors -> /home/yirehban/ros2_ws/install/examples_rclpy_executors/share/ament_index/resource_index/packages
[4.741s] copying package.xml -> /home/yirehban/ros2_ws/install/examples_rclpy_executors/share/examples_rclpy_executors
[4.753s] running install_egg_info
[4.836s] removing '/home/yirehban/ros2_ws/install/examples_rclpy_executors/lib/python3.10/site-packages/examples_rclpy_executors-0.15.3-py3.10.egg-info' (and everything under it)
[4.841s] Copying ../../../../build/examples_rclpy_executors/examples_rclpy_executors.egg-info to /home/yirehban/ros2_ws/install/examples_rclpy_executors/lib/python3.10/site-packages/examples_rclpy_executors-0.15.3-py3.10.egg-info
[4.846s] running install_scripts
[4.988s] Installing callback_group script to /home/yirehban/ros2_ws/install/examples_rclpy_executors/lib/examples_rclpy_executors
[4.993s] Installing composed script to /home/yirehban/ros2_ws/install/examples_rclpy_executors/lib/examples_rclpy_executors
[4.993s] Installing custom_callback_group script to /home/yirehban/ros2_ws/install/examples_rclpy_executors/lib/examples_rclpy_executors
[4.993s] Installing custom_executor script to /home/yirehban/ros2_ws/install/examples_rclpy_executors/lib/examples_rclpy_executors
[4.993s] Installing listener script to /home/yirehban/ros2_ws/install/examples_rclpy_executors/lib/examples_rclpy_executors
[4.993s] Installing talker script to /home/yirehban/ros2_ws/install/examples_rclpy_executors/lib/examples_rclpy_executors
[4.994s] writing list of installed files to '/home/yirehban/ros2_ws/build/examples_rclpy_executors/install.log'
[5.073s] Invoked command in '/home/yirehban/ros2_ws/src/examples/rclpy/executors' returned '0': PYTHONPATH=/home/yirehban/ros2_ws/build/examples_rclpy_executors/prefix_override:/usr/lib/python3/dist-packages/colcon_core/task/python/colcon_distutils_commands:/home/yirehban/ros2_ws/install/examples_rclpy_executors/lib/python3.10/site-packages:${PYTHONPATH} /usr/bin/python3 -W ignore:setup.py install is deprecated -W ignore:easy_install command is deprecated setup.py egg_info --egg-base ../../../../build/examples_rclpy_executors build --build-base /home/yirehban/ros2_ws/build/examples_rclpy_executors/build install --record /home/yirehban/ros2_ws/build/examples_rclpy_executors/install.log --single-version-externally-managed install_data
