[0.135s] Invoking command in '/home/yirehban/ros2_ws/build/behaviortree_cpp': CMAKE_PREFIX_PATH=${CMAKE_PREFIX_PATH}:/home/yirehban/ros2_ws/install/vision:/home/yirehban/ros2_ws/install/mavlink_thruster_control:/home/yirehban/ros2_ws/install/launch_testing_examples:/home/yirehban/ros2_ws/install/examples_rclpy_pointcloud_publisher:/home/yirehban/ros2_ws/install/examples_rclpy_minimal_subscriber:/home/yirehban/ros2_ws/install/examples_rclpy_minimal_service:/home/yirehban/ros2_ws/install/examples_rclpy_minimal_publisher:/home/yirehban/ros2_ws/install/examples_rclpy_minimal_client:/home/yirehban/ros2_ws/install/examples_rclpy_minimal_action_server:/home/yirehban/ros2_ws/install/examples_rclpy_minimal_action_client:/home/yirehban/ros2_ws/install/examples_rclpy_guard_conditions:/home/yirehban/ros2_ws/install/examples_rclpy_executors:/opt/ros/humble /usr/bin/cmake /home/yirehban/ros2_ws/src/mission/BehaviorTree.CPP -DAMENT_CMAKE_SYMLINK_INSTALL=1 -DCMAKE_INSTALL_PREFIX=/home/yirehban/ros2_ws/install/behaviortree_cpp
[0.830s] -- The C compiler identification is GNU 11.4.0
[1.272s] -- The CXX compiler identification is GNU 11.4.0
[1.302s] -- Detecting C compiler ABI info
[1.499s] -- Detecting C compiler ABI info - done
[1.510s] -- Check for working C compiler: /usr/bin/cc - skipped
[1.516s] -- Detecting C compile features
[1.526s] -- Detecting C compile features - done
[1.542s] -- Detecting CXX compiler ABI info
[1.797s] -- Detecting CXX compiler ABI info - done
[1.803s] -- Check for working CXX compiler: /usr/bin/c++ - skipped
[1.804s] -- Detecting CXX compile features
[1.804s] -- Detecting CXX compile features - done
[1.818s] -- Setting build type to 'Release' as none was specified.
[1.822s] -- Looking for pthread.h
[2.193s] -- Looking for pthread.h - found
[2.193s] -- Performing Test CMAKE_HAVE_LIBC_PTHREAD
[2.501s] -- Performing Test CMAKE_HAVE_LIBC_PTHREAD - Success
[2.501s] -- Found Threads: TRUE  
[4.021s] -- Found Python3: /usr/bin/python3 (found version "3.10.12") found components: Interpreter 
[4.484s] -- Override CMake install command with custom implementation using symlinks instead of copying resources
[4.838s] -- ------------------------------------------
[4.838s] -- BehaviorTree is being built using AMENT.
[4.838s] -- ------------------------------------------
[4.878s] -- Found ZeroMQ: /usr/lib/aarch64-linux-gnu/libzmq.so  
[4.897s] -- Found SQLite3: /usr/include (found version "3.37.2") 
[4.914s] -- Found ament_index_cpp: 1.4.0 (/opt/ros/humble/share/ament_index_cpp/cmake)
[4.956s] -- BTCPP_EXTRA_LIBRARIES: $<BUILD_INTERFACE:ament_index_cpp::ament_index_cpp>;$<BUILD_INTERFACE:/usr/lib/aarch64-linux-gnu/libzmq.so>;$<BUILD_INTERFACE:/usr/lib/aarch64-linux-gnu/libsqlite3.so>
[4.956s] -- BTCPP_LIB_DESTINATION:   lib 
[4.956s] -- BTCPP_INCLUDE_DESTINATION: include 
[4.995s] -- BUILD_TESTING:   ON 
[5.002s] -- Found ament_cmake_gtest: 1.3.12 (/opt/ros/humble/share/ament_cmake_gtest/cmake)
[5.260s] -- Found gtest sources under '/opt/ros/humble/src/gtest_vendor': C++ tests using 'Google Test' will be built
[6.122s] -- Configuring done
[6.405s] -- Generating done
[6.444s] -- Build files have been written to: /home/yirehban/ros2_ws/build/behaviortree_cpp
[6.490s] Invoked command in '/home/yirehban/ros2_ws/build/behaviortree_cpp' returned '0': CMAKE_PREFIX_PATH=${CMAKE_PREFIX_PATH}:/home/yirehban/ros2_ws/install/vision:/home/yirehban/ros2_ws/install/mavlink_thruster_control:/home/yirehban/ros2_ws/install/launch_testing_examples:/home/yirehban/ros2_ws/install/examples_rclpy_pointcloud_publisher:/home/yirehban/ros2_ws/install/examples_rclpy_minimal_subscriber:/home/yirehban/ros2_ws/install/examples_rclpy_minimal_service:/home/yirehban/ros2_ws/install/examples_rclpy_minimal_publisher:/home/yirehban/ros2_ws/install/examples_rclpy_minimal_client:/home/yirehban/ros2_ws/install/examples_rclpy_minimal_action_server:/home/yirehban/ros2_ws/install/examples_rclpy_minimal_action_client:/home/yirehban/ros2_ws/install/examples_rclpy_guard_conditions:/home/yirehban/ros2_ws/install/examples_rclpy_executors:/opt/ros/humble /usr/bin/cmake /home/yirehban/ros2_ws/src/mission/BehaviorTree.CPP -DAMENT_CMAKE_SYMLINK_INSTALL=1 -DCMAKE_INSTALL_PREFIX=/home/yirehban/ros2_ws/install/behaviortree_cpp
[6.491s] Invoking command in '/home/yirehban/ros2_ws/build/behaviortree_cpp': CMAKE_PREFIX_PATH=${CMAKE_PREFIX_PATH}:/home/yirehban/ros2_ws/install/vision:/home/yirehban/ros2_ws/install/mavlink_thruster_control:/home/yirehban/ros2_ws/install/launch_testing_examples:/home/yirehban/ros2_ws/install/examples_rclpy_pointcloud_publisher:/home/yirehban/ros2_ws/install/examples_rclpy_minimal_subscriber:/home/yirehban/ros2_ws/install/examples_rclpy_minimal_service:/home/yirehban/ros2_ws/install/examples_rclpy_minimal_publisher:/home/yirehban/ros2_ws/install/examples_rclpy_minimal_client:/home/yirehban/ros2_ws/install/examples_rclpy_minimal_action_server:/home/yirehban/ros2_ws/install/examples_rclpy_minimal_action_client:/home/yirehban/ros2_ws/install/examples_rclpy_guard_conditions:/home/yirehban/ros2_ws/install/examples_rclpy_executors:/opt/ros/humble /usr/bin/cmake --build /home/yirehban/ros2_ws/build/behaviortree_cpp -- -j6 -l6
[6.656s] [  1%] [32mBuilding CXX object gtest/CMakeFiles/gtest.dir/src/gtest-all.cc.o[0m
[6.668s] [  1%] [32mBuilding CXX object 3rdparty/lexy/src/CMakeFiles/lexy_file.dir/input/file.cpp.o[0m
[6.688s] [  2%] [32mBuilding CXX object gtest/CMakeFiles/gtest_main.dir/src/gtest_main.cc.o[0m
[6.699s] [  3%] [32mBuilding CXX object CMakeFiles/minitrace.dir/3rdparty/minitrace/minitrace.cpp.o[0m
[7.362s] [  4%] [32m[1mLinking CXX static library liblexy_file.a[0m
[8.913s] [  5%] [32m[1mLinking CXX static library libminitrace.a[0m
[10.087s] [  5%] Built target lexy_file
[10.092s] [  5%] Built target minitrace
[10.211s] [  5%] [32mBuilding CXX object CMakeFiles/behaviortree_cpp.dir/src/action_node.cpp.o[0m
[10.225s] [  6%] [32mBuilding CXX object CMakeFiles/behaviortree_cpp.dir/src/basic_types.cpp.o[0m
[10.232s] [  7%] [32mBuilding CXX object CMakeFiles/behaviortree_cpp.dir/src/behavior_tree.cpp.o[0m
[10.249s] [  7%] [32mBuilding CXX object CMakeFiles/behaviortree_cpp.dir/src/blackboard.cpp.o[0m
[11.187s] [  8%] [32m[1mLinking CXX static library libgtest_main.a[0m
[11.543s] [  8%] Built target gtest_main
[11.603s] [  9%] [32mBuilding CXX object CMakeFiles/behaviortree_cpp.dir/src/bt_factory.cpp.o[0m
[25.053s] [ 10%] [32mBuilding CXX object CMakeFiles/behaviortree_cpp.dir/src/decorator_node.cpp.o[0m
[25.321s] [ 11%] [32mBuilding CXX object CMakeFiles/behaviortree_cpp.dir/src/condition_node.cpp.o[0m
[25.470s] [ 11%] [32mBuilding CXX object CMakeFiles/behaviortree_cpp.dir/src/control_node.cpp.o[0m
[30.142s] [ 12%] [32mBuilding CXX object CMakeFiles/behaviortree_cpp.dir/src/shared_library.cpp.o[0m
[32.329s] [ 13%] [32mBuilding CXX object CMakeFiles/behaviortree_cpp.dir/src/tree_node.cpp.o[0m
