[3.510s] Invoking command in '/home/yirehban/ros2_ws/src/examples/rclpy/topics/minimal_publisher': PYTHONPATH=/home/yirehban/ros2_ws/build/examples_rclpy_minimal_publisher/prefix_override:/usr/lib/python3/dist-packages/colcon_core/task/python/colcon_distutils_commands:/home/yirehban/ros2_ws/install/examples_rclpy_minimal_publisher/lib/python3.10/site-packages:${PYTHONPATH} /usr/bin/python3 -W ignore:setup.py install is deprecated -W ignore:easy_install command is deprecated setup.py egg_info --egg-base ../../../../../build/examples_rclpy_minimal_publisher build --build-base /home/yirehban/ros2_ws/build/examples_rclpy_minimal_publisher/build install --record /home/yirehban/ros2_ws/build/examples_rclpy_minimal_publisher/install.log --single-version-externally-managed install_data
[4.022s] /home/yirehban/.local/lib/python3.10/site-packages/setuptools/_distutils/dist.py:289: UserWarning: Unknown distribution option: 'tests_require'
[4.022s]   warnings.warn(msg)
[4.201s] /home/yirehban/.local/lib/python3.10/site-packages/setuptools/dist.py:759: SetuptoolsDeprecationWarning: License classifiers are deprecated.
[4.201s] !!
[4.201s] 
[4.201s]         ********************************************************************************
[4.201s]         Please consider removing the following classifiers in favor of a SPDX license expression:
[4.202s] 
[4.202s]         License :: OSI Approved :: Apache Software License
[4.202s] 
[4.202s]         See https://packaging.python.org/en/latest/guides/writing-pyproject-toml/#license for details.
[4.202s]         ********************************************************************************
[4.202s] 
[4.202s] !!
[4.202s]   self._finalize_license_expression()
[4.403s] running egg_info
[4.442s] writing ../../../../../build/examples_rclpy_minimal_publisher/examples_rclpy_minimal_publisher.egg-info/PKG-INFO
[4.444s] writing dependency_links to ../../../../../build/examples_rclpy_minimal_publisher/examples_rclpy_minimal_publisher.egg-info/dependency_links.txt
[4.444s] writing entry points to ../../../../../build/examples_rclpy_minimal_publisher/examples_rclpy_minimal_publisher.egg-info/entry_points.txt
[4.445s] writing requirements to ../../../../../build/examples_rclpy_minimal_publisher/examples_rclpy_minimal_publisher.egg-info/requires.txt
[4.445s] writing top-level names to ../../../../../build/examples_rclpy_minimal_publisher/examples_rclpy_minimal_publisher.egg-info/top_level.txt
[4.532s] reading manifest file '../../../../../build/examples_rclpy_minimal_publisher/examples_rclpy_minimal_publisher.egg-info/SOURCES.txt'
[4.535s] writing manifest file '../../../../../build/examples_rclpy_minimal_publisher/examples_rclpy_minimal_publisher.egg-info/SOURCES.txt'
[4.536s] running build
[4.536s] running build_py
[4.537s] copying examples_rclpy_minimal_publisher/publisher_local_function.py -> /home/yirehban/ros2_ws/build/examples_rclpy_minimal_publisher/build/lib/examples_rclpy_minimal_publisher
[4.539s] copying examples_rclpy_minimal_publisher/__init__.py -> /home/yirehban/ros2_ws/build/examples_rclpy_minimal_publisher/build/lib/examples_rclpy_minimal_publisher
[4.539s] copying examples_rclpy_minimal_publisher/publisher_member_function_with_wait_for_all_acked.py -> /home/yirehban/ros2_ws/build/examples_rclpy_minimal_publisher/build/lib/examples_rclpy_minimal_publisher
[4.539s] copying examples_rclpy_minimal_publisher/publisher_old_school.py -> /home/yirehban/ros2_ws/build/examples_rclpy_minimal_publisher/build/lib/examples_rclpy_minimal_publisher
[4.540s] copying examples_rclpy_minimal_publisher/publisher_member_function.py -> /home/yirehban/ros2_ws/build/examples_rclpy_minimal_publisher/build/lib/examples_rclpy_minimal_publisher
[4.542s] running install
[4.550s] running install_lib
[4.592s] running install_data
[4.593s] copying resource/examples_rclpy_minimal_publisher -> /home/yirehban/ros2_ws/install/examples_rclpy_minimal_publisher/share/ament_index/resource_index/packages
[4.595s] copying package.xml -> /home/yirehban/ros2_ws/install/examples_rclpy_minimal_publisher/share/examples_rclpy_minimal_publisher
[4.595s] running install_egg_info
[4.639s] removing '/home/yirehban/ros2_ws/install/examples_rclpy_minimal_publisher/lib/python3.10/site-packages/examples_rclpy_minimal_publisher-0.15.3-py3.10.egg-info' (and everything under it)
[4.640s] Copying ../../../../../build/examples_rclpy_minimal_publisher/examples_rclpy_minimal_publisher.egg-info to /home/yirehban/ros2_ws/install/examples_rclpy_minimal_publisher/lib/python3.10/site-packages/examples_rclpy_minimal_publisher-0.15.3-py3.10.egg-info
[4.645s] running install_scripts
[4.742s] Installing publisher_local_function script to /home/yirehban/ros2_ws/install/examples_rclpy_minimal_publisher/lib/examples_rclpy_minimal_publisher
[4.745s] Installing publisher_member_function script to /home/yirehban/ros2_ws/install/examples_rclpy_minimal_publisher/lib/examples_rclpy_minimal_publisher
[4.745s] Installing publisher_member_function_with_wait_for_all_acked script to /home/yirehban/ros2_ws/install/examples_rclpy_minimal_publisher/lib/examples_rclpy_minimal_publisher
[4.745s] Installing publisher_old_school script to /home/yirehban/ros2_ws/install/examples_rclpy_minimal_publisher/lib/examples_rclpy_minimal_publisher
[4.746s] writing list of installed files to '/home/yirehban/ros2_ws/build/examples_rclpy_minimal_publisher/install.log'
[5.334s] Invoked command in '/home/yirehban/ros2_ws/src/examples/rclpy/topics/minimal_publisher' returned '0': PYTHONPATH=/home/yirehban/ros2_ws/build/examples_rclpy_minimal_publisher/prefix_override:/usr/lib/python3/dist-packages/colcon_core/task/python/colcon_distutils_commands:/home/yirehban/ros2_ws/install/examples_rclpy_minimal_publisher/lib/python3.10/site-packages:${PYTHONPATH} /usr/bin/python3 -W ignore:setup.py install is deprecated -W ignore:easy_install command is deprecated setup.py egg_info --egg-base ../../../../../build/examples_rclpy_minimal_publisher build --build-base /home/yirehban/ros2_ws/build/examples_rclpy_minimal_publisher/build install --record /home/yirehban/ros2_ws/build/examples_rclpy_minimal_publisher/install.log --single-version-externally-managed install_data
