[0.065s] Invoking command in '/home/yirehban/ros2_ws/build/examples_rclcpp_minimal_client': CMAKE_PREFIX_PATH=/opt/ros/humble /usr/bin/cmake /home/yirehban/ros2_ws/src/examples/rclcpp/services/minimal_client -DCMAKE_INSTALL_PREFIX=/home/yirehban/ros2_ws/install/examples_rclcpp_minimal_client
[1.821s] -- The C compiler identification is GNU 11.4.0
[1.821s] -- The CXX compiler identification is GNU 11.4.0
[1.821s] -- Detecting C compiler ABI info
[1.821s] -- Detecting C compiler ABI info - done
[1.821s] -- Check for working C compiler: /usr/bin/cc - skipped
[1.821s] -- Detecting C compile features
[1.822s] -- Detecting C compile features - done
[1.822s] -- Detecting CXX compiler ABI info
[1.863s] -- Detecting CXX compiler ABI info - done
[1.882s] -- Check for working CXX compiler: /usr/bin/c++ - skipped
[1.883s] -- Detecting CXX compile features
[1.886s] -- Detecting CXX compile features - done
[1.935s] -- Found ament_cmake: 1.3.11 (/opt/ros/humble/share/ament_cmake/cmake)
[2.569s] -- Found Python3: /usr/bin/python3 (found version "3.10.12") found components: Interpreter 
[3.012s] -- Found example_interfaces: 0.9.3 (/opt/ros/humble/share/example_interfaces/cmake)
[3.215s] -- Found rosidl_generator_c: 3.1.6 (/opt/ros/humble/share/rosidl_generator_c/cmake)
[3.232s] -- Found rosidl_adapter: 3.1.6 (/opt/ros/humble/share/rosidl_adapter/cmake)
[3.269s] -- Found rosidl_generator_cpp: 3.1.6 (/opt/ros/humble/share/rosidl_generator_cpp/cmake)
[3.369s] -- Using all available rosidl_typesupport_c: rosidl_typesupport_fastrtps_c;rosidl_typesupport_introspection_c
[3.454s] -- Using all available rosidl_typesupport_cpp: rosidl_typesupport_fastrtps_cpp;rosidl_typesupport_introspection_cpp
[3.699s] -- Found rclcpp: 16.0.12 (/opt/ros/humble/share/rclcpp/cmake)
[3.863s] -- Found rmw_implementation_cmake: 6.1.2 (/opt/ros/humble/share/rmw_implementation_cmake/cmake)
[3.886s] -- Found rmw_fastrtps_cpp: 6.2.7 (/opt/ros/humble/share/rmw_fastrtps_cpp/cmake)
[4.426s] -- Found OpenSSL: /usr/lib/aarch64-linux-gnu/libcrypto.so (found version "3.0.2")  
[4.520s] -- Found FastRTPS: /opt/ros/humble/include  
[4.613s] -- Using RMW implementation 'rmw_fastrtps_cpp' as default
[4.648s] -- Looking for pthread.h
[4.994s] -- Looking for pthread.h - found
[4.996s] -- Performing Test CMAKE_HAVE_LIBC_PTHREAD
[5.304s] -- Performing Test CMAKE_HAVE_LIBC_PTHREAD - Success
[5.306s] -- Found Threads: TRUE  
[5.537s] -- Found ament_lint_auto: 0.12.12 (/opt/ros/humble/share/ament_lint_auto/cmake)
[5.986s] -- Added test 'copyright' to check source files copyright and LICENSE
[5.986s] -- Added test 'cppcheck' to perform static code analysis on C / C++ code
[5.986s] -- Configured cppcheck include dirs: 
[5.986s] -- Configured cppcheck exclude dirs and/or files: 
[5.994s] -- Added test 'cpplint' to check C / C++ code against the Google style
[5.995s] -- Configured cpplint exclude dirs and/or files: 
[5.995s] -- Added test 'lint_cmake' to check CMake code style
[5.995s] -- Added test 'uncrustify' to check C / C++ code style
[5.995s] -- Configured uncrustify additional arguments: 
[5.995s] -- Added test 'xmllint' to check XML markup files
[6.008s] -- Configuring done
[6.039s] -- Generating done
[6.051s] -- Build files have been written to: /home/yirehban/ros2_ws/build/examples_rclcpp_minimal_client
[6.096s] Invoked command in '/home/yirehban/ros2_ws/build/examples_rclcpp_minimal_client' returned '0': CMAKE_PREFIX_PATH=/opt/ros/humble /usr/bin/cmake /home/yirehban/ros2_ws/src/examples/rclcpp/services/minimal_client -DCMAKE_INSTALL_PREFIX=/home/yirehban/ros2_ws/install/examples_rclcpp_minimal_client
[6.098s] Invoking command in '/home/yirehban/ros2_ws/build/examples_rclcpp_minimal_client': CMAKE_PREFIX_PATH=/opt/ros/humble /usr/bin/cmake --build /home/yirehban/ros2_ws/build/examples_rclcpp_minimal_client -- -j6 -l6
[6.932s] [ 50%] [32mBuilding CXX object CMakeFiles/client_main.dir/main.cpp.o[0m
[19.709s] [100%] [32m[1mLinking CXX executable client_main[0m
[20.250s] [100%] Built target client_main
[20.300s] Invoked command in '/home/yirehban/ros2_ws/build/examples_rclcpp_minimal_client' returned '0': CMAKE_PREFIX_PATH=/opt/ros/humble /usr/bin/cmake --build /home/yirehban/ros2_ws/build/examples_rclcpp_minimal_client -- -j6 -l6
[20.313s] Invoking command in '/home/yirehban/ros2_ws/build/examples_rclcpp_minimal_client': CMAKE_PREFIX_PATH=/opt/ros/humble /usr/bin/cmake --install /home/yirehban/ros2_ws/build/examples_rclcpp_minimal_client
[31.113s] -- Install configuration: ""
[31.114s] -- Installing: /home/yirehban/ros2_ws/install/examples_rclcpp_minimal_client/lib/examples_rclcpp_minimal_client/client_main
[31.114s] -- Set runtime path of "/home/yirehban/ros2_ws/install/examples_rclcpp_minimal_client/lib/examples_rclcpp_minimal_client/client_main" to ""
[31.114s] -- Installing: /home/yirehban/ros2_ws/install/examples_rclcpp_minimal_client/share/ament_index/resource_index/package_run_dependencies/examples_rclcpp_minimal_client
[31.114s] -- Installing: /home/yirehban/ros2_ws/install/examples_rclcpp_minimal_client/share/ament_index/resource_index/parent_prefix_path/examples_rclcpp_minimal_client
[31.114s] -- Installing: /home/yirehban/ros2_ws/install/examples_rclcpp_minimal_client/share/examples_rclcpp_minimal_client/environment/ament_prefix_path.sh
[31.114s] -- Installing: /home/yirehban/ros2_ws/install/examples_rclcpp_minimal_client/share/examples_rclcpp_minimal_client/environment/ament_prefix_path.dsv
[31.114s] -- Installing: /home/yirehban/ros2_ws/install/examples_rclcpp_minimal_client/share/examples_rclcpp_minimal_client/environment/path.sh
[31.115s] -- Installing: /home/yirehban/ros2_ws/install/examples_rclcpp_minimal_client/share/examples_rclcpp_minimal_client/environment/path.dsv
[31.115s] -- Installing: /home/yirehban/ros2_ws/install/examples_rclcpp_minimal_client/share/examples_rclcpp_minimal_client/local_setup.bash
[31.115s] -- Installing: /home/yirehban/ros2_ws/install/examples_rclcpp_minimal_client/share/examples_rclcpp_minimal_client/local_setup.sh
[31.115s] -- Installing: /home/yirehban/ros2_ws/install/examples_rclcpp_minimal_client/share/examples_rclcpp_minimal_client/local_setup.zsh
[31.115s] -- Installing: /home/yirehban/ros2_ws/install/examples_rclcpp_minimal_client/share/examples_rclcpp_minimal_client/local_setup.dsv
[31.115s] -- Installing: /home/yirehban/ros2_ws/install/examples_rclcpp_minimal_client/share/examples_rclcpp_minimal_client/package.dsv
[31.115s] -- Installing: /home/yirehban/ros2_ws/install/examples_rclcpp_minimal_client/share/ament_index/resource_index/packages/examples_rclcpp_minimal_client
[31.115s] -- Installing: /home/yirehban/ros2_ws/install/examples_rclcpp_minimal_client/share/examples_rclcpp_minimal_client/cmake/examples_rclcpp_minimal_clientConfig.cmake
[31.115s] -- Installing: /home/yirehban/ros2_ws/install/examples_rclcpp_minimal_client/share/examples_rclcpp_minimal_client/cmake/examples_rclcpp_minimal_clientConfig-version.cmake
[31.115s] -- Installing: /home/yirehban/ros2_ws/install/examples_rclcpp_minimal_client/share/examples_rclcpp_minimal_client/package.xml
[31.138s] Invoked command in '/home/yirehban/ros2_ws/build/examples_rclcpp_minimal_client' returned '0': CMAKE_PREFIX_PATH=/opt/ros/humble /usr/bin/cmake --install /home/yirehban/ros2_ws/build/examples_rclcpp_minimal_client
