-- Found CUDA: /usr/local/cuda-12.6 (found suitable version "12.6", minimum required is "12.6") 
-- Found CUDA: /usr/local/cuda-12.6 (found version "12.6") 
-- Found ament_cmake_auto: 1.3.12 (/opt/ros/humble/share/ament_cmake_auto/cmake)
-- Found rosidl_generator_c: 3.1.7 (/opt/ros/humble/share/rosidl_generator_c/cmake)
-- Found rosidl_adapter: 3.1.7 (/opt/ros/humble/share/rosidl_adapter/cmake)
-- Found rosidl_generator_cpp: 3.1.7 (/opt/ros/humble/share/rosidl_generator_cpp/cmake)
-- Using all available rosidl_typesupport_c: rosidl_typesupport_fastrtps_c;rosidl_typesupport_introspection_c
-- Using all available rosidl_typesupport_cpp: rosidl_typesupport_fastrtps_cpp;rosidl_typesupport_introspection_cpp
-- Found rmw_implementation_cmake: 6.1.2 (/opt/ros/humble/share/rmw_implementation_cmake/cmake)
-- Found rmw_fastrtps_cpp: 6.2.8 (/opt/ros/humble/share/rmw_fastrtps_cpp/cmake)
-- Using RMW implementation 'rmw_fastrtps_cpp' as default
-- Found eigen3_cmake_module: 0.1.1 (/opt/ros/humble/share/eigen3_cmake_module/cmake)
-- Ensuring Eigen3 include directory is part of orocos-kdl CMake target
-- Found ament_lint_auto: 0.12.14 (/opt/ros/humble/share/ament_lint_auto/cmake)
-- Added test 'copyright' to check source files copyright and LICENSE
-- Added test 'cppcheck' to perform static code analysis on C / C++ code
-- Configured cppcheck include dirs: /home/yirehban/ros2_ws/src/zed-ros2-wrapper/zed_components/src/include;/home/yirehban/ros2_ws/src/zed-ros2-wrapper/zed_components/src/zed_camera/include;/home/yirehban/ros2_ws/src/zed-ros2-wrapper/zed_components/src/tools/include
-- Configured cppcheck exclude dirs and/or files: 
-- Added test 'lint_cmake' to check CMake code style
-- Added test 'uncrustify' to check C / C++ code style
-- Configured uncrustify additional arguments: 
-- Added test 'xmllint' to check XML markup files
-- Configuring done
-- Generating done
-- Build files have been written to: /home/yirehban/ros2_ws/build/zed_components
[35m[1mConsolidate compiler generated dependencies of target zed_camera_component[0m
[35m[1mConsolidate compiler generated dependencies of target zed_camera_one_component[0m
[  7%] [32mBuilding CXX object CMakeFiles/zed_camera_component.dir/src/tools/src/sl_win_avg.cpp.o[0m
[ 14%] [32mBuilding CXX object CMakeFiles/zed_camera_component.dir/src/tools/src/sl_tools.cpp.o[0m
[ 35%] [32mBuilding CXX object CMakeFiles/zed_camera_component.dir/src/tools/src/sl_types.cpp.o[0m
[ 35%] [32mBuilding CXX object CMakeFiles/zed_camera_one_component.dir/src/tools/src/sl_win_avg.cpp.o[0m
[ 42%] [32mBuilding CXX object CMakeFiles/zed_camera_one_component.dir/src/tools/src/sl_tools.cpp.o[0m
[ 35%] [32mBuilding CXX object CMakeFiles/zed_camera_component.dir/src/tools/src/gnss_replay.cpp.o[0m
[ 50%] [32mBuilding CXX object CMakeFiles/zed_camera_component.dir/src/zed_camera/src/zed_camera_component_main.cpp.o[0m
[ 57%] [32mBuilding CXX object CMakeFiles/zed_camera_one_component.dir/src/tools/src/gnss_replay.cpp.o[0m
[ 64%] [32mBuilding CXX object CMakeFiles/zed_camera_one_component.dir/src/zed_camera/src/zed_camera_one_component.cpp.o[0m
[ 71%] [32mBuilding CXX object CMakeFiles/zed_camera_one_component.dir/src/tools/src/sl_types.cpp.o[0m
[ 78%] [32m[1mLinking CXX shared library libzed_camera_one_component.so[0m
[ 78%] Built target zed_camera_one_component
[ 85%] [32mBuilding CXX object CMakeFiles/zed_camera_component.dir/src/zed_camera/src/zed_camera_component_objdet.cpp.o[0m
[ 92%] [32mBuilding CXX object CMakeFiles/zed_camera_component.dir/src/zed_camera/src/zed_camera_component_bodytrk.cpp.o[0m
[100%] [32m[1mLinking CXX shared library libzed_camera_component.so[0m
[100%] Built target zed_camera_component
