[0.092s] Invoking command in '/home/yirehban/ros2_ws/build/zed_components': CMAKE_PREFIX_PATH=${CMAKE_PREFIX_PATH}:/home/yirehban/ros2_ws/install/vision:/home/yirehban/ros2_ws/install/mavlink_thruster_control:/home/yirehban/ros2_ws/install/launch_testing_examples:/home/yirehban/ros2_ws/install/examples_rclpy_pointcloud_publisher:/home/yirehban/ros2_ws/install/examples_rclpy_minimal_subscriber:/home/yirehban/ros2_ws/install/examples_rclpy_minimal_service:/home/yirehban/ros2_ws/install/examples_rclpy_minimal_publisher:/home/yirehban/ros2_ws/install/examples_rclpy_minimal_client:/home/yirehban/ros2_ws/install/examples_rclpy_minimal_action_server:/home/yirehban/ros2_ws/install/examples_rclpy_minimal_action_client:/home/yirehban/ros2_ws/install/examples_rclpy_guard_conditions:/home/yirehban/ros2_ws/install/examples_rclpy_executors:/opt/ros/humble /usr/bin/cmake --build /home/yirehban/ros2_ws/build/zed_components -- -j6 -l6
[0.439s] -- Found CUDA: /usr/local/cuda-12.6 (found suitable version "12.6", minimum required is "12.6") 
[0.559s] -- Found CUDA: /usr/local/cuda-12.6 (found version "12.6") 
[0.561s] -- Found ament_cmake_auto: 1.3.12 (/opt/ros/humble/share/ament_cmake_auto/cmake)
[1.156s] -- Found rosidl_generator_c: 3.1.7 (/opt/ros/humble/share/rosidl_generator_c/cmake)
[1.160s] -- Found rosidl_adapter: 3.1.7 (/opt/ros/humble/share/rosidl_adapter/cmake)
[1.175s] -- Found rosidl_generator_cpp: 3.1.7 (/opt/ros/humble/share/rosidl_generator_cpp/cmake)
[1.204s] -- Using all available rosidl_typesupport_c: rosidl_typesupport_fastrtps_c;rosidl_typesupport_introspection_c
[1.235s] -- Using all available rosidl_typesupport_cpp: rosidl_typesupport_fastrtps_cpp;rosidl_typesupport_introspection_cpp
[1.422s] -- Found rmw_implementation_cmake: 6.1.2 (/opt/ros/humble/share/rmw_implementation_cmake/cmake)
[1.427s] -- Found rmw_fastrtps_cpp: 6.2.8 (/opt/ros/humble/share/rmw_fastrtps_cpp/cmake)
[1.649s] -- Using RMW implementation 'rmw_fastrtps_cpp' as default
[2.657s] -- Found eigen3_cmake_module: 0.1.1 (/opt/ros/humble/share/eigen3_cmake_module/cmake)
[2.662s] -- Ensuring Eigen3 include directory is part of orocos-kdl CMake target
[3.315s] -- Found ament_lint_auto: 0.12.14 (/opt/ros/humble/share/ament_lint_auto/cmake)
[3.652s] -- Added test 'copyright' to check source files copyright and LICENSE
[3.655s] -- Added test 'cppcheck' to perform static code analysis on C / C++ code
[3.656s] -- Configured cppcheck include dirs: /home/yirehban/ros2_ws/src/zed-ros2-wrapper/zed_components/src/include;/home/yirehban/ros2_ws/src/zed-ros2-wrapper/zed_components/src/zed_camera/include;/home/yirehban/ros2_ws/src/zed-ros2-wrapper/zed_components/src/tools/include
[3.656s] -- Configured cppcheck exclude dirs and/or files: 
[3.657s] -- Added test 'lint_cmake' to check CMake code style
[3.660s] -- Added test 'uncrustify' to check C / C++ code style
[3.660s] -- Configured uncrustify additional arguments: 
[3.661s] -- Added test 'xmllint' to check XML markup files
[3.689s] -- Configuring done
[3.885s] -- Generating done
[3.923s] -- Build files have been written to: /home/yirehban/ros2_ws/build/zed_components
[4.204s] [35m[1mConsolidate compiler generated dependencies of target zed_camera_component[0m
[4.231s] [35m[1mConsolidate compiler generated dependencies of target zed_camera_one_component[0m
[4.724s] [  7%] [32mBuilding CXX object CMakeFiles/zed_camera_component.dir/src/tools/src/sl_win_avg.cpp.o[0m
[4.725s] [ 14%] [32mBuilding CXX object CMakeFiles/zed_camera_component.dir/src/tools/src/sl_tools.cpp.o[0m
[4.737s] [ 35%] [32mBuilding CXX object CMakeFiles/zed_camera_component.dir/src/tools/src/sl_types.cpp.o[0m
[4.741s] [ 35%] [32mBuilding CXX object CMakeFiles/zed_camera_one_component.dir/src/tools/src/sl_win_avg.cpp.o[0m
[4.760s] [ 42%] [32mBuilding CXX object CMakeFiles/zed_camera_one_component.dir/src/tools/src/sl_tools.cpp.o[0m
[4.763s] [ 35%] [32mBuilding CXX object CMakeFiles/zed_camera_component.dir/src/tools/src/gnss_replay.cpp.o[0m
[8.202s] [ 50%] [32mBuilding CXX object CMakeFiles/zed_camera_component.dir/src/zed_camera/src/zed_camera_component_main.cpp.o[0m
[8.634s] [ 57%] [32mBuilding CXX object CMakeFiles/zed_camera_one_component.dir/src/tools/src/gnss_replay.cpp.o[0m
[52.543s] [ 64%] [32mBuilding CXX object CMakeFiles/zed_camera_one_component.dir/src/zed_camera/src/zed_camera_one_component.cpp.o[0m
[116.892s] [ 71%] [32mBuilding CXX object CMakeFiles/zed_camera_one_component.dir/src/tools/src/sl_types.cpp.o[0m
[131.824s] [ 78%] [32m[1mLinking CXX shared library libzed_camera_one_component.so[0m
[133.524s] [ 78%] Built target zed_camera_one_component
[241.177s] [ 85%] [32mBuilding CXX object CMakeFiles/zed_camera_component.dir/src/zed_camera/src/zed_camera_component_objdet.cpp.o[0m
[241.178s] [ 92%] [32mBuilding CXX object CMakeFiles/zed_camera_component.dir/src/zed_camera/src/zed_camera_component_bodytrk.cpp.o[0m
[272.971s] [100%] [32m[1mLinking CXX shared library libzed_camera_component.so[0m
[274.980s] [100%] Built target zed_camera_component
