-- Found ament_cmake: 1.3.12 (/opt/ros/humble/share/ament_cmake/cmake)
-- Override CMake install command with custom implementation using symlinks instead of copying resources
-- Found std_msgs: 4.9.0 (/opt/ros/humble/share/std_msgs/cmake)
-- Found rosidl_generator_c: 3.1.7 (/opt/ros/humble/share/rosidl_generator_c/cmake)
-- Found rosidl_adapter: 3.1.7 (/opt/ros/humble/share/rosidl_adapter/cmake)
-- Found rosidl_generator_cpp: 3.1.7 (/opt/ros/humble/share/rosidl_generator_cpp/cmake)
-- Using all available rosidl_typesupport_c: rosidl_typesupport_fastrtps_c;rosidl_typesupport_introspection_c
-- Using all available rosidl_typesupport_cpp: rosidl_typesupport_fastrtps_cpp;rosidl_typesupport_introspection_cpp
-- Found geometry_msgs: 4.9.0 (/opt/ros/humble/share/geometry_msgs/cmake)
-- Found ament_lint_auto: 0.12.14 (/opt/ros/humble/share/ament_lint_auto/cmake)
-- Added test 'lint_cmake' to check CMake code style
-- Added test 'xmllint' to check XML markup files
-- Configuring done
-- Generating done
-- Build files have been written to: /home/yirehban/ros2_ws/build/auv_msgs
-- Install configuration: ""
-- Execute custom install script
-- Symlinking: /home/yirehban/ros2_ws/install/auv_msgs/share/ament_index/resource_index/package_run_dependencies/auv_msgs
-- Symlinking: /home/yirehban/ros2_ws/install/auv_msgs/share/ament_index/resource_index/parent_prefix_path/auv_msgs
-- Symlinking: /home/yirehban/ros2_ws/install/auv_msgs/share/auv_msgs/environment/ament_prefix_path.sh
-- Symlinking: /home/yirehban/ros2_ws/install/auv_msgs/share/auv_msgs/environment/ament_prefix_path.dsv
-- Symlinking: /home/yirehban/ros2_ws/install/auv_msgs/share/auv_msgs/environment/path.sh
-- Symlinking: /home/yirehban/ros2_ws/install/auv_msgs/share/auv_msgs/environment/path.dsv
-- Symlinking: /home/yirehban/ros2_ws/install/auv_msgs/share/auv_msgs/local_setup.bash
-- Symlinking: /home/yirehban/ros2_ws/install/auv_msgs/share/auv_msgs/local_setup.sh
-- Symlinking: /home/yirehban/ros2_ws/install/auv_msgs/share/auv_msgs/local_setup.zsh
-- Symlinking: /home/yirehban/ros2_ws/install/auv_msgs/share/auv_msgs/local_setup.dsv
-- Symlinking: /home/yirehban/ros2_ws/install/auv_msgs/share/auv_msgs/package.dsv
-- Symlinking: /home/yirehban/ros2_ws/install/auv_msgs/share/ament_index/resource_index/packages/auv_msgs
-- Symlinking: /home/yirehban/ros2_ws/install/auv_msgs/share/auv_msgs/cmake/auv_msgsConfig.cmake
-- Symlinking: /home/yirehban/ros2_ws/install/auv_msgs/share/auv_msgs/cmake/auv_msgsConfig-version.cmake
-- Symlinking: /home/yirehban/ros2_ws/install/auv_msgs/share/auv_msgs/package.xml
