[0.068s] Invoking command in '/home/yirehban/ros2_ws/src/build/examples_rclcpp_minimal_action_client': CMAKE_PREFIX_PATH=${CMAKE_PREFIX_PATH}:/home/yirehban/ros2_ws/install/vision:/home/yirehban/ros2_ws/install/mavlink_thruster_control:/home/yirehban/ros2_ws/install/launch_testing_examples:/home/yirehban/ros2_ws/install/examples_rclpy_pointcloud_publisher:/home/yirehban/ros2_ws/install/examples_rclpy_minimal_subscriber:/home/yirehban/ros2_ws/install/examples_rclpy_minimal_service:/home/yirehban/ros2_ws/install/examples_rclpy_minimal_publisher:/home/yirehban/ros2_ws/install/examples_rclpy_minimal_client:/home/yirehban/ros2_ws/install/examples_rclpy_minimal_action_server:/home/yirehban/ros2_ws/install/examples_rclpy_minimal_action_client:/home/yirehban/ros2_ws/install/examples_rclpy_guard_conditions:/home/yirehban/ros2_ws/install/examples_rclpy_executors:/opt/ros/humble /usr/bin/cmake /home/yirehban/ros2_ws/src/examples/rclcpp/actions/minimal_action_client -DCMAKE_INSTALL_PREFIX=/home/yirehban/ros2_ws/src/install/examples_rclcpp_minimal_action_client
[5.294s] -- The C compiler identification is GNU 11.4.0
[5.294s] -- The CXX compiler identification is GNU 11.4.0
[5.294s] -- Detecting C compiler ABI info
[5.294s] -- Detecting C compiler ABI info - done
[5.294s] -- Check for working C compiler: /usr/bin/cc - skipped
[5.294s] -- Detecting C compile features
[5.295s] -- Detecting C compile features - done
[5.295s] -- Detecting CXX compiler ABI info
[5.295s] -- Detecting CXX compiler ABI info - done
[5.295s] -- Check for working CXX compiler: /usr/bin/c++ - skipped
[5.295s] -- Detecting CXX compile features
[5.295s] -- Detecting CXX compile features - done
[5.295s] -- Found ament_cmake: 1.3.12 (/opt/ros/humble/share/ament_cmake/cmake)
[5.295s] -- Found Python3: /usr/bin/python3 (found version "3.10.12") found components: Interpreter 
[5.295s] -- Found example_interfaces: 0.9.3 (/opt/ros/humble/share/example_interfaces/cmake)
[5.295s] -- Found rosidl_generator_c: 3.1.7 (/opt/ros/humble/share/rosidl_generator_c/cmake)
[5.296s] -- Found rosidl_adapter: 3.1.7 (/opt/ros/humble/share/rosidl_adapter/cmake)
[5.296s] -- Found rosidl_generator_cpp: 3.1.7 (/opt/ros/humble/share/rosidl_generator_cpp/cmake)
[5.296s] -- Using all available rosidl_typesupport_c: rosidl_typesupport_fastrtps_c;rosidl_typesupport_introspection_c
[5.296s] -- Using all available rosidl_typesupport_cpp: rosidl_typesupport_fastrtps_cpp;rosidl_typesupport_introspection_cpp
[5.296s] -- Found rclcpp: 16.0.14 (/opt/ros/humble/share/rclcpp/cmake)
[5.297s] -- Found rmw_implementation_cmake: 6.1.2 (/opt/ros/humble/share/rmw_implementation_cmake/cmake)
[5.297s] -- Found rmw_fastrtps_cpp: 6.2.8 (/opt/ros/humble/share/rmw_fastrtps_cpp/cmake)
[5.758s] -- Found OpenSSL: /usr/lib/aarch64-linux-gnu/libcrypto.so (found version "3.0.2")  
[6.133s] -- Found FastRTPS: /opt/ros/humble/include  
[6.242s] -- Using RMW implementation 'rmw_fastrtps_cpp' as default
[6.282s] -- Looking for pthread.h
[6.544s] -- Looking for pthread.h - found
[6.544s] -- Performing Test CMAKE_HAVE_LIBC_PTHREAD
[6.731s] -- Performing Test CMAKE_HAVE_LIBC_PTHREAD - Success
[6.731s] -- Found Threads: TRUE  
[6.880s] -- Found rclcpp_action: 16.0.14 (/opt/ros/humble/share/rclcpp_action/cmake)
[6.950s] -- Found ament_lint_auto: 0.12.14 (/opt/ros/humble/share/ament_lint_auto/cmake)
[7.485s] -- Added test 'copyright' to check source files copyright and LICENSE
[7.485s] -- Added test 'cppcheck' to perform static code analysis on C / C++ code
[7.485s] -- Configured cppcheck include dirs: 
[7.486s] -- Configured cppcheck exclude dirs and/or files: 
[7.486s] -- Added test 'cpplint' to check C / C++ code against the Google style
[7.486s] -- Configured cpplint exclude dirs and/or files: 
[7.486s] -- Added test 'lint_cmake' to check CMake code style
[7.486s] -- Added test 'uncrustify' to check C / C++ code style
[7.486s] -- Configured uncrustify additional arguments: 
[7.486s] -- Added test 'xmllint' to check XML markup files
[7.499s] -- Configuring done
[7.617s] -- Generating done
[7.657s] -- Build files have been written to: /home/yirehban/ros2_ws/src/build/examples_rclcpp_minimal_action_client
[7.777s] Invoked command in '/home/yirehban/ros2_ws/src/build/examples_rclcpp_minimal_action_client' returned '0': CMAKE_PREFIX_PATH=${CMAKE_PREFIX_PATH}:/home/yirehban/ros2_ws/install/vision:/home/yirehban/ros2_ws/install/mavlink_thruster_control:/home/yirehban/ros2_ws/install/launch_testing_examples:/home/yirehban/ros2_ws/install/examples_rclpy_pointcloud_publisher:/home/yirehban/ros2_ws/install/examples_rclpy_minimal_subscriber:/home/yirehban/ros2_ws/install/examples_rclpy_minimal_service:/home/yirehban/ros2_ws/install/examples_rclpy_minimal_publisher:/home/yirehban/ros2_ws/install/examples_rclpy_minimal_client:/home/yirehban/ros2_ws/install/examples_rclpy_minimal_action_server:/home/yirehban/ros2_ws/install/examples_rclpy_minimal_action_client:/home/yirehban/ros2_ws/install/examples_rclpy_guard_conditions:/home/yirehban/ros2_ws/install/examples_rclpy_executors:/opt/ros/humble /usr/bin/cmake /home/yirehban/ros2_ws/src/examples/rclcpp/actions/minimal_action_client -DCMAKE_INSTALL_PREFIX=/home/yirehban/ros2_ws/src/install/examples_rclcpp_minimal_action_client
[7.779s] Invoking command in '/home/yirehban/ros2_ws/src/build/examples_rclcpp_minimal_action_client': CMAKE_PREFIX_PATH=${CMAKE_PREFIX_PATH}:/home/yirehban/ros2_ws/install/vision:/home/yirehban/ros2_ws/install/mavlink_thruster_control:/home/yirehban/ros2_ws/install/launch_testing_examples:/home/yirehban/ros2_ws/install/examples_rclpy_pointcloud_publisher:/home/yirehban/ros2_ws/install/examples_rclpy_minimal_subscriber:/home/yirehban/ros2_ws/install/examples_rclpy_minimal_service:/home/yirehban/ros2_ws/install/examples_rclpy_minimal_publisher:/home/yirehban/ros2_ws/install/examples_rclpy_minimal_client:/home/yirehban/ros2_ws/install/examples_rclpy_minimal_action_server:/home/yirehban/ros2_ws/install/examples_rclpy_minimal_action_client:/home/yirehban/ros2_ws/install/examples_rclpy_guard_conditions:/home/yirehban/ros2_ws/install/examples_rclpy_executors:/opt/ros/humble /usr/bin/cmake --build /home/yirehban/ros2_ws/src/build/examples_rclcpp_minimal_action_client -- -j6 -l6
[7.985s] [ 12%] [32mBuilding CXX object CMakeFiles/action_client_member_functions.dir/member_functions.cpp.o[0m
[8.014s] [ 25%] [32mBuilding CXX object CMakeFiles/action_client_not_composable.dir/not_composable.cpp.o[0m
[8.037s] [ 37%] [32mBuilding CXX object CMakeFiles/action_client_not_composable_with_feedback.dir/not_composable_with_feedback.cpp.o[0m
[8.087s] [ 50%] [32mBuilding CXX object CMakeFiles/action_client_not_composable_with_cancel.dir/not_composable_with_cancel.cpp.o[0m
