[0.060s] Invoking command in '/home/yirehban/ros2_ws/build/mission': CMAKE_PREFIX_PATH=${CMAKE_PREFIX_PATH}:/home/yirehban/ros2_ws/install/vision:/home/yirehban/ros2_ws/install/mavlink_thruster_control:/home/yirehban/ros2_ws/install/launch_testing_examples:/home/yirehban/ros2_ws/install/examples_rclpy_pointcloud_publisher:/home/yirehban/ros2_ws/install/examples_rclpy_minimal_subscriber:/home/yirehban/ros2_ws/install/examples_rclpy_minimal_service:/home/yirehban/ros2_ws/install/examples_rclpy_minimal_publisher:/home/yirehban/ros2_ws/install/examples_rclpy_minimal_client:/home/yirehban/ros2_ws/install/examples_rclpy_minimal_action_server:/home/yirehban/ros2_ws/install/examples_rclpy_minimal_action_client:/home/yirehban/ros2_ws/install/examples_rclpy_guard_conditions:/home/yirehban/ros2_ws/install/examples_rclpy_executors:/opt/ros/humble /usr/bin/cmake --build /home/yirehban/ros2_ws/build/mission -- -j6 -l6
[0.772s] [ 20%] [32mBuilding CXX object CMakeFiles/bt_runner.dir/main.cpp.o[0m
[25.741s] [ 40%] [32m[1mLinking CXX executable bt_runner[0m
[27.042s] [100%] Built target bt_runner
[27.094s] Invoked command in '/home/yirehban/ros2_ws/build/mission' returned '0': CMAKE_PREFIX_PATH=${CMAKE_PREFIX_PATH}:/home/yirehban/ros2_ws/install/vision:/home/yirehban/ros2_ws/install/mavlink_thruster_control:/home/yirehban/ros2_ws/install/launch_testing_examples:/home/yirehban/ros2_ws/install/examples_rclpy_pointcloud_publisher:/home/yirehban/ros2_ws/install/examples_rclpy_minimal_subscriber:/home/yirehban/ros2_ws/install/examples_rclpy_minimal_service:/home/yirehban/ros2_ws/install/examples_rclpy_minimal_publisher:/home/yirehban/ros2_ws/install/examples_rclpy_minimal_client:/home/yirehban/ros2_ws/install/examples_rclpy_minimal_action_server:/home/yirehban/ros2_ws/install/examples_rclpy_minimal_action_client:/home/yirehban/ros2_ws/install/examples_rclpy_guard_conditions:/home/yirehban/ros2_ws/install/examples_rclpy_executors:/opt/ros/humble /usr/bin/cmake --build /home/yirehban/ros2_ws/build/mission -- -j6 -l6
[27.147s] Invoking command in '/home/yirehban/ros2_ws/build/mission': CMAKE_PREFIX_PATH=${CMAKE_PREFIX_PATH}:/home/yirehban/ros2_ws/install/vision:/home/yirehban/ros2_ws/install/mavlink_thruster_control:/home/yirehban/ros2_ws/install/launch_testing_examples:/home/yirehban/ros2_ws/install/examples_rclpy_pointcloud_publisher:/home/yirehban/ros2_ws/install/examples_rclpy_minimal_subscriber:/home/yirehban/ros2_ws/install/examples_rclpy_minimal_service:/home/yirehban/ros2_ws/install/examples_rclpy_minimal_publisher:/home/yirehban/ros2_ws/install/examples_rclpy_minimal_client:/home/yirehban/ros2_ws/install/examples_rclpy_minimal_action_server:/home/yirehban/ros2_ws/install/examples_rclpy_minimal_action_client:/home/yirehban/ros2_ws/install/examples_rclpy_guard_conditions:/home/yirehban/ros2_ws/install/examples_rclpy_executors:/opt/ros/humble /usr/bin/cmake --install /home/yirehban/ros2_ws/build/mission
[27.170s] -- Install configuration: ""
[27.172s] -- Execute custom install script
[27.175s] -- Up-to-date symlink: /home/yirehban/ros2_ws/install/mission/lib/mission/bt_runner
[27.177s] -- Up-to-date symlink: /home/yirehban/ros2_ws/install/mission/share/ament_index/resource_index/package_run_dependencies/mission
[27.179s] -- Up-to-date symlink: /home/yirehban/ros2_ws/install/mission/share/ament_index/resource_index/parent_prefix_path/mission
[27.188s] -- Up-to-date symlink: /home/yirehban/ros2_ws/install/mission/share/mission/environment/ament_prefix_path.sh
[27.189s] -- Up-to-date symlink: /home/yirehban/ros2_ws/install/mission/share/mission/environment/ament_prefix_path.dsv
[27.189s] -- Up-to-date symlink: /home/yirehban/ros2_ws/install/mission/share/mission/environment/path.sh
[27.190s] -- Up-to-date symlink: /home/yirehban/ros2_ws/install/mission/share/mission/environment/path.dsv
[27.191s] -- Up-to-date symlink: /home/yirehban/ros2_ws/install/mission/share/mission/local_setup.bash
[27.191s] -- Up-to-date symlink: /home/yirehban/ros2_ws/install/mission/share/mission/local_setup.sh
[27.192s] -- Up-to-date symlink: /home/yirehban/ros2_ws/install/mission/share/mission/local_setup.zsh
[27.193s] -- Up-to-date symlink: /home/yirehban/ros2_ws/install/mission/share/mission/local_setup.dsv
[27.195s] -- Symlinking: /home/yirehban/ros2_ws/install/mission/share/mission/package.dsv
[27.224s] -- Up-to-date symlink: /home/yirehban/ros2_ws/install/mission/share/ament_index/resource_index/packages/mission
[27.226s] -- Up-to-date symlink: /home/yirehban/ros2_ws/install/mission/share/mission/cmake/missionConfig.cmake
[27.228s] -- Up-to-date symlink: /home/yirehban/ros2_ws/install/mission/share/mission/cmake/missionConfig-version.cmake
[27.239s] -- Up-to-date symlink: /home/yirehban/ros2_ws/install/mission/share/mission/package.xml
[27.241s] Invoked command in '/home/yirehban/ros2_ws/build/mission' returned '0': CMAKE_PREFIX_PATH=${CMAKE_PREFIX_PATH}:/home/yirehban/ros2_ws/install/vision:/home/yirehban/ros2_ws/install/mavlink_thruster_control:/home/yirehban/ros2_ws/install/launch_testing_examples:/home/yirehban/ros2_ws/install/examples_rclpy_pointcloud_publisher:/home/yirehban/ros2_ws/install/examples_rclpy_minimal_subscriber:/home/yirehban/ros2_ws/install/examples_rclpy_minimal_service:/home/yirehban/ros2_ws/install/examples_rclpy_minimal_publisher:/home/yirehban/ros2_ws/install/examples_rclpy_minimal_client:/home/yirehban/ros2_ws/install/examples_rclpy_minimal_action_server:/home/yirehban/ros2_ws/install/examples_rclpy_minimal_action_client:/home/yirehban/ros2_ws/install/examples_rclpy_guard_conditions:/home/yirehban/ros2_ws/install/examples_rclpy_executors:/opt/ros/humble /usr/bin/cmake --install /home/yirehban/ros2_ws/build/mission
