[0.031s] Invoking command in '/home/yirehban/ros2_ws/build/zed_display_rviz2': AMENT_PREFIX_PATH=/home/yirehban/ros2_ws/install/zed_wrapper:/home/yirehban/ros2_ws/install/zed_components:${AMENT_PREFIX_PATH} CMAKE_PREFIX_PATH=/home/yirehban/ros2_ws/install/zed_wrapper:/home/yirehban/ros2_ws/install/zed_components:/opt/ros/humble LD_LIBRARY_PATH=/home/yirehban/ros2_ws/install/zed_components/lib:/opt/ros/humble/opt/rviz_ogre_vendor/lib:/opt/ros/humble/lib/aarch64-linux-gnu:/opt/ros/humble/lib:/usr/local/cuda-12.6/lib64 /usr/bin/cmake /home/yirehban/ros2_ws/src/zed-ros2-examples/zed_display_rviz2 -DCMAKE_INSTALL_PREFIX=/home/yirehban/ros2_ws/install/zed_display_rviz2
[0.139s] -- The C compiler identification is GNU 11.4.0
[0.251s] -- The CXX compiler identification is GNU 11.4.0
[0.265s] -- Detecting C compiler ABI info
[0.413s] -- Detecting C compiler ABI info - done
[0.427s] -- Check for working C compiler: /usr/bin/cc - skipped
[0.427s] -- Detecting C compile features
[0.428s] -- Detecting C compile features - done
[0.434s] -- Detecting CXX compiler ABI info
[0.606s] -- Detecting CXX compiler ABI info - done
[0.619s] -- Check for working CXX compiler: /usr/bin/c++ - skipped
[0.621s] -- Detecting CXX compile features
[0.622s] -- Detecting CXX compile features - done
[0.629s] -- Found ament_cmake_auto: 1.3.11 (/opt/ros/humble/share/ament_cmake_auto/cmake)
[1.096s] -- Found Python3: /usr/bin/python3 (found version "3.10.12") found components: Interpreter 
[1.573s] -- Found ament_lint_auto: 0.12.12 (/opt/ros/humble/share/ament_lint_auto/cmake)
[2.061s] -- Added test 'copyright' to check source files copyright and LICENSE
[2.064s] -- Added test 'flake8' to check Python code syntax and style conventions
[2.065s] -- Added test 'lint_cmake' to check CMake code style
[2.066s] -- Added test 'pep257' to check Python code against some of the docstring style conventions in PEP 257
[2.068s] -- Added test 'xmllint' to check XML markup files
[2.072s] -- Configuring done
[2.169s] -- Generating done
[2.170s] -- Build files have been written to: /home/yirehban/ros2_ws/build/zed_display_rviz2
[2.200s] Invoked command in '/home/yirehban/ros2_ws/build/zed_display_rviz2' returned '0': AMENT_PREFIX_PATH=/home/yirehban/ros2_ws/install/zed_wrapper:/home/yirehban/ros2_ws/install/zed_components:${AMENT_PREFIX_PATH} CMAKE_PREFIX_PATH=/home/yirehban/ros2_ws/install/zed_wrapper:/home/yirehban/ros2_ws/install/zed_components:/opt/ros/humble LD_LIBRARY_PATH=/home/yirehban/ros2_ws/install/zed_components/lib:/opt/ros/humble/opt/rviz_ogre_vendor/lib:/opt/ros/humble/lib/aarch64-linux-gnu:/opt/ros/humble/lib:/usr/local/cuda-12.6/lib64 /usr/bin/cmake /home/yirehban/ros2_ws/src/zed-ros2-examples/zed_display_rviz2 -DCMAKE_INSTALL_PREFIX=/home/yirehban/ros2_ws/install/zed_display_rviz2
[2.201s] Invoking command in '/home/yirehban/ros2_ws/build/zed_display_rviz2': AMENT_PREFIX_PATH=/home/yirehban/ros2_ws/install/zed_wrapper:/home/yirehban/ros2_ws/install/zed_components:${AMENT_PREFIX_PATH} CMAKE_PREFIX_PATH=/home/yirehban/ros2_ws/install/zed_wrapper:/home/yirehban/ros2_ws/install/zed_components:/opt/ros/humble LD_LIBRARY_PATH=/home/yirehban/ros2_ws/install/zed_components/lib:/opt/ros/humble/opt/rviz_ogre_vendor/lib:/opt/ros/humble/lib/aarch64-linux-gnu:/opt/ros/humble/lib:/usr/local/cuda-12.6/lib64 /usr/bin/cmake --build /home/yirehban/ros2_ws/build/zed_display_rviz2 -- -j6 -l6
[2.285s] Invoked command in '/home/yirehban/ros2_ws/build/zed_display_rviz2' returned '0': AMENT_PREFIX_PATH=/home/yirehban/ros2_ws/install/zed_wrapper:/home/yirehban/ros2_ws/install/zed_components:${AMENT_PREFIX_PATH} CMAKE_PREFIX_PATH=/home/yirehban/ros2_ws/install/zed_wrapper:/home/yirehban/ros2_ws/install/zed_components:/opt/ros/humble LD_LIBRARY_PATH=/home/yirehban/ros2_ws/install/zed_components/lib:/opt/ros/humble/opt/rviz_ogre_vendor/lib:/opt/ros/humble/lib/aarch64-linux-gnu:/opt/ros/humble/lib:/usr/local/cuda-12.6/lib64 /usr/bin/cmake --build /home/yirehban/ros2_ws/build/zed_display_rviz2 -- -j6 -l6
[2.287s] Invoking command in '/home/yirehban/ros2_ws/build/zed_display_rviz2': AMENT_PREFIX_PATH=/home/yirehban/ros2_ws/install/zed_wrapper:/home/yirehban/ros2_ws/install/zed_components:${AMENT_PREFIX_PATH} CMAKE_PREFIX_PATH=/home/yirehban/ros2_ws/install/zed_wrapper:/home/yirehban/ros2_ws/install/zed_components:/opt/ros/humble LD_LIBRARY_PATH=/home/yirehban/ros2_ws/install/zed_components/lib:/opt/ros/humble/opt/rviz_ogre_vendor/lib:/opt/ros/humble/lib/aarch64-linux-gnu:/opt/ros/humble/lib:/usr/local/cuda-12.6/lib64 /usr/bin/cmake --install /home/yirehban/ros2_ws/build/zed_display_rviz2
[2.493s] -- Install configuration: ""
[2.493s] -- Installing: /home/yirehban/ros2_ws/install/zed_display_rviz2/share/zed_display_rviz2/launch
[2.494s] -- Installing: /home/yirehban/ros2_ws/install/zed_display_rviz2/share/zed_display_rviz2/launch/display_zed_cam.launch.py
[2.494s] -- Installing: /home/yirehban/ros2_ws/install/zed_display_rviz2/share/zed_display_rviz2/rviz2
[2.494s] -- Installing: /home/yirehban/ros2_ws/install/zed_display_rviz2/share/zed_display_rviz2/rviz2/zed_stereo.rviz
[2.494s] -- Installing: /home/yirehban/ros2_ws/install/zed_display_rviz2/share/zed_display_rviz2/rviz2/zed_mono.rviz
[2.495s] -- Installing: /home/yirehban/ros2_ws/install/zed_display_rviz2/share/ament_index/resource_index/package_run_dependencies/zed_display_rviz2
[2.495s] -- Installing: /home/yirehban/ros2_ws/install/zed_display_rviz2/share/ament_index/resource_index/parent_prefix_path/zed_display_rviz2
[2.496s] -- Installing: /home/yirehban/ros2_ws/install/zed_display_rviz2/share/zed_display_rviz2/environment/ament_prefix_path.sh
[2.496s] -- Installing: /home/yirehban/ros2_ws/install/zed_display_rviz2/share/zed_display_rviz2/environment/ament_prefix_path.dsv
[2.496s] -- Installing: /home/yirehban/ros2_ws/install/zed_display_rviz2/share/zed_display_rviz2/environment/path.sh
[2.497s] -- Installing: /home/yirehban/ros2_ws/install/zed_display_rviz2/share/zed_display_rviz2/environment/path.dsv
[2.497s] -- Installing: /home/yirehban/ros2_ws/install/zed_display_rviz2/share/zed_display_rviz2/local_setup.bash
[2.497s] -- Installing: /home/yirehban/ros2_ws/install/zed_display_rviz2/share/zed_display_rviz2/local_setup.sh
[2.498s] -- Installing: /home/yirehban/ros2_ws/install/zed_display_rviz2/share/zed_display_rviz2/local_setup.zsh
[2.498s] -- Installing: /home/yirehban/ros2_ws/install/zed_display_rviz2/share/zed_display_rviz2/local_setup.dsv
[2.498s] -- Installing: /home/yirehban/ros2_ws/install/zed_display_rviz2/share/zed_display_rviz2/package.dsv
[2.498s] -- Installing: /home/yirehban/ros2_ws/install/zed_display_rviz2/share/ament_index/resource_index/packages/zed_display_rviz2
[2.499s] -- Installing: /home/yirehban/ros2_ws/install/zed_display_rviz2/share/zed_display_rviz2/cmake/zed_display_rviz2Config.cmake
[2.499s] -- Installing: /home/yirehban/ros2_ws/install/zed_display_rviz2/share/zed_display_rviz2/cmake/zed_display_rviz2Config-version.cmake
[2.500s] -- Installing: /home/yirehban/ros2_ws/install/zed_display_rviz2/share/zed_display_rviz2/package.xml
[2.693s] Invoked command in '/home/yirehban/ros2_ws/build/zed_display_rviz2' returned '0': AMENT_PREFIX_PATH=/home/yirehban/ros2_ws/install/zed_wrapper:/home/yirehban/ros2_ws/install/zed_components:${AMENT_PREFIX_PATH} CMAKE_PREFIX_PATH=/home/yirehban/ros2_ws/install/zed_wrapper:/home/yirehban/ros2_ws/install/zed_components:/opt/ros/humble LD_LIBRARY_PATH=/home/yirehban/ros2_ws/install/zed_components/lib:/opt/ros/humble/opt/rviz_ogre_vendor/lib:/opt/ros/humble/lib/aarch64-linux-gnu:/opt/ros/humble/lib:/usr/local/cuda-12.6/lib64 /usr/bin/cmake --install /home/yirehban/ros2_ws/build/zed_display_rviz2
