[2.890s] Invoking command in '/home/yirehban/ros2_ws/src/examples/rclpy/services/minimal_client': PYTHONPATH=/home/yirehban/ros2_ws/build/examples_rclpy_minimal_client/prefix_override:/usr/lib/python3/dist-packages/colcon_core/task/python/colcon_distutils_commands:/home/yirehban/ros2_ws/install/examples_rclpy_minimal_client/lib/python3.10/site-packages:${PYTHONPATH} /usr/bin/python3 -W ignore:setup.py install is deprecated -W ignore:easy_install command is deprecated setup.py egg_info --egg-base ../../../../../build/examples_rclpy_minimal_client build --build-base /home/yirehban/ros2_ws/build/examples_rclpy_minimal_client/build install --record /home/yirehban/ros2_ws/build/examples_rclpy_minimal_client/install.log --single-version-externally-managed install_data
[3.250s] /home/yirehban/.local/lib/python3.10/site-packages/setuptools/_distutils/dist.py:289: UserWarning: Unknown distribution option: 'tests_require'
[3.250s]   warnings.warn(msg)
[3.326s] /home/yirehban/.local/lib/python3.10/site-packages/setuptools/dist.py:759: SetuptoolsDeprecationWarning: License classifiers are deprecated.
[3.326s] !!
[3.327s] 
[3.327s]         ********************************************************************************
[3.327s]         Please consider removing the following classifiers in favor of a SPDX license expression:
[3.327s] 
[3.327s]         License :: OSI Approved :: Apache Software License
[3.327s] 
[3.327s]         See https://packaging.python.org/en/latest/guides/writing-pyproject-toml/#license for details.
[3.327s]         ********************************************************************************
[3.327s] 
[3.328s] !!
[3.328s]   self._finalize_license_expression()
[3.483s] running egg_info
[3.523s] writing ../../../../../build/examples_rclpy_minimal_client/examples_rclpy_minimal_client.egg-info/PKG-INFO
[3.523s] writing dependency_links to ../../../../../build/examples_rclpy_minimal_client/examples_rclpy_minimal_client.egg-info/dependency_links.txt
[3.524s] writing entry points to ../../../../../build/examples_rclpy_minimal_client/examples_rclpy_minimal_client.egg-info/entry_points.txt
[3.526s] writing requirements to ../../../../../build/examples_rclpy_minimal_client/examples_rclpy_minimal_client.egg-info/requires.txt
[3.526s] writing top-level names to ../../../../../build/examples_rclpy_minimal_client/examples_rclpy_minimal_client.egg-info/top_level.txt
[3.603s] reading manifest file '../../../../../build/examples_rclpy_minimal_client/examples_rclpy_minimal_client.egg-info/SOURCES.txt'
[3.606s] writing manifest file '../../../../../build/examples_rclpy_minimal_client/examples_rclpy_minimal_client.egg-info/SOURCES.txt'
[3.607s] running build
[3.607s] running build_py
[3.607s] copying examples_rclpy_minimal_client/client_async_member_function.py -> /home/yirehban/ros2_ws/build/examples_rclpy_minimal_client/build/lib/examples_rclpy_minimal_client
[3.609s] copying examples_rclpy_minimal_client/client.py -> /home/yirehban/ros2_ws/build/examples_rclpy_minimal_client/build/lib/examples_rclpy_minimal_client
[3.610s] copying examples_rclpy_minimal_client/__init__.py -> /home/yirehban/ros2_ws/build/examples_rclpy_minimal_client/build/lib/examples_rclpy_minimal_client
[3.610s] copying examples_rclpy_minimal_client/client_async_callback.py -> /home/yirehban/ros2_ws/build/examples_rclpy_minimal_client/build/lib/examples_rclpy_minimal_client
[3.611s] copying examples_rclpy_minimal_client/client_async.py -> /home/yirehban/ros2_ws/build/examples_rclpy_minimal_client/build/lib/examples_rclpy_minimal_client
[3.612s] running install
[3.622s] running install_lib
[3.661s] running install_data
[3.661s] copying resource/examples_rclpy_minimal_client -> /home/yirehban/ros2_ws/install/examples_rclpy_minimal_client/share/ament_index/resource_index/packages
[3.662s] copying package.xml -> /home/yirehban/ros2_ws/install/examples_rclpy_minimal_client/share/examples_rclpy_minimal_client
[3.662s] running install_egg_info
[3.704s] removing '/home/yirehban/ros2_ws/install/examples_rclpy_minimal_client/lib/python3.10/site-packages/examples_rclpy_minimal_client-0.15.3-py3.10.egg-info' (and everything under it)
[3.704s] Copying ../../../../../build/examples_rclpy_minimal_client/examples_rclpy_minimal_client.egg-info to /home/yirehban/ros2_ws/install/examples_rclpy_minimal_client/lib/python3.10/site-packages/examples_rclpy_minimal_client-0.15.3-py3.10.egg-info
[3.707s] running install_scripts
[3.788s] Installing client script to /home/yirehban/ros2_ws/install/examples_rclpy_minimal_client/lib/examples_rclpy_minimal_client
[3.793s] Installing client_async script to /home/yirehban/ros2_ws/install/examples_rclpy_minimal_client/lib/examples_rclpy_minimal_client
[3.793s] Installing client_async_callback script to /home/yirehban/ros2_ws/install/examples_rclpy_minimal_client/lib/examples_rclpy_minimal_client
[3.793s] Installing client_async_member_function script to /home/yirehban/ros2_ws/install/examples_rclpy_minimal_client/lib/examples_rclpy_minimal_client
[3.793s] writing list of installed files to '/home/yirehban/ros2_ws/build/examples_rclpy_minimal_client/install.log'
[4.095s] Invoked command in '/home/yirehban/ros2_ws/src/examples/rclpy/services/minimal_client' returned '0': PYTHONPATH=/home/yirehban/ros2_ws/build/examples_rclpy_minimal_client/prefix_override:/usr/lib/python3/dist-packages/colcon_core/task/python/colcon_distutils_commands:/home/yirehban/ros2_ws/install/examples_rclpy_minimal_client/lib/python3.10/site-packages:${PYTHONPATH} /usr/bin/python3 -W ignore:setup.py install is deprecated -W ignore:easy_install command is deprecated setup.py egg_info --egg-base ../../../../../build/examples_rclpy_minimal_client build --build-base /home/yirehban/ros2_ws/build/examples_rclpy_minimal_client/build install --record /home/yirehban/ros2_ws/build/examples_rclpy_minimal_client/install.log --single-version-externally-managed install_data
