[0.038s] Invoking command in '/home/yirehban/ros2_ws/build/examples_rclcpp_async_client': CMAKE_PREFIX_PATH=/opt/ros/humble /usr/bin/cmake /home/yirehban/ros2_ws/src/examples/rclcpp/services/async_client -DCMAKE_INSTALL_PREFIX=/home/yirehban/ros2_ws/install/examples_rclcpp_async_client
[0.675s] -- The C compiler identification is GNU 11.4.0
[1.163s] -- The CXX compiler identification is GNU 11.4.0
[1.193s] -- Detecting C compiler ABI info
[1.338s] -- Detecting C compiler ABI info - done
[1.353s] -- Check for working C compiler: /usr/bin/cc - skipped
[1.357s] -- Detecting C compile features
[1.358s] -- Detecting C compile features - done
[1.377s] -- Detecting CXX compiler ABI info
[1.538s] -- Detecting CXX compiler ABI info - done
[1.551s] -- Check for working CXX compiler: /usr/bin/c++ - skipped
[1.551s] -- Detecting CXX compile features
[1.553s] -- Detecting CXX compile features - done
[1.570s] -- Found ament_cmake: 1.3.11 (/opt/ros/humble/share/ament_cmake/cmake)
[1.930s] -- Found Python3: /usr/bin/python3 (found version "3.10.12") found components: Interpreter 
[2.171s] -- Found example_interfaces: 0.9.3 (/opt/ros/humble/share/example_interfaces/cmake)
[2.270s] -- Found rosidl_generator_c: 3.1.6 (/opt/ros/humble/share/rosidl_generator_c/cmake)
[2.283s] -- Found rosidl_adapter: 3.1.6 (/opt/ros/humble/share/rosidl_adapter/cmake)
[2.531s] -- Found rosidl_generator_cpp: 3.1.6 (/opt/ros/humble/share/rosidl_generator_cpp/cmake)
[2.573s] -- Using all available rosidl_typesupport_c: rosidl_typesupport_fastrtps_c;rosidl_typesupport_introspection_c
[2.622s] -- Using all available rosidl_typesupport_cpp: rosidl_typesupport_fastrtps_cpp;rosidl_typesupport_introspection_cpp
[2.854s] -- Found rclcpp: 16.0.12 (/opt/ros/humble/share/rclcpp/cmake)
[2.921s] -- Found rmw_implementation_cmake: 6.1.2 (/opt/ros/humble/share/rmw_implementation_cmake/cmake)
[2.925s] -- Found rmw_fastrtps_cpp: 6.2.7 (/opt/ros/humble/share/rmw_fastrtps_cpp/cmake)
[3.128s] -- Found OpenSSL: /usr/lib/aarch64-linux-gnu/libcrypto.so (found version "3.0.2")  
[3.181s] -- Found FastRTPS: /opt/ros/humble/include  
[3.269s] -- Using RMW implementation 'rmw_fastrtps_cpp' as default
[3.296s] -- Looking for pthread.h
[3.499s] -- Looking for pthread.h - found
[3.500s] -- Performing Test CMAKE_HAVE_LIBC_PTHREAD
[3.650s] -- Performing Test CMAKE_HAVE_LIBC_PTHREAD - Success
[3.653s] -- Found Threads: TRUE  
[3.784s] -- Found ament_lint_auto: 0.12.12 (/opt/ros/humble/share/ament_lint_auto/cmake)
[3.989s] -- Added test 'copyright' to check source files copyright and LICENSE
[3.991s] -- Added test 'cppcheck' to perform static code analysis on C / C++ code
[3.991s] -- Configured cppcheck include dirs: 
[3.991s] -- Configured cppcheck exclude dirs and/or files: 
[3.993s] -- Added test 'cpplint' to check C / C++ code against the Google style
[3.993s] -- Configured cpplint exclude dirs and/or files: 
[3.995s] -- Added test 'lint_cmake' to check CMake code style
[3.997s] -- Added test 'uncrustify' to check C / C++ code style
[3.997s] -- Configured uncrustify additional arguments: 
[4.000s] -- Added test 'xmllint' to check XML markup files
[4.005s] -- Configuring done
[4.027s] -- Generating done
[4.038s] -- Build files have been written to: /home/yirehban/ros2_ws/build/examples_rclcpp_async_client
[4.076s] Invoked command in '/home/yirehban/ros2_ws/build/examples_rclcpp_async_client' returned '0': CMAKE_PREFIX_PATH=/opt/ros/humble /usr/bin/cmake /home/yirehban/ros2_ws/src/examples/rclcpp/services/async_client -DCMAKE_INSTALL_PREFIX=/home/yirehban/ros2_ws/install/examples_rclcpp_async_client
[4.077s] Invoking command in '/home/yirehban/ros2_ws/build/examples_rclcpp_async_client': CMAKE_PREFIX_PATH=/opt/ros/humble /usr/bin/cmake --build /home/yirehban/ros2_ws/build/examples_rclcpp_async_client -- -j6 -l6
[4.206s] [ 50%] [32mBuilding CXX object CMakeFiles/client_main.dir/main.cpp.o[0m
[40.667s] [100%] [32m[1mLinking CXX executable client_main[0m
[41.659s] [100%] Built target client_main
[41.739s] Invoked command in '/home/yirehban/ros2_ws/build/examples_rclcpp_async_client' returned '0': CMAKE_PREFIX_PATH=/opt/ros/humble /usr/bin/cmake --build /home/yirehban/ros2_ws/build/examples_rclcpp_async_client -- -j6 -l6
[41.740s] Invoking command in '/home/yirehban/ros2_ws/build/examples_rclcpp_async_client': CMAKE_PREFIX_PATH=/opt/ros/humble /usr/bin/cmake --install /home/yirehban/ros2_ws/build/examples_rclcpp_async_client
[41.766s] -- Install configuration: ""
[41.768s] -- Installing: /home/yirehban/ros2_ws/install/examples_rclcpp_async_client/lib/examples_rclcpp_async_client/client_main
[41.771s] -- Set runtime path of "/home/yirehban/ros2_ws/install/examples_rclcpp_async_client/lib/examples_rclcpp_async_client/client_main" to ""
[41.777s] -- Installing: /home/yirehban/ros2_ws/install/examples_rclcpp_async_client/share/ament_index/resource_index/package_run_dependencies/examples_rclcpp_async_client
[41.779s] -- Installing: /home/yirehban/ros2_ws/install/examples_rclcpp_async_client/share/ament_index/resource_index/parent_prefix_path/examples_rclcpp_async_client
[41.781s] -- Installing: /home/yirehban/ros2_ws/install/examples_rclcpp_async_client/share/examples_rclcpp_async_client/environment/ament_prefix_path.sh
[41.786s] -- Installing: /home/yirehban/ros2_ws/install/examples_rclcpp_async_client/share/examples_rclcpp_async_client/environment/ament_prefix_path.dsv
[41.791s] -- Installing: /home/yirehban/ros2_ws/install/examples_rclcpp_async_client/share/examples_rclcpp_async_client/environment/path.sh
[41.792s] -- Installing: /home/yirehban/ros2_ws/install/examples_rclcpp_async_client/share/examples_rclcpp_async_client/environment/path.dsv
[41.794s] -- Installing: /home/yirehban/ros2_ws/install/examples_rclcpp_async_client/share/examples_rclcpp_async_client/local_setup.bash
[41.795s] -- Installing: /home/yirehban/ros2_ws/install/examples_rclcpp_async_client/share/examples_rclcpp_async_client/local_setup.sh
[41.799s] -- Installing: /home/yirehban/ros2_ws/install/examples_rclcpp_async_client/share/examples_rclcpp_async_client/local_setup.zsh
[41.800s] -- Installing: /home/yirehban/ros2_ws/install/examples_rclcpp_async_client/share/examples_rclcpp_async_client/local_setup.dsv
[41.802s] -- Installing: /home/yirehban/ros2_ws/install/examples_rclcpp_async_client/share/examples_rclcpp_async_client/package.dsv
[41.809s] -- Installing: /home/yirehban/ros2_ws/install/examples_rclcpp_async_client/share/ament_index/resource_index/packages/examples_rclcpp_async_client
[41.811s] -- Installing: /home/yirehban/ros2_ws/install/examples_rclcpp_async_client/share/examples_rclcpp_async_client/cmake/examples_rclcpp_async_clientConfig.cmake
[41.812s] -- Installing: /home/yirehban/ros2_ws/install/examples_rclcpp_async_client/share/examples_rclcpp_async_client/cmake/examples_rclcpp_async_clientConfig-version.cmake
[41.825s] -- Installing: /home/yirehban/ros2_ws/install/examples_rclcpp_async_client/share/examples_rclcpp_async_client/package.xml
[41.983s] Invoked command in '/home/yirehban/ros2_ws/build/examples_rclcpp_async_client' returned '0': CMAKE_PREFIX_PATH=/opt/ros/humble /usr/bin/cmake --install /home/yirehban/ros2_ws/build/examples_rclcpp_async_client
