[0.032s] Invoking command in '/home/yirehban/ros2_ws/build/examples_rclcpp_minimal_timer': CMAKE_PREFIX_PATH=/opt/ros/humble /usr/bin/cmake /home/yirehban/ros2_ws/src/examples/rclcpp/timers/minimal_timer -DCMAKE_INSTALL_PREFIX=/home/yirehban/ros2_ws/install/examples_rclcpp_minimal_timer
[0.246s] -- The C compiler identification is GNU 11.4.0
[0.508s] -- The CXX compiler identification is GNU 11.4.0
[0.533s] -- Detecting C compiler ABI info
[1.000s] -- Detecting C compiler ABI info - done
[1.024s] -- Check for working C compiler: /usr/bin/cc - skipped
[1.025s] -- Detecting C compile features
[1.025s] -- Detecting C compile features - done
[1.031s] -- Detecting CXX compiler ABI info
[1.453s] -- Detecting CXX compiler ABI info - done
[1.466s] -- Check for working CXX compiler: /usr/bin/c++ - skipped
[1.467s] -- Detecting CXX compile features
[1.467s] -- Detecting CXX compile features - done
[1.486s] -- Found ament_cmake: 1.3.11 (/opt/ros/humble/share/ament_cmake/cmake)
[2.181s] -- Found Python3: /usr/bin/python3 (found version "3.10.12") found components: Interpreter 
[2.569s] -- Found rclcpp: 16.0.12 (/opt/ros/humble/share/rclcpp/cmake)
[2.714s] -- Found rosidl_generator_c: 3.1.6 (/opt/ros/humble/share/rosidl_generator_c/cmake)
[2.721s] -- Found rosidl_adapter: 3.1.6 (/opt/ros/humble/share/rosidl_adapter/cmake)
[2.734s] -- Found rosidl_generator_cpp: 3.1.6 (/opt/ros/humble/share/rosidl_generator_cpp/cmake)
[2.755s] -- Using all available rosidl_typesupport_c: rosidl_typesupport_fastrtps_c;rosidl_typesupport_introspection_c
[2.781s] -- Using all available rosidl_typesupport_cpp: rosidl_typesupport_fastrtps_cpp;rosidl_typesupport_introspection_cpp
[2.862s] -- Found rmw_implementation_cmake: 6.1.2 (/opt/ros/humble/share/rmw_implementation_cmake/cmake)
[2.875s] -- Found rmw_fastrtps_cpp: 6.2.7 (/opt/ros/humble/share/rmw_fastrtps_cpp/cmake)
[3.441s] -- Found OpenSSL: /usr/lib/aarch64-linux-gnu/libcrypto.so (found version "3.0.2")  
[3.542s] -- Found FastRTPS: /opt/ros/humble/include  
[3.716s] -- Using RMW implementation 'rmw_fastrtps_cpp' as default
[3.741s] -- Looking for pthread.h
[4.185s] -- Looking for pthread.h - found
[4.187s] -- Performing Test CMAKE_HAVE_LIBC_PTHREAD
[4.614s] -- Performing Test CMAKE_HAVE_LIBC_PTHREAD - Success
[4.616s] -- Found Threads: TRUE  
[4.820s] -- Found ament_lint_auto: 0.12.12 (/opt/ros/humble/share/ament_lint_auto/cmake)
[5.201s] -- Added test 'copyright' to check source files copyright and LICENSE
[5.203s] -- Added test 'cppcheck' to perform static code analysis on C / C++ code
[5.204s] -- Configured cppcheck include dirs: 
[5.204s] -- Configured cppcheck exclude dirs and/or files: 
[5.206s] -- Added test 'cpplint' to check C / C++ code against the Google style
[5.206s] -- Configured cpplint exclude dirs and/or files: 
[5.215s] -- Added test 'lint_cmake' to check CMake code style
[5.217s] -- Added test 'uncrustify' to check C / C++ code style
[5.217s] -- Configured uncrustify additional arguments: 
[5.218s] -- Added test 'xmllint' to check XML markup files
[5.221s] -- Configuring done
[5.255s] -- Generating done
[5.265s] -- Build files have been written to: /home/yirehban/ros2_ws/build/examples_rclcpp_minimal_timer
[5.315s] Invoked command in '/home/yirehban/ros2_ws/build/examples_rclcpp_minimal_timer' returned '0': CMAKE_PREFIX_PATH=/opt/ros/humble /usr/bin/cmake /home/yirehban/ros2_ws/src/examples/rclcpp/timers/minimal_timer -DCMAKE_INSTALL_PREFIX=/home/yirehban/ros2_ws/install/examples_rclcpp_minimal_timer
[5.317s] Invoking command in '/home/yirehban/ros2_ws/build/examples_rclcpp_minimal_timer': CMAKE_PREFIX_PATH=/opt/ros/humble /usr/bin/cmake --build /home/yirehban/ros2_ws/build/examples_rclcpp_minimal_timer -- -j6 -l6
[10.244s] [ 25%] [32mBuilding CXX object CMakeFiles/timer_lambda.dir/lambda.cpp.o[0m
[13.546s] [ 50%] [32m[1mLinking CXX executable timer_lambda[0m
[13.785s] [ 50%] Built target timer_lambda
[13.825s] [ 75%] [32mBuilding CXX object CMakeFiles/timer_member_function.dir/member_function.cpp.o[0m
[20.463s] [100%] [32m[1mLinking CXX executable timer_member_function[0m
[20.703s] [100%] Built target timer_member_function
[20.728s] Invoked command in '/home/yirehban/ros2_ws/build/examples_rclcpp_minimal_timer' returned '0': CMAKE_PREFIX_PATH=/opt/ros/humble /usr/bin/cmake --build /home/yirehban/ros2_ws/build/examples_rclcpp_minimal_timer -- -j6 -l6
[20.736s] Invoking command in '/home/yirehban/ros2_ws/build/examples_rclcpp_minimal_timer': CMAKE_PREFIX_PATH=/opt/ros/humble /usr/bin/cmake --install /home/yirehban/ros2_ws/build/examples_rclcpp_minimal_timer
[20.747s] -- Install configuration: ""
[20.747s] -- Installing: /home/yirehban/ros2_ws/install/examples_rclcpp_minimal_timer/lib/examples_rclcpp_minimal_timer/timer_lambda
[20.748s] -- Set runtime path of "/home/yirehban/ros2_ws/install/examples_rclcpp_minimal_timer/lib/examples_rclcpp_minimal_timer/timer_lambda" to ""
[20.748s] -- Installing: /home/yirehban/ros2_ws/install/examples_rclcpp_minimal_timer/lib/examples_rclcpp_minimal_timer/timer_member_function
[20.748s] -- Set runtime path of "/home/yirehban/ros2_ws/install/examples_rclcpp_minimal_timer/lib/examples_rclcpp_minimal_timer/timer_member_function" to ""
[20.749s] -- Installing: /home/yirehban/ros2_ws/install/examples_rclcpp_minimal_timer/share/ament_index/resource_index/package_run_dependencies/examples_rclcpp_minimal_timer
[20.749s] -- Installing: /home/yirehban/ros2_ws/install/examples_rclcpp_minimal_timer/share/ament_index/resource_index/parent_prefix_path/examples_rclcpp_minimal_timer
[20.749s] -- Installing: /home/yirehban/ros2_ws/install/examples_rclcpp_minimal_timer/share/examples_rclcpp_minimal_timer/environment/ament_prefix_path.sh
[20.749s] -- Installing: /home/yirehban/ros2_ws/install/examples_rclcpp_minimal_timer/share/examples_rclcpp_minimal_timer/environment/ament_prefix_path.dsv
[20.750s] -- Installing: /home/yirehban/ros2_ws/install/examples_rclcpp_minimal_timer/share/examples_rclcpp_minimal_timer/environment/path.sh
[20.751s] -- Installing: /home/yirehban/ros2_ws/install/examples_rclcpp_minimal_timer/share/examples_rclcpp_minimal_timer/environment/path.dsv
[20.753s] -- Installing: /home/yirehban/ros2_ws/install/examples_rclcpp_minimal_timer/share/examples_rclcpp_minimal_timer/local_setup.bash
[20.753s] -- Installing: /home/yirehban/ros2_ws/install/examples_rclcpp_minimal_timer/share/examples_rclcpp_minimal_timer/local_setup.sh
[20.753s] -- Installing: /home/yirehban/ros2_ws/install/examples_rclcpp_minimal_timer/share/examples_rclcpp_minimal_timer/local_setup.zsh
[20.753s] -- Installing: /home/yirehban/ros2_ws/install/examples_rclcpp_minimal_timer/share/examples_rclcpp_minimal_timer/local_setup.dsv
[20.753s] -- Installing: /home/yirehban/ros2_ws/install/examples_rclcpp_minimal_timer/share/examples_rclcpp_minimal_timer/package.dsv
[20.754s] -- Installing: /home/yirehban/ros2_ws/install/examples_rclcpp_minimal_timer/share/ament_index/resource_index/packages/examples_rclcpp_minimal_timer
[20.754s] -- Installing: /home/yirehban/ros2_ws/install/examples_rclcpp_minimal_timer/share/examples_rclcpp_minimal_timer/cmake/examples_rclcpp_minimal_timerConfig.cmake
[20.755s] -- Installing: /home/yirehban/ros2_ws/install/examples_rclcpp_minimal_timer/share/examples_rclcpp_minimal_timer/cmake/examples_rclcpp_minimal_timerConfig-version.cmake
[20.755s] -- Installing: /home/yirehban/ros2_ws/install/examples_rclcpp_minimal_timer/share/examples_rclcpp_minimal_timer/package.xml
[20.863s] Invoked command in '/home/yirehban/ros2_ws/build/examples_rclcpp_minimal_timer' returned '0': CMAKE_PREFIX_PATH=/opt/ros/humble /usr/bin/cmake --install /home/yirehban/ros2_ws/build/examples_rclcpp_minimal_timer
