[0.282s] Invoking command in '/home/yirehban/ros2_ws/build/zed_rgb_convert': AMENT_PREFIX_PATH=/home/yirehban/ros2_ws/install/zed_components:${AMENT_PREFIX_PATH} CMAKE_PREFIX_PATH=/home/yirehban/ros2_ws/install/zed_components:/opt/ros/humble LD_LIBRARY_PATH=/home/yirehban/ros2_ws/install/zed_components/lib:/opt/ros/humble/opt/rviz_ogre_vendor/lib:/opt/ros/humble/lib/aarch64-linux-gnu:/opt/ros/humble/lib:/usr/local/cuda-12.6/lib64 /usr/bin/cmake /home/yirehban/ros2_ws/src/zed-ros2-examples/tutorials/zed_rgb_convert -DCMAKE_INSTALL_PREFIX=/home/yirehban/ros2_ws/install/zed_rgb_convert
[0.439s] -- The C compiler identification is GNU 11.4.0
[0.562s] -- The CXX compiler identification is GNU 11.4.0
[0.583s] -- Detecting C compiler ABI info
[0.716s] -- Detecting C compiler ABI info - done
[0.742s] -- Check for working C compiler: /usr/bin/cc - skipped
[0.745s] -- Detecting C compile features
[0.746s] -- Detecting C compile features - done
[0.759s] -- Detecting CXX compiler ABI info
[0.919s] -- Detecting CXX compiler ABI info - done
[0.945s] -- Check for working CXX compiler: /usr/bin/c++ - skipped
[0.946s] -- Detecting CXX compile features
[0.947s] -- Detecting CXX compile features - done
[0.973s] -- Found OpenCV: /usr (found version "4.8.0") 
[0.989s] -- Looking for sgemm_
[1.127s] -- Looking for sgemm_ - not found
[1.133s] -- Looking for pthread.h
[1.278s] -- Looking for pthread.h - found
[1.279s] -- Performing Test CMAKE_HAVE_LIBC_PTHREAD
[1.413s] -- Performing Test CMAKE_HAVE_LIBC_PTHREAD - Success
[1.415s] -- Found Threads: TRUE  
[1.481s] -- Looking for sgemm_
[1.695s] -- Looking for sgemm_ - found
[1.695s] -- Found BLAS: /usr/lib/aarch64-linux-gnu/libopenblas.so  
[1.850s] -- Found CUDA: /usr/local/cuda-12.6 (found suitable version "12.6", minimum required is "12.6") 
[1.908s] -- Found CUDA: /usr/local/cuda-12.6 (found version "12.6") 
[1.914s] -- Found ament_cmake_auto: 1.3.11 (/opt/ros/humble/share/ament_cmake_auto/cmake)
[2.241s] -- Found Python3: /usr/bin/python3 (found version "3.10.12") found components: Interpreter 
[2.683s] -- Found rosidl_generator_c: 3.1.6 (/opt/ros/humble/share/rosidl_generator_c/cmake)
[2.690s] -- Found rosidl_adapter: 3.1.6 (/opt/ros/humble/share/rosidl_adapter/cmake)
[2.703s] -- Found rosidl_generator_cpp: 3.1.6 (/opt/ros/humble/share/rosidl_generator_cpp/cmake)
[2.722s] -- Using all available rosidl_typesupport_c: rosidl_typesupport_fastrtps_c;rosidl_typesupport_introspection_c
[2.748s] -- Using all available rosidl_typesupport_cpp: rosidl_typesupport_fastrtps_cpp;rosidl_typesupport_introspection_cpp
[2.817s] -- Found rmw_implementation_cmake: 6.1.2 (/opt/ros/humble/share/rmw_implementation_cmake/cmake)
[2.821s] -- Found rmw_fastrtps_cpp: 6.2.7 (/opt/ros/humble/share/rmw_fastrtps_cpp/cmake)
[2.955s] -- Found OpenSSL: /usr/lib/aarch64-linux-gnu/libcrypto.so (found version "3.0.2")  
[3.004s] -- Found FastRTPS: /opt/ros/humble/include  
[3.078s] -- Using RMW implementation 'rmw_fastrtps_cpp' as default
[3.476s] -- Found eigen3_cmake_module: 0.1.1 (/opt/ros/humble/share/eigen3_cmake_module/cmake)
[3.479s] -- Found Eigen3: TRUE (found version "3.4.0") 
[3.479s] -- Ensuring Eigen3 include directory is part of orocos-kdl CMake target
[3.835s] -- Found ament_lint_auto: 0.12.12 (/opt/ros/humble/share/ament_lint_auto/cmake)
[3.947s] -- Added test 'copyright' to check source files copyright and LICENSE
[3.950s] -- Added test 'cppcheck' to perform static code analysis on C / C++ code
[3.951s] -- Configured cppcheck include dirs: /home/yirehban/ros2_ws/src/zed-ros2-examples/tutorials/zed_rgb_convert/src/include;/home/yirehban/ros2_ws/src/zed-ros2-examples/tutorials/zed_rgb_convert/src/component/include
[3.952s] -- Configured cppcheck exclude dirs and/or files: 
[3.954s] -- Added test 'cpplint' to check C / C++ code against the Google style
[3.954s] -- Configured cpplint exclude dirs and/or files: 
[3.955s] -- Added test 'flake8' to check Python code syntax and style conventions
[3.957s] -- Added test 'lint_cmake' to check CMake code style
[3.958s] -- Added test 'pep257' to check Python code against some of the docstring style conventions in PEP 257
[3.960s] -- Added test 'uncrustify' to check C / C++ code style
[3.960s] -- Configured uncrustify additional arguments: 
[3.961s] -- Added test 'xmllint' to check XML markup files
[3.963s] -- Added test 'clang_format' to check C / C++ code style
[3.970s] -- Configuring done
[4.076s] -- Generating done
[4.094s] -- Build files have been written to: /home/yirehban/ros2_ws/build/zed_rgb_convert
[4.135s] Invoked command in '/home/yirehban/ros2_ws/build/zed_rgb_convert' returned '0': AMENT_PREFIX_PATH=/home/yirehban/ros2_ws/install/zed_components:${AMENT_PREFIX_PATH} CMAKE_PREFIX_PATH=/home/yirehban/ros2_ws/install/zed_components:/opt/ros/humble LD_LIBRARY_PATH=/home/yirehban/ros2_ws/install/zed_components/lib:/opt/ros/humble/opt/rviz_ogre_vendor/lib:/opt/ros/humble/lib/aarch64-linux-gnu:/opt/ros/humble/lib:/usr/local/cuda-12.6/lib64 /usr/bin/cmake /home/yirehban/ros2_ws/src/zed-ros2-examples/tutorials/zed_rgb_convert -DCMAKE_INSTALL_PREFIX=/home/yirehban/ros2_ws/install/zed_rgb_convert
[4.149s] Invoking command in '/home/yirehban/ros2_ws/build/zed_rgb_convert': AMENT_PREFIX_PATH=/home/yirehban/ros2_ws/install/zed_components:${AMENT_PREFIX_PATH} CMAKE_PREFIX_PATH=/home/yirehban/ros2_ws/install/zed_components:/opt/ros/humble LD_LIBRARY_PATH=/home/yirehban/ros2_ws/install/zed_components/lib:/opt/ros/humble/opt/rviz_ogre_vendor/lib:/opt/ros/humble/lib/aarch64-linux-gnu:/opt/ros/humble/lib:/usr/local/cuda-12.6/lib64 /usr/bin/cmake --build /home/yirehban/ros2_ws/build/zed_rgb_convert -- -j6 -l6
[5.120s] [ 25%] [32mBuilding CXX object CMakeFiles/zed_rgb_convert_component.dir/src/component/src/zed_rgb_convert_component.cpp.o[0m
[18.275s] [ 50%] [32m[1mLinking CXX shared library libzed_rgb_convert_component.so[0m
[18.682s] [ 50%] Built target zed_rgb_convert_component
[18.722s] [ 75%] [32mBuilding CXX object CMakeFiles/zed_rgb_convert.dir/src/container/zed_rgb_convert.cpp.o[0m
[31.887s] [100%] [32m[1mLinking CXX executable zed_rgb_convert[0m
[32.723s] [100%] Built target zed_rgb_convert
[32.747s] Invoked command in '/home/yirehban/ros2_ws/build/zed_rgb_convert' returned '0': AMENT_PREFIX_PATH=/home/yirehban/ros2_ws/install/zed_components:${AMENT_PREFIX_PATH} CMAKE_PREFIX_PATH=/home/yirehban/ros2_ws/install/zed_components:/opt/ros/humble LD_LIBRARY_PATH=/home/yirehban/ros2_ws/install/zed_components/lib:/opt/ros/humble/opt/rviz_ogre_vendor/lib:/opt/ros/humble/lib/aarch64-linux-gnu:/opt/ros/humble/lib:/usr/local/cuda-12.6/lib64 /usr/bin/cmake --build /home/yirehban/ros2_ws/build/zed_rgb_convert -- -j6 -l6
[32.750s] Invoking command in '/home/yirehban/ros2_ws/build/zed_rgb_convert': AMENT_PREFIX_PATH=/home/yirehban/ros2_ws/install/zed_components:${AMENT_PREFIX_PATH} CMAKE_PREFIX_PATH=/home/yirehban/ros2_ws/install/zed_components:/opt/ros/humble LD_LIBRARY_PATH=/home/yirehban/ros2_ws/install/zed_components/lib:/opt/ros/humble/opt/rviz_ogre_vendor/lib:/opt/ros/humble/lib/aarch64-linux-gnu:/opt/ros/humble/lib:/usr/local/cuda-12.6/lib64 /usr/bin/cmake --install /home/yirehban/ros2_ws/build/zed_rgb_convert
[32.765s] -- Install configuration: "Release"
[32.765s] -- Installing: /home/yirehban/ros2_ws/install/zed_rgb_convert/lib/zed_rgb_convert/zed_rgb_convert
[32.766s] -- Set runtime path of "/home/yirehban/ros2_ws/install/zed_rgb_convert/lib/zed_rgb_convert/zed_rgb_convert" to ""
[32.766s] -- Installing: /home/yirehban/ros2_ws/install/zed_rgb_convert/lib/libzed_rgb_convert_component.so
[32.767s] -- Set runtime path of "/home/yirehban/ros2_ws/install/zed_rgb_convert/lib/libzed_rgb_convert_component.so" to ""
[32.767s] -- Installing: /home/yirehban/ros2_ws/install/zed_rgb_convert/include/zed_rgb_convert/
[32.768s] -- Installing: /home/yirehban/ros2_ws/install/zed_rgb_convert/include/zed_rgb_convert//cvt_visibility_control.hpp
[32.768s] -- Installing: /home/yirehban/ros2_ws/install/zed_rgb_convert/share/zed_rgb_convert/launch
[32.768s] -- Installing: /home/yirehban/ros2_ws/install/zed_rgb_convert/share/zed_rgb_convert/launch/zed_rgb_convert.launch.py
[32.769s] -- Installing: /home/yirehban/ros2_ws/install/zed_rgb_convert/share/zed_rgb_convert/environment/library_path.sh
[32.769s] -- Installing: /home/yirehban/ros2_ws/install/zed_rgb_convert/share/zed_rgb_convert/environment/library_path.dsv
[32.770s] -- Installing: /home/yirehban/ros2_ws/install/zed_rgb_convert/share/ament_index/resource_index/package_run_dependencies/zed_rgb_convert
[32.770s] -- Installing: /home/yirehban/ros2_ws/install/zed_rgb_convert/share/ament_index/resource_index/parent_prefix_path/zed_rgb_convert
[32.770s] -- Installing: /home/yirehban/ros2_ws/install/zed_rgb_convert/share/zed_rgb_convert/environment/ament_prefix_path.sh
[32.770s] -- Installing: /home/yirehban/ros2_ws/install/zed_rgb_convert/share/zed_rgb_convert/environment/ament_prefix_path.dsv
[32.771s] -- Installing: /home/yirehban/ros2_ws/install/zed_rgb_convert/share/zed_rgb_convert/environment/path.sh
[32.771s] -- Installing: /home/yirehban/ros2_ws/install/zed_rgb_convert/share/zed_rgb_convert/environment/path.dsv
[32.771s] -- Installing: /home/yirehban/ros2_ws/install/zed_rgb_convert/share/zed_rgb_convert/local_setup.bash
[32.771s] -- Installing: /home/yirehban/ros2_ws/install/zed_rgb_convert/share/zed_rgb_convert/local_setup.sh
[32.772s] -- Installing: /home/yirehban/ros2_ws/install/zed_rgb_convert/share/zed_rgb_convert/local_setup.zsh
[32.772s] -- Installing: /home/yirehban/ros2_ws/install/zed_rgb_convert/share/zed_rgb_convert/local_setup.dsv
[32.772s] -- Installing: /home/yirehban/ros2_ws/install/zed_rgb_convert/share/zed_rgb_convert/package.dsv
[32.772s] -- Installing: /home/yirehban/ros2_ws/install/zed_rgb_convert/share/ament_index/resource_index/packages/zed_rgb_convert
[32.773s] -- Installing: /home/yirehban/ros2_ws/install/zed_rgb_convert/share/ament_index/resource_index/rclcpp_components/zed_rgb_convert
[32.773s] -- Installing: /home/yirehban/ros2_ws/install/zed_rgb_convert/share/zed_rgb_convert/cmake/ament_cmake_export_include_directories-extras.cmake
[32.773s] -- Installing: /home/yirehban/ros2_ws/install/zed_rgb_convert/share/zed_rgb_convert/cmake/ament_cmake_export_libraries-extras.cmake
[32.774s] -- Installing: /home/yirehban/ros2_ws/install/zed_rgb_convert/share/zed_rgb_convert/cmake/ament_cmake_export_dependencies-extras.cmake
[32.774s] -- Installing: /home/yirehban/ros2_ws/install/zed_rgb_convert/share/zed_rgb_convert/cmake/zed_rgb_convertConfig.cmake
[32.774s] -- Installing: /home/yirehban/ros2_ws/install/zed_rgb_convert/share/zed_rgb_convert/cmake/zed_rgb_convertConfig-version.cmake
[32.774s] -- Installing: /home/yirehban/ros2_ws/install/zed_rgb_convert/share/zed_rgb_convert/package.xml
[32.779s] Invoked command in '/home/yirehban/ros2_ws/build/zed_rgb_convert' returned '0': AMENT_PREFIX_PATH=/home/yirehban/ros2_ws/install/zed_components:${AMENT_PREFIX_PATH} CMAKE_PREFIX_PATH=/home/yirehban/ros2_ws/install/zed_components:/opt/ros/humble LD_LIBRARY_PATH=/home/yirehban/ros2_ws/install/zed_components/lib:/opt/ros/humble/opt/rviz_ogre_vendor/lib:/opt/ros/humble/lib/aarch64-linux-gnu:/opt/ros/humble/lib:/usr/local/cuda-12.6/lib64 /usr/bin/cmake --install /home/yirehban/ros2_ws/build/zed_rgb_convert
