/home/yirehban/ros2_ws/install/vision/lib/python3.10/site-packages/vision/obj_det.py
/home/yirehban/ros2_ws/install/vision/lib/python3.10/site-packages/vision/detector.py
/home/yirehban/ros2_ws/install/vision/lib/python3.10/site-packages/vision/__init__.py
/home/yirehban/ros2_ws/install/vision/lib/python3.10/site-packages/vision/custom_internal_detector.py
/home/yirehban/ros2_ws/install/vision/lib/python3.10/site-packages/vision/object_detection_image_viewer.py
/home/yirehban/ros2_ws/install/vision/lib/python3.10/site-packages/vision/ogl_viewer/__init__.py
/home/yirehban/ros2_ws/install/vision/lib/python3.10/site-packages/vision/ogl_viewer/viewer.py
/home/yirehban/ros2_ws/install/vision/lib/python3.10/site-packages/vision/cv_viewer/utils.py
/home/yirehban/ros2_ws/install/vision/lib/python3.10/site-packages/vision/cv_viewer/__init__.py
/home/yirehban/ros2_ws/install/vision/lib/python3.10/site-packages/vision/cv_viewer/tracking_viewer.py
/home/yirehban/ros2_ws/install/vision/lib/python3.10/site-packages/vision/__pycache__/obj_det.cpython-310.pyc
/home/yirehban/ros2_ws/install/vision/lib/python3.10/site-packages/vision/__pycache__/detector.cpython-310.pyc
/home/yirehban/ros2_ws/install/vision/lib/python3.10/site-packages/vision/__pycache__/__init__.cpython-310.pyc
/home/yirehban/ros2_ws/install/vision/lib/python3.10/site-packages/vision/__pycache__/custom_internal_detector.cpython-310.pyc
/home/yirehban/ros2_ws/install/vision/lib/python3.10/site-packages/vision/__pycache__/object_detection_image_viewer.cpython-310.pyc
/home/yirehban/ros2_ws/install/vision/lib/python3.10/site-packages/vision/ogl_viewer/__pycache__/__init__.cpython-310.pyc
/home/yirehban/ros2_ws/install/vision/lib/python3.10/site-packages/vision/ogl_viewer/__pycache__/viewer.cpython-310.pyc
/home/yirehban/ros2_ws/install/vision/lib/python3.10/site-packages/vision/cv_viewer/__pycache__/utils.cpython-310.pyc
/home/yirehban/ros2_ws/install/vision/lib/python3.10/site-packages/vision/cv_viewer/__pycache__/__init__.cpython-310.pyc
/home/yirehban/ros2_ws/install/vision/lib/python3.10/site-packages/vision/cv_viewer/__pycache__/tracking_viewer.cpython-310.pyc
/home/yirehban/ros2_ws/install/vision/lib/python3.10/site-packages/vision-0.0.0-py3.10.egg-info/PKG-INFO
/home/yirehban/ros2_ws/install/vision/lib/python3.10/site-packages/vision-0.0.0-py3.10.egg-info/top_level.txt
/home/yirehban/ros2_ws/install/vision/lib/python3.10/site-packages/vision-0.0.0-py3.10.egg-info/dependency_links.txt
/home/yirehban/ros2_ws/install/vision/lib/python3.10/site-packages/vision-0.0.0-py3.10.egg-info/SOURCES.txt
/home/yirehban/ros2_ws/install/vision/lib/python3.10/site-packages/vision-0.0.0-py3.10.egg-info/entry_points.txt
/home/yirehban/ros2_ws/install/vision/lib/vision/detector
