[0.277s] Invoking command in '/home/yirehban/ros2_ws/build/zed_aruco_localization': AMENT_PREFIX_PATH=/home/yirehban/ros2_ws/install/zed_components:${AMENT_PREFIX_PATH} CMAKE_PREFIX_PATH=/home/yirehban/ros2_ws/install/zed_components:/opt/ros/humble LD_LIBRARY_PATH=/home/yirehban/ros2_ws/install/zed_components/lib:/opt/ros/humble/opt/rviz_ogre_vendor/lib:/opt/ros/humble/lib/aarch64-linux-gnu:/opt/ros/humble/lib:/usr/local/cuda-12.6/lib64 /usr/bin/cmake /home/yirehban/ros2_ws/src/zed-ros2-examples/examples/zed_aruco_localization -DCMAKE_INSTALL_PREFIX=/home/yirehban/ros2_ws/install/zed_aruco_localization
[0.449s] -- The C compiler identification is GNU 11.4.0
[0.566s] -- The CXX compiler identification is GNU 11.4.0
[0.589s] -- Detecting C compiler ABI info
[0.722s] -- Detecting C compiler ABI info - done
[0.749s] -- Check for working C compiler: /usr/bin/cc - skipped
[0.751s] -- Detecting C compile features
[0.753s] -- Detecting C compile features - done
[0.764s] -- Detecting CXX compiler ABI info
[0.927s] -- Detecting CXX compiler ABI info - done
[0.953s] -- Check for working CXX compiler: /usr/bin/c++ - skipped
[0.954s] -- Detecting CXX compile features
[0.956s] -- Detecting CXX compile features - done
[0.981s] -- Found OpenCV: /usr (found suitable version "4.8.0", minimum required is "4") 
[0.996s] -- Looking for sgemm_
[1.138s] -- Looking for sgemm_ - not found
[1.140s] -- Looking for pthread.h
[1.282s] -- Looking for pthread.h - found
[1.282s] -- Performing Test CMAKE_HAVE_LIBC_PTHREAD
[1.421s] -- Performing Test CMAKE_HAVE_LIBC_PTHREAD - Success
[1.424s] -- Found Threads: TRUE  
[1.513s] -- Looking for sgemm_
[1.711s] -- Looking for sgemm_ - found
[1.712s] -- Found BLAS: /usr/lib/aarch64-linux-gnu/libopenblas.so  
[1.866s] -- Found CUDA: /usr/local/cuda-12.6 (found suitable version "12.6", minimum required is "12.6") 
[1.910s] -- Found CUDA: /usr/local/cuda-12.6 (found version "12.6") 
[1.913s] -- Found ament_cmake_auto: 1.3.11 (/opt/ros/humble/share/ament_cmake_auto/cmake)
[2.247s] -- Found Python3: /usr/bin/python3 (found version "3.10.12") found components: Interpreter 
[2.663s] -- Found rosidl_generator_c: 3.1.6 (/opt/ros/humble/share/rosidl_generator_c/cmake)
[2.671s] -- Found rosidl_adapter: 3.1.6 (/opt/ros/humble/share/rosidl_adapter/cmake)
[2.685s] -- Found rosidl_generator_cpp: 3.1.6 (/opt/ros/humble/share/rosidl_generator_cpp/cmake)
[2.703s] -- Using all available rosidl_typesupport_c: rosidl_typesupport_fastrtps_c;rosidl_typesupport_introspection_c
[2.729s] -- Using all available rosidl_typesupport_cpp: rosidl_typesupport_fastrtps_cpp;rosidl_typesupport_introspection_cpp
[2.798s] -- Found rmw_implementation_cmake: 6.1.2 (/opt/ros/humble/share/rmw_implementation_cmake/cmake)
[2.801s] -- Found rmw_fastrtps_cpp: 6.2.7 (/opt/ros/humble/share/rmw_fastrtps_cpp/cmake)
[2.933s] -- Found OpenSSL: /usr/lib/aarch64-linux-gnu/libcrypto.so (found version "3.0.2")  
[2.980s] -- Found FastRTPS: /opt/ros/humble/include  
[3.049s] -- Using RMW implementation 'rmw_fastrtps_cpp' as default
[3.412s] -- Found eigen3_cmake_module: 0.1.1 (/opt/ros/humble/share/eigen3_cmake_module/cmake)
[3.414s] -- Found Eigen3: TRUE (found version "3.4.0") 
[3.414s] -- Ensuring Eigen3 include directory is part of orocos-kdl CMake target
[3.756s] -- Found ament_lint_auto: 0.12.12 (/opt/ros/humble/share/ament_lint_auto/cmake)
[3.818s] -- Added test 'copyright' to check source files copyright and LICENSE
[3.821s] -- Added test 'cppcheck' to perform static code analysis on C / C++ code
[3.821s] -- Configured cppcheck include dirs: /home/yirehban/ros2_ws/src/zed-ros2-examples/examples/zed_aruco_localization/src/include;/home/yirehban/ros2_ws/src/zed-ros2-examples/examples/zed_aruco_localization/src/component/include
[3.821s] -- Configured cppcheck exclude dirs and/or files: 
[3.824s] -- Added test 'cpplint' to check C / C++ code against the Google style
[3.824s] -- Configured cpplint exclude dirs and/or files: 
[3.826s] -- Added test 'flake8' to check Python code syntax and style conventions
[3.827s] -- Added test 'lint_cmake' to check CMake code style
[3.828s] -- Added test 'pep257' to check Python code against some of the docstring style conventions in PEP 257
[3.831s] -- Added test 'uncrustify' to check C / C++ code style
[3.831s] -- Configured uncrustify additional arguments: 
[3.836s] -- Added test 'xmllint' to check XML markup files
[3.838s] -- Added test 'clang_format' to check C / C++ code style
[3.845s] -- Configuring done
[3.884s] -- Generating done
[3.896s] -- Build files have been written to: /home/yirehban/ros2_ws/build/zed_aruco_localization
[3.941s] Invoked command in '/home/yirehban/ros2_ws/build/zed_aruco_localization' returned '0': AMENT_PREFIX_PATH=/home/yirehban/ros2_ws/install/zed_components:${AMENT_PREFIX_PATH} CMAKE_PREFIX_PATH=/home/yirehban/ros2_ws/install/zed_components:/opt/ros/humble LD_LIBRARY_PATH=/home/yirehban/ros2_ws/install/zed_components/lib:/opt/ros/humble/opt/rviz_ogre_vendor/lib:/opt/ros/humble/lib/aarch64-linux-gnu:/opt/ros/humble/lib:/usr/local/cuda-12.6/lib64 /usr/bin/cmake /home/yirehban/ros2_ws/src/zed-ros2-examples/examples/zed_aruco_localization -DCMAKE_INSTALL_PREFIX=/home/yirehban/ros2_ws/install/zed_aruco_localization
[3.943s] Invoking command in '/home/yirehban/ros2_ws/build/zed_aruco_localization': AMENT_PREFIX_PATH=/home/yirehban/ros2_ws/install/zed_components:${AMENT_PREFIX_PATH} CMAKE_PREFIX_PATH=/home/yirehban/ros2_ws/install/zed_components:/opt/ros/humble LD_LIBRARY_PATH=/home/yirehban/ros2_ws/install/zed_components/lib:/opt/ros/humble/opt/rviz_ogre_vendor/lib:/opt/ros/humble/lib/aarch64-linux-gnu:/opt/ros/humble/lib:/usr/local/cuda-12.6/lib64 /usr/bin/cmake --build /home/yirehban/ros2_ws/build/zed_aruco_localization -- -j6 -l6
[4.142s] [ 33%] [32mBuilding CXX object CMakeFiles/zed_aruco_localization_component.dir/src/component/src/aruco.cpp.o[0m
[4.142s] [ 66%] [32mBuilding CXX object CMakeFiles/zed_aruco_localization_component.dir/src/component/src/zed_aruco_localization_component.cpp.o[0m
[25.212s] [100%] [32m[1mLinking CXX shared library libzed_aruco_localization_component.so[0m
[25.597s] [100%] Built target zed_aruco_localization_component
[25.621s] Invoked command in '/home/yirehban/ros2_ws/build/zed_aruco_localization' returned '0': AMENT_PREFIX_PATH=/home/yirehban/ros2_ws/install/zed_components:${AMENT_PREFIX_PATH} CMAKE_PREFIX_PATH=/home/yirehban/ros2_ws/install/zed_components:/opt/ros/humble LD_LIBRARY_PATH=/home/yirehban/ros2_ws/install/zed_components/lib:/opt/ros/humble/opt/rviz_ogre_vendor/lib:/opt/ros/humble/lib/aarch64-linux-gnu:/opt/ros/humble/lib:/usr/local/cuda-12.6/lib64 /usr/bin/cmake --build /home/yirehban/ros2_ws/build/zed_aruco_localization -- -j6 -l6
[25.626s] Invoking command in '/home/yirehban/ros2_ws/build/zed_aruco_localization': AMENT_PREFIX_PATH=/home/yirehban/ros2_ws/install/zed_components:${AMENT_PREFIX_PATH} CMAKE_PREFIX_PATH=/home/yirehban/ros2_ws/install/zed_components:/opt/ros/humble LD_LIBRARY_PATH=/home/yirehban/ros2_ws/install/zed_components/lib:/opt/ros/humble/opt/rviz_ogre_vendor/lib:/opt/ros/humble/lib/aarch64-linux-gnu:/opt/ros/humble/lib:/usr/local/cuda-12.6/lib64 /usr/bin/cmake --install /home/yirehban/ros2_ws/build/zed_aruco_localization
[25.644s] -- Install configuration: "Release"
[25.645s] -- Installing: /home/yirehban/ros2_ws/install/zed_aruco_localization/lib/libzed_aruco_localization_component.so
[25.648s] -- Set runtime path of "/home/yirehban/ros2_ws/install/zed_aruco_localization/lib/libzed_aruco_localization_component.so" to ""
[25.649s] -- Installing: /home/yirehban/ros2_ws/install/zed_aruco_localization/include/zed_aruco_localization/
[25.650s] -- Installing: /home/yirehban/ros2_ws/install/zed_aruco_localization/include/zed_aruco_localization//aruco_loc_visibility_control.hpp
[25.650s] -- Up-to-date: /home/yirehban/ros2_ws/install/zed_aruco_localization/include/zed_aruco_localization/
[25.651s] -- Installing: /home/yirehban/ros2_ws/install/zed_aruco_localization/include/zed_aruco_localization//aruco.hpp
[25.653s] -- Installing: /home/yirehban/ros2_ws/install/zed_aruco_localization/include/zed_aruco_localization//zed_aruco_localization_component.hpp
[25.653s] -- Installing: /home/yirehban/ros2_ws/install/zed_aruco_localization/share/zed_aruco_localization/launch
[25.653s] -- Installing: /home/yirehban/ros2_ws/install/zed_aruco_localization/share/zed_aruco_localization/launch/zed_aruco_loc.launch.py
[25.654s] -- Installing: /home/yirehban/ros2_ws/install/zed_aruco_localization/share/zed_aruco_localization/config
[25.654s] -- Installing: /home/yirehban/ros2_ws/install/zed_aruco_localization/share/zed_aruco_localization/config/aruco_loc.yaml
[25.654s] -- Installing: /home/yirehban/ros2_ws/install/zed_aruco_localization/share/zed_aruco_localization/rviz2
[25.654s] -- Installing: /home/yirehban/ros2_ws/install/zed_aruco_localization/share/zed_aruco_localization/rviz2/aruco.rviz
[25.654s] -- Installing: /home/yirehban/ros2_ws/install/zed_aruco_localization/share/zed_aruco_localization/environment/library_path.sh
[25.654s] -- Installing: /home/yirehban/ros2_ws/install/zed_aruco_localization/share/zed_aruco_localization/environment/library_path.dsv
[25.655s] -- Installing: /home/yirehban/ros2_ws/install/zed_aruco_localization/share/ament_index/resource_index/package_run_dependencies/zed_aruco_localization
[25.655s] -- Installing: /home/yirehban/ros2_ws/install/zed_aruco_localization/share/ament_index/resource_index/parent_prefix_path/zed_aruco_localization
[25.655s] -- Installing: /home/yirehban/ros2_ws/install/zed_aruco_localization/share/zed_aruco_localization/environment/ament_prefix_path.sh
[25.655s] -- Installing: /home/yirehban/ros2_ws/install/zed_aruco_localization/share/zed_aruco_localization/environment/ament_prefix_path.dsv
[25.655s] -- Installing: /home/yirehban/ros2_ws/install/zed_aruco_localization/share/zed_aruco_localization/environment/path.sh
[25.655s] -- Installing: /home/yirehban/ros2_ws/install/zed_aruco_localization/share/zed_aruco_localization/environment/path.dsv
[25.656s] -- Installing: /home/yirehban/ros2_ws/install/zed_aruco_localization/share/zed_aruco_localization/local_setup.bash
[25.656s] -- Installing: /home/yirehban/ros2_ws/install/zed_aruco_localization/share/zed_aruco_localization/local_setup.sh
[25.656s] -- Installing: /home/yirehban/ros2_ws/install/zed_aruco_localization/share/zed_aruco_localization/local_setup.zsh
[25.656s] -- Installing: /home/yirehban/ros2_ws/install/zed_aruco_localization/share/zed_aruco_localization/local_setup.dsv
[25.657s] -- Installing: /home/yirehban/ros2_ws/install/zed_aruco_localization/share/zed_aruco_localization/package.dsv
[25.657s] -- Installing: /home/yirehban/ros2_ws/install/zed_aruco_localization/share/ament_index/resource_index/packages/zed_aruco_localization
[25.657s] -- Installing: /home/yirehban/ros2_ws/install/zed_aruco_localization/share/ament_index/resource_index/rclcpp_components/zed_aruco_localization
[25.658s] -- Installing: /home/yirehban/ros2_ws/install/zed_aruco_localization/share/zed_aruco_localization/cmake/ament_cmake_export_include_directories-extras.cmake
[25.658s] -- Installing: /home/yirehban/ros2_ws/install/zed_aruco_localization/share/zed_aruco_localization/cmake/ament_cmake_export_libraries-extras.cmake
[25.658s] -- Installing: /home/yirehban/ros2_ws/install/zed_aruco_localization/share/zed_aruco_localization/cmake/ament_cmake_export_dependencies-extras.cmake
[25.659s] -- Installing: /home/yirehban/ros2_ws/install/zed_aruco_localization/share/zed_aruco_localization/cmake/zed_aruco_localizationConfig.cmake
[25.659s] -- Installing: /home/yirehban/ros2_ws/install/zed_aruco_localization/share/zed_aruco_localization/cmake/zed_aruco_localizationConfig-version.cmake
[25.659s] -- Installing: /home/yirehban/ros2_ws/install/zed_aruco_localization/share/zed_aruco_localization/package.xml
[25.671s] Invoked command in '/home/yirehban/ros2_ws/build/zed_aruco_localization' returned '0': AMENT_PREFIX_PATH=/home/yirehban/ros2_ws/install/zed_components:${AMENT_PREFIX_PATH} CMAKE_PREFIX_PATH=/home/yirehban/ros2_ws/install/zed_components:/opt/ros/humble LD_LIBRARY_PATH=/home/yirehban/ros2_ws/install/zed_components/lib:/opt/ros/humble/opt/rviz_ogre_vendor/lib:/opt/ros/humble/lib/aarch64-linux-gnu:/opt/ros/humble/lib:/usr/local/cuda-12.6/lib64 /usr/bin/cmake --install /home/yirehban/ros2_ws/build/zed_aruco_localization
