[3.931s] Invoking command in '/home/yirehban/ros2_ws/src/examples/rclpy/guard_conditions': PYTHONPATH=/home/yirehban/ros2_ws/build/examples_rclpy_guard_conditions/prefix_override:/usr/lib/python3/dist-packages/colcon_core/task/python/colcon_distutils_commands:/home/yirehban/ros2_ws/install/examples_rclpy_guard_conditions/lib/python3.10/site-packages:${PYTHONPATH} /usr/bin/python3 -W ignore:setup.py install is deprecated -W ignore:easy_install command is deprecated setup.py egg_info --egg-base ../../../../build/examples_rclpy_guard_conditions build --build-base /home/yirehban/ros2_ws/build/examples_rclpy_guard_conditions/build install --record /home/yirehban/ros2_ws/build/examples_rclpy_guard_conditions/install.log --single-version-externally-managed install_data
[4.604s] running egg_info
[4.614s] writing ../../../../build/examples_rclpy_guard_conditions/examples_rclpy_guard_conditions.egg-info/PKG-INFO
[4.616s] writing dependency_links to ../../../../build/examples_rclpy_guard_conditions/examples_rclpy_guard_conditions.egg-info/dependency_links.txt
[4.616s] writing entry points to ../../../../build/examples_rclpy_guard_conditions/examples_rclpy_guard_conditions.egg-info/entry_points.txt
[4.617s] writing requirements to ../../../../build/examples_rclpy_guard_conditions/examples_rclpy_guard_conditions.egg-info/requires.txt
[4.617s] writing top-level names to ../../../../build/examples_rclpy_guard_conditions/examples_rclpy_guard_conditions.egg-info/top_level.txt
[4.633s] reading manifest file '../../../../build/examples_rclpy_guard_conditions/examples_rclpy_guard_conditions.egg-info/SOURCES.txt'
[4.637s] writing manifest file '../../../../build/examples_rclpy_guard_conditions/examples_rclpy_guard_conditions.egg-info/SOURCES.txt'
[4.637s] running build
[4.637s] running build_py
[4.639s] running install
[4.639s] running install_lib
[4.659s] running install_data
[4.660s] running install_egg_info
[4.669s] removing '/home/yirehban/ros2_ws/install/examples_rclpy_guard_conditions/lib/python3.10/site-packages/examples_rclpy_guard_conditions-0.15.3-py3.10.egg-info' (and everything under it)
[4.681s] Copying ../../../../build/examples_rclpy_guard_conditions/examples_rclpy_guard_conditions.egg-info to /home/yirehban/ros2_ws/install/examples_rclpy_guard_conditions/lib/python3.10/site-packages/examples_rclpy_guard_conditions-0.15.3-py3.10.egg-info
[4.695s] running install_scripts
[4.838s] Installing trigger_guard_condition script to /home/yirehban/ros2_ws/install/examples_rclpy_guard_conditions/lib/examples_rclpy_guard_conditions
[4.844s] writing list of installed files to '/home/yirehban/ros2_ws/build/examples_rclpy_guard_conditions/install.log'
[5.896s] Invoked command in '/home/yirehban/ros2_ws/src/examples/rclpy/guard_conditions' returned '0': PYTHONPATH=/home/yirehban/ros2_ws/build/examples_rclpy_guard_conditions/prefix_override:/usr/lib/python3/dist-packages/colcon_core/task/python/colcon_distutils_commands:/home/yirehban/ros2_ws/install/examples_rclpy_guard_conditions/lib/python3.10/site-packages:${PYTHONPATH} /usr/bin/python3 -W ignore:setup.py install is deprecated -W ignore:easy_install command is deprecated setup.py egg_info --egg-base ../../../../build/examples_rclpy_guard_conditions build --build-base /home/yirehban/ros2_ws/build/examples_rclpy_guard_conditions/build install --record /home/yirehban/ros2_ws/build/examples_rclpy_guard_conditions/install.log --single-version-externally-managed install_data
