[0.240s] Invoking command in '/home/yirehban/ros2_ws/build/zed_ros2': AMENT_PREFIX_PATH=/home/yirehban/ros2_ws/install/zed_wrapper:/home/yirehban/ros2_ws/install/zed_components:${AMENT_PREFIX_PATH} CMAKE_PREFIX_PATH=/home/yirehban/ros2_ws/install/zed_wrapper:/home/yirehban/ros2_ws/install/zed_components:/opt/ros/humble LD_LIBRARY_PATH=/home/yirehban/ros2_ws/install/zed_components/lib:/opt/ros/humble/opt/rviz_ogre_vendor/lib:/opt/ros/humble/lib/aarch64-linux-gnu:/opt/ros/humble/lib:/usr/local/cuda-12.6/lib64 /usr/bin/cmake /home/yirehban/ros2_ws/src/zed-ros2-wrapper/zed_ros2 -DCMAKE_INSTALL_PREFIX=/home/yirehban/ros2_ws/install/zed_ros2
[0.300s] -- Found ament_cmake_auto: 1.3.11 (/opt/ros/humble/share/ament_cmake_auto/cmake)
[0.690s] -- Found Python3: /usr/bin/python3 (found version "3.10.12") found components: Interpreter 
[1.096s] -- Found ament_lint_auto: 0.12.12 (/opt/ros/humble/share/ament_lint_auto/cmake)
[1.118s] -- Added test 'copyright' to check source files copyright and LICENSE
[1.120s] -- Added test 'lint_cmake' to check CMake code style
[1.121s] -- Added test 'xmllint' to check XML markup files
[1.123s] -- Configuring done
[1.130s] -- Generating done
[1.133s] -- Build files have been written to: /home/yirehban/ros2_ws/build/zed_ros2
[1.141s] Invoked command in '/home/yirehban/ros2_ws/build/zed_ros2' returned '0': AMENT_PREFIX_PATH=/home/yirehban/ros2_ws/install/zed_wrapper:/home/yirehban/ros2_ws/install/zed_components:${AMENT_PREFIX_PATH} CMAKE_PREFIX_PATH=/home/yirehban/ros2_ws/install/zed_wrapper:/home/yirehban/ros2_ws/install/zed_components:/opt/ros/humble LD_LIBRARY_PATH=/home/yirehban/ros2_ws/install/zed_components/lib:/opt/ros/humble/opt/rviz_ogre_vendor/lib:/opt/ros/humble/lib/aarch64-linux-gnu:/opt/ros/humble/lib:/usr/local/cuda-12.6/lib64 /usr/bin/cmake /home/yirehban/ros2_ws/src/zed-ros2-wrapper/zed_ros2 -DCMAKE_INSTALL_PREFIX=/home/yirehban/ros2_ws/install/zed_ros2
[1.143s] Invoking command in '/home/yirehban/ros2_ws/build/zed_ros2': AMENT_PREFIX_PATH=/home/yirehban/ros2_ws/install/zed_wrapper:/home/yirehban/ros2_ws/install/zed_components:${AMENT_PREFIX_PATH} CMAKE_PREFIX_PATH=/home/yirehban/ros2_ws/install/zed_wrapper:/home/yirehban/ros2_ws/install/zed_components:/opt/ros/humble LD_LIBRARY_PATH=/home/yirehban/ros2_ws/install/zed_components/lib:/opt/ros/humble/opt/rviz_ogre_vendor/lib:/opt/ros/humble/lib/aarch64-linux-gnu:/opt/ros/humble/lib:/usr/local/cuda-12.6/lib64 /usr/bin/cmake --build /home/yirehban/ros2_ws/build/zed_ros2 -- -j6 -l6
[1.230s] Invoked command in '/home/yirehban/ros2_ws/build/zed_ros2' returned '0': AMENT_PREFIX_PATH=/home/yirehban/ros2_ws/install/zed_wrapper:/home/yirehban/ros2_ws/install/zed_components:${AMENT_PREFIX_PATH} CMAKE_PREFIX_PATH=/home/yirehban/ros2_ws/install/zed_wrapper:/home/yirehban/ros2_ws/install/zed_components:/opt/ros/humble LD_LIBRARY_PATH=/home/yirehban/ros2_ws/install/zed_components/lib:/opt/ros/humble/opt/rviz_ogre_vendor/lib:/opt/ros/humble/lib/aarch64-linux-gnu:/opt/ros/humble/lib:/usr/local/cuda-12.6/lib64 /usr/bin/cmake --build /home/yirehban/ros2_ws/build/zed_ros2 -- -j6 -l6
[1.231s] Invoking command in '/home/yirehban/ros2_ws/build/zed_ros2': AMENT_PREFIX_PATH=/home/yirehban/ros2_ws/install/zed_wrapper:/home/yirehban/ros2_ws/install/zed_components:${AMENT_PREFIX_PATH} CMAKE_PREFIX_PATH=/home/yirehban/ros2_ws/install/zed_wrapper:/home/yirehban/ros2_ws/install/zed_components:/opt/ros/humble LD_LIBRARY_PATH=/home/yirehban/ros2_ws/install/zed_components/lib:/opt/ros/humble/opt/rviz_ogre_vendor/lib:/opt/ros/humble/lib/aarch64-linux-gnu:/opt/ros/humble/lib:/usr/local/cuda-12.6/lib64 /usr/bin/cmake --install /home/yirehban/ros2_ws/build/zed_ros2
[1.244s] -- Install configuration: ""
[1.244s] -- Installing: /home/yirehban/ros2_ws/install/zed_ros2/share/ament_index/resource_index/package_run_dependencies/zed_ros2
[1.245s] -- Installing: /home/yirehban/ros2_ws/install/zed_ros2/share/ament_index/resource_index/parent_prefix_path/zed_ros2
[1.245s] -- Installing: /home/yirehban/ros2_ws/install/zed_ros2/share/zed_ros2/environment/ament_prefix_path.sh
[1.245s] -- Installing: /home/yirehban/ros2_ws/install/zed_ros2/share/zed_ros2/environment/ament_prefix_path.dsv
[1.245s] -- Installing: /home/yirehban/ros2_ws/install/zed_ros2/share/zed_ros2/environment/path.sh
[1.246s] -- Installing: /home/yirehban/ros2_ws/install/zed_ros2/share/zed_ros2/environment/path.dsv
[1.246s] -- Installing: /home/yirehban/ros2_ws/install/zed_ros2/share/zed_ros2/local_setup.bash
[1.246s] -- Installing: /home/yirehban/ros2_ws/install/zed_ros2/share/zed_ros2/local_setup.sh
[1.246s] -- Installing: /home/yirehban/ros2_ws/install/zed_ros2/share/zed_ros2/local_setup.zsh
[1.247s] -- Installing: /home/yirehban/ros2_ws/install/zed_ros2/share/zed_ros2/local_setup.dsv
[1.247s] -- Installing: /home/yirehban/ros2_ws/install/zed_ros2/share/zed_ros2/package.dsv
[1.247s] -- Installing: /home/yirehban/ros2_ws/install/zed_ros2/share/ament_index/resource_index/packages/zed_ros2
[1.247s] -- Installing: /home/yirehban/ros2_ws/install/zed_ros2/share/zed_ros2/cmake/zed_ros2Config.cmake
[1.247s] -- Installing: /home/yirehban/ros2_ws/install/zed_ros2/share/zed_ros2/cmake/zed_ros2Config-version.cmake
[1.248s] -- Installing: /home/yirehban/ros2_ws/install/zed_ros2/share/zed_ros2/package.xml
[1.255s] Invoked command in '/home/yirehban/ros2_ws/build/zed_ros2' returned '0': AMENT_PREFIX_PATH=/home/yirehban/ros2_ws/install/zed_wrapper:/home/yirehban/ros2_ws/install/zed_components:${AMENT_PREFIX_PATH} CMAKE_PREFIX_PATH=/home/yirehban/ros2_ws/install/zed_wrapper:/home/yirehban/ros2_ws/install/zed_components:/opt/ros/humble LD_LIBRARY_PATH=/home/yirehban/ros2_ws/install/zed_components/lib:/opt/ros/humble/opt/rviz_ogre_vendor/lib:/opt/ros/humble/lib/aarch64-linux-gnu:/opt/ros/humble/lib:/usr/local/cuda-12.6/lib64 /usr/bin/cmake --install /home/yirehban/ros2_ws/build/zed_ros2
