[0.031s] Invoking command in '/home/yirehban/ros2_ws/build/auv_msgs': CMAKE_PREFIX_PATH=${CMAKE_PREFIX_PATH}:/home/yirehban/ros2_ws/install/mavlink_thruster_control:/home/yirehban/ros2_ws/install/launch_testing_examples:/home/yirehban/ros2_ws/install/examples_rclpy_pointcloud_publisher:/home/yirehban/ros2_ws/install/examples_rclpy_minimal_subscriber:/home/yirehban/ros2_ws/install/examples_rclpy_minimal_service:/home/yirehban/ros2_ws/install/examples_rclpy_minimal_publisher:/home/yirehban/ros2_ws/install/examples_rclpy_minimal_client:/home/yirehban/ros2_ws/install/examples_rclpy_minimal_action_server:/home/yirehban/ros2_ws/install/examples_rclpy_minimal_action_client:/home/yirehban/ros2_ws/install/examples_rclpy_guard_conditions:/home/yirehban/ros2_ws/install/examples_rclpy_executors:/opt/ros/humble /usr/bin/cmake /home/yirehban/ros2_ws/src/auv_msgs -DCMAKE_INSTALL_PREFIX=/home/yirehban/ros2_ws/install/auv_msgs
[0.741s] -- The C compiler identification is GNU 11.4.0
[1.210s] -- The CXX compiler identification is GNU 11.4.0
[1.254s] -- Detecting C compiler ABI info
[1.435s] -- Detecting C compiler ABI info - done
[1.450s] -- Check for working C compiler: /usr/bin/cc - skipped
[1.453s] -- Detecting C compile features
[1.455s] -- Detecting C compile features - done
[1.465s] -- Detecting CXX compiler ABI info
[1.650s] -- Detecting CXX compiler ABI info - done
[1.664s] -- Check for working CXX compiler: /usr/bin/c++ - skipped
[1.664s] -- Detecting CXX compile features
[1.665s] -- Detecting CXX compile features - done
[1.720s] -- Found ament_cmake: 1.3.11 (/opt/ros/humble/share/ament_cmake/cmake)
[2.172s] -- Found Python3: /usr/bin/python3 (found version "3.10.12") found components: Interpreter 
[2.526s] -- Found std_msgs: 4.8.0 (/opt/ros/humble/share/std_msgs/cmake)
[2.668s] -- Found rosidl_generator_c: 3.1.6 (/opt/ros/humble/share/rosidl_generator_c/cmake)
[2.691s] -- Found rosidl_adapter: 3.1.6 (/opt/ros/humble/share/rosidl_adapter/cmake)
[2.725s] -- Found rosidl_generator_cpp: 3.1.6 (/opt/ros/humble/share/rosidl_generator_cpp/cmake)
[2.772s] -- Using all available rosidl_typesupport_c: rosidl_typesupport_fastrtps_c;rosidl_typesupport_introspection_c
[2.835s] -- Using all available rosidl_typesupport_cpp: rosidl_typesupport_fastrtps_cpp;rosidl_typesupport_introspection_cpp
[2.955s] -- Found geometry_msgs: 4.8.0 (/opt/ros/humble/share/geometry_msgs/cmake)
[2.996s] -- Found ament_lint_auto: 0.12.12 (/opt/ros/humble/share/ament_lint_auto/cmake)
[3.346s] -- Added test 'lint_cmake' to check CMake code style
[3.351s] -- Added test 'xmllint' to check XML markup files
[3.361s] -- Configuring done
[3.373s] -- Generating done
[3.377s] -- Build files have been written to: /home/yirehban/ros2_ws/build/auv_msgs
[3.399s] Invoked command in '/home/yirehban/ros2_ws/build/auv_msgs' returned '0': CMAKE_PREFIX_PATH=${CMAKE_PREFIX_PATH}:/home/yirehban/ros2_ws/install/mavlink_thruster_control:/home/yirehban/ros2_ws/install/launch_testing_examples:/home/yirehban/ros2_ws/install/examples_rclpy_pointcloud_publisher:/home/yirehban/ros2_ws/install/examples_rclpy_minimal_subscriber:/home/yirehban/ros2_ws/install/examples_rclpy_minimal_service:/home/yirehban/ros2_ws/install/examples_rclpy_minimal_publisher:/home/yirehban/ros2_ws/install/examples_rclpy_minimal_client:/home/yirehban/ros2_ws/install/examples_rclpy_minimal_action_server:/home/yirehban/ros2_ws/install/examples_rclpy_minimal_action_client:/home/yirehban/ros2_ws/install/examples_rclpy_guard_conditions:/home/yirehban/ros2_ws/install/examples_rclpy_executors:/opt/ros/humble /usr/bin/cmake /home/yirehban/ros2_ws/src/auv_msgs -DCMAKE_INSTALL_PREFIX=/home/yirehban/ros2_ws/install/auv_msgs
[3.403s] Invoking command in '/home/yirehban/ros2_ws/build/auv_msgs': CMAKE_PREFIX_PATH=${CMAKE_PREFIX_PATH}:/home/yirehban/ros2_ws/install/mavlink_thruster_control:/home/yirehban/ros2_ws/install/launch_testing_examples:/home/yirehban/ros2_ws/install/examples_rclpy_pointcloud_publisher:/home/yirehban/ros2_ws/install/examples_rclpy_minimal_subscriber:/home/yirehban/ros2_ws/install/examples_rclpy_minimal_service:/home/yirehban/ros2_ws/install/examples_rclpy_minimal_publisher:/home/yirehban/ros2_ws/install/examples_rclpy_minimal_client:/home/yirehban/ros2_ws/install/examples_rclpy_minimal_action_server:/home/yirehban/ros2_ws/install/examples_rclpy_minimal_action_client:/home/yirehban/ros2_ws/install/examples_rclpy_guard_conditions:/home/yirehban/ros2_ws/install/examples_rclpy_executors:/opt/ros/humble /usr/bin/cmake --build /home/yirehban/ros2_ws/build/auv_msgs -- -j6 -l6
[3.506s] Invoked command in '/home/yirehban/ros2_ws/build/auv_msgs' returned '0': CMAKE_PREFIX_PATH=${CMAKE_PREFIX_PATH}:/home/yirehban/ros2_ws/install/mavlink_thruster_control:/home/yirehban/ros2_ws/install/launch_testing_examples:/home/yirehban/ros2_ws/install/examples_rclpy_pointcloud_publisher:/home/yirehban/ros2_ws/install/examples_rclpy_minimal_subscriber:/home/yirehban/ros2_ws/install/examples_rclpy_minimal_service:/home/yirehban/ros2_ws/install/examples_rclpy_minimal_publisher:/home/yirehban/ros2_ws/install/examples_rclpy_minimal_client:/home/yirehban/ros2_ws/install/examples_rclpy_minimal_action_server:/home/yirehban/ros2_ws/install/examples_rclpy_minimal_action_client:/home/yirehban/ros2_ws/install/examples_rclpy_guard_conditions:/home/yirehban/ros2_ws/install/examples_rclpy_executors:/opt/ros/humble /usr/bin/cmake --build /home/yirehban/ros2_ws/build/auv_msgs -- -j6 -l6
[3.536s] Invoking command in '/home/yirehban/ros2_ws/build/auv_msgs': CMAKE_PREFIX_PATH=${CMAKE_PREFIX_PATH}:/home/yirehban/ros2_ws/install/mavlink_thruster_control:/home/yirehban/ros2_ws/install/launch_testing_examples:/home/yirehban/ros2_ws/install/examples_rclpy_pointcloud_publisher:/home/yirehban/ros2_ws/install/examples_rclpy_minimal_subscriber:/home/yirehban/ros2_ws/install/examples_rclpy_minimal_service:/home/yirehban/ros2_ws/install/examples_rclpy_minimal_publisher:/home/yirehban/ros2_ws/install/examples_rclpy_minimal_client:/home/yirehban/ros2_ws/install/examples_rclpy_minimal_action_server:/home/yirehban/ros2_ws/install/examples_rclpy_minimal_action_client:/home/yirehban/ros2_ws/install/examples_rclpy_guard_conditions:/home/yirehban/ros2_ws/install/examples_rclpy_executors:/opt/ros/humble /usr/bin/cmake --install /home/yirehban/ros2_ws/build/auv_msgs
[3.560s] -- Install configuration: ""
[3.561s] -- Installing: /home/yirehban/ros2_ws/install/auv_msgs/share/ament_index/resource_index/package_run_dependencies/auv_msgs
[3.561s] -- Installing: /home/yirehban/ros2_ws/install/auv_msgs/share/ament_index/resource_index/parent_prefix_path/auv_msgs
[3.561s] -- Installing: /home/yirehban/ros2_ws/install/auv_msgs/share/auv_msgs/environment/ament_prefix_path.sh
[3.561s] -- Installing: /home/yirehban/ros2_ws/install/auv_msgs/share/auv_msgs/environment/ament_prefix_path.dsv
[3.562s] -- Installing: /home/yirehban/ros2_ws/install/auv_msgs/share/auv_msgs/environment/path.sh
[3.562s] -- Installing: /home/yirehban/ros2_ws/install/auv_msgs/share/auv_msgs/environment/path.dsv
[3.562s] -- Installing: /home/yirehban/ros2_ws/install/auv_msgs/share/auv_msgs/local_setup.bash
[3.562s] -- Installing: /home/yirehban/ros2_ws/install/auv_msgs/share/auv_msgs/local_setup.sh
[3.563s] -- Installing: /home/yirehban/ros2_ws/install/auv_msgs/share/auv_msgs/local_setup.zsh
[3.563s] -- Installing: /home/yirehban/ros2_ws/install/auv_msgs/share/auv_msgs/local_setup.dsv
[3.563s] -- Installing: /home/yirehban/ros2_ws/install/auv_msgs/share/auv_msgs/package.dsv
[3.564s] -- Installing: /home/yirehban/ros2_ws/install/auv_msgs/share/ament_index/resource_index/packages/auv_msgs
[3.564s] -- Installing: /home/yirehban/ros2_ws/install/auv_msgs/share/auv_msgs/cmake/auv_msgsConfig.cmake
[3.564s] -- Installing: /home/yirehban/ros2_ws/install/auv_msgs/share/auv_msgs/cmake/auv_msgsConfig-version.cmake
[3.565s] -- Installing: /home/yirehban/ros2_ws/install/auv_msgs/share/auv_msgs/package.xml
[3.570s] Invoked command in '/home/yirehban/ros2_ws/build/auv_msgs' returned '0': CMAKE_PREFIX_PATH=${CMAKE_PREFIX_PATH}:/home/yirehban/ros2_ws/install/mavlink_thruster_control:/home/yirehban/ros2_ws/install/launch_testing_examples:/home/yirehban/ros2_ws/install/examples_rclpy_pointcloud_publisher:/home/yirehban/ros2_ws/install/examples_rclpy_minimal_subscriber:/home/yirehban/ros2_ws/install/examples_rclpy_minimal_service:/home/yirehban/ros2_ws/install/examples_rclpy_minimal_publisher:/home/yirehban/ros2_ws/install/examples_rclpy_minimal_client:/home/yirehban/ros2_ws/install/examples_rclpy_minimal_action_server:/home/yirehban/ros2_ws/install/examples_rclpy_minimal_action_client:/home/yirehban/ros2_ws/install/examples_rclpy_guard_conditions:/home/yirehban/ros2_ws/install/examples_rclpy_executors:/opt/ros/humble /usr/bin/cmake --install /home/yirehban/ros2_ws/build/auv_msgs
