[0.043s] Invoking command in '/home/yirehban/ros2_ws/build/rviz_plugin_zed_od': CMAKE_PREFIX_PATH=/opt/ros/humble /usr/bin/cmake /home/yirehban/ros2_ws/src/zed-ros2-examples/rviz-plugin-zed-od -DCMAKE_INSTALL_PREFIX=/home/yirehban/ros2_ws/install/rviz_plugin_zed_od
[0.178s] -- The C compiler identification is GNU 11.4.0
[0.294s] -- The CXX compiler identification is GNU 11.4.0
[0.317s] -- Detecting C compiler ABI info
[0.491s] -- Detecting C compiler ABI info - done
[0.502s] -- Check for working C compiler: /usr/bin/cc - skipped
[0.502s] -- Detecting C compile features
[0.502s] -- Detecting C compile features - done
[0.508s] -- Detecting CXX compiler ABI info
[0.697s] -- Detecting CXX compiler ABI info - done
[0.711s] -- Check for working CXX compiler: /usr/bin/c++ - skipped
[0.713s] -- Detecting CXX compile features
[0.715s] -- Detecting CXX compile features - done
[0.718s] -- Enabling tests requiring a display
[0.721s] -- Found ament_cmake_auto: 1.3.11 (/opt/ros/humble/share/ament_cmake_auto/cmake)
[1.048s] -- Found Python3: /usr/bin/python3 (found version "3.10.12") found components: Interpreter 
[1.430s] -- Setting OGRE_DIR to: '/opt/ros/humble/share/rviz_ogre_vendor/cmake/../../../opt/rviz_ogre_vendor/lib/OGRE/cmake'
[1.443s] -- Found OGRE
[1.444s] --   static     : OFF
[1.444s] --   components : HLMS;MeshLodGenerator;Overlay;Paging;Property;RTShaderSystem;Terrain;Volume
[1.444s] --   plugins    : Plugin_BSPSceneManager;Plugin_OctreeSceneManager;Plugin_PCZSceneManager;Plugin_ParticleFX;RenderSystem_GL;RenderSystem_GL3Plus;Codec_STBI
[1.444s] --   media      : /opt/ros/humble/opt/rviz_ogre_vendor/share/OGRE/Media
[1.444s] -- OGRE_LIBRARIES: OgreHLMS;OgreMeshLodGenerator;OgreOverlay;OgrePaging;OgreProperty;OgreRTShaderSystem;OgreTerrain;OgreVolume;OgreMain
[1.444s] -- OGRE_LIBRARY_DIRS: /opt/ros/humble/opt/rviz_ogre_vendor/lib
[1.444s] -- OGRE_PLUGINS: Plugin_BSPSceneManager;Plugin_OctreeSceneManager;Plugin_PCZSceneManager;Plugin_ParticleFX;RenderSystem_GL;RenderSystem_GL3Plus;Codec_STBI
[1.444s] -- OGRE_PLUGIN_DIR: /opt/ros/humble/opt/rviz_ogre_vendor/lib/OGRE
[1.449s] -- rviz_ogre_vendor::OgreOverlay for IMPORTED_LOCATION_RELEASE: /opt/ros/humble/opt/rviz_ogre_vendor/lib/libOgreOverlay.so
[1.449s] -- rviz_ogre_vendor::OgreOverlay for IMPORTED_LOCATION_DEBUG: /opt/ros/humble/opt/rviz_ogre_vendor/lib/libOgreOverlay.so
[1.449s] -- rviz_ogre_vendor::OgreMain for IMPORTED_LOCATION_RELEASE: /opt/ros/humble/opt/rviz_ogre_vendor/lib/libOgreMain.so
[1.449s] -- rviz_ogre_vendor::OgreMain for IMPORTED_LOCATION_DEBUG: /opt/ros/humble/opt/rviz_ogre_vendor/lib/libOgreMain.so
[1.545s] -- Found ZLIB: /usr/lib/aarch64-linux-gnu/libz.so (found version "1.2.11") 
[1.568s] -- Found OpenGL: /usr/lib/aarch64-linux-gnu/libOpenGL.so   
[1.804s] -- Found X11: /usr/include   
[1.805s] -- Looking for XOpenDisplay in /usr/lib/aarch64-linux-gnu/libX11.so;/usr/lib/aarch64-linux-gnu/libXext.so
[1.990s] -- Looking for XOpenDisplay in /usr/lib/aarch64-linux-gnu/libX11.so;/usr/lib/aarch64-linux-gnu/libXext.so - found
[1.992s] -- Looking for gethostbyname
[2.140s] -- Looking for gethostbyname - found
[2.141s] -- Looking for connect
[2.351s] -- Looking for connect - found
[2.351s] -- Looking for remove
[2.498s] -- Looking for remove - found
[2.499s] -- Looking for shmat
[2.667s] -- Looking for shmat - found
[2.668s] -- Looking for IceConnectionNumber in ICE
[2.824s] -- Looking for IceConnectionNumber in ICE - found
[2.879s] -- Found rosidl_generator_c: 3.1.6 (/opt/ros/humble/share/rosidl_generator_c/cmake)
[2.887s] -- Found rosidl_adapter: 3.1.6 (/opt/ros/humble/share/rosidl_adapter/cmake)
[2.901s] -- Found rosidl_generator_cpp: 3.1.6 (/opt/ros/humble/share/rosidl_generator_cpp/cmake)
[2.921s] -- Using all available rosidl_typesupport_c: rosidl_typesupport_fastrtps_c;rosidl_typesupport_introspection_c
[2.948s] -- Using all available rosidl_typesupport_cpp: rosidl_typesupport_fastrtps_cpp;rosidl_typesupport_introspection_cpp
[3.142s] -- Found rviz_common: 11.2.17 (/opt/ros/humble/share/rviz_common/cmake)
[3.240s] -- Setting assimp_DIR to: '/opt/ros/humble/share/rviz_assimp_vendor/cmake/../../../opt/rviz_assimp_vendor/lib/cmake/assimp-4.1'
[3.489s] -- library: /usr/lib/aarch64-linux-gnu/libcurl.so
[3.636s] -- Found rmw_implementation_cmake: 6.1.2 (/opt/ros/humble/share/rmw_implementation_cmake/cmake)
[3.643s] -- Found rmw_fastrtps_cpp: 6.2.7 (/opt/ros/humble/share/rmw_fastrtps_cpp/cmake)
[3.697s] -- Found TinyXML2 via Config file: TinyXML2_DIR-NOTFOUND
[3.911s] -- Found OpenSSL: /usr/lib/aarch64-linux-gnu/libcrypto.so (found version "3.0.2")  
[3.917s] -- Found TinyXML2 via Config file: TinyXML2_DIR-NOTFOUND
[3.968s] -- Found FastRTPS: /opt/ros/humble/include  
[3.978s] -- Found TinyXML2 via Config file: TinyXML2_DIR-NOTFOUND
[4.012s] -- Found TinyXML2 via Config file: TinyXML2_DIR-NOTFOUND
[4.062s] -- Using RMW implementation 'rmw_fastrtps_cpp' as default
[4.081s] -- Looking for pthread.h
[4.274s] -- Looking for pthread.h - found
[4.274s] -- Performing Test CMAKE_HAVE_LIBC_PTHREAD
[4.481s] -- Performing Test CMAKE_HAVE_LIBC_PTHREAD - Success
[4.483s] -- Found Threads: TRUE  
[4.901s] -- Found Eigen3: TRUE (found version "3.4.0") 
[4.902s] -- Ensuring Eigen3 include directory is part of orocos-kdl CMake target
[5.199s] -- Found ament_lint_auto: 0.12.12 (/opt/ros/humble/share/ament_lint_auto/cmake)
[5.241s] -- Added test 'copyright' to check source files copyright and LICENSE
[5.244s] -- Added test 'cppcheck' to perform static code analysis on C / C++ code
[5.245s] -- Configured cppcheck include dirs: /home/yirehban/ros2_ws/src/zed-ros2-examples/rviz-plugin-zed-od/src/include;/home/yirehban/ros2_ws/src/zed-ros2-examples/rviz-plugin-zed-od/src/plugin/include;$<BUILD_INTERFACE:/home/yirehban/ros2_ws/src/zed-ros2-examples/rviz-plugin-zed-od/include>
[5.245s] -- Configured cppcheck exclude dirs and/or files: 
[5.248s] -- Added test 'cpplint' to check C / C++ code against the Google style
[5.248s] -- Configured cpplint exclude dirs and/or files: 
[5.249s] -- Added test 'lint_cmake' to check CMake code style
[5.252s] -- Added test 'uncrustify' to check C / C++ code style
[5.252s] -- Configured uncrustify additional arguments: 
[5.253s] -- Added test 'xmllint' to check XML markup files
[5.268s] -- Added test 'clang_format' to check C / C++ code style
[5.278s] -- Configuring done
[5.634s] -- Generating done
[5.649s] -- Build files have been written to: /home/yirehban/ros2_ws/build/rviz_plugin_zed_od
[5.712s] Invoked command in '/home/yirehban/ros2_ws/build/rviz_plugin_zed_od' returned '0': CMAKE_PREFIX_PATH=/opt/ros/humble /usr/bin/cmake /home/yirehban/ros2_ws/src/zed-ros2-examples/rviz-plugin-zed-od -DCMAKE_INSTALL_PREFIX=/home/yirehban/ros2_ws/install/rviz_plugin_zed_od
[5.713s] Invoking command in '/home/yirehban/ros2_ws/build/rviz_plugin_zed_od': CMAKE_PREFIX_PATH=/opt/ros/humble /usr/bin/cmake --build /home/yirehban/ros2_ws/build/rviz_plugin_zed_od -- -j6 -l6
[5.871s] [ 20%] [34m[1mAutomatic MOC and UIC for target rviz_plugin_zed_od[0m
[7.165s] [ 20%] Built target rviz_plugin_zed_od_autogen
[7.222s] [ 40%] [32mBuilding CXX object CMakeFiles/rviz_plugin_zed_od.dir/rviz_plugin_zed_od_autogen/mocs_compilation.cpp.o[0m
[37.691s] [ 60%] [32mBuilding CXX object CMakeFiles/rviz_plugin_zed_od.dir/src/plugin/src/zed_od_info.cpp.o[0m
[44.466s] [ 80%] [32mBuilding CXX object CMakeFiles/rviz_plugin_zed_od.dir/src/plugin/src/zed_od_display.cpp.o[0m
[72.673s] [100%] [32m[1mLinking CXX shared library librviz_plugin_zed_od.so[0m
[76.505s] [100%] Built target rviz_plugin_zed_od
[76.527s] Invoked command in '/home/yirehban/ros2_ws/build/rviz_plugin_zed_od' returned '0': CMAKE_PREFIX_PATH=/opt/ros/humble /usr/bin/cmake --build /home/yirehban/ros2_ws/build/rviz_plugin_zed_od -- -j6 -l6
[76.530s] Invoking command in '/home/yirehban/ros2_ws/build/rviz_plugin_zed_od': CMAKE_PREFIX_PATH=/opt/ros/humble /usr/bin/cmake --install /home/yirehban/ros2_ws/build/rviz_plugin_zed_od
[76.545s] -- Install configuration: ""
[76.545s] -- Installing: /home/yirehban/ros2_ws/install/rviz_plugin_zed_od/share/rviz_plugin_zed_od/plugins_description.xml
[76.546s] -- Installing: /home/yirehban/ros2_ws/install/rviz_plugin_zed_od/share/rviz_plugin_zed_od/environment/library_path.sh
[76.547s] -- Installing: /home/yirehban/ros2_ws/install/rviz_plugin_zed_od/share/rviz_plugin_zed_od/environment/library_path.dsv
[76.547s] -- Installing: /home/yirehban/ros2_ws/install/rviz_plugin_zed_od/lib/librviz_plugin_zed_od.so
[76.561s] -- Set runtime path of "/home/yirehban/ros2_ws/install/rviz_plugin_zed_od/lib/librviz_plugin_zed_od.so" to ""
[76.561s] -- Installing: /home/yirehban/ros2_ws/install/rviz_plugin_zed_od/include/rviz_plugin_zed_od/
[76.561s] -- Installing: /home/yirehban/ros2_ws/install/rviz_plugin_zed_od/include/rviz_plugin_zed_od//visibility_control.hpp
[76.562s] -- Up-to-date: /home/yirehban/ros2_ws/install/rviz_plugin_zed_od/include/rviz_plugin_zed_od/
[76.562s] -- Installing: /home/yirehban/ros2_ws/install/rviz_plugin_zed_od/include/rviz_plugin_zed_od//zed_od_info.hpp
[76.562s] -- Installing: /home/yirehban/ros2_ws/install/rviz_plugin_zed_od/include/rviz_plugin_zed_od//zed_body_parts.hpp
[76.562s] -- Installing: /home/yirehban/ros2_ws/install/rviz_plugin_zed_od/include/rviz_plugin_zed_od//zed_od_display.hpp
[76.562s] -- Installing: /home/yirehban/ros2_ws/install/rviz_plugin_zed_od/share/rviz_plugin_zed_od/icons
[76.562s] -- Installing: /home/yirehban/ros2_ws/install/rviz_plugin_zed_od/share/rviz_plugin_zed_od/icons/ZedObjDet.png
[76.563s] -- Installing: /home/yirehban/ros2_ws/install/rviz_plugin_zed_od/share/ament_index/resource_index/package_run_dependencies/rviz_plugin_zed_od
[76.563s] -- Installing: /home/yirehban/ros2_ws/install/rviz_plugin_zed_od/share/ament_index/resource_index/parent_prefix_path/rviz_plugin_zed_od
[76.563s] -- Installing: /home/yirehban/ros2_ws/install/rviz_plugin_zed_od/share/rviz_plugin_zed_od/environment/ament_prefix_path.sh
[76.564s] -- Installing: /home/yirehban/ros2_ws/install/rviz_plugin_zed_od/share/rviz_plugin_zed_od/environment/ament_prefix_path.dsv
[76.564s] -- Installing: /home/yirehban/ros2_ws/install/rviz_plugin_zed_od/share/rviz_plugin_zed_od/environment/path.sh
[76.564s] -- Installing: /home/yirehban/ros2_ws/install/rviz_plugin_zed_od/share/rviz_plugin_zed_od/environment/path.dsv
[76.564s] -- Installing: /home/yirehban/ros2_ws/install/rviz_plugin_zed_od/share/rviz_plugin_zed_od/local_setup.bash
[76.565s] -- Installing: /home/yirehban/ros2_ws/install/rviz_plugin_zed_od/share/rviz_plugin_zed_od/local_setup.sh
[76.565s] -- Installing: /home/yirehban/ros2_ws/install/rviz_plugin_zed_od/share/rviz_plugin_zed_od/local_setup.zsh
[76.565s] -- Installing: /home/yirehban/ros2_ws/install/rviz_plugin_zed_od/share/rviz_plugin_zed_od/local_setup.dsv
[76.565s] -- Installing: /home/yirehban/ros2_ws/install/rviz_plugin_zed_od/share/rviz_plugin_zed_od/package.dsv
[76.566s] -- Installing: /home/yirehban/ros2_ws/install/rviz_plugin_zed_od/share/ament_index/resource_index/packages/rviz_plugin_zed_od
[76.566s] -- Installing: /home/yirehban/ros2_ws/install/rviz_plugin_zed_od/share/ament_index/resource_index/rviz_common__pluginlib__plugin/rviz_plugin_zed_od
[76.566s] -- Installing: /home/yirehban/ros2_ws/install/rviz_plugin_zed_od/share/rviz_plugin_zed_od/cmake/rviz_plugin_zed_odExport.cmake
[76.566s] -- Installing: /home/yirehban/ros2_ws/install/rviz_plugin_zed_od/share/rviz_plugin_zed_od/cmake/rviz_plugin_zed_odExport-noconfig.cmake
[76.567s] -- Installing: /home/yirehban/ros2_ws/install/rviz_plugin_zed_od/share/rviz_plugin_zed_od/cmake/ament_cmake_export_include_directories-extras.cmake
[76.567s] -- Installing: /home/yirehban/ros2_ws/install/rviz_plugin_zed_od/share/rviz_plugin_zed_od/cmake/ament_cmake_export_targets-extras.cmake
[76.567s] -- Installing: /home/yirehban/ros2_ws/install/rviz_plugin_zed_od/share/rviz_plugin_zed_od/cmake/ament_cmake_export_dependencies-extras.cmake
[76.567s] -- Installing: /home/yirehban/ros2_ws/install/rviz_plugin_zed_od/share/rviz_plugin_zed_od/cmake/rviz_plugin_zed_odConfig.cmake
[76.567s] -- Installing: /home/yirehban/ros2_ws/install/rviz_plugin_zed_od/share/rviz_plugin_zed_od/cmake/rviz_plugin_zed_odConfig-version.cmake
[76.568s] -- Installing: /home/yirehban/ros2_ws/install/rviz_plugin_zed_od/share/rviz_plugin_zed_od/package.xml
[76.573s] Invoked command in '/home/yirehban/ros2_ws/build/rviz_plugin_zed_od' returned '0': CMAKE_PREFIX_PATH=/opt/ros/humble /usr/bin/cmake --install /home/yirehban/ros2_ws/build/rviz_plugin_zed_od
