[0.133s] Invoking command in '/home/yirehban/ros2_ws/build/examples_rclcpp_wait_set': CMAKE_PREFIX_PATH=${CMAKE_PREFIX_PATH}:/home/yirehban/ros2_ws/install/vision:/home/yirehban/ros2_ws/install/mavlink_thruster_control:/home/yirehban/ros2_ws/install/launch_testing_examples:/home/yirehban/ros2_ws/install/examples_rclpy_pointcloud_publisher:/home/yirehban/ros2_ws/install/examples_rclpy_minimal_subscriber:/home/yirehban/ros2_ws/install/examples_rclpy_minimal_service:/home/yirehban/ros2_ws/install/examples_rclpy_minimal_publisher:/home/yirehban/ros2_ws/install/examples_rclpy_minimal_client:/home/yirehban/ros2_ws/install/examples_rclpy_minimal_action_server:/home/yirehban/ros2_ws/install/examples_rclpy_minimal_action_client:/home/yirehban/ros2_ws/install/examples_rclpy_guard_conditions:/home/yirehban/ros2_ws/install/examples_rclpy_executors:/opt/ros/humble /usr/bin/cmake --build /home/yirehban/ros2_ws/build/examples_rclcpp_wait_set -- -j6 -l6
[0.260s] -- Found ament_cmake: 1.3.12 (/opt/ros/humble/share/ament_cmake/cmake)
[0.637s] -- Found example_interfaces: 0.9.3 (/opt/ros/humble/share/example_interfaces/cmake)
[0.721s] -- Found rosidl_generator_c: 3.1.7 (/opt/ros/humble/share/rosidl_generator_c/cmake)
[0.738s] -- Found rosidl_adapter: 3.1.7 (/opt/ros/humble/share/rosidl_adapter/cmake)
[0.748s] -- Found rosidl_generator_cpp: 3.1.7 (/opt/ros/humble/share/rosidl_generator_cpp/cmake)
[0.793s] -- Using all available rosidl_typesupport_c: rosidl_typesupport_fastrtps_c;rosidl_typesupport_introspection_c
[0.827s] -- Using all available rosidl_typesupport_cpp: rosidl_typesupport_fastrtps_cpp;rosidl_typesupport_introspection_cpp
[0.998s] -- Found rclcpp: 16.0.14 (/opt/ros/humble/share/rclcpp/cmake)
[1.062s] -- Found rmw_implementation_cmake: 6.1.2 (/opt/ros/humble/share/rmw_implementation_cmake/cmake)
[1.074s] -- Found rmw_fastrtps_cpp: 6.2.8 (/opt/ros/humble/share/rmw_fastrtps_cpp/cmake)
[1.406s] -- Using RMW implementation 'rmw_fastrtps_cpp' as default
[1.510s] -- Found rclcpp_components: 16.0.14 (/opt/ros/humble/share/rclcpp_components/cmake)
[1.627s] -- Found ament_lint_auto: 0.12.14 (/opt/ros/humble/share/ament_lint_auto/cmake)
[1.889s] -- Added test 'copyright' to check source files copyright and LICENSE
[1.894s] -- Added test 'cppcheck' to perform static code analysis on C / C++ code
[1.896s] -- Configured cppcheck include dirs: /home/yirehban/ros2_ws/src/examples/rclcpp/wait_set/include
[1.896s] -- Configured cppcheck exclude dirs and/or files: 
[1.899s] -- Added test 'cpplint' to check C / C++ code against the Google style
[1.899s] -- Configured cpplint exclude dirs and/or files: 
[1.902s] -- Added test 'lint_cmake' to check CMake code style
[1.905s] -- Added test 'uncrustify' to check C / C++ code style
[1.905s] -- Configured uncrustify additional arguments: 
[1.907s] -- Added test 'xmllint' to check XML markup files
[1.911s] -- Configuring done
[2.126s] -- Generating done
[2.204s] -- Build files have been written to: /home/yirehban/ros2_ws/build/examples_rclcpp_wait_set
[2.386s] [35m[1mConsolidate compiler generated dependencies of target talker[0m
[2.462s] [  4%] [32mBuilding CXX object CMakeFiles/talker.dir/src/talker.cpp.o[0m
[13.280s] [  8%] [32m[1mLinking CXX shared library libtalker.so[0m
[13.681s] [  8%] Built target talker
[13.706s] [35m[1mConsolidate compiler generated dependencies of target static_wait_set[0m
[13.745s] [ 12%] [32mBuilding CXX object CMakeFiles/static_wait_set.dir/src/static_wait_set.cpp.o[0m
[32.659s] [ 16%] [32m[1mLinking CXX executable static_wait_set[0m
[33.430s] [ 16%] Built target static_wait_set
[33.457s] [35m[1mConsolidate compiler generated dependencies of target thread_safe_wait_set[0m
[33.497s] [ 20%] [32mBuilding CXX object CMakeFiles/thread_safe_wait_set.dir/src/thread_safe_wait_set.cpp.o[0m
[52.562s] [ 25%] [32m[1mLinking CXX executable thread_safe_wait_set[0m
[53.531s] [ 25%] Built target thread_safe_wait_set
[53.557s] [35m[1mConsolidate compiler generated dependencies of target wait_set_topics_and_timer[0m
[53.594s] [ 29%] [32mBuilding CXX object CMakeFiles/wait_set_topics_and_timer.dir/src/wait_set_topics_and_timer.cpp.o[0m
[73.033s] [ 33%] [32m[1mLinking CXX executable wait_set_topics_and_timer[0m
[73.904s] [ 33%] Built target wait_set_topics_and_timer
[73.930s] [35m[1mConsolidate compiler generated dependencies of target wait_set_random_order[0m
[73.967s] [ 37%] [32mBuilding CXX object CMakeFiles/wait_set_random_order.dir/src/wait_set_random_order.cpp.o[0m
[75.969s] [35m[1mConsolidate compiler generated dependencies of target executor_random_order[0m
[76.025s] [ 41%] [32mBuilding CXX object CMakeFiles/executor_random_order.dir/src/executor_random_order.cpp.o[0m
[78.035s] [35m[1mConsolidate compiler generated dependencies of target wait_set[0m
[78.100s] [ 45%] [32mBuilding CXX object CMakeFiles/wait_set.dir/src/wait_set.cpp.o[0m
[80.126s] [35m[1mConsolidate compiler generated dependencies of target wait_set_listener[0m
[80.222s] [ 50%] [32mBuilding CXX object CMakeFiles/wait_set_listener.dir/rclcpp_components/node_main_wait_set_listener.cpp.o[0m
[91.323s] [ 54%] [32m[1mLinking CXX executable wait_set_listener[0m
[91.838s] [ 54%] Built target wait_set_listener
[101.353s] [ 58%] [32m[1mLinking CXX executable executor_random_order[0m
[101.368s] [ 62%] [32m[1mLinking CXX executable wait_set_random_order[0m
[102.428s] [ 62%] Built target executor_random_order
[102.500s] [ 62%] Built target wait_set_random_order
[102.942s] [ 66%] [32m[1mLinking CXX executable wait_set[0m
[103.904s] [ 66%] Built target wait_set
[103.934s] [35m[1mConsolidate compiler generated dependencies of target wait_set_topics_with_different_rates[0m
[103.984s] [ 70%] [32mBuilding CXX object CMakeFiles/wait_set_topics_with_different_rates.dir/src/wait_set_topics_with_different_rates.cpp.o[0m
[123.703s] [ 75%] [32m[1mLinking CXX executable wait_set_topics_with_different_rates[0m
[124.593s] [ 75%] Built target wait_set_topics_with_different_rates
[124.626s] [35m[1mConsolidate compiler generated dependencies of target wait_set_talker[0m
[124.626s] [35m[1mConsolidate compiler generated dependencies of target listener[0m
[124.682s] [ 79%] [32mBuilding CXX object CMakeFiles/listener.dir/src/listener.cpp.o[0m
[124.710s] [ 83%] [32mBuilding CXX object CMakeFiles/wait_set_talker.dir/rclcpp_components/node_main_wait_set_talker.cpp.o[0m
[132.108s] [ 87%] [32m[1mLinking CXX executable wait_set_talker[0m
[132.474s] [ 87%] Built target wait_set_talker
[146.015s] [ 91%] [32m[1mLinking CXX shared library liblistener.so[0m
[146.944s] [ 91%] Built target listener
[146.972s] [35m[1mConsolidate compiler generated dependencies of target wait_set_composed[0m
[147.011s] [ 95%] [32mBuilding CXX object CMakeFiles/wait_set_composed.dir/src/wait_set_composed.cpp.o[0m
[153.255s] [100%] [32m[1mLinking CXX executable wait_set_composed[0m
[153.719s] [100%] Built target wait_set_composed
