[0.050s] Invoking command in '/home/yirehban/ros2_ws/build/examples_rclcpp_wait_set': CMAKE_PREFIX_PATH=${CMAKE_PREFIX_PATH}:/home/yirehban/ros2_ws/install/vision:/home/yirehban/ros2_ws/install/mavlink_thruster_control:/home/yirehban/ros2_ws/install/launch_testing_examples:/home/yirehban/ros2_ws/install/examples_rclpy_pointcloud_publisher:/home/yirehban/ros2_ws/install/examples_rclpy_minimal_subscriber:/home/yirehban/ros2_ws/install/examples_rclpy_minimal_service:/home/yirehban/ros2_ws/install/examples_rclpy_minimal_publisher:/home/yirehban/ros2_ws/install/examples_rclpy_minimal_client:/home/yirehban/ros2_ws/install/examples_rclpy_minimal_action_server:/home/yirehban/ros2_ws/install/examples_rclpy_minimal_action_client:/home/yirehban/ros2_ws/install/examples_rclpy_guard_conditions:/home/yirehban/ros2_ws/install/examples_rclpy_executors:/opt/ros/humble /usr/bin/cmake --build /home/yirehban/ros2_ws/build/examples_rclcpp_wait_set -- -j6 -l6
[0.193s] [35m[1mConsolidate compiler generated dependencies of target talker[0m
[0.205s] [35m[1mConsolidate compiler generated dependencies of target wait_set_talker[0m
[0.218s] [35m[1mConsolidate compiler generated dependencies of target listener[0m
[0.226s] [35m[1mConsolidate compiler generated dependencies of target wait_set_listener[0m
[0.251s] [35m[1mConsolidate compiler generated dependencies of target wait_set[0m
[0.258s] [35m[1mConsolidate compiler generated dependencies of target static_wait_set[0m
[0.261s] [  8%] Built target talker
[0.291s] [ 16%] Built target listener
[0.291s] [ 25%] Built target wait_set_listener
[0.297s] [ 33%] Built target wait_set_talker
[0.316s] [ 50%] Built target wait_set
[0.316s] [ 50%] Built target static_wait_set
[0.321s] [35m[1mConsolidate compiler generated dependencies of target thread_safe_wait_set[0m
[0.344s] [35m[1mConsolidate compiler generated dependencies of target wait_set_topics_with_different_rates[0m
[0.348s] [35m[1mConsolidate compiler generated dependencies of target wait_set_topics_and_timer[0m
[0.350s] [35m[1mConsolidate compiler generated dependencies of target wait_set_random_order[0m
[0.380s] [35m[1mConsolidate compiler generated dependencies of target executor_random_order[0m
[0.387s] [35m[1mConsolidate compiler generated dependencies of target wait_set_composed[0m
[0.395s] [ 62%] Built target wait_set_topics_with_different_rates
[0.395s] [ 66%] Built target thread_safe_wait_set
[0.407s] [ 83%] Built target wait_set_random_order
[0.408s] [ 83%] Built target wait_set_topics_and_timer
[0.428s] [ 91%] Built target wait_set_composed
[0.437s] [100%] Built target executor_random_order
[0.851s] Invoked command in '/home/yirehban/ros2_ws/build/examples_rclcpp_wait_set' returned '0': CMAKE_PREFIX_PATH=${CMAKE_PREFIX_PATH}:/home/yirehban/ros2_ws/install/vision:/home/yirehban/ros2_ws/install/mavlink_thruster_control:/home/yirehban/ros2_ws/install/launch_testing_examples:/home/yirehban/ros2_ws/install/examples_rclpy_pointcloud_publisher:/home/yirehban/ros2_ws/install/examples_rclpy_minimal_subscriber:/home/yirehban/ros2_ws/install/examples_rclpy_minimal_service:/home/yirehban/ros2_ws/install/examples_rclpy_minimal_publisher:/home/yirehban/ros2_ws/install/examples_rclpy_minimal_client:/home/yirehban/ros2_ws/install/examples_rclpy_minimal_action_server:/home/yirehban/ros2_ws/install/examples_rclpy_minimal_action_client:/home/yirehban/ros2_ws/install/examples_rclpy_guard_conditions:/home/yirehban/ros2_ws/install/examples_rclpy_executors:/opt/ros/humble /usr/bin/cmake --build /home/yirehban/ros2_ws/build/examples_rclcpp_wait_set -- -j6 -l6
[0.854s] Invoking command in '/home/yirehban/ros2_ws/build/examples_rclcpp_wait_set': CMAKE_PREFIX_PATH=${CMAKE_PREFIX_PATH}:/home/yirehban/ros2_ws/install/vision:/home/yirehban/ros2_ws/install/mavlink_thruster_control:/home/yirehban/ros2_ws/install/launch_testing_examples:/home/yirehban/ros2_ws/install/examples_rclpy_pointcloud_publisher:/home/yirehban/ros2_ws/install/examples_rclpy_minimal_subscriber:/home/yirehban/ros2_ws/install/examples_rclpy_minimal_service:/home/yirehban/ros2_ws/install/examples_rclpy_minimal_publisher:/home/yirehban/ros2_ws/install/examples_rclpy_minimal_client:/home/yirehban/ros2_ws/install/examples_rclpy_minimal_action_server:/home/yirehban/ros2_ws/install/examples_rclpy_minimal_action_client:/home/yirehban/ros2_ws/install/examples_rclpy_guard_conditions:/home/yirehban/ros2_ws/install/examples_rclpy_executors:/opt/ros/humble /usr/bin/cmake --install /home/yirehban/ros2_ws/build/examples_rclcpp_wait_set
[1.341s] -- Install configuration: ""
[1.342s] -- Installing: /home/yirehban/ros2_ws/install/examples_rclcpp_wait_set/lib/examples_rclcpp_wait_set/wait_set_talker
[1.343s] -- Set runtime path of "/home/yirehban/ros2_ws/install/examples_rclcpp_wait_set/lib/examples_rclcpp_wait_set/wait_set_talker" to ""
[1.343s] -- Installing: /home/yirehban/ros2_ws/install/examples_rclcpp_wait_set/lib/examples_rclcpp_wait_set/wait_set_listener
[1.344s] -- Set runtime path of "/home/yirehban/ros2_ws/install/examples_rclcpp_wait_set/lib/examples_rclcpp_wait_set/wait_set_listener" to ""
[1.344s] -- Installing: /home/yirehban/ros2_ws/install/examples_rclcpp_wait_set/lib/libtalker.so
[1.344s] -- Set runtime path of "/home/yirehban/ros2_ws/install/examples_rclcpp_wait_set/lib/libtalker.so" to ""
[1.345s] -- Installing: /home/yirehban/ros2_ws/install/examples_rclcpp_wait_set/lib/liblistener.so
[1.345s] -- Set runtime path of "/home/yirehban/ros2_ws/install/examples_rclcpp_wait_set/lib/liblistener.so" to ""
[1.345s] -- Installing: /home/yirehban/ros2_ws/install/examples_rclcpp_wait_set/lib/examples_rclcpp_wait_set/wait_set
[1.345s] -- Set runtime path of "/home/yirehban/ros2_ws/install/examples_rclcpp_wait_set/lib/examples_rclcpp_wait_set/wait_set" to ""
[1.346s] -- Installing: /home/yirehban/ros2_ws/install/examples_rclcpp_wait_set/lib/examples_rclcpp_wait_set/static_wait_set
[1.346s] -- Set runtime path of "/home/yirehban/ros2_ws/install/examples_rclcpp_wait_set/lib/examples_rclcpp_wait_set/static_wait_set" to ""
[1.346s] -- Installing: /home/yirehban/ros2_ws/install/examples_rclcpp_wait_set/lib/examples_rclcpp_wait_set/thread_safe_wait_set
[1.346s] -- Set runtime path of "/home/yirehban/ros2_ws/install/examples_rclcpp_wait_set/lib/examples_rclcpp_wait_set/thread_safe_wait_set" to ""
[1.346s] -- Installing: /home/yirehban/ros2_ws/install/examples_rclcpp_wait_set/lib/examples_rclcpp_wait_set/wait_set_topics_and_timer
[1.347s] -- Set runtime path of "/home/yirehban/ros2_ws/install/examples_rclcpp_wait_set/lib/examples_rclcpp_wait_set/wait_set_topics_and_timer" to ""
[1.347s] -- Installing: /home/yirehban/ros2_ws/install/examples_rclcpp_wait_set/lib/examples_rclcpp_wait_set/wait_set_random_order
[1.347s] -- Set runtime path of "/home/yirehban/ros2_ws/install/examples_rclcpp_wait_set/lib/examples_rclcpp_wait_set/wait_set_random_order" to ""
[1.347s] -- Installing: /home/yirehban/ros2_ws/install/examples_rclcpp_wait_set/lib/examples_rclcpp_wait_set/executor_random_order
[1.348s] -- Set runtime path of "/home/yirehban/ros2_ws/install/examples_rclcpp_wait_set/lib/examples_rclcpp_wait_set/executor_random_order" to ""
[1.348s] -- Installing: /home/yirehban/ros2_ws/install/examples_rclcpp_wait_set/lib/examples_rclcpp_wait_set/wait_set_topics_with_different_rates
[1.348s] -- Set runtime path of "/home/yirehban/ros2_ws/install/examples_rclcpp_wait_set/lib/examples_rclcpp_wait_set/wait_set_topics_with_different_rates" to ""
[1.348s] -- Installing: /home/yirehban/ros2_ws/install/examples_rclcpp_wait_set/lib/examples_rclcpp_wait_set/wait_set_composed
[1.349s] -- Set runtime path of "/home/yirehban/ros2_ws/install/examples_rclcpp_wait_set/lib/examples_rclcpp_wait_set/wait_set_composed" to ""
[1.349s] -- Up-to-date: /home/yirehban/ros2_ws/install/examples_rclcpp_wait_set/share/ament_index/resource_index/package_run_dependencies/examples_rclcpp_wait_set
[1.349s] -- Installing: /home/yirehban/ros2_ws/install/examples_rclcpp_wait_set/share/ament_index/resource_index/parent_prefix_path/examples_rclcpp_wait_set
[1.349s] -- Installing: /home/yirehban/ros2_ws/install/examples_rclcpp_wait_set/share/examples_rclcpp_wait_set/environment/ament_prefix_path.sh
[1.350s] -- Installing: /home/yirehban/ros2_ws/install/examples_rclcpp_wait_set/share/examples_rclcpp_wait_set/environment/ament_prefix_path.dsv
[1.350s] -- Installing: /home/yirehban/ros2_ws/install/examples_rclcpp_wait_set/share/examples_rclcpp_wait_set/environment/path.sh
[1.350s] -- Installing: /home/yirehban/ros2_ws/install/examples_rclcpp_wait_set/share/examples_rclcpp_wait_set/environment/path.dsv
[1.350s] -- Up-to-date: /home/yirehban/ros2_ws/install/examples_rclcpp_wait_set/share/examples_rclcpp_wait_set/local_setup.bash
[1.350s] -- Up-to-date: /home/yirehban/ros2_ws/install/examples_rclcpp_wait_set/share/examples_rclcpp_wait_set/local_setup.sh
[1.358s] -- Up-to-date: /home/yirehban/ros2_ws/install/examples_rclcpp_wait_set/share/examples_rclcpp_wait_set/local_setup.zsh
[1.358s] -- Installing: /home/yirehban/ros2_ws/install/examples_rclcpp_wait_set/share/examples_rclcpp_wait_set/local_setup.dsv
[1.358s] -- Installing: /home/yirehban/ros2_ws/install/examples_rclcpp_wait_set/share/examples_rclcpp_wait_set/package.dsv
[1.358s] -- Up-to-date: /home/yirehban/ros2_ws/install/examples_rclcpp_wait_set/share/ament_index/resource_index/packages/examples_rclcpp_wait_set
[1.359s] -- Up-to-date: /home/yirehban/ros2_ws/install/examples_rclcpp_wait_set/share/ament_index/resource_index/rclcpp_components/examples_rclcpp_wait_set
[1.359s] -- Up-to-date: /home/yirehban/ros2_ws/install/examples_rclcpp_wait_set/share/examples_rclcpp_wait_set/cmake/examples_rclcpp_wait_setConfig.cmake
[1.359s] -- Up-to-date: /home/yirehban/ros2_ws/install/examples_rclcpp_wait_set/share/examples_rclcpp_wait_set/cmake/examples_rclcpp_wait_setConfig-version.cmake
[1.359s] -- Up-to-date: /home/yirehban/ros2_ws/install/examples_rclcpp_wait_set/share/examples_rclcpp_wait_set/package.xml
[1.453s] Invoked command in '/home/yirehban/ros2_ws/build/examples_rclcpp_wait_set' returned '0': CMAKE_PREFIX_PATH=${CMAKE_PREFIX_PATH}:/home/yirehban/ros2_ws/install/vision:/home/yirehban/ros2_ws/install/mavlink_thruster_control:/home/yirehban/ros2_ws/install/launch_testing_examples:/home/yirehban/ros2_ws/install/examples_rclpy_pointcloud_publisher:/home/yirehban/ros2_ws/install/examples_rclpy_minimal_subscriber:/home/yirehban/ros2_ws/install/examples_rclpy_minimal_service:/home/yirehban/ros2_ws/install/examples_rclpy_minimal_publisher:/home/yirehban/ros2_ws/install/examples_rclpy_minimal_client:/home/yirehban/ros2_ws/install/examples_rclpy_minimal_action_server:/home/yirehban/ros2_ws/install/examples_rclpy_minimal_action_client:/home/yirehban/ros2_ws/install/examples_rclpy_guard_conditions:/home/yirehban/ros2_ws/install/examples_rclpy_executors:/opt/ros/humble /usr/bin/cmake --install /home/yirehban/ros2_ws/build/examples_rclcpp_wait_set
