[0.089s] Invoking command in '/home/yirehban/ros2_ws/build/examples_rclcpp_minimal_action_client': CMAKE_PREFIX_PATH=${CMAKE_PREFIX_PATH}:/home/yirehban/ros2_ws/install/vision:/home/yirehban/ros2_ws/install/mavlink_thruster_control:/home/yirehban/ros2_ws/install/launch_testing_examples:/home/yirehban/ros2_ws/install/examples_rclpy_pointcloud_publisher:/home/yirehban/ros2_ws/install/examples_rclpy_minimal_subscriber:/home/yirehban/ros2_ws/install/examples_rclpy_minimal_service:/home/yirehban/ros2_ws/install/examples_rclpy_minimal_publisher:/home/yirehban/ros2_ws/install/examples_rclpy_minimal_client:/home/yirehban/ros2_ws/install/examples_rclpy_minimal_action_server:/home/yirehban/ros2_ws/install/examples_rclpy_minimal_action_client:/home/yirehban/ros2_ws/install/examples_rclpy_guard_conditions:/home/yirehban/ros2_ws/install/examples_rclpy_executors:/opt/ros/humble /usr/bin/cmake /home/yirehban/ros2_ws/src/examples/rclcpp/actions/minimal_action_client -DAMENT_CMAKE_SYMLINK_INSTALL=1 -DCMAKE_INSTALL_PREFIX=/home/yirehban/ros2_ws/install/examples_rclcpp_minimal_action_client
[1.074s] -- Found ament_cmake: 1.3.12 (/opt/ros/humble/share/ament_cmake/cmake)
[1.075s] -- Override CMake install command with custom implementation using symlinks instead of copying resources
[1.075s] -- Found example_interfaces: 0.9.3 (/opt/ros/humble/share/example_interfaces/cmake)
[1.099s] -- Found rosidl_generator_c: 3.1.7 (/opt/ros/humble/share/rosidl_generator_c/cmake)
[1.114s] -- Found rosidl_adapter: 3.1.7 (/opt/ros/humble/share/rosidl_adapter/cmake)
[1.123s] -- Found rosidl_generator_cpp: 3.1.7 (/opt/ros/humble/share/rosidl_generator_cpp/cmake)
[1.155s] -- Using all available rosidl_typesupport_c: rosidl_typesupport_fastrtps_c;rosidl_typesupport_introspection_c
[1.181s] -- Using all available rosidl_typesupport_cpp: rosidl_typesupport_fastrtps_cpp;rosidl_typesupport_introspection_cpp
[1.295s] -- Found rclcpp: 16.0.14 (/opt/ros/humble/share/rclcpp/cmake)
[1.332s] -- Found rmw_implementation_cmake: 6.1.2 (/opt/ros/humble/share/rmw_implementation_cmake/cmake)
[1.337s] -- Found rmw_fastrtps_cpp: 6.2.8 (/opt/ros/humble/share/rmw_fastrtps_cpp/cmake)
[1.849s] -- Using RMW implementation 'rmw_fastrtps_cpp' as default
[1.936s] -- Found rclcpp_action: 16.0.14 (/opt/ros/humble/share/rclcpp_action/cmake)
[1.975s] -- Found ament_lint_auto: 0.12.14 (/opt/ros/humble/share/ament_lint_auto/cmake)
[2.419s] -- Added test 'copyright' to check source files copyright and LICENSE
[2.420s] -- Added test 'cppcheck' to perform static code analysis on C / C++ code
[2.420s] -- Configured cppcheck include dirs: 
[2.420s] -- Configured cppcheck exclude dirs and/or files: 
[2.422s] -- Added test 'cpplint' to check C / C++ code against the Google style
[2.422s] -- Configured cpplint exclude dirs and/or files: 
[2.423s] -- Added test 'lint_cmake' to check CMake code style
[2.424s] -- Added test 'uncrustify' to check C / C++ code style
[2.424s] -- Configured uncrustify additional arguments: 
[2.424s] -- Added test 'xmllint' to check XML markup files
[2.435s] -- Configuring done
[2.548s] -- Generating done
[2.586s] -- Build files have been written to: /home/yirehban/ros2_ws/build/examples_rclcpp_minimal_action_client
[2.702s] Invoked command in '/home/yirehban/ros2_ws/build/examples_rclcpp_minimal_action_client' returned '0': CMAKE_PREFIX_PATH=${CMAKE_PREFIX_PATH}:/home/yirehban/ros2_ws/install/vision:/home/yirehban/ros2_ws/install/mavlink_thruster_control:/home/yirehban/ros2_ws/install/launch_testing_examples:/home/yirehban/ros2_ws/install/examples_rclpy_pointcloud_publisher:/home/yirehban/ros2_ws/install/examples_rclpy_minimal_subscriber:/home/yirehban/ros2_ws/install/examples_rclpy_minimal_service:/home/yirehban/ros2_ws/install/examples_rclpy_minimal_publisher:/home/yirehban/ros2_ws/install/examples_rclpy_minimal_client:/home/yirehban/ros2_ws/install/examples_rclpy_minimal_action_server:/home/yirehban/ros2_ws/install/examples_rclpy_minimal_action_client:/home/yirehban/ros2_ws/install/examples_rclpy_guard_conditions:/home/yirehban/ros2_ws/install/examples_rclpy_executors:/opt/ros/humble /usr/bin/cmake /home/yirehban/ros2_ws/src/examples/rclcpp/actions/minimal_action_client -DAMENT_CMAKE_SYMLINK_INSTALL=1 -DCMAKE_INSTALL_PREFIX=/home/yirehban/ros2_ws/install/examples_rclcpp_minimal_action_client
[2.710s] Invoking command in '/home/yirehban/ros2_ws/build/examples_rclcpp_minimal_action_client': CMAKE_PREFIX_PATH=${CMAKE_PREFIX_PATH}:/home/yirehban/ros2_ws/install/vision:/home/yirehban/ros2_ws/install/mavlink_thruster_control:/home/yirehban/ros2_ws/install/launch_testing_examples:/home/yirehban/ros2_ws/install/examples_rclpy_pointcloud_publisher:/home/yirehban/ros2_ws/install/examples_rclpy_minimal_subscriber:/home/yirehban/ros2_ws/install/examples_rclpy_minimal_service:/home/yirehban/ros2_ws/install/examples_rclpy_minimal_publisher:/home/yirehban/ros2_ws/install/examples_rclpy_minimal_client:/home/yirehban/ros2_ws/install/examples_rclpy_minimal_action_server:/home/yirehban/ros2_ws/install/examples_rclpy_minimal_action_client:/home/yirehban/ros2_ws/install/examples_rclpy_guard_conditions:/home/yirehban/ros2_ws/install/examples_rclpy_executors:/opt/ros/humble /usr/bin/cmake --build /home/yirehban/ros2_ws/build/examples_rclcpp_minimal_action_client -- -j6 -l6
[3.033s] [35m[1mConsolidate compiler generated dependencies of target action_client_not_composable_with_feedback[0m
[3.039s] [35m[1mConsolidate compiler generated dependencies of target action_client_not_composable[0m
[3.046s] [35m[1mConsolidate compiler generated dependencies of target action_client_member_functions[0m
[3.062s] [35m[1mConsolidate compiler generated dependencies of target action_client_not_composable_with_cancel[0m
[3.139s] [ 12%] [32m[1mLinking CXX executable action_client_not_composable_with_feedback[0m
[3.204s] [ 25%] [32m[1mLinking CXX executable action_client_not_composable_with_cancel[0m
[3.232s] [ 37%] [32m[1mLinking CXX executable action_client_member_functions[0m
[3.246s] [ 50%] [32m[1mLinking CXX executable action_client_not_composable[0m
[4.353s] [ 62%] Built target action_client_member_functions
[4.496s] [ 75%] Built target action_client_not_composable_with_feedback
[4.595s] [ 87%] Built target action_client_not_composable_with_cancel
[4.926s] [100%] Built target action_client_not_composable
