running egg_info
writing ../../build/vision/vision.egg-info/PKG-INFO
writing dependency_links to ../../build/vision/vision.egg-info/dependency_links.txt
writing entry points to ../../build/vision/vision.egg-info/entry_points.txt
writing top-level names to ../../build/vision/vision.egg-info/top_level.txt
reading manifest file '../../build/vision/vision.egg-info/SOURCES.txt'
writing manifest file '../../build/vision/vision.egg-info/SOURCES.txt'
running build
running build_py
copying vision/detector.py -> /home/yirehban/ros2_ws/build/vision/build/lib/vision
running install
running install_lib
copying /home/yirehban/ros2_ws/build/vision/build/lib/vision/detector.py -> /home/yirehban/ros2_ws/install/vision/lib/python3.10/site-packages/vision
byte-compiling /home/yirehban/ros2_ws/install/vision/lib/python3.10/site-packages/vision/detector.py to detector.cpython-310.pyc
running install_egg_info
removing '/home/yirehban/ros2_ws/install/vision/lib/python3.10/site-packages/vision-0.0.0-py3.10.egg-info' (and everything under it)
Copying ../../build/vision/vision.egg-info to /home/yirehban/ros2_ws/install/vision/lib/python3.10/site-packages/vision-0.0.0-py3.10.egg-info
running install_scripts
Installing detector script to /home/yirehban/ros2_ws/install/vision/lib/vision
writing list of installed files to '/home/yirehban/ros2_ws/build/vision/install.log'
