[0.036s] Invoking command in '/home/yirehban/ros2_ws/build/mission': CMAKE_PREFIX_PATH=${CMAKE_PREFIX_PATH}:/home/yirehban/ros2_ws/install/vision:/home/yirehban/ros2_ws/install/mavlink_thruster_control:/home/yirehban/ros2_ws/install/launch_testing_examples:/home/yirehban/ros2_ws/install/examples_rclpy_pointcloud_publisher:/home/yirehban/ros2_ws/install/examples_rclpy_minimal_subscriber:/home/yirehban/ros2_ws/install/examples_rclpy_minimal_service:/home/yirehban/ros2_ws/install/examples_rclpy_minimal_publisher:/home/yirehban/ros2_ws/install/examples_rclpy_minimal_client:/home/yirehban/ros2_ws/install/examples_rclpy_minimal_action_server:/home/yirehban/ros2_ws/install/examples_rclpy_minimal_action_client:/home/yirehban/ros2_ws/install/examples_rclpy_guard_conditions:/home/yirehban/ros2_ws/install/examples_rclpy_executors:/opt/ros/humble /usr/bin/cmake --build /home/yirehban/ros2_ws/build/mission -- -j6 -l6
[0.185s] [35m[1mConsolidate compiler generated dependencies of target bt_runner[0m
[0.237s] [ 20%] [32mBuilding CXX object CMakeFiles/bt_runner.dir/main.cpp.o[0m
[22.049s] [ 40%] [32m[1mLinking CXX executable bt_runner[0m
[23.158s] [100%] Built target bt_runner
[23.196s] Invoked command in '/home/yirehban/ros2_ws/build/mission' returned '0': CMAKE_PREFIX_PATH=${CMAKE_PREFIX_PATH}:/home/yirehban/ros2_ws/install/vision:/home/yirehban/ros2_ws/install/mavlink_thruster_control:/home/yirehban/ros2_ws/install/launch_testing_examples:/home/yirehban/ros2_ws/install/examples_rclpy_pointcloud_publisher:/home/yirehban/ros2_ws/install/examples_rclpy_minimal_subscriber:/home/yirehban/ros2_ws/install/examples_rclpy_minimal_service:/home/yirehban/ros2_ws/install/examples_rclpy_minimal_publisher:/home/yirehban/ros2_ws/install/examples_rclpy_minimal_client:/home/yirehban/ros2_ws/install/examples_rclpy_minimal_action_server:/home/yirehban/ros2_ws/install/examples_rclpy_minimal_action_client:/home/yirehban/ros2_ws/install/examples_rclpy_guard_conditions:/home/yirehban/ros2_ws/install/examples_rclpy_executors:/opt/ros/humble /usr/bin/cmake --build /home/yirehban/ros2_ws/build/mission -- -j6 -l6
[23.226s] Invoking command in '/home/yirehban/ros2_ws/build/mission': CMAKE_PREFIX_PATH=${CMAKE_PREFIX_PATH}:/home/yirehban/ros2_ws/install/vision:/home/yirehban/ros2_ws/install/mavlink_thruster_control:/home/yirehban/ros2_ws/install/launch_testing_examples:/home/yirehban/ros2_ws/install/examples_rclpy_pointcloud_publisher:/home/yirehban/ros2_ws/install/examples_rclpy_minimal_subscriber:/home/yirehban/ros2_ws/install/examples_rclpy_minimal_service:/home/yirehban/ros2_ws/install/examples_rclpy_minimal_publisher:/home/yirehban/ros2_ws/install/examples_rclpy_minimal_client:/home/yirehban/ros2_ws/install/examples_rclpy_minimal_action_server:/home/yirehban/ros2_ws/install/examples_rclpy_minimal_action_client:/home/yirehban/ros2_ws/install/examples_rclpy_guard_conditions:/home/yirehban/ros2_ws/install/examples_rclpy_executors:/opt/ros/humble /usr/bin/cmake --install /home/yirehban/ros2_ws/build/mission
[23.244s] -- Install configuration: ""
[23.245s] -- Execute custom install script
[23.246s] -- Up-to-date symlink: /home/yirehban/ros2_ws/install/mission/lib/mission/bt_runner
[23.247s] -- Up-to-date symlink: /home/yirehban/ros2_ws/install/mission/share/ament_index/resource_index/package_run_dependencies/mission
[23.248s] -- Up-to-date symlink: /home/yirehban/ros2_ws/install/mission/share/ament_index/resource_index/parent_prefix_path/mission
[23.248s] -- Up-to-date symlink: /home/yirehban/ros2_ws/install/mission/share/mission/environment/ament_prefix_path.sh
[23.249s] -- Up-to-date symlink: /home/yirehban/ros2_ws/install/mission/share/mission/environment/ament_prefix_path.dsv
[23.249s] -- Up-to-date symlink: /home/yirehban/ros2_ws/install/mission/share/mission/environment/path.sh
[23.250s] -- Up-to-date symlink: /home/yirehban/ros2_ws/install/mission/share/mission/environment/path.dsv
[23.251s] -- Up-to-date symlink: /home/yirehban/ros2_ws/install/mission/share/mission/local_setup.bash
[23.252s] -- Up-to-date symlink: /home/yirehban/ros2_ws/install/mission/share/mission/local_setup.sh
[23.252s] -- Up-to-date symlink: /home/yirehban/ros2_ws/install/mission/share/mission/local_setup.zsh
[23.253s] -- Up-to-date symlink: /home/yirehban/ros2_ws/install/mission/share/mission/local_setup.dsv
[23.253s] -- Symlinking: /home/yirehban/ros2_ws/install/mission/share/mission/package.dsv
[23.274s] -- Up-to-date symlink: /home/yirehban/ros2_ws/install/mission/share/ament_index/resource_index/packages/mission
[23.274s] -- Up-to-date symlink: /home/yirehban/ros2_ws/install/mission/share/mission/cmake/missionConfig.cmake
[23.275s] -- Up-to-date symlink: /home/yirehban/ros2_ws/install/mission/share/mission/cmake/missionConfig-version.cmake
[23.275s] -- Up-to-date symlink: /home/yirehban/ros2_ws/install/mission/share/mission/package.xml
[23.282s] Invoked command in '/home/yirehban/ros2_ws/build/mission' returned '0': CMAKE_PREFIX_PATH=${CMAKE_PREFIX_PATH}:/home/yirehban/ros2_ws/install/vision:/home/yirehban/ros2_ws/install/mavlink_thruster_control:/home/yirehban/ros2_ws/install/launch_testing_examples:/home/yirehban/ros2_ws/install/examples_rclpy_pointcloud_publisher:/home/yirehban/ros2_ws/install/examples_rclpy_minimal_subscriber:/home/yirehban/ros2_ws/install/examples_rclpy_minimal_service:/home/yirehban/ros2_ws/install/examples_rclpy_minimal_publisher:/home/yirehban/ros2_ws/install/examples_rclpy_minimal_client:/home/yirehban/ros2_ws/install/examples_rclpy_minimal_action_server:/home/yirehban/ros2_ws/install/examples_rclpy_minimal_action_client:/home/yirehban/ros2_ws/install/examples_rclpy_guard_conditions:/home/yirehban/ros2_ws/install/examples_rclpy_executors:/opt/ros/humble /usr/bin/cmake --install /home/yirehban/ros2_ws/build/mission
