[0.058s] Invoking command in '/home/yirehban/ros2_ws/build/mission': CMAKE_PREFIX_PATH=${CMAKE_PREFIX_PATH}:/home/yirehban/ros2_ws/install/vision:/home/yirehban/ros2_ws/install/mavlink_thruster_control:/home/yirehban/ros2_ws/install/launch_testing_examples:/home/yirehban/ros2_ws/install/examples_rclpy_pointcloud_publisher:/home/yirehban/ros2_ws/install/examples_rclpy_minimal_subscriber:/home/yirehban/ros2_ws/install/examples_rclpy_minimal_service:/home/yirehban/ros2_ws/install/examples_rclpy_minimal_publisher:/home/yirehban/ros2_ws/install/examples_rclpy_minimal_client:/home/yirehban/ros2_ws/install/examples_rclpy_minimal_action_server:/home/yirehban/ros2_ws/install/examples_rclpy_minimal_action_client:/home/yirehban/ros2_ws/install/examples_rclpy_guard_conditions:/home/yirehban/ros2_ws/install/examples_rclpy_executors:/opt/ros/humble /usr/bin/cmake --build /home/yirehban/ros2_ws/build/mission -- -j6 -l6
[0.231s] [35m[1mConsolidate compiler generated dependencies of target bt_runner[0m
[0.276s] [ 20%] [32mBuilding CXX object CMakeFiles/bt_runner.dir/main.cpp.o[0m
[27.409s] [ 40%] [32m[1mLinking CXX executable bt_runner[0m
[28.763s] [100%] Built target bt_runner
[28.797s] Invoked command in '/home/yirehban/ros2_ws/build/mission' returned '0': CMAKE_PREFIX_PATH=${CMAKE_PREFIX_PATH}:/home/yirehban/ros2_ws/install/vision:/home/yirehban/ros2_ws/install/mavlink_thruster_control:/home/yirehban/ros2_ws/install/launch_testing_examples:/home/yirehban/ros2_ws/install/examples_rclpy_pointcloud_publisher:/home/yirehban/ros2_ws/install/examples_rclpy_minimal_subscriber:/home/yirehban/ros2_ws/install/examples_rclpy_minimal_service:/home/yirehban/ros2_ws/install/examples_rclpy_minimal_publisher:/home/yirehban/ros2_ws/install/examples_rclpy_minimal_client:/home/yirehban/ros2_ws/install/examples_rclpy_minimal_action_server:/home/yirehban/ros2_ws/install/examples_rclpy_minimal_action_client:/home/yirehban/ros2_ws/install/examples_rclpy_guard_conditions:/home/yirehban/ros2_ws/install/examples_rclpy_executors:/opt/ros/humble /usr/bin/cmake --build /home/yirehban/ros2_ws/build/mission -- -j6 -l6
[28.841s] Invoking command in '/home/yirehban/ros2_ws/build/mission': CMAKE_PREFIX_PATH=${CMAKE_PREFIX_PATH}:/home/yirehban/ros2_ws/install/vision:/home/yirehban/ros2_ws/install/mavlink_thruster_control:/home/yirehban/ros2_ws/install/launch_testing_examples:/home/yirehban/ros2_ws/install/examples_rclpy_pointcloud_publisher:/home/yirehban/ros2_ws/install/examples_rclpy_minimal_subscriber:/home/yirehban/ros2_ws/install/examples_rclpy_minimal_service:/home/yirehban/ros2_ws/install/examples_rclpy_minimal_publisher:/home/yirehban/ros2_ws/install/examples_rclpy_minimal_client:/home/yirehban/ros2_ws/install/examples_rclpy_minimal_action_server:/home/yirehban/ros2_ws/install/examples_rclpy_minimal_action_client:/home/yirehban/ros2_ws/install/examples_rclpy_guard_conditions:/home/yirehban/ros2_ws/install/examples_rclpy_executors:/opt/ros/humble /usr/bin/cmake --install /home/yirehban/ros2_ws/build/mission
[28.866s] -- Install configuration: ""
[28.867s] -- Execute custom install script
[28.870s] -- Up-to-date symlink: /home/yirehban/ros2_ws/install/mission/lib/mission/bt_runner
[28.871s] -- Up-to-date symlink: /home/yirehban/ros2_ws/install/mission/share/ament_index/resource_index/package_run_dependencies/mission
[28.873s] -- Up-to-date symlink: /home/yirehban/ros2_ws/install/mission/share/ament_index/resource_index/parent_prefix_path/mission
[28.874s] -- Up-to-date symlink: /home/yirehban/ros2_ws/install/mission/share/mission/environment/ament_prefix_path.sh
[28.876s] -- Up-to-date symlink: /home/yirehban/ros2_ws/install/mission/share/mission/environment/ament_prefix_path.dsv
[28.877s] -- Up-to-date symlink: /home/yirehban/ros2_ws/install/mission/share/mission/environment/path.sh
[28.878s] -- Up-to-date symlink: /home/yirehban/ros2_ws/install/mission/share/mission/environment/path.dsv
[28.880s] -- Up-to-date symlink: /home/yirehban/ros2_ws/install/mission/share/mission/local_setup.bash
[28.881s] -- Up-to-date symlink: /home/yirehban/ros2_ws/install/mission/share/mission/local_setup.sh
[28.882s] -- Up-to-date symlink: /home/yirehban/ros2_ws/install/mission/share/mission/local_setup.zsh
[28.882s] -- Up-to-date symlink: /home/yirehban/ros2_ws/install/mission/share/mission/local_setup.dsv
[28.883s] -- Symlinking: /home/yirehban/ros2_ws/install/mission/share/mission/package.dsv
[28.912s] -- Up-to-date symlink: /home/yirehban/ros2_ws/install/mission/share/ament_index/resource_index/packages/mission
[28.913s] -- Up-to-date symlink: /home/yirehban/ros2_ws/install/mission/share/mission/cmake/missionConfig.cmake
[28.914s] -- Up-to-date symlink: /home/yirehban/ros2_ws/install/mission/share/mission/cmake/missionConfig-version.cmake
[28.914s] -- Up-to-date symlink: /home/yirehban/ros2_ws/install/mission/share/mission/package.xml
[28.922s] Invoked command in '/home/yirehban/ros2_ws/build/mission' returned '0': CMAKE_PREFIX_PATH=${CMAKE_PREFIX_PATH}:/home/yirehban/ros2_ws/install/vision:/home/yirehban/ros2_ws/install/mavlink_thruster_control:/home/yirehban/ros2_ws/install/launch_testing_examples:/home/yirehban/ros2_ws/install/examples_rclpy_pointcloud_publisher:/home/yirehban/ros2_ws/install/examples_rclpy_minimal_subscriber:/home/yirehban/ros2_ws/install/examples_rclpy_minimal_service:/home/yirehban/ros2_ws/install/examples_rclpy_minimal_publisher:/home/yirehban/ros2_ws/install/examples_rclpy_minimal_client:/home/yirehban/ros2_ws/install/examples_rclpy_minimal_action_server:/home/yirehban/ros2_ws/install/examples_rclpy_minimal_action_client:/home/yirehban/ros2_ws/install/examples_rclpy_guard_conditions:/home/yirehban/ros2_ws/install/examples_rclpy_executors:/opt/ros/humble /usr/bin/cmake --install /home/yirehban/ros2_ws/build/mission
