[0.036s] Invoking command in '/home/yirehban/ros2_ws/build/examples_rclcpp_cbg_executor': CMAKE_PREFIX_PATH=/opt/ros/humble /usr/bin/cmake /home/yirehban/ros2_ws/src/examples/rclcpp/executors/cbg_executor -DCMAKE_INSTALL_PREFIX=/home/yirehban/ros2_ws/install/examples_rclcpp_cbg_executor
[0.671s] -- The C compiler identification is GNU 11.4.0
[1.179s] -- The CXX compiler identification is GNU 11.4.0
[1.205s] -- Detecting C compiler ABI info
[1.359s] -- Detecting C compiler ABI info - done
[1.380s] -- Check for working C compiler: /usr/bin/cc - skipped
[1.380s] -- Detecting C compile features
[1.381s] -- Detecting C compile features - done
[1.388s] -- Detecting CXX compiler ABI info
[1.552s] -- Detecting CXX compiler ABI info - done
[1.568s] -- Check for working CXX compiler: /usr/bin/c++ - skipped
[1.569s] -- Detecting CXX compile features
[1.571s] -- Detecting CXX compile features - done
[1.576s] -- Found ament_cmake: 1.3.11 (/opt/ros/humble/share/ament_cmake/cmake)
[1.946s] -- Found Python3: /usr/bin/python3 (found version "3.10.12") found components: Interpreter 
[2.168s] -- Found rclcpp: 16.0.12 (/opt/ros/humble/share/rclcpp/cmake)
[2.265s] -- Found rosidl_generator_c: 3.1.6 (/opt/ros/humble/share/rosidl_generator_c/cmake)
[2.278s] -- Found rosidl_adapter: 3.1.6 (/opt/ros/humble/share/rosidl_adapter/cmake)
[2.526s] -- Found rosidl_generator_cpp: 3.1.6 (/opt/ros/humble/share/rosidl_generator_cpp/cmake)
[2.570s] -- Using all available rosidl_typesupport_c: rosidl_typesupport_fastrtps_c;rosidl_typesupport_introspection_c
[2.616s] -- Using all available rosidl_typesupport_cpp: rosidl_typesupport_fastrtps_cpp;rosidl_typesupport_introspection_cpp
[2.830s] -- Found rmw_implementation_cmake: 6.1.2 (/opt/ros/humble/share/rmw_implementation_cmake/cmake)
[2.842s] -- Found rmw_fastrtps_cpp: 6.2.7 (/opt/ros/humble/share/rmw_fastrtps_cpp/cmake)
[3.077s] -- Found OpenSSL: /usr/lib/aarch64-linux-gnu/libcrypto.so (found version "3.0.2")  
[3.153s] -- Found FastRTPS: /opt/ros/humble/include  
[3.284s] -- Using RMW implementation 'rmw_fastrtps_cpp' as default
[3.311s] -- Looking for pthread.h
[3.506s] -- Looking for pthread.h - found
[3.507s] -- Performing Test CMAKE_HAVE_LIBC_PTHREAD
[3.665s] -- Performing Test CMAKE_HAVE_LIBC_PTHREAD - Success
[3.670s] -- Found Threads: TRUE  
[3.798s] -- Found ament_lint_auto: 0.12.12 (/opt/ros/humble/share/ament_lint_auto/cmake)
[4.084s] -- Added test 'copyright' to check source files copyright and LICENSE
[4.089s] -- Added test 'cppcheck' to perform static code analysis on C / C++ code
[4.091s] -- Configured cppcheck include dirs: /home/yirehban/ros2_ws/src/examples/rclcpp/executors/cbg_executor/include
[4.091s] -- Configured cppcheck exclude dirs and/or files: 
[4.093s] -- Added test 'cpplint' to check C / C++ code against the Google style
[4.094s] -- Configured cpplint exclude dirs and/or files: 
[4.095s] -- Added test 'lint_cmake' to check CMake code style
[4.099s] -- Added test 'uncrustify' to check C / C++ code style
[4.100s] -- Configured uncrustify additional arguments: 
[4.100s] -- Added test 'xmllint' to check XML markup files
[4.105s] -- Configuring done
[4.155s] -- Generating done
[4.216s] -- Build files have been written to: /home/yirehban/ros2_ws/build/examples_rclcpp_cbg_executor
[4.252s] Invoked command in '/home/yirehban/ros2_ws/build/examples_rclcpp_cbg_executor' returned '0': CMAKE_PREFIX_PATH=/opt/ros/humble /usr/bin/cmake /home/yirehban/ros2_ws/src/examples/rclcpp/executors/cbg_executor -DCMAKE_INSTALL_PREFIX=/home/yirehban/ros2_ws/install/examples_rclcpp_cbg_executor
[4.255s] Invoking command in '/home/yirehban/ros2_ws/build/examples_rclcpp_cbg_executor': CMAKE_PREFIX_PATH=/opt/ros/humble /usr/bin/cmake --build /home/yirehban/ros2_ws/build/examples_rclcpp_cbg_executor -- -j6 -l6
[6.492s] [ 10%] [32mBuilding CXX object CMakeFiles/ping.dir/src/ping.cpp.o[0m
[6.493s] [ 20%] [32mBuilding CXX object CMakeFiles/ping.dir/src/examples_rclcpp_cbg_executor/ping_node.cpp.o[0m
[6.493s] [ 30%] [32mBuilding CXX object CMakeFiles/pong.dir/src/pong.cpp.o[0m
[6.493s] [ 40%] [32mBuilding CXX object CMakeFiles/pong.dir/src/examples_rclcpp_cbg_executor/pong_node.cpp.o[0m
[6.493s] [ 50%] [32mBuilding CXX object CMakeFiles/ping_pong.dir/src/ping_pong.cpp.o[0m
[6.493s] [ 60%] [32mBuilding CXX object CMakeFiles/ping_pong.dir/src/examples_rclcpp_cbg_executor/ping_node.cpp.o[0m
[54.023s] [ 70%] [32mBuilding CXX object CMakeFiles/ping_pong.dir/src/examples_rclcpp_cbg_executor/pong_node.cpp.o[0m
[54.592s] [ 80%] [32m[1mLinking CXX executable pong[0m
[55.831s] [ 80%] Built target pong
[59.963s] [ 90%] [32m[1mLinking CXX executable ping[0m
[61.284s] [ 90%] Built target ping
[75.756s] [100%] [32m[1mLinking CXX executable ping_pong[0m
[77.238s] [100%] Built target ping_pong
[77.281s] Invoked command in '/home/yirehban/ros2_ws/build/examples_rclcpp_cbg_executor' returned '0': CMAKE_PREFIX_PATH=/opt/ros/humble /usr/bin/cmake --build /home/yirehban/ros2_ws/build/examples_rclcpp_cbg_executor -- -j6 -l6
[77.288s] Invoking command in '/home/yirehban/ros2_ws/build/examples_rclcpp_cbg_executor': CMAKE_PREFIX_PATH=/opt/ros/humble /usr/bin/cmake --install /home/yirehban/ros2_ws/build/examples_rclcpp_cbg_executor
[77.315s] -- Install configuration: ""
[77.315s] -- Installing: /home/yirehban/ros2_ws/install/examples_rclcpp_cbg_executor/lib/examples_rclcpp_cbg_executor/ping
[77.334s] -- Set runtime path of "/home/yirehban/ros2_ws/install/examples_rclcpp_cbg_executor/lib/examples_rclcpp_cbg_executor/ping" to ""
[77.334s] -- Installing: /home/yirehban/ros2_ws/install/examples_rclcpp_cbg_executor/lib/examples_rclcpp_cbg_executor/pong
[77.354s] -- Set runtime path of "/home/yirehban/ros2_ws/install/examples_rclcpp_cbg_executor/lib/examples_rclcpp_cbg_executor/pong" to ""
[77.355s] -- Installing: /home/yirehban/ros2_ws/install/examples_rclcpp_cbg_executor/lib/examples_rclcpp_cbg_executor/ping_pong
[77.366s] -- Set runtime path of "/home/yirehban/ros2_ws/install/examples_rclcpp_cbg_executor/lib/examples_rclcpp_cbg_executor/ping_pong" to ""
[77.367s] -- Installing: /home/yirehban/ros2_ws/install/examples_rclcpp_cbg_executor/include
[77.367s] -- Installing: /home/yirehban/ros2_ws/install/examples_rclcpp_cbg_executor/include/examples_rclcpp_cbg_executor
[77.367s] -- Installing: /home/yirehban/ros2_ws/install/examples_rclcpp_cbg_executor/include/examples_rclcpp_cbg_executor/ping_node.hpp
[77.368s] -- Installing: /home/yirehban/ros2_ws/install/examples_rclcpp_cbg_executor/include/examples_rclcpp_cbg_executor/pong_node.hpp
[77.370s] -- Installing: /home/yirehban/ros2_ws/install/examples_rclcpp_cbg_executor/share/ament_index/resource_index/package_run_dependencies/examples_rclcpp_cbg_executor
[77.379s] -- Installing: /home/yirehban/ros2_ws/install/examples_rclcpp_cbg_executor/share/ament_index/resource_index/parent_prefix_path/examples_rclcpp_cbg_executor
[77.381s] -- Installing: /home/yirehban/ros2_ws/install/examples_rclcpp_cbg_executor/share/examples_rclcpp_cbg_executor/environment/ament_prefix_path.sh
[77.382s] -- Installing: /home/yirehban/ros2_ws/install/examples_rclcpp_cbg_executor/share/examples_rclcpp_cbg_executor/environment/ament_prefix_path.dsv
[77.384s] -- Installing: /home/yirehban/ros2_ws/install/examples_rclcpp_cbg_executor/share/examples_rclcpp_cbg_executor/environment/path.sh
[77.385s] -- Installing: /home/yirehban/ros2_ws/install/examples_rclcpp_cbg_executor/share/examples_rclcpp_cbg_executor/environment/path.dsv
[77.386s] -- Installing: /home/yirehban/ros2_ws/install/examples_rclcpp_cbg_executor/share/examples_rclcpp_cbg_executor/local_setup.bash
[77.388s] -- Installing: /home/yirehban/ros2_ws/install/examples_rclcpp_cbg_executor/share/examples_rclcpp_cbg_executor/local_setup.sh
[77.389s] -- Installing: /home/yirehban/ros2_ws/install/examples_rclcpp_cbg_executor/share/examples_rclcpp_cbg_executor/local_setup.zsh
[77.390s] -- Installing: /home/yirehban/ros2_ws/install/examples_rclcpp_cbg_executor/share/examples_rclcpp_cbg_executor/local_setup.dsv
[77.391s] -- Installing: /home/yirehban/ros2_ws/install/examples_rclcpp_cbg_executor/share/examples_rclcpp_cbg_executor/package.dsv
[77.395s] -- Installing: /home/yirehban/ros2_ws/install/examples_rclcpp_cbg_executor/share/ament_index/resource_index/packages/examples_rclcpp_cbg_executor
[77.396s] -- Installing: /home/yirehban/ros2_ws/install/examples_rclcpp_cbg_executor/share/examples_rclcpp_cbg_executor/cmake/ament_cmake_export_dependencies-extras.cmake
[77.398s] -- Installing: /home/yirehban/ros2_ws/install/examples_rclcpp_cbg_executor/share/examples_rclcpp_cbg_executor/cmake/examples_rclcpp_cbg_executorConfig.cmake
[77.400s] -- Installing: /home/yirehban/ros2_ws/install/examples_rclcpp_cbg_executor/share/examples_rclcpp_cbg_executor/cmake/examples_rclcpp_cbg_executorConfig-version.cmake
[77.401s] -- Installing: /home/yirehban/ros2_ws/install/examples_rclcpp_cbg_executor/share/examples_rclcpp_cbg_executor/package.xml
[77.414s] Invoked command in '/home/yirehban/ros2_ws/build/examples_rclcpp_cbg_executor' returned '0': CMAKE_PREFIX_PATH=/opt/ros/humble /usr/bin/cmake --install /home/yirehban/ros2_ws/build/examples_rclcpp_cbg_executor
