[0.039s] Invoking command in '/home/yirehban/ros2_ws/build/zed_multi_camera': AMENT_PREFIX_PATH=/home/yirehban/ros2_ws/install/zed_wrapper:/home/yirehban/ros2_ws/install/zed_components:${AMENT_PREFIX_PATH} CMAKE_PREFIX_PATH=/home/yirehban/ros2_ws/install/zed_wrapper:/home/yirehban/ros2_ws/install/zed_components:/opt/ros/humble LD_LIBRARY_PATH=/home/yirehban/ros2_ws/install/zed_components/lib:/opt/ros/humble/opt/rviz_ogre_vendor/lib:/opt/ros/humble/lib/aarch64-linux-gnu:/opt/ros/humble/lib:/usr/local/cuda-12.6/lib64 /usr/bin/cmake /home/yirehban/ros2_ws/src/zed-ros2-examples/tutorials/zed_multi_camera -DCMAKE_INSTALL_PREFIX=/home/yirehban/ros2_ws/install/zed_multi_camera
[0.147s] -- The C compiler identification is GNU 11.4.0
[0.272s] -- The CXX compiler identification is GNU 11.4.0
[0.285s] -- Detecting C compiler ABI info
[0.417s] -- Detecting C compiler ABI info - done
[0.435s] -- Check for working C compiler: /usr/bin/cc - skipped
[0.436s] -- Detecting C compile features
[0.437s] -- Detecting C compile features - done
[0.445s] -- Detecting CXX compiler ABI info
[0.655s] -- Detecting CXX compiler ABI info - done
[0.690s] -- Check for working CXX compiler: /usr/bin/c++ - skipped
[0.690s] -- Detecting CXX compile features
[0.691s] -- Detecting CXX compile features - done
[0.694s] -- Found ament_cmake_auto: 1.3.11 (/opt/ros/humble/share/ament_cmake_auto/cmake)
[1.086s] -- Found Python3: /usr/bin/python3 (found version "3.10.12") found components: Interpreter 
[1.534s] -- Found ament_lint_auto: 0.12.12 (/opt/ros/humble/share/ament_lint_auto/cmake)
[2.076s] -- Added test 'copyright' to check source files copyright and LICENSE
[2.079s] -- Added test 'flake8' to check Python code syntax and style conventions
[2.081s] -- Added test 'lint_cmake' to check CMake code style
[2.082s] -- Added test 'pep257' to check Python code against some of the docstring style conventions in PEP 257
[2.083s] -- Added test 'xmllint' to check XML markup files
[2.087s] -- Configuring done
[2.183s] -- Generating done
[2.185s] -- Build files have been written to: /home/yirehban/ros2_ws/build/zed_multi_camera
[2.198s] Invoked command in '/home/yirehban/ros2_ws/build/zed_multi_camera' returned '0': AMENT_PREFIX_PATH=/home/yirehban/ros2_ws/install/zed_wrapper:/home/yirehban/ros2_ws/install/zed_components:${AMENT_PREFIX_PATH} CMAKE_PREFIX_PATH=/home/yirehban/ros2_ws/install/zed_wrapper:/home/yirehban/ros2_ws/install/zed_components:/opt/ros/humble LD_LIBRARY_PATH=/home/yirehban/ros2_ws/install/zed_components/lib:/opt/ros/humble/opt/rviz_ogre_vendor/lib:/opt/ros/humble/lib/aarch64-linux-gnu:/opt/ros/humble/lib:/usr/local/cuda-12.6/lib64 /usr/bin/cmake /home/yirehban/ros2_ws/src/zed-ros2-examples/tutorials/zed_multi_camera -DCMAKE_INSTALL_PREFIX=/home/yirehban/ros2_ws/install/zed_multi_camera
[2.199s] Invoking command in '/home/yirehban/ros2_ws/build/zed_multi_camera': AMENT_PREFIX_PATH=/home/yirehban/ros2_ws/install/zed_wrapper:/home/yirehban/ros2_ws/install/zed_components:${AMENT_PREFIX_PATH} CMAKE_PREFIX_PATH=/home/yirehban/ros2_ws/install/zed_wrapper:/home/yirehban/ros2_ws/install/zed_components:/opt/ros/humble LD_LIBRARY_PATH=/home/yirehban/ros2_ws/install/zed_components/lib:/opt/ros/humble/opt/rviz_ogre_vendor/lib:/opt/ros/humble/lib/aarch64-linux-gnu:/opt/ros/humble/lib:/usr/local/cuda-12.6/lib64 /usr/bin/cmake --build /home/yirehban/ros2_ws/build/zed_multi_camera -- -j6 -l6
[2.280s] Invoked command in '/home/yirehban/ros2_ws/build/zed_multi_camera' returned '0': AMENT_PREFIX_PATH=/home/yirehban/ros2_ws/install/zed_wrapper:/home/yirehban/ros2_ws/install/zed_components:${AMENT_PREFIX_PATH} CMAKE_PREFIX_PATH=/home/yirehban/ros2_ws/install/zed_wrapper:/home/yirehban/ros2_ws/install/zed_components:/opt/ros/humble LD_LIBRARY_PATH=/home/yirehban/ros2_ws/install/zed_components/lib:/opt/ros/humble/opt/rviz_ogre_vendor/lib:/opt/ros/humble/lib/aarch64-linux-gnu:/opt/ros/humble/lib:/usr/local/cuda-12.6/lib64 /usr/bin/cmake --build /home/yirehban/ros2_ws/build/zed_multi_camera -- -j6 -l6
[2.283s] Invoking command in '/home/yirehban/ros2_ws/build/zed_multi_camera': AMENT_PREFIX_PATH=/home/yirehban/ros2_ws/install/zed_wrapper:/home/yirehban/ros2_ws/install/zed_components:${AMENT_PREFIX_PATH} CMAKE_PREFIX_PATH=/home/yirehban/ros2_ws/install/zed_wrapper:/home/yirehban/ros2_ws/install/zed_components:/opt/ros/humble LD_LIBRARY_PATH=/home/yirehban/ros2_ws/install/zed_components/lib:/opt/ros/humble/opt/rviz_ogre_vendor/lib:/opt/ros/humble/lib/aarch64-linux-gnu:/opt/ros/humble/lib:/usr/local/cuda-12.6/lib64 /usr/bin/cmake --install /home/yirehban/ros2_ws/build/zed_multi_camera
[2.298s] -- Install configuration: ""
[2.299s] -- Installing: /home/yirehban/ros2_ws/install/zed_multi_camera/share/zed_multi_camera/launch
[2.299s] -- Installing: /home/yirehban/ros2_ws/install/zed_multi_camera/share/zed_multi_camera/launch/zed_multi_camera.launch.py
[2.370s] -- Installing: /home/yirehban/ros2_ws/install/zed_multi_camera/share/zed_multi_camera/urdf
[2.370s] -- Installing: /home/yirehban/ros2_ws/install/zed_multi_camera/share/zed_multi_camera/urdf/zed_multi.urdf.xacro
[2.495s] -- Installing: /home/yirehban/ros2_ws/install/zed_multi_camera/share/ament_index/resource_index/package_run_dependencies/zed_multi_camera
[2.496s] -- Installing: /home/yirehban/ros2_ws/install/zed_multi_camera/share/ament_index/resource_index/parent_prefix_path/zed_multi_camera
[2.504s] -- Installing: /home/yirehban/ros2_ws/install/zed_multi_camera/share/zed_multi_camera/environment/ament_prefix_path.sh
[2.505s] -- Installing: /home/yirehban/ros2_ws/install/zed_multi_camera/share/zed_multi_camera/environment/ament_prefix_path.dsv
[2.506s] -- Installing: /home/yirehban/ros2_ws/install/zed_multi_camera/share/zed_multi_camera/environment/path.sh
[2.506s] -- Installing: /home/yirehban/ros2_ws/install/zed_multi_camera/share/zed_multi_camera/environment/path.dsv
[2.506s] -- Installing: /home/yirehban/ros2_ws/install/zed_multi_camera/share/zed_multi_camera/local_setup.bash
[2.507s] -- Installing: /home/yirehban/ros2_ws/install/zed_multi_camera/share/zed_multi_camera/local_setup.sh
[2.507s] -- Installing: /home/yirehban/ros2_ws/install/zed_multi_camera/share/zed_multi_camera/local_setup.zsh
[2.507s] -- Installing: /home/yirehban/ros2_ws/install/zed_multi_camera/share/zed_multi_camera/local_setup.dsv
[2.507s] -- Installing: /home/yirehban/ros2_ws/install/zed_multi_camera/share/zed_multi_camera/package.dsv
[2.507s] -- Installing: /home/yirehban/ros2_ws/install/zed_multi_camera/share/ament_index/resource_index/packages/zed_multi_camera
[2.508s] -- Installing: /home/yirehban/ros2_ws/install/zed_multi_camera/share/zed_multi_camera/cmake/zed_multi_cameraConfig.cmake
[2.508s] -- Installing: /home/yirehban/ros2_ws/install/zed_multi_camera/share/zed_multi_camera/cmake/zed_multi_cameraConfig-version.cmake
[2.508s] -- Installing: /home/yirehban/ros2_ws/install/zed_multi_camera/share/zed_multi_camera/package.xml
[2.516s] Invoked command in '/home/yirehban/ros2_ws/build/zed_multi_camera' returned '0': AMENT_PREFIX_PATH=/home/yirehban/ros2_ws/install/zed_wrapper:/home/yirehban/ros2_ws/install/zed_components:${AMENT_PREFIX_PATH} CMAKE_PREFIX_PATH=/home/yirehban/ros2_ws/install/zed_wrapper:/home/yirehban/ros2_ws/install/zed_components:/opt/ros/humble LD_LIBRARY_PATH=/home/yirehban/ros2_ws/install/zed_components/lib:/opt/ros/humble/opt/rviz_ogre_vendor/lib:/opt/ros/humble/lib/aarch64-linux-gnu:/opt/ros/humble/lib:/usr/local/cuda-12.6/lib64 /usr/bin/cmake --install /home/yirehban/ros2_ws/build/zed_multi_camera
