[3.399s] Invoking command in '/home/yirehban/ros2_ws/src/localization': PYTHONPATH=/home/yirehban/ros2_ws/build/localization/prefix_override:/usr/lib/python3/dist-packages/colcon_core/task/python/colcon_distutils_commands:/home/yirehban/ros2_ws/install/localization/lib/python3.10/site-packages:${PYTHONPATH} /usr/bin/python3 -W ignore:setup.py install is deprecated -W ignore:easy_install command is deprecated setup.py egg_info --egg-base ../../build/localization build --build-base /home/yirehban/ros2_ws/build/localization/build install --record /home/yirehban/ros2_ws/build/localization/install.log --single-version-externally-managed install_data
[3.799s] /home/yirehban/.local/lib/python3.10/site-packages/setuptools/_distutils/dist.py:289: UserWarning: Unknown distribution option: 'tests_require'
[3.799s]   warnings.warn(msg)
[4.039s] running egg_info
[4.080s] writing ../../build/localization/localization.egg-info/PKG-INFO
[4.083s] writing dependency_links to ../../build/localization/localization.egg-info/dependency_links.txt
[4.086s] writing requirements to ../../build/localization/localization.egg-info/requires.txt
[4.087s] writing top-level names to ../../build/localization/localization.egg-info/top_level.txt
[4.166s] reading manifest file '../../build/localization/localization.egg-info/SOURCES.txt'
[4.170s] writing manifest file '../../build/localization/localization.egg-info/SOURCES.txt'
[4.170s] running build
[4.170s] running build_py
[4.170s] copying localization/__init__.py -> /home/yirehban/ros2_ws/build/localization/build/lib/localization
[4.171s] running install
[4.179s] running install_lib
[4.219s] running install_data
[4.220s] copying resource/localization -> /home/yirehban/ros2_ws/install/localization/share/ament_index/resource_index/packages
[4.220s] copying package.xml -> /home/yirehban/ros2_ws/install/localization/share/localization
[4.220s] running install_egg_info
[4.261s] removing '/home/yirehban/ros2_ws/install/localization/lib/python3.10/site-packages/localization-0.0.0-py3.10.egg-info' (and everything under it)
[4.262s] Copying ../../build/localization/localization.egg-info to /home/yirehban/ros2_ws/install/localization/lib/python3.10/site-packages/localization-0.0.0-py3.10.egg-info
[4.265s] running install_scripts
[4.345s] writing list of installed files to '/home/yirehban/ros2_ws/build/localization/install.log'
