[0.036s] Invoking command in '/home/yirehban/ros2_ws/build/examples_rclcpp_minimal_action_server': CMAKE_PREFIX_PATH=/opt/ros/humble /usr/bin/cmake /home/yirehban/ros2_ws/src/examples/rclcpp/actions/minimal_action_server -DCMAKE_INSTALL_PREFIX=/home/yirehban/ros2_ws/install/examples_rclcpp_minimal_action_server
[4.052s] -- The C compiler identification is GNU 11.4.0
[4.052s] -- The CXX compiler identification is GNU 11.4.0
[4.052s] -- Detecting C compiler ABI info
[4.052s] -- Detecting C compiler ABI info - done
[4.053s] -- Check for working C compiler: /usr/bin/cc - skipped
[4.053s] -- Detecting C compile features
[4.053s] -- Detecting C compile features - done
[4.053s] -- Detecting CXX compiler ABI info
[4.053s] -- Detecting CXX compiler ABI info - done
[4.053s] -- Check for working CXX compiler: /usr/bin/c++ - skipped
[4.053s] -- Detecting CXX compile features
[4.053s] -- Detecting CXX compile features - done
[4.053s] -- Found ament_cmake: 1.3.11 (/opt/ros/humble/share/ament_cmake/cmake)
[4.053s] -- Found Python3: /usr/bin/python3 (found version "3.10.12") found components: Interpreter 
[4.054s] -- Found example_interfaces: 0.9.3 (/opt/ros/humble/share/example_interfaces/cmake)
[4.054s] -- Found rosidl_generator_c: 3.1.6 (/opt/ros/humble/share/rosidl_generator_c/cmake)
[4.054s] -- Found rosidl_adapter: 3.1.6 (/opt/ros/humble/share/rosidl_adapter/cmake)
[4.054s] -- Found rosidl_generator_cpp: 3.1.6 (/opt/ros/humble/share/rosidl_generator_cpp/cmake)
[4.054s] -- Using all available rosidl_typesupport_c: rosidl_typesupport_fastrtps_c;rosidl_typesupport_introspection_c
[4.054s] -- Using all available rosidl_typesupport_cpp: rosidl_typesupport_fastrtps_cpp;rosidl_typesupport_introspection_cpp
[4.054s] -- Found rclcpp: 16.0.12 (/opt/ros/humble/share/rclcpp/cmake)
[4.054s] -- Found rmw_implementation_cmake: 6.1.2 (/opt/ros/humble/share/rmw_implementation_cmake/cmake)
[4.054s] -- Found rmw_fastrtps_cpp: 6.2.7 (/opt/ros/humble/share/rmw_fastrtps_cpp/cmake)
[4.054s] -- Found OpenSSL: /usr/lib/aarch64-linux-gnu/libcrypto.so (found version "3.0.2")  
[4.055s] -- Found FastRTPS: /opt/ros/humble/include  
[4.055s] -- Using RMW implementation 'rmw_fastrtps_cpp' as default
[4.055s] -- Looking for pthread.h
[4.055s] -- Looking for pthread.h - found
[4.055s] -- Performing Test CMAKE_HAVE_LIBC_PTHREAD
[4.055s] -- Performing Test CMAKE_HAVE_LIBC_PTHREAD - Success
[4.055s] -- Found Threads: TRUE  
[4.055s] -- Found rclcpp_action: 16.0.12 (/opt/ros/humble/share/rclcpp_action/cmake)
[4.055s] -- Found ament_lint_auto: 0.12.12 (/opt/ros/humble/share/ament_lint_auto/cmake)
[4.066s] -- Added test 'copyright' to check source files copyright and LICENSE
[4.070s] -- Added test 'cppcheck' to perform static code analysis on C / C++ code
[4.070s] -- Configured cppcheck include dirs: 
[4.070s] -- Configured cppcheck exclude dirs and/or files: 
[4.071s] -- Added test 'cpplint' to check C / C++ code against the Google style
[4.072s] -- Configured cpplint exclude dirs and/or files: 
[4.073s] -- Added test 'lint_cmake' to check CMake code style
[4.075s] -- Added test 'uncrustify' to check C / C++ code style
[4.075s] -- Configured uncrustify additional arguments: 
[4.076s] -- Added test 'xmllint' to check XML markup files
[4.080s] -- Configuring done
[4.141s] -- Generating done
[4.156s] -- Build files have been written to: /home/yirehban/ros2_ws/build/examples_rclcpp_minimal_action_server
[4.204s] Invoked command in '/home/yirehban/ros2_ws/build/examples_rclcpp_minimal_action_server' returned '0': CMAKE_PREFIX_PATH=/opt/ros/humble /usr/bin/cmake /home/yirehban/ros2_ws/src/examples/rclcpp/actions/minimal_action_server -DCMAKE_INSTALL_PREFIX=/home/yirehban/ros2_ws/install/examples_rclcpp_minimal_action_server
[4.205s] Invoking command in '/home/yirehban/ros2_ws/build/examples_rclcpp_minimal_action_server': CMAKE_PREFIX_PATH=/opt/ros/humble /usr/bin/cmake --build /home/yirehban/ros2_ws/build/examples_rclcpp_minimal_action_server -- -j6 -l6
[4.370s] [ 25%] [32mBuilding CXX object CMakeFiles/action_server_member_functions.dir/member_functions.cpp.o[0m
[4.410s] [ 50%] [32mBuilding CXX object CMakeFiles/action_server_not_composable.dir/not_composable.cpp.o[0m
[38.307s] [ 75%] [32m[1mLinking CXX executable action_server_not_composable[0m
[39.587s] [ 75%] Built target action_server_not_composable
[43.350s] [100%] [32m[1mLinking CXX executable action_server_member_functions[0m
[43.846s] [100%] Built target action_server_member_functions
[43.895s] Invoked command in '/home/yirehban/ros2_ws/build/examples_rclcpp_minimal_action_server' returned '0': CMAKE_PREFIX_PATH=/opt/ros/humble /usr/bin/cmake --build /home/yirehban/ros2_ws/build/examples_rclcpp_minimal_action_server -- -j6 -l6
[43.912s] Invoking command in '/home/yirehban/ros2_ws/build/examples_rclcpp_minimal_action_server': CMAKE_PREFIX_PATH=/opt/ros/humble /usr/bin/cmake --install /home/yirehban/ros2_ws/build/examples_rclcpp_minimal_action_server
[44.041s] -- Install configuration: ""
[44.041s] -- Installing: /home/yirehban/ros2_ws/install/examples_rclcpp_minimal_action_server/lib/examples_rclcpp_minimal_action_server/action_server_not_composable
[44.042s] -- Set runtime path of "/home/yirehban/ros2_ws/install/examples_rclcpp_minimal_action_server/lib/examples_rclcpp_minimal_action_server/action_server_not_composable" to ""
[44.042s] -- Installing: /home/yirehban/ros2_ws/install/examples_rclcpp_minimal_action_server/lib/examples_rclcpp_minimal_action_server/action_server_member_functions
[44.042s] -- Set runtime path of "/home/yirehban/ros2_ws/install/examples_rclcpp_minimal_action_server/lib/examples_rclcpp_minimal_action_server/action_server_member_functions" to ""
[44.042s] -- Installing: /home/yirehban/ros2_ws/install/examples_rclcpp_minimal_action_server/share/ament_index/resource_index/package_run_dependencies/examples_rclcpp_minimal_action_server
[44.042s] -- Installing: /home/yirehban/ros2_ws/install/examples_rclcpp_minimal_action_server/share/ament_index/resource_index/parent_prefix_path/examples_rclcpp_minimal_action_server
[44.042s] -- Installing: /home/yirehban/ros2_ws/install/examples_rclcpp_minimal_action_server/share/examples_rclcpp_minimal_action_server/environment/ament_prefix_path.sh
[44.042s] -- Installing: /home/yirehban/ros2_ws/install/examples_rclcpp_minimal_action_server/share/examples_rclcpp_minimal_action_server/environment/ament_prefix_path.dsv
[44.042s] -- Installing: /home/yirehban/ros2_ws/install/examples_rclcpp_minimal_action_server/share/examples_rclcpp_minimal_action_server/environment/path.sh
[44.042s] -- Installing: /home/yirehban/ros2_ws/install/examples_rclcpp_minimal_action_server/share/examples_rclcpp_minimal_action_server/environment/path.dsv
[44.043s] -- Installing: /home/yirehban/ros2_ws/install/examples_rclcpp_minimal_action_server/share/examples_rclcpp_minimal_action_server/local_setup.bash
[44.043s] -- Installing: /home/yirehban/ros2_ws/install/examples_rclcpp_minimal_action_server/share/examples_rclcpp_minimal_action_server/local_setup.sh
[44.043s] -- Installing: /home/yirehban/ros2_ws/install/examples_rclcpp_minimal_action_server/share/examples_rclcpp_minimal_action_server/local_setup.zsh
[44.043s] -- Installing: /home/yirehban/ros2_ws/install/examples_rclcpp_minimal_action_server/share/examples_rclcpp_minimal_action_server/local_setup.dsv
[44.043s] -- Installing: /home/yirehban/ros2_ws/install/examples_rclcpp_minimal_action_server/share/examples_rclcpp_minimal_action_server/package.dsv
[44.043s] -- Installing: /home/yirehban/ros2_ws/install/examples_rclcpp_minimal_action_server/share/ament_index/resource_index/packages/examples_rclcpp_minimal_action_server
[44.043s] -- Installing: /home/yirehban/ros2_ws/install/examples_rclcpp_minimal_action_server/share/examples_rclcpp_minimal_action_server/cmake/examples_rclcpp_minimal_action_serverConfig.cmake
[44.043s] -- Installing: /home/yirehban/ros2_ws/install/examples_rclcpp_minimal_action_server/share/examples_rclcpp_minimal_action_server/cmake/examples_rclcpp_minimal_action_serverConfig-version.cmake
[44.043s] -- Installing: /home/yirehban/ros2_ws/install/examples_rclcpp_minimal_action_server/share/examples_rclcpp_minimal_action_server/package.xml
[44.091s] Invoked command in '/home/yirehban/ros2_ws/build/examples_rclcpp_minimal_action_server' returned '0': CMAKE_PREFIX_PATH=/opt/ros/humble /usr/bin/cmake --install /home/yirehban/ros2_ws/build/examples_rclcpp_minimal_action_server
