[2.291s] Invoking command in '/home/yirehban/ros2_ws/src/examples/rclpy/services/minimal_service': PYTHONPATH=/home/yirehban/ros2_ws/build/examples_rclpy_minimal_service/prefix_override:/usr/lib/python3/dist-packages/colcon_core/task/python/colcon_distutils_commands:/home/yirehban/ros2_ws/install/examples_rclpy_minimal_service/lib/python3.10/site-packages:${PYTHONPATH} /usr/bin/python3 -W ignore:setup.py install is deprecated -W ignore:easy_install command is deprecated setup.py egg_info --egg-base ../../../../../build/examples_rclpy_minimal_service build --build-base /home/yirehban/ros2_ws/build/examples_rclpy_minimal_service/build install --record /home/yirehban/ros2_ws/build/examples_rclpy_minimal_service/install.log --single-version-externally-managed install_data
[2.995s] running egg_info
[2.995s] creating ../../../../../build/examples_rclpy_minimal_service/examples_rclpy_minimal_service.egg-info
[2.995s] writing ../../../../../build/examples_rclpy_minimal_service/examples_rclpy_minimal_service.egg-info/PKG-INFO
[2.995s] writing dependency_links to ../../../../../build/examples_rclpy_minimal_service/examples_rclpy_minimal_service.egg-info/dependency_links.txt
[2.995s] writing entry points to ../../../../../build/examples_rclpy_minimal_service/examples_rclpy_minimal_service.egg-info/entry_points.txt
[2.995s] writing requirements to ../../../../../build/examples_rclpy_minimal_service/examples_rclpy_minimal_service.egg-info/requires.txt
[2.995s] writing top-level names to ../../../../../build/examples_rclpy_minimal_service/examples_rclpy_minimal_service.egg-info/top_level.txt
[2.996s] writing manifest file '../../../../../build/examples_rclpy_minimal_service/examples_rclpy_minimal_service.egg-info/SOURCES.txt'
[2.996s] reading manifest file '../../../../../build/examples_rclpy_minimal_service/examples_rclpy_minimal_service.egg-info/SOURCES.txt'
[2.996s] writing manifest file '../../../../../build/examples_rclpy_minimal_service/examples_rclpy_minimal_service.egg-info/SOURCES.txt'
[2.996s] running build
[2.996s] running build_py
[2.996s] creating /home/yirehban/ros2_ws/build/examples_rclpy_minimal_service/build
[2.996s] creating /home/yirehban/ros2_ws/build/examples_rclpy_minimal_service/build/lib
[2.996s] creating /home/yirehban/ros2_ws/build/examples_rclpy_minimal_service/build/lib/examples_rclpy_minimal_service
[2.996s] copying examples_rclpy_minimal_service/service.py -> /home/yirehban/ros2_ws/build/examples_rclpy_minimal_service/build/lib/examples_rclpy_minimal_service
[2.997s] copying examples_rclpy_minimal_service/__init__.py -> /home/yirehban/ros2_ws/build/examples_rclpy_minimal_service/build/lib/examples_rclpy_minimal_service
[2.997s] copying examples_rclpy_minimal_service/service_member_function.py -> /home/yirehban/ros2_ws/build/examples_rclpy_minimal_service/build/lib/examples_rclpy_minimal_service
[2.997s] running install
[2.997s] running install_lib
[2.997s] creating /home/yirehban/ros2_ws/install/examples_rclpy_minimal_service/lib/python3.10/site-packages/examples_rclpy_minimal_service
[2.997s] copying /home/yirehban/ros2_ws/build/examples_rclpy_minimal_service/build/lib/examples_rclpy_minimal_service/service.py -> /home/yirehban/ros2_ws/install/examples_rclpy_minimal_service/lib/python3.10/site-packages/examples_rclpy_minimal_service
[2.997s] copying /home/yirehban/ros2_ws/build/examples_rclpy_minimal_service/build/lib/examples_rclpy_minimal_service/__init__.py -> /home/yirehban/ros2_ws/install/examples_rclpy_minimal_service/lib/python3.10/site-packages/examples_rclpy_minimal_service
[2.997s] copying /home/yirehban/ros2_ws/build/examples_rclpy_minimal_service/build/lib/examples_rclpy_minimal_service/service_member_function.py -> /home/yirehban/ros2_ws/install/examples_rclpy_minimal_service/lib/python3.10/site-packages/examples_rclpy_minimal_service
[2.997s] byte-compiling /home/yirehban/ros2_ws/install/examples_rclpy_minimal_service/lib/python3.10/site-packages/examples_rclpy_minimal_service/service.py to service.cpython-310.pyc
[2.997s] byte-compiling /home/yirehban/ros2_ws/install/examples_rclpy_minimal_service/lib/python3.10/site-packages/examples_rclpy_minimal_service/__init__.py to __init__.cpython-310.pyc
[2.998s] byte-compiling /home/yirehban/ros2_ws/install/examples_rclpy_minimal_service/lib/python3.10/site-packages/examples_rclpy_minimal_service/service_member_function.py to service_member_function.cpython-310.pyc
[2.998s] running install_data
[2.998s] creating /home/yirehban/ros2_ws/install/examples_rclpy_minimal_service/share/ament_index
[2.998s] creating /home/yirehban/ros2_ws/install/examples_rclpy_minimal_service/share/ament_index/resource_index
[2.998s] creating /home/yirehban/ros2_ws/install/examples_rclpy_minimal_service/share/ament_index/resource_index/packages
[2.998s] copying resource/examples_rclpy_minimal_service -> /home/yirehban/ros2_ws/install/examples_rclpy_minimal_service/share/ament_index/resource_index/packages
[2.998s] copying package.xml -> /home/yirehban/ros2_ws/install/examples_rclpy_minimal_service/share/examples_rclpy_minimal_service
[2.998s] running install_egg_info
[2.998s] Copying ../../../../../build/examples_rclpy_minimal_service/examples_rclpy_minimal_service.egg-info to /home/yirehban/ros2_ws/install/examples_rclpy_minimal_service/lib/python3.10/site-packages/examples_rclpy_minimal_service-0.15.3-py3.10.egg-info
[2.998s] running install_scripts
[3.008s] Installing service script to /home/yirehban/ros2_ws/install/examples_rclpy_minimal_service/lib/examples_rclpy_minimal_service
[3.008s] Installing service_member_function script to /home/yirehban/ros2_ws/install/examples_rclpy_minimal_service/lib/examples_rclpy_minimal_service
[3.010s] writing list of installed files to '/home/yirehban/ros2_ws/build/examples_rclpy_minimal_service/install.log'
[3.146s] Invoked command in '/home/yirehban/ros2_ws/src/examples/rclpy/services/minimal_service' returned '0': PYTHONPATH=/home/yirehban/ros2_ws/build/examples_rclpy_minimal_service/prefix_override:/usr/lib/python3/dist-packages/colcon_core/task/python/colcon_distutils_commands:/home/yirehban/ros2_ws/install/examples_rclpy_minimal_service/lib/python3.10/site-packages:${PYTHONPATH} /usr/bin/python3 -W ignore:setup.py install is deprecated -W ignore:easy_install command is deprecated setup.py egg_info --egg-base ../../../../../build/examples_rclpy_minimal_service build --build-base /home/yirehban/ros2_ws/build/examples_rclpy_minimal_service/build install --record /home/yirehban/ros2_ws/build/examples_rclpy_minimal_service/install.log --single-version-externally-managed install_data
