[0.097s] Invoking command in '/home/yirehban/ros2_ws/build/examples_rclcpp_minimal_service': CMAKE_PREFIX_PATH=/opt/ros/humble /usr/bin/cmake /home/yirehban/ros2_ws/src/examples/rclcpp/services/minimal_service -DCMAKE_INSTALL_PREFIX=/home/yirehban/ros2_ws/install/examples_rclcpp_minimal_service
[0.276s] -- The C compiler identification is GNU 11.4.0
[0.442s] -- The CXX compiler identification is GNU 11.4.0
[0.477s] -- Detecting C compiler ABI info
[0.688s] -- Detecting C compiler ABI info - done
[0.701s] -- Check for working C compiler: /usr/bin/cc - skipped
[0.701s] -- Detecting C compile features
[0.702s] -- Detecting C compile features - done
[0.709s] -- Detecting CXX compiler ABI info
[1.549s] -- Detecting CXX compiler ABI info - done
[1.567s] -- Check for working CXX compiler: /usr/bin/c++ - skipped
[1.567s] -- Detecting CXX compile features
[1.573s] -- Detecting CXX compile features - done
[1.578s] -- Found ament_cmake: 1.3.11 (/opt/ros/humble/share/ament_cmake/cmake)
[2.114s] -- Found Python3: /usr/bin/python3 (found version "3.10.12") found components: Interpreter 
[2.325s] -- Found example_interfaces: 0.9.3 (/opt/ros/humble/share/example_interfaces/cmake)
[2.428s] -- Found rosidl_generator_c: 3.1.6 (/opt/ros/humble/share/rosidl_generator_c/cmake)
[2.437s] -- Found rosidl_adapter: 3.1.6 (/opt/ros/humble/share/rosidl_adapter/cmake)
[2.452s] -- Found rosidl_generator_cpp: 3.1.6 (/opt/ros/humble/share/rosidl_generator_cpp/cmake)
[2.494s] -- Using all available rosidl_typesupport_c: rosidl_typesupport_fastrtps_c;rosidl_typesupport_introspection_c
[2.527s] -- Using all available rosidl_typesupport_cpp: rosidl_typesupport_fastrtps_cpp;rosidl_typesupport_introspection_cpp
[2.627s] -- Found rclcpp: 16.0.12 (/opt/ros/humble/share/rclcpp/cmake)
[2.710s] -- Found rmw_implementation_cmake: 6.1.2 (/opt/ros/humble/share/rmw_implementation_cmake/cmake)
[2.717s] -- Found rmw_fastrtps_cpp: 6.2.7 (/opt/ros/humble/share/rmw_fastrtps_cpp/cmake)
[3.000s] -- Found OpenSSL: /usr/lib/aarch64-linux-gnu/libcrypto.so (found version "3.0.2")  
[3.068s] -- Found FastRTPS: /opt/ros/humble/include  
[3.176s] -- Using RMW implementation 'rmw_fastrtps_cpp' as default
[3.192s] -- Looking for pthread.h
[3.625s] -- Looking for pthread.h - found
[3.625s] -- Performing Test CMAKE_HAVE_LIBC_PTHREAD
[3.791s] -- Performing Test CMAKE_HAVE_LIBC_PTHREAD - Success
[3.793s] -- Found Threads: TRUE  
[3.883s] -- Found ament_lint_auto: 0.12.12 (/opt/ros/humble/share/ament_lint_auto/cmake)
[4.118s] -- Added test 'copyright' to check source files copyright and LICENSE
[4.118s] -- Added test 'cppcheck' to perform static code analysis on C / C++ code
[4.118s] -- Configured cppcheck include dirs: 
[4.118s] -- Configured cppcheck exclude dirs and/or files: 
[4.118s] -- Added test 'cpplint' to check C / C++ code against the Google style
[4.118s] -- Configured cpplint exclude dirs and/or files: 
[4.119s] -- Added test 'lint_cmake' to check CMake code style
[4.120s] -- Added test 'uncrustify' to check C / C++ code style
[4.120s] -- Configured uncrustify additional arguments: 
[4.121s] -- Added test 'xmllint' to check XML markup files
[4.124s] -- Configuring done
[4.144s] -- Generating done
[4.162s] -- Build files have been written to: /home/yirehban/ros2_ws/build/examples_rclcpp_minimal_service
[4.217s] Invoked command in '/home/yirehban/ros2_ws/build/examples_rclcpp_minimal_service' returned '0': CMAKE_PREFIX_PATH=/opt/ros/humble /usr/bin/cmake /home/yirehban/ros2_ws/src/examples/rclcpp/services/minimal_service -DCMAKE_INSTALL_PREFIX=/home/yirehban/ros2_ws/install/examples_rclcpp_minimal_service
[4.218s] Invoking command in '/home/yirehban/ros2_ws/build/examples_rclcpp_minimal_service': CMAKE_PREFIX_PATH=/opt/ros/humble /usr/bin/cmake --build /home/yirehban/ros2_ws/build/examples_rclcpp_minimal_service -- -j6 -l6
[9.455s] [ 50%] [32mBuilding CXX object CMakeFiles/service_main.dir/main.cpp.o[0m
[13.952s] [100%] [32m[1mLinking CXX executable service_main[0m
[14.351s] [100%] Built target service_main
[14.399s] Invoked command in '/home/yirehban/ros2_ws/build/examples_rclcpp_minimal_service' returned '0': CMAKE_PREFIX_PATH=/opt/ros/humble /usr/bin/cmake --build /home/yirehban/ros2_ws/build/examples_rclcpp_minimal_service -- -j6 -l6
[14.413s] Invoking command in '/home/yirehban/ros2_ws/build/examples_rclcpp_minimal_service': CMAKE_PREFIX_PATH=/opt/ros/humble /usr/bin/cmake --install /home/yirehban/ros2_ws/build/examples_rclcpp_minimal_service
[24.889s] -- Install configuration: ""
[24.889s] -- Installing: /home/yirehban/ros2_ws/install/examples_rclcpp_minimal_service/lib/examples_rclcpp_minimal_service/service_main
[24.889s] -- Set runtime path of "/home/yirehban/ros2_ws/install/examples_rclcpp_minimal_service/lib/examples_rclcpp_minimal_service/service_main" to ""
[24.889s] -- Installing: /home/yirehban/ros2_ws/install/examples_rclcpp_minimal_service/share/ament_index/resource_index/package_run_dependencies/examples_rclcpp_minimal_service
[24.889s] -- Installing: /home/yirehban/ros2_ws/install/examples_rclcpp_minimal_service/share/ament_index/resource_index/parent_prefix_path/examples_rclcpp_minimal_service
[24.889s] -- Installing: /home/yirehban/ros2_ws/install/examples_rclcpp_minimal_service/share/examples_rclcpp_minimal_service/environment/ament_prefix_path.sh
[24.890s] -- Installing: /home/yirehban/ros2_ws/install/examples_rclcpp_minimal_service/share/examples_rclcpp_minimal_service/environment/ament_prefix_path.dsv
[24.890s] -- Installing: /home/yirehban/ros2_ws/install/examples_rclcpp_minimal_service/share/examples_rclcpp_minimal_service/environment/path.sh
[24.890s] -- Installing: /home/yirehban/ros2_ws/install/examples_rclcpp_minimal_service/share/examples_rclcpp_minimal_service/environment/path.dsv
[24.890s] -- Installing: /home/yirehban/ros2_ws/install/examples_rclcpp_minimal_service/share/examples_rclcpp_minimal_service/local_setup.bash
[24.890s] -- Installing: /home/yirehban/ros2_ws/install/examples_rclcpp_minimal_service/share/examples_rclcpp_minimal_service/local_setup.sh
[24.890s] -- Installing: /home/yirehban/ros2_ws/install/examples_rclcpp_minimal_service/share/examples_rclcpp_minimal_service/local_setup.zsh
[24.890s] -- Installing: /home/yirehban/ros2_ws/install/examples_rclcpp_minimal_service/share/examples_rclcpp_minimal_service/local_setup.dsv
[24.890s] -- Installing: /home/yirehban/ros2_ws/install/examples_rclcpp_minimal_service/share/examples_rclcpp_minimal_service/package.dsv
[24.890s] -- Installing: /home/yirehban/ros2_ws/install/examples_rclcpp_minimal_service/share/ament_index/resource_index/packages/examples_rclcpp_minimal_service
[24.891s] -- Installing: /home/yirehban/ros2_ws/install/examples_rclcpp_minimal_service/share/examples_rclcpp_minimal_service/cmake/examples_rclcpp_minimal_serviceConfig.cmake
[24.891s] -- Installing: /home/yirehban/ros2_ws/install/examples_rclcpp_minimal_service/share/examples_rclcpp_minimal_service/cmake/examples_rclcpp_minimal_serviceConfig-version.cmake
[24.891s] -- Installing: /home/yirehban/ros2_ws/install/examples_rclcpp_minimal_service/share/examples_rclcpp_minimal_service/package.xml
[24.904s] Invoked command in '/home/yirehban/ros2_ws/build/examples_rclcpp_minimal_service' returned '0': CMAKE_PREFIX_PATH=/opt/ros/humble /usr/bin/cmake --install /home/yirehban/ros2_ws/build/examples_rclcpp_minimal_service
