[0.088s] Invoking command in '/home/yirehban/ros2_ws/src/build/auv_msgs': CMAKE_PREFIX_PATH=${CMAKE_PREFIX_PATH}:/home/yirehban/ros2_ws/install/vision:/home/yirehban/ros2_ws/install/mavlink_thruster_control:/home/yirehban/ros2_ws/install/launch_testing_examples:/home/yirehban/ros2_ws/install/examples_rclpy_pointcloud_publisher:/home/yirehban/ros2_ws/install/examples_rclpy_minimal_subscriber:/home/yirehban/ros2_ws/install/examples_rclpy_minimal_service:/home/yirehban/ros2_ws/install/examples_rclpy_minimal_publisher:/home/yirehban/ros2_ws/install/examples_rclpy_minimal_client:/home/yirehban/ros2_ws/install/examples_rclpy_minimal_action_server:/home/yirehban/ros2_ws/install/examples_rclpy_minimal_action_client:/home/yirehban/ros2_ws/install/examples_rclpy_guard_conditions:/home/yirehban/ros2_ws/install/examples_rclpy_executors:/opt/ros/humble /usr/bin/cmake /home/yirehban/ros2_ws/src/auv_msgs -DCMAKE_INSTALL_PREFIX=/home/yirehban/ros2_ws/src/install/auv_msgs
[0.848s] -- The C compiler identification is GNU 11.4.0
[1.148s] -- The CXX compiler identification is GNU 11.4.0
[1.179s] -- Detecting C compiler ABI info
[1.415s] -- Detecting C compiler ABI info - done
[1.446s] -- Check for working C compiler: /usr/bin/cc - skipped
[1.447s] -- Detecting C compile features
[1.447s] -- Detecting C compile features - done
[1.453s] -- Detecting CXX compiler ABI info
[1.802s] -- Detecting CXX compiler ABI info - done
[1.816s] -- Check for working CXX compiler: /usr/bin/c++ - skipped
[1.816s] -- Detecting CXX compile features
[1.816s] -- Detecting CXX compile features - done
[1.875s] -- Found ament_cmake: 1.3.12 (/opt/ros/humble/share/ament_cmake/cmake)
[3.769s] -- Found Python3: /usr/bin/python3 (found version "3.10.12") found components: Interpreter 
[4.152s] -- Found std_msgs: 4.9.0 (/opt/ros/humble/share/std_msgs/cmake)
[4.329s] -- Found rosidl_generator_c: 3.1.7 (/opt/ros/humble/share/rosidl_generator_c/cmake)
[4.354s] -- Found rosidl_adapter: 3.1.7 (/opt/ros/humble/share/rosidl_adapter/cmake)
[4.392s] -- Found rosidl_generator_cpp: 3.1.7 (/opt/ros/humble/share/rosidl_generator_cpp/cmake)
[4.482s] -- Using all available rosidl_typesupport_c: rosidl_typesupport_fastrtps_c;rosidl_typesupport_introspection_c
[4.576s] -- Using all available rosidl_typesupport_cpp: rosidl_typesupport_fastrtps_cpp;rosidl_typesupport_introspection_cpp
[4.765s] -- Found geometry_msgs: 4.9.0 (/opt/ros/humble/share/geometry_msgs/cmake)
[4.848s] -- Found ament_lint_auto: 0.12.14 (/opt/ros/humble/share/ament_lint_auto/cmake)
[5.283s] -- Added test 'lint_cmake' to check CMake code style
[5.290s] -- Added test 'xmllint' to check XML markup files
[5.304s] -- Configuring done
[5.312s] -- Generating done
[5.319s] -- Build files have been written to: /home/yirehban/ros2_ws/src/build/auv_msgs
[5.357s] Invoked command in '/home/yirehban/ros2_ws/src/build/auv_msgs' returned '0': CMAKE_PREFIX_PATH=${CMAKE_PREFIX_PATH}:/home/yirehban/ros2_ws/install/vision:/home/yirehban/ros2_ws/install/mavlink_thruster_control:/home/yirehban/ros2_ws/install/launch_testing_examples:/home/yirehban/ros2_ws/install/examples_rclpy_pointcloud_publisher:/home/yirehban/ros2_ws/install/examples_rclpy_minimal_subscriber:/home/yirehban/ros2_ws/install/examples_rclpy_minimal_service:/home/yirehban/ros2_ws/install/examples_rclpy_minimal_publisher:/home/yirehban/ros2_ws/install/examples_rclpy_minimal_client:/home/yirehban/ros2_ws/install/examples_rclpy_minimal_action_server:/home/yirehban/ros2_ws/install/examples_rclpy_minimal_action_client:/home/yirehban/ros2_ws/install/examples_rclpy_guard_conditions:/home/yirehban/ros2_ws/install/examples_rclpy_executors:/opt/ros/humble /usr/bin/cmake /home/yirehban/ros2_ws/src/auv_msgs -DCMAKE_INSTALL_PREFIX=/home/yirehban/ros2_ws/src/install/auv_msgs
[5.358s] Invoking command in '/home/yirehban/ros2_ws/src/build/auv_msgs': CMAKE_PREFIX_PATH=${CMAKE_PREFIX_PATH}:/home/yirehban/ros2_ws/install/vision:/home/yirehban/ros2_ws/install/mavlink_thruster_control:/home/yirehban/ros2_ws/install/launch_testing_examples:/home/yirehban/ros2_ws/install/examples_rclpy_pointcloud_publisher:/home/yirehban/ros2_ws/install/examples_rclpy_minimal_subscriber:/home/yirehban/ros2_ws/install/examples_rclpy_minimal_service:/home/yirehban/ros2_ws/install/examples_rclpy_minimal_publisher:/home/yirehban/ros2_ws/install/examples_rclpy_minimal_client:/home/yirehban/ros2_ws/install/examples_rclpy_minimal_action_server:/home/yirehban/ros2_ws/install/examples_rclpy_minimal_action_client:/home/yirehban/ros2_ws/install/examples_rclpy_guard_conditions:/home/yirehban/ros2_ws/install/examples_rclpy_executors:/opt/ros/humble /usr/bin/cmake --build /home/yirehban/ros2_ws/src/build/auv_msgs -- -j6 -l6
[7.470s] Invoked command in '/home/yirehban/ros2_ws/src/build/auv_msgs' returned '0': CMAKE_PREFIX_PATH=${CMAKE_PREFIX_PATH}:/home/yirehban/ros2_ws/install/vision:/home/yirehban/ros2_ws/install/mavlink_thruster_control:/home/yirehban/ros2_ws/install/launch_testing_examples:/home/yirehban/ros2_ws/install/examples_rclpy_pointcloud_publisher:/home/yirehban/ros2_ws/install/examples_rclpy_minimal_subscriber:/home/yirehban/ros2_ws/install/examples_rclpy_minimal_service:/home/yirehban/ros2_ws/install/examples_rclpy_minimal_publisher:/home/yirehban/ros2_ws/install/examples_rclpy_minimal_client:/home/yirehban/ros2_ws/install/examples_rclpy_minimal_action_server:/home/yirehban/ros2_ws/install/examples_rclpy_minimal_action_client:/home/yirehban/ros2_ws/install/examples_rclpy_guard_conditions:/home/yirehban/ros2_ws/install/examples_rclpy_executors:/opt/ros/humble /usr/bin/cmake --build /home/yirehban/ros2_ws/src/build/auv_msgs -- -j6 -l6
[7.505s] Invoking command in '/home/yirehban/ros2_ws/src/build/auv_msgs': CMAKE_PREFIX_PATH=${CMAKE_PREFIX_PATH}:/home/yirehban/ros2_ws/install/vision:/home/yirehban/ros2_ws/install/mavlink_thruster_control:/home/yirehban/ros2_ws/install/launch_testing_examples:/home/yirehban/ros2_ws/install/examples_rclpy_pointcloud_publisher:/home/yirehban/ros2_ws/install/examples_rclpy_minimal_subscriber:/home/yirehban/ros2_ws/install/examples_rclpy_minimal_service:/home/yirehban/ros2_ws/install/examples_rclpy_minimal_publisher:/home/yirehban/ros2_ws/install/examples_rclpy_minimal_client:/home/yirehban/ros2_ws/install/examples_rclpy_minimal_action_server:/home/yirehban/ros2_ws/install/examples_rclpy_minimal_action_client:/home/yirehban/ros2_ws/install/examples_rclpy_guard_conditions:/home/yirehban/ros2_ws/install/examples_rclpy_executors:/opt/ros/humble /usr/bin/cmake --install /home/yirehban/ros2_ws/src/build/auv_msgs
[7.673s] -- Install configuration: ""
[7.673s] -- Installing: /home/yirehban/ros2_ws/src/install/auv_msgs/share/ament_index/resource_index/package_run_dependencies/auv_msgs
[7.673s] -- Installing: /home/yirehban/ros2_ws/src/install/auv_msgs/share/ament_index/resource_index/parent_prefix_path/auv_msgs
[7.673s] -- Installing: /home/yirehban/ros2_ws/src/install/auv_msgs/share/auv_msgs/environment/ament_prefix_path.sh
[7.673s] -- Installing: /home/yirehban/ros2_ws/src/install/auv_msgs/share/auv_msgs/environment/ament_prefix_path.dsv
[7.673s] -- Installing: /home/yirehban/ros2_ws/src/install/auv_msgs/share/auv_msgs/environment/path.sh
[7.673s] -- Installing: /home/yirehban/ros2_ws/src/install/auv_msgs/share/auv_msgs/environment/path.dsv
[7.673s] -- Installing: /home/yirehban/ros2_ws/src/install/auv_msgs/share/auv_msgs/local_setup.bash
[7.674s] -- Installing: /home/yirehban/ros2_ws/src/install/auv_msgs/share/auv_msgs/local_setup.sh
[7.674s] -- Installing: /home/yirehban/ros2_ws/src/install/auv_msgs/share/auv_msgs/local_setup.zsh
[7.674s] -- Installing: /home/yirehban/ros2_ws/src/install/auv_msgs/share/auv_msgs/local_setup.dsv
[7.674s] -- Installing: /home/yirehban/ros2_ws/src/install/auv_msgs/share/auv_msgs/package.dsv
[7.674s] -- Installing: /home/yirehban/ros2_ws/src/install/auv_msgs/share/ament_index/resource_index/packages/auv_msgs
[7.674s] -- Installing: /home/yirehban/ros2_ws/src/install/auv_msgs/share/auv_msgs/cmake/auv_msgsConfig.cmake
[7.674s] -- Installing: /home/yirehban/ros2_ws/src/install/auv_msgs/share/auv_msgs/cmake/auv_msgsConfig-version.cmake
[7.674s] -- Installing: /home/yirehban/ros2_ws/src/install/auv_msgs/share/auv_msgs/package.xml
[7.677s] Invoked command in '/home/yirehban/ros2_ws/src/build/auv_msgs' returned '0': CMAKE_PREFIX_PATH=${CMAKE_PREFIX_PATH}:/home/yirehban/ros2_ws/install/vision:/home/yirehban/ros2_ws/install/mavlink_thruster_control:/home/yirehban/ros2_ws/install/launch_testing_examples:/home/yirehban/ros2_ws/install/examples_rclpy_pointcloud_publisher:/home/yirehban/ros2_ws/install/examples_rclpy_minimal_subscriber:/home/yirehban/ros2_ws/install/examples_rclpy_minimal_service:/home/yirehban/ros2_ws/install/examples_rclpy_minimal_publisher:/home/yirehban/ros2_ws/install/examples_rclpy_minimal_client:/home/yirehban/ros2_ws/install/examples_rclpy_minimal_action_server:/home/yirehban/ros2_ws/install/examples_rclpy_minimal_action_client:/home/yirehban/ros2_ws/install/examples_rclpy_guard_conditions:/home/yirehban/ros2_ws/install/examples_rclpy_executors:/opt/ros/humble /usr/bin/cmake --install /home/yirehban/ros2_ws/src/build/auv_msgs
