[0.032s] Invoking command in '/home/yirehban/ros2_ws/build/zed_robot_integration': AMENT_PREFIX_PATH=/home/yirehban/ros2_ws/install/zed_wrapper:/home/yirehban/ros2_ws/install/zed_components:${AMENT_PREFIX_PATH} CMAKE_PREFIX_PATH=/home/yirehban/ros2_ws/install/zed_wrapper:/home/yirehban/ros2_ws/install/zed_components:/opt/ros/humble LD_LIBRARY_PATH=/home/yirehban/ros2_ws/install/zed_components/lib:/opt/ros/humble/opt/rviz_ogre_vendor/lib:/opt/ros/humble/lib/aarch64-linux-gnu:/opt/ros/humble/lib:/usr/local/cuda-12.6/lib64 /usr/bin/cmake /home/yirehban/ros2_ws/src/zed-ros2-examples/tutorials/zed_robot_integration -DCMAKE_INSTALL_PREFIX=/home/yirehban/ros2_ws/install/zed_robot_integration
[0.383s] -- The C compiler identification is GNU 11.4.0
[0.384s] -- The CXX compiler identification is GNU 11.4.0
[0.384s] -- Detecting C compiler ABI info
[0.434s] -- Detecting C compiler ABI info - done
[0.447s] -- Check for working C compiler: /usr/bin/cc - skipped
[0.447s] -- Detecting C compile features
[0.448s] -- Detecting C compile features - done
[0.454s] -- Detecting CXX compiler ABI info
[0.657s] -- Detecting CXX compiler ABI info - done
[0.664s] -- Check for working CXX compiler: /usr/bin/c++ - skipped
[0.678s] -- Detecting CXX compile features
[0.679s] -- Detecting CXX compile features - done
[0.684s] -- Found ament_cmake: 1.3.11 (/opt/ros/humble/share/ament_cmake/cmake)
[1.062s] -- Found Python3: /usr/bin/python3 (found version "3.10.12") found components: Interpreter 
[1.531s] -- Configuring done
[1.552s] -- Generating done
[1.558s] -- Build files have been written to: /home/yirehban/ros2_ws/build/zed_robot_integration
[1.569s] Invoked command in '/home/yirehban/ros2_ws/build/zed_robot_integration' returned '0': AMENT_PREFIX_PATH=/home/yirehban/ros2_ws/install/zed_wrapper:/home/yirehban/ros2_ws/install/zed_components:${AMENT_PREFIX_PATH} CMAKE_PREFIX_PATH=/home/yirehban/ros2_ws/install/zed_wrapper:/home/yirehban/ros2_ws/install/zed_components:/opt/ros/humble LD_LIBRARY_PATH=/home/yirehban/ros2_ws/install/zed_components/lib:/opt/ros/humble/opt/rviz_ogre_vendor/lib:/opt/ros/humble/lib/aarch64-linux-gnu:/opt/ros/humble/lib:/usr/local/cuda-12.6/lib64 /usr/bin/cmake /home/yirehban/ros2_ws/src/zed-ros2-examples/tutorials/zed_robot_integration -DCMAKE_INSTALL_PREFIX=/home/yirehban/ros2_ws/install/zed_robot_integration
[1.573s] Invoking command in '/home/yirehban/ros2_ws/build/zed_robot_integration': AMENT_PREFIX_PATH=/home/yirehban/ros2_ws/install/zed_wrapper:/home/yirehban/ros2_ws/install/zed_components:${AMENT_PREFIX_PATH} CMAKE_PREFIX_PATH=/home/yirehban/ros2_ws/install/zed_wrapper:/home/yirehban/ros2_ws/install/zed_components:/opt/ros/humble LD_LIBRARY_PATH=/home/yirehban/ros2_ws/install/zed_components/lib:/opt/ros/humble/opt/rviz_ogre_vendor/lib:/opt/ros/humble/lib/aarch64-linux-gnu:/opt/ros/humble/lib:/usr/local/cuda-12.6/lib64 /usr/bin/cmake --build /home/yirehban/ros2_ws/build/zed_robot_integration -- -j6 -l6
[2.184s] Invoked command in '/home/yirehban/ros2_ws/build/zed_robot_integration' returned '0': AMENT_PREFIX_PATH=/home/yirehban/ros2_ws/install/zed_wrapper:/home/yirehban/ros2_ws/install/zed_components:${AMENT_PREFIX_PATH} CMAKE_PREFIX_PATH=/home/yirehban/ros2_ws/install/zed_wrapper:/home/yirehban/ros2_ws/install/zed_components:/opt/ros/humble LD_LIBRARY_PATH=/home/yirehban/ros2_ws/install/zed_components/lib:/opt/ros/humble/opt/rviz_ogre_vendor/lib:/opt/ros/humble/lib/aarch64-linux-gnu:/opt/ros/humble/lib:/usr/local/cuda-12.6/lib64 /usr/bin/cmake --build /home/yirehban/ros2_ws/build/zed_robot_integration -- -j6 -l6
[2.185s] Invoking command in '/home/yirehban/ros2_ws/build/zed_robot_integration': AMENT_PREFIX_PATH=/home/yirehban/ros2_ws/install/zed_wrapper:/home/yirehban/ros2_ws/install/zed_components:${AMENT_PREFIX_PATH} CMAKE_PREFIX_PATH=/home/yirehban/ros2_ws/install/zed_wrapper:/home/yirehban/ros2_ws/install/zed_components:/opt/ros/humble LD_LIBRARY_PATH=/home/yirehban/ros2_ws/install/zed_components/lib:/opt/ros/humble/opt/rviz_ogre_vendor/lib:/opt/ros/humble/lib/aarch64-linux-gnu:/opt/ros/humble/lib:/usr/local/cuda-12.6/lib64 /usr/bin/cmake --install /home/yirehban/ros2_ws/build/zed_robot_integration
[2.199s] -- Install configuration: ""
[2.199s] -- Installing: /home/yirehban/ros2_ws/install/zed_robot_integration/share/zed_robot_integration//launch
[2.226s] -- Installing: /home/yirehban/ros2_ws/install/zed_robot_integration/share/zed_robot_integration//launch/view_dual_zed.launch.py
[2.347s] -- Installing: /home/yirehban/ros2_ws/install/zed_robot_integration/share/zed_robot_integration//launch/view_mono_zed.launch.py
[2.409s] -- Installing: /home/yirehban/ros2_ws/install/zed_robot_integration/share/zed_robot_integration//urdf
[2.486s] -- Installing: /home/yirehban/ros2_ws/install/zed_robot_integration/share/zed_robot_integration//urdf/zed_robot_dual.urdf.xacro
[2.539s] -- Installing: /home/yirehban/ros2_ws/install/zed_robot_integration/share/zed_robot_integration//urdf/zed_robot_mono.urdf.xacro
[2.672s] -- Installing: /home/yirehban/ros2_ws/install/zed_robot_integration/share/zed_robot_integration//rviz2
[2.736s] -- Installing: /home/yirehban/ros2_ws/install/zed_robot_integration/share/zed_robot_integration//rviz2/view_config.rviz
[2.802s] -- Installing: /home/yirehban/ros2_ws/install/zed_robot_integration/share/ament_index/resource_index/package_run_dependencies/zed_robot_integration
[2.804s] -- Installing: /home/yirehban/ros2_ws/install/zed_robot_integration/share/ament_index/resource_index/parent_prefix_path/zed_robot_integration
[2.805s] -- Installing: /home/yirehban/ros2_ws/install/zed_robot_integration/share/zed_robot_integration/environment/ament_prefix_path.sh
[2.805s] -- Installing: /home/yirehban/ros2_ws/install/zed_robot_integration/share/zed_robot_integration/environment/ament_prefix_path.dsv
[2.805s] -- Installing: /home/yirehban/ros2_ws/install/zed_robot_integration/share/zed_robot_integration/environment/path.sh
[2.806s] -- Installing: /home/yirehban/ros2_ws/install/zed_robot_integration/share/zed_robot_integration/environment/path.dsv
[2.806s] -- Installing: /home/yirehban/ros2_ws/install/zed_robot_integration/share/zed_robot_integration/local_setup.bash
[2.806s] -- Installing: /home/yirehban/ros2_ws/install/zed_robot_integration/share/zed_robot_integration/local_setup.sh
[2.807s] -- Installing: /home/yirehban/ros2_ws/install/zed_robot_integration/share/zed_robot_integration/local_setup.zsh
[2.807s] -- Installing: /home/yirehban/ros2_ws/install/zed_robot_integration/share/zed_robot_integration/local_setup.dsv
[2.808s] -- Installing: /home/yirehban/ros2_ws/install/zed_robot_integration/share/zed_robot_integration/package.dsv
[2.808s] -- Installing: /home/yirehban/ros2_ws/install/zed_robot_integration/share/ament_index/resource_index/packages/zed_robot_integration
[2.809s] -- Installing: /home/yirehban/ros2_ws/install/zed_robot_integration/share/zed_robot_integration/cmake/zed_robot_integrationConfig.cmake
[2.809s] -- Installing: /home/yirehban/ros2_ws/install/zed_robot_integration/share/zed_robot_integration/cmake/zed_robot_integrationConfig-version.cmake
[2.810s] -- Installing: /home/yirehban/ros2_ws/install/zed_robot_integration/share/zed_robot_integration/package.xml
[2.825s] Invoked command in '/home/yirehban/ros2_ws/build/zed_robot_integration' returned '0': AMENT_PREFIX_PATH=/home/yirehban/ros2_ws/install/zed_wrapper:/home/yirehban/ros2_ws/install/zed_components:${AMENT_PREFIX_PATH} CMAKE_PREFIX_PATH=/home/yirehban/ros2_ws/install/zed_wrapper:/home/yirehban/ros2_ws/install/zed_components:/opt/ros/humble LD_LIBRARY_PATH=/home/yirehban/ros2_ws/install/zed_components/lib:/opt/ros/humble/opt/rviz_ogre_vendor/lib:/opt/ros/humble/lib/aarch64-linux-gnu:/opt/ros/humble/lib:/usr/local/cuda-12.6/lib64 /usr/bin/cmake --install /home/yirehban/ros2_ws/build/zed_robot_integration
