[ 20%] [32mBuilding CXX object CMakeFiles/bt_runner.dir/main.cpp.o[0m
[ 40%] [32m[1mLinking CXX executable bt_runner[0m
[100%] Built target bt_runner
-- Install configuration: ""
-- Execute custom install script
-- Up-to-date symlink: /home/yirehban/ros2_ws/install/mission/lib/mission/bt_runner
-- Up-to-date symlink: /home/yirehban/ros2_ws/install/mission/share/ament_index/resource_index/package_run_dependencies/mission
-- Up-to-date symlink: /home/yirehban/ros2_ws/install/mission/share/ament_index/resource_index/parent_prefix_path/mission
-- Up-to-date symlink: /home/yirehban/ros2_ws/install/mission/share/mission/environment/ament_prefix_path.sh
-- Up-to-date symlink: /home/yirehban/ros2_ws/install/mission/share/mission/environment/ament_prefix_path.dsv
-- Up-to-date symlink: /home/yirehban/ros2_ws/install/mission/share/mission/environment/path.sh
-- Up-to-date symlink: /home/yirehban/ros2_ws/install/mission/share/mission/environment/path.dsv
-- Up-to-date symlink: /home/yirehban/ros2_ws/install/mission/share/mission/local_setup.bash
-- Up-to-date symlink: /home/yirehban/ros2_ws/install/mission/share/mission/local_setup.sh
-- Up-to-date symlink: /home/yirehban/ros2_ws/install/mission/share/mission/local_setup.zsh
-- Up-to-date symlink: /home/yirehban/ros2_ws/install/mission/share/mission/local_setup.dsv
-- Symlinking: /home/yirehban/ros2_ws/install/mission/share/mission/package.dsv
-- Up-to-date symlink: /home/yirehban/ros2_ws/install/mission/share/ament_index/resource_index/packages/mission
-- Up-to-date symlink: /home/yirehban/ros2_ws/install/mission/share/mission/cmake/missionConfig.cmake
-- Up-to-date symlink: /home/yirehban/ros2_ws/install/mission/share/mission/cmake/missionConfig-version.cmake
-- Up-to-date symlink: /home/yirehban/ros2_ws/install/mission/share/mission/package.xml
