running egg_info
creating ../../build/vision/vision.egg-info
writing ../../build/vision/vision.egg-info/PKG-INFO
writing dependency_links to ../../build/vision/vision.egg-info/dependency_links.txt
writing entry points to ../../build/vision/vision.egg-info/entry_points.txt
writing requirements to ../../build/vision/vision.egg-info/requires.txt
writing top-level names to ../../build/vision/vision.egg-info/top_level.txt
writing manifest file '../../build/vision/vision.egg-info/SOURCES.txt'
reading manifest file '../../build/vision/vision.egg-info/SOURCES.txt'
writing manifest file '../../build/vision/vision.egg-info/SOURCES.txt'
running build
running build_py
creating /home/yirehban/ros2_ws/build/vision/build
creating /home/yirehban/ros2_ws/build/vision/build/lib
creating /home/yirehban/ros2_ws/build/vision/build/lib/vision
copying vision/obj_det.py -> /home/yirehban/ros2_ws/build/vision/build/lib/vision
copying vision/detector.py -> /home/yirehban/ros2_ws/build/vision/build/lib/vision
copying vision/__init__.py -> /home/yirehban/ros2_ws/build/vision/build/lib/vision
copying vision/custom_internal_detector.py -> /home/yirehban/ros2_ws/build/vision/build/lib/vision
copying vision/object_detection_image_viewer.py -> /home/yirehban/ros2_ws/build/vision/build/lib/vision
running install
running install_lib
creating /home/yirehban/ros2_ws/install/vision/lib/python3.10/site-packages/vision
copying /home/yirehban/ros2_ws/build/vision/build/lib/vision/obj_det.py -> /home/yirehban/ros2_ws/install/vision/lib/python3.10/site-packages/vision
copying /home/yirehban/ros2_ws/build/vision/build/lib/vision/detector.py -> /home/yirehban/ros2_ws/install/vision/lib/python3.10/site-packages/vision
copying /home/yirehban/ros2_ws/build/vision/build/lib/vision/__init__.py -> /home/yirehban/ros2_ws/install/vision/lib/python3.10/site-packages/vision
copying /home/yirehban/ros2_ws/build/vision/build/lib/vision/custom_internal_detector.py -> /home/yirehban/ros2_ws/install/vision/lib/python3.10/site-packages/vision
copying /home/yirehban/ros2_ws/build/vision/build/lib/vision/object_detection_image_viewer.py -> /home/yirehban/ros2_ws/install/vision/lib/python3.10/site-packages/vision
byte-compiling /home/yirehban/ros2_ws/install/vision/lib/python3.10/site-packages/vision/obj_det.py to obj_det.cpython-310.pyc
byte-compiling /home/yirehban/ros2_ws/install/vision/lib/python3.10/site-packages/vision/detector.py to detector.cpython-310.pyc
byte-compiling /home/yirehban/ros2_ws/install/vision/lib/python3.10/site-packages/vision/__init__.py to __init__.cpython-310.pyc
byte-compiling /home/yirehban/ros2_ws/install/vision/lib/python3.10/site-packages/vision/custom_internal_detector.py to custom_internal_detector.cpython-310.pyc
byte-compiling /home/yirehban/ros2_ws/install/vision/lib/python3.10/site-packages/vision/object_detection_image_viewer.py to object_detection_image_viewer.cpython-310.pyc
running install_data
creating /home/yirehban/ros2_ws/install/vision/share/ament_index
creating /home/yirehban/ros2_ws/install/vision/share/ament_index/resource_index
creating /home/yirehban/ros2_ws/install/vision/share/ament_index/resource_index/packages
copying resource/vision -> /home/yirehban/ros2_ws/install/vision/share/ament_index/resource_index/packages
copying package.xml -> /home/yirehban/ros2_ws/install/vision/share/vision
running install_egg_info
Copying ../../build/vision/vision.egg-info to /home/yirehban/ros2_ws/install/vision/lib/python3.10/site-packages/vision-0.0.0-py3.10.egg-info
running install_scripts
writing list of installed files to '/home/yirehban/ros2_ws/build/vision/install.log'
