[4.665s] Invoking command in '/home/yirehban/ros2_ws/src/examples/rclpy/services/minimal_client': PYTHONPATH=/home/yirehban/ros2_ws/build/examples_rclpy_minimal_client/prefix_override:/usr/lib/python3/dist-packages/colcon_core/task/python/colcon_distutils_commands:/home/yirehban/ros2_ws/install/examples_rclpy_minimal_client/lib/python3.10/site-packages:${PYTHONPATH} /usr/bin/python3 -W ignore:setup.py install is deprecated -W ignore:easy_install command is deprecated setup.py egg_info --egg-base ../../../../../build/examples_rclpy_minimal_client build --build-base /home/yirehban/ros2_ws/build/examples_rclpy_minimal_client/build install --record /home/yirehban/ros2_ws/build/examples_rclpy_minimal_client/install.log --single-version-externally-managed install_data
[5.266s] /home/yirehban/.local/lib/python3.10/site-packages/setuptools/_distutils/dist.py:289: UserWarning: Unknown distribution option: 'tests_require'
[5.266s]   warnings.warn(msg)
[5.350s] /home/yirehban/.local/lib/python3.10/site-packages/setuptools/dist.py:759: SetuptoolsDeprecationWarning: License classifiers are deprecated.
[5.350s] !!
[5.350s] 
[5.350s]         ********************************************************************************
[5.350s]         Please consider removing the following classifiers in favor of a SPDX license expression:
[5.350s] 
[5.351s]         License :: OSI Approved :: Apache Software License
[5.351s] 
[5.351s]         See https://packaging.python.org/en/latest/guides/writing-pyproject-toml/#license for details.
[5.351s]         ********************************************************************************
[5.351s] 
[5.351s] !!
[5.351s]   self._finalize_license_expression()
[5.538s] running egg_info
[5.577s] writing ../../../../../build/examples_rclpy_minimal_client/examples_rclpy_minimal_client.egg-info/PKG-INFO
[5.579s] writing dependency_links to ../../../../../build/examples_rclpy_minimal_client/examples_rclpy_minimal_client.egg-info/dependency_links.txt
[5.579s] writing entry points to ../../../../../build/examples_rclpy_minimal_client/examples_rclpy_minimal_client.egg-info/entry_points.txt
[5.580s] writing requirements to ../../../../../build/examples_rclpy_minimal_client/examples_rclpy_minimal_client.egg-info/requires.txt
[5.580s] writing top-level names to ../../../../../build/examples_rclpy_minimal_client/examples_rclpy_minimal_client.egg-info/top_level.txt
[5.686s] reading manifest file '../../../../../build/examples_rclpy_minimal_client/examples_rclpy_minimal_client.egg-info/SOURCES.txt'
[5.689s] writing manifest file '../../../../../build/examples_rclpy_minimal_client/examples_rclpy_minimal_client.egg-info/SOURCES.txt'
[5.689s] running build
[5.690s] running build_py
[5.691s] copying examples_rclpy_minimal_client/client_async_member_function.py -> /home/yirehban/ros2_ws/build/examples_rclpy_minimal_client/build/lib/examples_rclpy_minimal_client
[5.694s] copying examples_rclpy_minimal_client/client.py -> /home/yirehban/ros2_ws/build/examples_rclpy_minimal_client/build/lib/examples_rclpy_minimal_client
[5.695s] copying examples_rclpy_minimal_client/__init__.py -> /home/yirehban/ros2_ws/build/examples_rclpy_minimal_client/build/lib/examples_rclpy_minimal_client
[5.697s] copying examples_rclpy_minimal_client/client_async_callback.py -> /home/yirehban/ros2_ws/build/examples_rclpy_minimal_client/build/lib/examples_rclpy_minimal_client
[5.698s] copying examples_rclpy_minimal_client/client_async.py -> /home/yirehban/ros2_ws/build/examples_rclpy_minimal_client/build/lib/examples_rclpy_minimal_client
[5.698s] running install
[5.706s] running install_lib
[5.787s] running install_data
[5.787s] copying resource/examples_rclpy_minimal_client -> /home/yirehban/ros2_ws/install/examples_rclpy_minimal_client/share/ament_index/resource_index/packages
[5.787s] copying package.xml -> /home/yirehban/ros2_ws/install/examples_rclpy_minimal_client/share/examples_rclpy_minimal_client
[5.788s] running install_egg_info
[5.834s] removing '/home/yirehban/ros2_ws/install/examples_rclpy_minimal_client/lib/python3.10/site-packages/examples_rclpy_minimal_client-0.15.3-py3.10.egg-info' (and everything under it)
[5.835s] Copying ../../../../../build/examples_rclpy_minimal_client/examples_rclpy_minimal_client.egg-info to /home/yirehban/ros2_ws/install/examples_rclpy_minimal_client/lib/python3.10/site-packages/examples_rclpy_minimal_client-0.15.3-py3.10.egg-info
[5.842s] running install_scripts
[5.935s] Installing client script to /home/yirehban/ros2_ws/install/examples_rclpy_minimal_client/lib/examples_rclpy_minimal_client
[5.936s] Installing client_async script to /home/yirehban/ros2_ws/install/examples_rclpy_minimal_client/lib/examples_rclpy_minimal_client
[5.936s] Installing client_async_callback script to /home/yirehban/ros2_ws/install/examples_rclpy_minimal_client/lib/examples_rclpy_minimal_client
[5.936s] Installing client_async_member_function script to /home/yirehban/ros2_ws/install/examples_rclpy_minimal_client/lib/examples_rclpy_minimal_client
[5.938s] writing list of installed files to '/home/yirehban/ros2_ws/build/examples_rclpy_minimal_client/install.log'
[6.226s] Invoked command in '/home/yirehban/ros2_ws/src/examples/rclpy/services/minimal_client' returned '0': PYTHONPATH=/home/yirehban/ros2_ws/build/examples_rclpy_minimal_client/prefix_override:/usr/lib/python3/dist-packages/colcon_core/task/python/colcon_distutils_commands:/home/yirehban/ros2_ws/install/examples_rclpy_minimal_client/lib/python3.10/site-packages:${PYTHONPATH} /usr/bin/python3 -W ignore:setup.py install is deprecated -W ignore:easy_install command is deprecated setup.py egg_info --egg-base ../../../../../build/examples_rclpy_minimal_client build --build-base /home/yirehban/ros2_ws/build/examples_rclpy_minimal_client/build install --record /home/yirehban/ros2_ws/build/examples_rclpy_minimal_client/install.log --single-version-externally-managed install_data
