running egg_info
creating ../../build/mavlink_thruster_control/mavlink_thruster_control.egg-info
writing ../../build/mavlink_thruster_control/mavlink_thruster_control.egg-info/PKG-INFO
writing dependency_links to ../../build/mavlink_thruster_control/mavlink_thruster_control.egg-info/dependency_links.txt
writing entry points to ../../build/mavlink_thruster_control/mavlink_thruster_control.egg-info/entry_points.txt
writing requirements to ../../build/mavlink_thruster_control/mavlink_thruster_control.egg-info/requires.txt
writing top-level names to ../../build/mavlink_thruster_control/mavlink_thruster_control.egg-info/top_level.txt
writing manifest file '../../build/mavlink_thruster_control/mavlink_thruster_control.egg-info/SOURCES.txt'
reading manifest file '../../build/mavlink_thruster_control/mavlink_thruster_control.egg-info/SOURCES.txt'
writing manifest file '../../build/mavlink_thruster_control/mavlink_thruster_control.egg-info/SOURCES.txt'
running build
running build_py
creating /home/yirehban/ros2_ws/build/mavlink_thruster_control/build
creating /home/yirehban/ros2_ws/build/mavlink_thruster_control/build/lib
creating /home/yirehban/ros2_ws/build/mavlink_thruster_control/build/lib/mavlink_thruster_control
copying mavlink_thruster_control/thruster_node.py -> /home/yirehban/ros2_ws/build/mavlink_thruster_control/build/lib/mavlink_thruster_control
copying mavlink_thruster_control/__init__.py -> /home/yirehban/ros2_ws/build/mavlink_thruster_control/build/lib/mavlink_thruster_control
running install
running install_lib
creating /home/yirehban/ros2_ws/install/mavlink_thruster_control/lib/python3.10/site-packages/mavlink_thruster_control
copying /home/yirehban/ros2_ws/build/mavlink_thruster_control/build/lib/mavlink_thruster_control/thruster_node.py -> /home/yirehban/ros2_ws/install/mavlink_thruster_control/lib/python3.10/site-packages/mavlink_thruster_control
copying /home/yirehban/ros2_ws/build/mavlink_thruster_control/build/lib/mavlink_thruster_control/__init__.py -> /home/yirehban/ros2_ws/install/mavlink_thruster_control/lib/python3.10/site-packages/mavlink_thruster_control
byte-compiling /home/yirehban/ros2_ws/install/mavlink_thruster_control/lib/python3.10/site-packages/mavlink_thruster_control/thruster_node.py to thruster_node.cpython-310.pyc
byte-compiling /home/yirehban/ros2_ws/install/mavlink_thruster_control/lib/python3.10/site-packages/mavlink_thruster_control/__init__.py to __init__.cpython-310.pyc
running install_data
creating /home/yirehban/ros2_ws/install/mavlink_thruster_control/share/ament_index
creating /home/yirehban/ros2_ws/install/mavlink_thruster_control/share/ament_index/resource_index
creating /home/yirehban/ros2_ws/install/mavlink_thruster_control/share/ament_index/resource_index/packages
copying resource/mavlink_thruster_control -> /home/yirehban/ros2_ws/install/mavlink_thruster_control/share/ament_index/resource_index/packages
copying package.xml -> /home/yirehban/ros2_ws/install/mavlink_thruster_control/share/mavlink_thruster_control
running install_egg_info
Copying ../../build/mavlink_thruster_control/mavlink_thruster_control.egg-info to /home/yirehban/ros2_ws/install/mavlink_thruster_control/lib/python3.10/site-packages/mavlink_thruster_control-0.0.0-py3.10.egg-info
running install_scripts
Installing thruster_node script to /home/yirehban/ros2_ws/install/mavlink_thruster_control/lib/mavlink_thruster_control
writing list of installed files to '/home/yirehban/ros2_ws/build/mavlink_thruster_control/install.log'
