[2.205s] Invoking command in '/home/yirehban/ros2_ws/src/mavlink_thruster_control': PYTHONPATH=/home/yirehban/ros2_ws/build/mavlink_thruster_control/prefix_override:/usr/lib/python3/dist-packages/colcon_core/task/python/colcon_distutils_commands:/home/yirehban/ros2_ws/install/mavlink_thruster_control/lib/python3.10/site-packages:${PYTHONPATH} /usr/bin/python3 -W ignore:setup.py install is deprecated -W ignore:easy_install command is deprecated setup.py egg_info --egg-base ../../build/mavlink_thruster_control build --build-base /home/yirehban/ros2_ws/build/mavlink_thruster_control/build install --record /home/yirehban/ros2_ws/build/mavlink_thruster_control/install.log --single-version-externally-managed install_data
[4.024s] running egg_info
[4.024s] creating ../../build/mavlink_thruster_control/mavlink_thruster_control.egg-info
[4.025s] writing ../../build/mavlink_thruster_control/mavlink_thruster_control.egg-info/PKG-INFO
[4.025s] writing dependency_links to ../../build/mavlink_thruster_control/mavlink_thruster_control.egg-info/dependency_links.txt
[4.025s] writing entry points to ../../build/mavlink_thruster_control/mavlink_thruster_control.egg-info/entry_points.txt
[4.025s] writing requirements to ../../build/mavlink_thruster_control/mavlink_thruster_control.egg-info/requires.txt
[4.025s] writing top-level names to ../../build/mavlink_thruster_control/mavlink_thruster_control.egg-info/top_level.txt
[4.025s] writing manifest file '../../build/mavlink_thruster_control/mavlink_thruster_control.egg-info/SOURCES.txt'
[4.025s] reading manifest file '../../build/mavlink_thruster_control/mavlink_thruster_control.egg-info/SOURCES.txt'
[4.025s] writing manifest file '../../build/mavlink_thruster_control/mavlink_thruster_control.egg-info/SOURCES.txt'
[4.025s] running build
[4.026s] running build_py
[4.026s] creating /home/yirehban/ros2_ws/build/mavlink_thruster_control/build
[4.026s] creating /home/yirehban/ros2_ws/build/mavlink_thruster_control/build/lib
[4.026s] creating /home/yirehban/ros2_ws/build/mavlink_thruster_control/build/lib/mavlink_thruster_control
[4.026s] copying mavlink_thruster_control/thruster_node.py -> /home/yirehban/ros2_ws/build/mavlink_thruster_control/build/lib/mavlink_thruster_control
[4.026s] copying mavlink_thruster_control/__init__.py -> /home/yirehban/ros2_ws/build/mavlink_thruster_control/build/lib/mavlink_thruster_control
[4.026s] running install
[4.026s] running install_lib
[4.026s] creating /home/yirehban/ros2_ws/install/mavlink_thruster_control/lib/python3.10/site-packages/mavlink_thruster_control
[4.026s] copying /home/yirehban/ros2_ws/build/mavlink_thruster_control/build/lib/mavlink_thruster_control/thruster_node.py -> /home/yirehban/ros2_ws/install/mavlink_thruster_control/lib/python3.10/site-packages/mavlink_thruster_control
[4.027s] copying /home/yirehban/ros2_ws/build/mavlink_thruster_control/build/lib/mavlink_thruster_control/__init__.py -> /home/yirehban/ros2_ws/install/mavlink_thruster_control/lib/python3.10/site-packages/mavlink_thruster_control
[4.027s] byte-compiling /home/yirehban/ros2_ws/install/mavlink_thruster_control/lib/python3.10/site-packages/mavlink_thruster_control/thruster_node.py to thruster_node.cpython-310.pyc
[4.027s] byte-compiling /home/yirehban/ros2_ws/install/mavlink_thruster_control/lib/python3.10/site-packages/mavlink_thruster_control/__init__.py to __init__.cpython-310.pyc
[4.027s] running install_data
[4.027s] creating /home/yirehban/ros2_ws/install/mavlink_thruster_control/share/ament_index
[4.027s] creating /home/yirehban/ros2_ws/install/mavlink_thruster_control/share/ament_index/resource_index
[4.027s] creating /home/yirehban/ros2_ws/install/mavlink_thruster_control/share/ament_index/resource_index/packages
[4.027s] copying resource/mavlink_thruster_control -> /home/yirehban/ros2_ws/install/mavlink_thruster_control/share/ament_index/resource_index/packages
[4.027s] copying package.xml -> /home/yirehban/ros2_ws/install/mavlink_thruster_control/share/mavlink_thruster_control
[4.028s] running install_egg_info
[4.028s] Copying ../../build/mavlink_thruster_control/mavlink_thruster_control.egg-info to /home/yirehban/ros2_ws/install/mavlink_thruster_control/lib/python3.10/site-packages/mavlink_thruster_control-0.0.0-py3.10.egg-info
[4.028s] running install_scripts
[4.028s] Installing thruster_node script to /home/yirehban/ros2_ws/install/mavlink_thruster_control/lib/mavlink_thruster_control
[4.028s] writing list of installed files to '/home/yirehban/ros2_ws/build/mavlink_thruster_control/install.log'
[4.034s] Invoked command in '/home/yirehban/ros2_ws/src/mavlink_thruster_control' returned '0': PYTHONPATH=/home/yirehban/ros2_ws/build/mavlink_thruster_control/prefix_override:/usr/lib/python3/dist-packages/colcon_core/task/python/colcon_distutils_commands:/home/yirehban/ros2_ws/install/mavlink_thruster_control/lib/python3.10/site-packages:${PYTHONPATH} /usr/bin/python3 -W ignore:setup.py install is deprecated -W ignore:easy_install command is deprecated setup.py egg_info --egg-base ../../build/mavlink_thruster_control build --build-base /home/yirehban/ros2_ws/build/mavlink_thruster_control/build install --record /home/yirehban/ros2_ws/build/mavlink_thruster_control/install.log --single-version-externally-managed install_data
