[0.141s] Invoking command in '/home/yirehban/ros2_ws/build/zed_components': CMAKE_PREFIX_PATH=${CMAKE_PREFIX_PATH}:/home/yirehban/ros2_ws/install/vision:/home/yirehban/ros2_ws/install/mavlink_thruster_control:/home/yirehban/ros2_ws/install/launch_testing_examples:/home/yirehban/ros2_ws/install/examples_rclpy_pointcloud_publisher:/home/yirehban/ros2_ws/install/examples_rclpy_minimal_subscriber:/home/yirehban/ros2_ws/install/examples_rclpy_minimal_service:/home/yirehban/ros2_ws/install/examples_rclpy_minimal_publisher:/home/yirehban/ros2_ws/install/examples_rclpy_minimal_client:/home/yirehban/ros2_ws/install/examples_rclpy_minimal_action_server:/home/yirehban/ros2_ws/install/examples_rclpy_minimal_action_client:/home/yirehban/ros2_ws/install/examples_rclpy_guard_conditions:/home/yirehban/ros2_ws/install/examples_rclpy_executors:/opt/ros/humble /usr/bin/cmake --build /home/yirehban/ros2_ws/build/zed_components -- -j6 -l6
[0.408s] [35m[1mConsolidate compiler generated dependencies of target zed_camera_component[0m
[0.475s] [35m[1mConsolidate compiler generated dependencies of target zed_camera_one_component[0m
[0.555s] [ 57%] Built target zed_camera_component
[0.613s] [100%] Built target zed_camera_one_component
[0.692s] Invoked command in '/home/yirehban/ros2_ws/build/zed_components' returned '0': CMAKE_PREFIX_PATH=${CMAKE_PREFIX_PATH}:/home/yirehban/ros2_ws/install/vision:/home/yirehban/ros2_ws/install/mavlink_thruster_control:/home/yirehban/ros2_ws/install/launch_testing_examples:/home/yirehban/ros2_ws/install/examples_rclpy_pointcloud_publisher:/home/yirehban/ros2_ws/install/examples_rclpy_minimal_subscriber:/home/yirehban/ros2_ws/install/examples_rclpy_minimal_service:/home/yirehban/ros2_ws/install/examples_rclpy_minimal_publisher:/home/yirehban/ros2_ws/install/examples_rclpy_minimal_client:/home/yirehban/ros2_ws/install/examples_rclpy_minimal_action_server:/home/yirehban/ros2_ws/install/examples_rclpy_minimal_action_client:/home/yirehban/ros2_ws/install/examples_rclpy_guard_conditions:/home/yirehban/ros2_ws/install/examples_rclpy_executors:/opt/ros/humble /usr/bin/cmake --build /home/yirehban/ros2_ws/build/zed_components -- -j6 -l6
[0.696s] Invoking command in '/home/yirehban/ros2_ws/build/zed_components': CMAKE_PREFIX_PATH=${CMAKE_PREFIX_PATH}:/home/yirehban/ros2_ws/install/vision:/home/yirehban/ros2_ws/install/mavlink_thruster_control:/home/yirehban/ros2_ws/install/launch_testing_examples:/home/yirehban/ros2_ws/install/examples_rclpy_pointcloud_publisher:/home/yirehban/ros2_ws/install/examples_rclpy_minimal_subscriber:/home/yirehban/ros2_ws/install/examples_rclpy_minimal_service:/home/yirehban/ros2_ws/install/examples_rclpy_minimal_publisher:/home/yirehban/ros2_ws/install/examples_rclpy_minimal_client:/home/yirehban/ros2_ws/install/examples_rclpy_minimal_action_server:/home/yirehban/ros2_ws/install/examples_rclpy_minimal_action_client:/home/yirehban/ros2_ws/install/examples_rclpy_guard_conditions:/home/yirehban/ros2_ws/install/examples_rclpy_executors:/opt/ros/humble /usr/bin/cmake --install /home/yirehban/ros2_ws/build/zed_components
[0.713s] -- Install configuration: "Release"
[0.725s] -- Installing: /home/yirehban/ros2_ws/install/zed_components/lib/libzed_camera_component.so
[0.745s] -- Set runtime path of "/home/yirehban/ros2_ws/install/zed_components/lib/libzed_camera_component.so" to ""
[0.751s] -- Installing: /home/yirehban/ros2_ws/install/zed_components/lib/libzed_camera_one_component.so
[0.759s] -- Set runtime path of "/home/yirehban/ros2_ws/install/zed_components/lib/libzed_camera_one_component.so" to ""
[0.759s] -- Up-to-date: /home/yirehban/ros2_ws/install/zed_components/include/zed_components/
[0.760s] -- Up-to-date: /home/yirehban/ros2_ws/install/zed_components/include/zed_components//zed_camera_one_component.hpp
[0.761s] -- Up-to-date: /home/yirehban/ros2_ws/install/zed_components/include/zed_components//zed_camera_component.hpp
[0.761s] -- Up-to-date: /home/yirehban/ros2_ws/install/zed_components/include/zed_components//cost_traversability.hpp
[0.763s] -- Up-to-date: /home/yirehban/ros2_ws/install/zed_components/include/zed_components/
[0.764s] -- Up-to-date: /home/yirehban/ros2_ws/install/zed_components/include/zed_components//sl_win_avg.hpp
[0.764s] -- Up-to-date: /home/yirehban/ros2_ws/install/zed_components/include/zed_components//sl_logging.hpp
[0.765s] -- Up-to-date: /home/yirehban/ros2_ws/install/zed_components/include/zed_components//sl_tools.hpp
[0.765s] -- Up-to-date: /home/yirehban/ros2_ws/install/zed_components/include/zed_components//sl_types.hpp
[0.766s] -- Up-to-date: /home/yirehban/ros2_ws/install/zed_components/include/zed_components//json.hpp
[0.766s] -- Up-to-date: /home/yirehban/ros2_ws/install/zed_components/include/zed_components//gnss_replay.hpp
[0.766s] -- Up-to-date: /home/yirehban/ros2_ws/install/zed_components/include/zed_components/
[0.766s] -- Up-to-date: /home/yirehban/ros2_ws/install/zed_components/include/zed_components//visibility_control.hpp
[0.766s] -- Installing: /home/yirehban/ros2_ws/install/zed_components/share/zed_components/environment/library_path.sh
[0.767s] -- Installing: /home/yirehban/ros2_ws/install/zed_components/share/zed_components/environment/library_path.dsv
[0.767s] -- Up-to-date: /home/yirehban/ros2_ws/install/zed_components/share/ament_index/resource_index/package_run_dependencies/zed_components
[0.767s] -- Installing: /home/yirehban/ros2_ws/install/zed_components/share/ament_index/resource_index/parent_prefix_path/zed_components
[0.767s] -- Installing: /home/yirehban/ros2_ws/install/zed_components/share/zed_components/environment/ament_prefix_path.sh
[0.768s] -- Installing: /home/yirehban/ros2_ws/install/zed_components/share/zed_components/environment/ament_prefix_path.dsv
[0.768s] -- Installing: /home/yirehban/ros2_ws/install/zed_components/share/zed_components/environment/path.sh
[0.768s] -- Installing: /home/yirehban/ros2_ws/install/zed_components/share/zed_components/environment/path.dsv
[0.768s] -- Up-to-date: /home/yirehban/ros2_ws/install/zed_components/share/zed_components/local_setup.bash
[0.768s] -- Up-to-date: /home/yirehban/ros2_ws/install/zed_components/share/zed_components/local_setup.sh
[0.768s] -- Up-to-date: /home/yirehban/ros2_ws/install/zed_components/share/zed_components/local_setup.zsh
[0.768s] -- Installing: /home/yirehban/ros2_ws/install/zed_components/share/zed_components/local_setup.dsv
[0.769s] -- Installing: /home/yirehban/ros2_ws/install/zed_components/share/zed_components/package.dsv
[0.769s] -- Up-to-date: /home/yirehban/ros2_ws/install/zed_components/share/ament_index/resource_index/packages/zed_components
[0.769s] -- Up-to-date: /home/yirehban/ros2_ws/install/zed_components/share/ament_index/resource_index/rclcpp_components/zed_components
[0.769s] -- Up-to-date: /home/yirehban/ros2_ws/install/zed_components/share/zed_components/cmake/ament_cmake_export_include_directories-extras.cmake
[0.769s] -- Up-to-date: /home/yirehban/ros2_ws/install/zed_components/share/zed_components/cmake/ament_cmake_export_libraries-extras.cmake
[0.769s] -- Up-to-date: /home/yirehban/ros2_ws/install/zed_components/share/zed_components/cmake/ament_cmake_export_dependencies-extras.cmake
[0.769s] -- Up-to-date: /home/yirehban/ros2_ws/install/zed_components/share/zed_components/cmake/zed_componentsConfig.cmake
[0.770s] -- Up-to-date: /home/yirehban/ros2_ws/install/zed_components/share/zed_components/cmake/zed_componentsConfig-version.cmake
[0.770s] -- Up-to-date: /home/yirehban/ros2_ws/install/zed_components/share/zed_components/package.xml
[0.866s] Invoked command in '/home/yirehban/ros2_ws/build/zed_components' returned '0': CMAKE_PREFIX_PATH=${CMAKE_PREFIX_PATH}:/home/yirehban/ros2_ws/install/vision:/home/yirehban/ros2_ws/install/mavlink_thruster_control:/home/yirehban/ros2_ws/install/launch_testing_examples:/home/yirehban/ros2_ws/install/examples_rclpy_pointcloud_publisher:/home/yirehban/ros2_ws/install/examples_rclpy_minimal_subscriber:/home/yirehban/ros2_ws/install/examples_rclpy_minimal_service:/home/yirehban/ros2_ws/install/examples_rclpy_minimal_publisher:/home/yirehban/ros2_ws/install/examples_rclpy_minimal_client:/home/yirehban/ros2_ws/install/examples_rclpy_minimal_action_server:/home/yirehban/ros2_ws/install/examples_rclpy_minimal_action_client:/home/yirehban/ros2_ws/install/examples_rclpy_guard_conditions:/home/yirehban/ros2_ws/install/examples_rclpy_executors:/opt/ros/humble /usr/bin/cmake --install /home/yirehban/ros2_ws/build/zed_components
