/home/yirehban/.local/lib/python3.10/site-packages/setuptools/_distutils/dist.py:289: UserWarning: Unknown distribution option: 'tests_require'
  warnings.warn(msg)
/home/yirehban/.local/lib/python3.10/site-packages/setuptools/dist.py:759: SetuptoolsDeprecationWarning: License classifiers are deprecated.
!!

        ********************************************************************************
        Please consider removing the following classifiers in favor of a SPDX license expression:

        License :: OSI Approved :: Apache Software License

        See https://packaging.python.org/en/latest/guides/writing-pyproject-toml/#license for details.
        ********************************************************************************

!!
  self._finalize_license_expression()
running egg_info
writing ../../../../build/examples_rclpy_guard_conditions/examples_rclpy_guard_conditions.egg-info/PKG-INFO
writing dependency_links to ../../../../build/examples_rclpy_guard_conditions/examples_rclpy_guard_conditions.egg-info/dependency_links.txt
writing entry points to ../../../../build/examples_rclpy_guard_conditions/examples_rclpy_guard_conditions.egg-info/entry_points.txt
writing requirements to ../../../../build/examples_rclpy_guard_conditions/examples_rclpy_guard_conditions.egg-info/requires.txt
writing top-level names to ../../../../build/examples_rclpy_guard_conditions/examples_rclpy_guard_conditions.egg-info/top_level.txt
reading manifest file '../../../../build/examples_rclpy_guard_conditions/examples_rclpy_guard_conditions.egg-info/SOURCES.txt'
writing manifest file '../../../../build/examples_rclpy_guard_conditions/examples_rclpy_guard_conditions.egg-info/SOURCES.txt'
running build
running build_py
copying examples_rclpy_guard_conditions/__init__.py -> /home/yirehban/ros2_ws/build/examples_rclpy_guard_conditions/build/lib/examples_rclpy_guard_conditions
copying examples_rclpy_guard_conditions/trigger_guard_condition.py -> /home/yirehban/ros2_ws/build/examples_rclpy_guard_conditions/build/lib/examples_rclpy_guard_conditions
running install
running install_lib
running install_data
copying resource/examples_rclpy_guard_conditions -> /home/yirehban/ros2_ws/install/examples_rclpy_guard_conditions/share/ament_index/resource_index/packages
copying package.xml -> /home/yirehban/ros2_ws/install/examples_rclpy_guard_conditions/share/examples_rclpy_guard_conditions
running install_egg_info
removing '/home/yirehban/ros2_ws/install/examples_rclpy_guard_conditions/lib/python3.10/site-packages/examples_rclpy_guard_conditions-0.15.3-py3.10.egg-info' (and everything under it)
Copying ../../../../build/examples_rclpy_guard_conditions/examples_rclpy_guard_conditions.egg-info to /home/yirehban/ros2_ws/install/examples_rclpy_guard_conditions/lib/python3.10/site-packages/examples_rclpy_guard_conditions-0.15.3-py3.10.egg-info
running install_scripts
Installing trigger_guard_condition script to /home/yirehban/ros2_ws/install/examples_rclpy_guard_conditions/lib/examples_rclpy_guard_conditions
writing list of installed files to '/home/yirehban/ros2_ws/build/examples_rclpy_guard_conditions/install.log'
