[1.680s] Invoking command in '/home/yirehban/ros2_ws/src/vision': CMAKE_PREFIX_PATH=/home/yirehban/ros2_ws/install/auv_msgs:/home/yirehban/ros2_ws/install/zed_ros2:/home/yirehban/ros2_ws/install/zed_robot_integration:/home/yirehban/ros2_ws/install/zed_ipc:/home/yirehban/ros2_ws/install/zed_multi_camera:/home/yirehban/ros2_ws/install/zed_display_rviz2:/home/yirehban/ros2_ws/install/zed_depth_to_laserscan:/home/yirehban/ros2_ws/install/zed_wrapper:/home/yirehban/ros2_ws/install/zed_tutorial_video:/home/yirehban/ros2_ws/install/zed_tutorial_pos_tracking:/home/yirehban/ros2_ws/install/zed_tutorial_depth:/home/yirehban/ros2_ws/install/zed_topic_benchmark:/home/yirehban/ros2_ws/install/zed_topic_benchmark_component:/home/yirehban/ros2_ws/install/zed_topic_benchmark_interfaces:/home/yirehban/ros2_ws/install/zed_rgb_convert:/home/yirehban/ros2_ws/install/zed_aruco_localization:/home/yirehban/ros2_ws/install/zed_components:/home/yirehban/ros2_ws/install/rviz_plugin_zed_od:/home/yirehban/ros2_ws/install/examples_rclcpp_wait_set:/home/yirehban/ros2_ws/install/examples_rclcpp_multithreaded_executor:/home/yirehban/ros2_ws/install/examples_rclcpp_minimal_timer:/home/yirehban/ros2_ws/install/examples_rclcpp_minimal_subscriber:/home/yirehban/ros2_ws/install/examples_rclcpp_minimal_service:/home/yirehban/ros2_ws/install/examples_rclcpp_minimal_publisher:/home/yirehban/ros2_ws/install/examples_rclcpp_minimal_composition:/home/yirehban/ros2_ws/install/examples_rclcpp_minimal_client:/home/yirehban/ros2_ws/install/examples_rclcpp_minimal_action_server:/home/yirehban/ros2_ws/install/examples_rclcpp_minimal_action_client:/home/yirehban/ros2_ws/install/examples_rclcpp_cbg_executor:/home/yirehban/ros2_ws/install/examples_rclcpp_async_client PYTHONPATH=/home/yirehban/ros2_ws/build/vision/prefix_override:/usr/lib/python3/dist-packages/colcon_core/task/python/colcon_distutils_commands:/home/yirehban/ros2_ws/install/vision/lib/python3.10/site-packages:${PYTHONPATH} /usr/bin/python3 -W ignore:setup.py install is deprecated -W ignore:easy_install command is deprecated setup.py egg_info --egg-base ../../build/vision build --build-base /home/yirehban/ros2_ws/build/vision/build install --record /home/yirehban/ros2_ws/build/vision/install.log --install-scripts $base/lib/vision --single-version-externally-managed
[2.224s] /home/yirehban/.local/lib/python3.10/site-packages/setuptools/dist.py:717: UserWarning: Usage of dash-separated 'script-dir' will not be supported in future versions. Please use the underscore name 'script_dir' instead
[2.225s]   warnings.warn(
[2.274s] running egg_info
[2.275s] writing ../../build/vision/vision.egg-info/PKG-INFO
[2.276s] writing dependency_links to ../../build/vision/vision.egg-info/dependency_links.txt
[2.276s] writing entry points to ../../build/vision/vision.egg-info/entry_points.txt
[2.276s] writing top-level names to ../../build/vision/vision.egg-info/top_level.txt
[2.281s] reading manifest file '../../build/vision/vision.egg-info/SOURCES.txt'
[2.283s] writing manifest file '../../build/vision/vision.egg-info/SOURCES.txt'
[2.283s] running build
[2.283s] running build_py
[2.284s] copying vision/ogl_viewer/viewer.py -> /home/yirehban/ros2_ws/build/vision/build/lib/vision/ogl_viewer
[2.285s] running install
[2.285s] running install_lib
[2.287s] copying /home/yirehban/ros2_ws/build/vision/build/lib/vision/ogl_viewer/viewer.py -> /home/yirehban/ros2_ws/install/vision/lib/python3.10/site-packages/vision/ogl_viewer
[2.289s] byte-compiling /home/yirehban/ros2_ws/install/vision/lib/python3.10/site-packages/vision/ogl_viewer/viewer.py to viewer.cpython-310.pyc
[2.299s] running install_egg_info
[2.303s] removing '/home/yirehban/ros2_ws/install/vision/lib/python3.10/site-packages/vision-0.0.0-py3.10.egg-info' (and everything under it)
[2.303s] Copying ../../build/vision/vision.egg-info to /home/yirehban/ros2_ws/install/vision/lib/python3.10/site-packages/vision-0.0.0-py3.10.egg-info
[2.304s] running install_scripts
[2.345s] Installing detector script to /home/yirehban/ros2_ws/install/vision/lib/vision
[2.346s] writing list of installed files to '/home/yirehban/ros2_ws/build/vision/install.log'
[2.426s] Invoked command in '/home/yirehban/ros2_ws/src/vision' returned '0': CMAKE_PREFIX_PATH=/home/yirehban/ros2_ws/install/auv_msgs:/home/yirehban/ros2_ws/install/zed_ros2:/home/yirehban/ros2_ws/install/zed_robot_integration:/home/yirehban/ros2_ws/install/zed_ipc:/home/yirehban/ros2_ws/install/zed_multi_camera:/home/yirehban/ros2_ws/install/zed_display_rviz2:/home/yirehban/ros2_ws/install/zed_depth_to_laserscan:/home/yirehban/ros2_ws/install/zed_wrapper:/home/yirehban/ros2_ws/install/zed_tutorial_video:/home/yirehban/ros2_ws/install/zed_tutorial_pos_tracking:/home/yirehban/ros2_ws/install/zed_tutorial_depth:/home/yirehban/ros2_ws/install/zed_topic_benchmark:/home/yirehban/ros2_ws/install/zed_topic_benchmark_component:/home/yirehban/ros2_ws/install/zed_topic_benchmark_interfaces:/home/yirehban/ros2_ws/install/zed_rgb_convert:/home/yirehban/ros2_ws/install/zed_aruco_localization:/home/yirehban/ros2_ws/install/zed_components:/home/yirehban/ros2_ws/install/rviz_plugin_zed_od:/home/yirehban/ros2_ws/install/examples_rclcpp_wait_set:/home/yirehban/ros2_ws/install/examples_rclcpp_multithreaded_executor:/home/yirehban/ros2_ws/install/examples_rclcpp_minimal_timer:/home/yirehban/ros2_ws/install/examples_rclcpp_minimal_subscriber:/home/yirehban/ros2_ws/install/examples_rclcpp_minimal_service:/home/yirehban/ros2_ws/install/examples_rclcpp_minimal_publisher:/home/yirehban/ros2_ws/install/examples_rclcpp_minimal_composition:/home/yirehban/ros2_ws/install/examples_rclcpp_minimal_client:/home/yirehban/ros2_ws/install/examples_rclcpp_minimal_action_server:/home/yirehban/ros2_ws/install/examples_rclcpp_minimal_action_client:/home/yirehban/ros2_ws/install/examples_rclcpp_cbg_executor:/home/yirehban/ros2_ws/install/examples_rclcpp_async_client PYTHONPATH=/home/yirehban/ros2_ws/build/vision/prefix_override:/usr/lib/python3/dist-packages/colcon_core/task/python/colcon_distutils_commands:/home/yirehban/ros2_ws/install/vision/lib/python3.10/site-packages:${PYTHONPATH} /usr/bin/python3 -W ignore:setup.py install is deprecated -W ignore:easy_install command is deprecated setup.py egg_info --egg-base ../../build/vision build --build-base /home/yirehban/ros2_ws/build/vision/build install --record /home/yirehban/ros2_ws/build/vision/install.log --install-scripts $base/lib/vision --single-version-externally-managed
