[0.116s] Invoking command in '/home/yirehban/ros2_ws/build/examples_rclcpp_cbg_executor': CMAKE_PREFIX_PATH=${CMAKE_PREFIX_PATH}:/home/yirehban/ros2_ws/install/vision:/home/yirehban/ros2_ws/install/mavlink_thruster_control:/home/yirehban/ros2_ws/install/launch_testing_examples:/home/yirehban/ros2_ws/install/examples_rclpy_pointcloud_publisher:/home/yirehban/ros2_ws/install/examples_rclpy_minimal_subscriber:/home/yirehban/ros2_ws/install/examples_rclpy_minimal_service:/home/yirehban/ros2_ws/install/examples_rclpy_minimal_publisher:/home/yirehban/ros2_ws/install/examples_rclpy_minimal_client:/home/yirehban/ros2_ws/install/examples_rclpy_minimal_action_server:/home/yirehban/ros2_ws/install/examples_rclpy_minimal_action_client:/home/yirehban/ros2_ws/install/examples_rclpy_guard_conditions:/home/yirehban/ros2_ws/install/examples_rclpy_executors:/opt/ros/humble /usr/bin/cmake --build /home/yirehban/ros2_ws/build/examples_rclcpp_cbg_executor -- -j6 -l6
[0.283s] [35m[1mConsolidate compiler generated dependencies of target ping[0m
[0.329s] [35m[1mConsolidate compiler generated dependencies of target ping_pong[0m
[0.373s] [35m[1mConsolidate compiler generated dependencies of target pong[0m
[0.405s] [ 30%] Built target ping
[0.475s] [ 70%] Built target ping_pong
[0.483s] [100%] Built target pong
[0.610s] Invoked command in '/home/yirehban/ros2_ws/build/examples_rclcpp_cbg_executor' returned '0': CMAKE_PREFIX_PATH=${CMAKE_PREFIX_PATH}:/home/yirehban/ros2_ws/install/vision:/home/yirehban/ros2_ws/install/mavlink_thruster_control:/home/yirehban/ros2_ws/install/launch_testing_examples:/home/yirehban/ros2_ws/install/examples_rclpy_pointcloud_publisher:/home/yirehban/ros2_ws/install/examples_rclpy_minimal_subscriber:/home/yirehban/ros2_ws/install/examples_rclpy_minimal_service:/home/yirehban/ros2_ws/install/examples_rclpy_minimal_publisher:/home/yirehban/ros2_ws/install/examples_rclpy_minimal_client:/home/yirehban/ros2_ws/install/examples_rclpy_minimal_action_server:/home/yirehban/ros2_ws/install/examples_rclpy_minimal_action_client:/home/yirehban/ros2_ws/install/examples_rclpy_guard_conditions:/home/yirehban/ros2_ws/install/examples_rclpy_executors:/opt/ros/humble /usr/bin/cmake --build /home/yirehban/ros2_ws/build/examples_rclcpp_cbg_executor -- -j6 -l6
[0.619s] Invoking command in '/home/yirehban/ros2_ws/build/examples_rclcpp_cbg_executor': CMAKE_PREFIX_PATH=${CMAKE_PREFIX_PATH}:/home/yirehban/ros2_ws/install/vision:/home/yirehban/ros2_ws/install/mavlink_thruster_control:/home/yirehban/ros2_ws/install/launch_testing_examples:/home/yirehban/ros2_ws/install/examples_rclpy_pointcloud_publisher:/home/yirehban/ros2_ws/install/examples_rclpy_minimal_subscriber:/home/yirehban/ros2_ws/install/examples_rclpy_minimal_service:/home/yirehban/ros2_ws/install/examples_rclpy_minimal_publisher:/home/yirehban/ros2_ws/install/examples_rclpy_minimal_client:/home/yirehban/ros2_ws/install/examples_rclpy_minimal_action_server:/home/yirehban/ros2_ws/install/examples_rclpy_minimal_action_client:/home/yirehban/ros2_ws/install/examples_rclpy_guard_conditions:/home/yirehban/ros2_ws/install/examples_rclpy_executors:/opt/ros/humble /usr/bin/cmake --install /home/yirehban/ros2_ws/build/examples_rclcpp_cbg_executor
[0.637s] -- Install configuration: ""
[0.638s] -- Up-to-date: /home/yirehban/ros2_ws/install/examples_rclcpp_cbg_executor/lib/examples_rclcpp_cbg_executor/ping
[0.638s] -- Up-to-date: /home/yirehban/ros2_ws/install/examples_rclcpp_cbg_executor/lib/examples_rclcpp_cbg_executor/pong
[0.639s] -- Up-to-date: /home/yirehban/ros2_ws/install/examples_rclcpp_cbg_executor/lib/examples_rclcpp_cbg_executor/ping_pong
[0.640s] -- Up-to-date: /home/yirehban/ros2_ws/install/examples_rclcpp_cbg_executor/include
[0.640s] -- Up-to-date: /home/yirehban/ros2_ws/install/examples_rclcpp_cbg_executor/include/examples_rclcpp_cbg_executor
[0.641s] -- Up-to-date: /home/yirehban/ros2_ws/install/examples_rclcpp_cbg_executor/include/examples_rclcpp_cbg_executor/ping_node.hpp
[0.641s] -- Up-to-date: /home/yirehban/ros2_ws/install/examples_rclcpp_cbg_executor/include/examples_rclcpp_cbg_executor/pong_node.hpp
[0.642s] -- Up-to-date: /home/yirehban/ros2_ws/install/examples_rclcpp_cbg_executor/share/ament_index/resource_index/package_run_dependencies/examples_rclcpp_cbg_executor
[0.642s] -- Up-to-date: /home/yirehban/ros2_ws/install/examples_rclcpp_cbg_executor/share/ament_index/resource_index/parent_prefix_path/examples_rclcpp_cbg_executor
[0.645s] -- Up-to-date: /home/yirehban/ros2_ws/install/examples_rclcpp_cbg_executor/share/examples_rclcpp_cbg_executor/environment/ament_prefix_path.sh
[0.650s] -- Up-to-date: /home/yirehban/ros2_ws/install/examples_rclcpp_cbg_executor/share/examples_rclcpp_cbg_executor/environment/ament_prefix_path.dsv
[0.651s] -- Up-to-date: /home/yirehban/ros2_ws/install/examples_rclcpp_cbg_executor/share/examples_rclcpp_cbg_executor/environment/path.sh
[0.651s] -- Up-to-date: /home/yirehban/ros2_ws/install/examples_rclcpp_cbg_executor/share/examples_rclcpp_cbg_executor/environment/path.dsv
[0.651s] -- Up-to-date: /home/yirehban/ros2_ws/install/examples_rclcpp_cbg_executor/share/examples_rclcpp_cbg_executor/local_setup.bash
[0.652s] -- Up-to-date: /home/yirehban/ros2_ws/install/examples_rclcpp_cbg_executor/share/examples_rclcpp_cbg_executor/local_setup.sh
[0.654s] -- Up-to-date: /home/yirehban/ros2_ws/install/examples_rclcpp_cbg_executor/share/examples_rclcpp_cbg_executor/local_setup.zsh
[0.654s] -- Up-to-date: /home/yirehban/ros2_ws/install/examples_rclcpp_cbg_executor/share/examples_rclcpp_cbg_executor/local_setup.dsv
[0.654s] -- Installing: /home/yirehban/ros2_ws/install/examples_rclcpp_cbg_executor/share/examples_rclcpp_cbg_executor/package.dsv
[0.654s] -- Up-to-date: /home/yirehban/ros2_ws/install/examples_rclcpp_cbg_executor/share/ament_index/resource_index/packages/examples_rclcpp_cbg_executor
[0.654s] -- Up-to-date: /home/yirehban/ros2_ws/install/examples_rclcpp_cbg_executor/share/examples_rclcpp_cbg_executor/cmake/ament_cmake_export_dependencies-extras.cmake
[0.655s] -- Up-to-date: /home/yirehban/ros2_ws/install/examples_rclcpp_cbg_executor/share/examples_rclcpp_cbg_executor/cmake/examples_rclcpp_cbg_executorConfig.cmake
[0.655s] -- Up-to-date: /home/yirehban/ros2_ws/install/examples_rclcpp_cbg_executor/share/examples_rclcpp_cbg_executor/cmake/examples_rclcpp_cbg_executorConfig-version.cmake
[0.655s] -- Up-to-date: /home/yirehban/ros2_ws/install/examples_rclcpp_cbg_executor/share/examples_rclcpp_cbg_executor/package.xml
[0.735s] Invoked command in '/home/yirehban/ros2_ws/build/examples_rclcpp_cbg_executor' returned '0': CMAKE_PREFIX_PATH=${CMAKE_PREFIX_PATH}:/home/yirehban/ros2_ws/install/vision:/home/yirehban/ros2_ws/install/mavlink_thruster_control:/home/yirehban/ros2_ws/install/launch_testing_examples:/home/yirehban/ros2_ws/install/examples_rclpy_pointcloud_publisher:/home/yirehban/ros2_ws/install/examples_rclpy_minimal_subscriber:/home/yirehban/ros2_ws/install/examples_rclpy_minimal_service:/home/yirehban/ros2_ws/install/examples_rclpy_minimal_publisher:/home/yirehban/ros2_ws/install/examples_rclpy_minimal_client:/home/yirehban/ros2_ws/install/examples_rclpy_minimal_action_server:/home/yirehban/ros2_ws/install/examples_rclpy_minimal_action_client:/home/yirehban/ros2_ws/install/examples_rclpy_guard_conditions:/home/yirehban/ros2_ws/install/examples_rclpy_executors:/opt/ros/humble /usr/bin/cmake --install /home/yirehban/ros2_ws/build/examples_rclcpp_cbg_executor
