[1.579s] Invoking command in '/home/yirehban/ros2_ws/src/vision': CMAKE_PREFIX_PATH=/home/yirehban/ros2_ws/install/auv_msgs:/home/yirehban/ros2_ws/install/zed_ros2:/home/yirehban/ros2_ws/install/zed_robot_integration:/home/yirehban/ros2_ws/install/zed_ipc:/home/yirehban/ros2_ws/install/zed_multi_camera:/home/yirehban/ros2_ws/install/zed_display_rviz2:/home/yirehban/ros2_ws/install/zed_depth_to_laserscan:/home/yirehban/ros2_ws/install/zed_wrapper:/home/yirehban/ros2_ws/install/zed_tutorial_video:/home/yirehban/ros2_ws/install/zed_tutorial_pos_tracking:/home/yirehban/ros2_ws/install/zed_tutorial_depth:/home/yirehban/ros2_ws/install/zed_topic_benchmark:/home/yirehban/ros2_ws/install/zed_topic_benchmark_component:/home/yirehban/ros2_ws/install/zed_topic_benchmark_interfaces:/home/yirehban/ros2_ws/install/zed_rgb_convert:/home/yirehban/ros2_ws/install/zed_aruco_localization:/home/yirehban/ros2_ws/install/zed_components:/home/yirehban/ros2_ws/install/rviz_plugin_zed_od:/home/yirehban/ros2_ws/install/examples_rclcpp_wait_set:/home/yirehban/ros2_ws/install/examples_rclcpp_multithreaded_executor:/home/yirehban/ros2_ws/install/examples_rclcpp_minimal_timer:/home/yirehban/ros2_ws/install/examples_rclcpp_minimal_subscriber:/home/yirehban/ros2_ws/install/examples_rclcpp_minimal_service:/home/yirehban/ros2_ws/install/examples_rclcpp_minimal_publisher:/home/yirehban/ros2_ws/install/examples_rclcpp_minimal_composition:/home/yirehban/ros2_ws/install/examples_rclcpp_minimal_client:/home/yirehban/ros2_ws/install/examples_rclcpp_minimal_action_server:/home/yirehban/ros2_ws/install/examples_rclcpp_minimal_action_client:/home/yirehban/ros2_ws/install/examples_rclcpp_cbg_executor:/home/yirehban/ros2_ws/install/examples_rclcpp_async_client PYTHONPATH=/home/yirehban/ros2_ws/build/vision/prefix_override:/usr/lib/python3/dist-packages/colcon_core/task/python/colcon_distutils_commands:/home/yirehban/ros2_ws/install/vision/lib/python3.10/site-packages:${PYTHONPATH} /usr/bin/python3 -W ignore:setup.py install is deprecated -W ignore:easy_install command is deprecated setup.py egg_info --egg-base ../../build/vision build --build-base /home/yirehban/ros2_ws/build/vision/build install --record /home/yirehban/ros2_ws/build/vision/install.log --single-version-externally-managed install_data
[2.139s] running egg_info
[2.139s] creating ../../build/vision/vision.egg-info
[2.140s] writing ../../build/vision/vision.egg-info/PKG-INFO
[2.140s] writing dependency_links to ../../build/vision/vision.egg-info/dependency_links.txt
[2.140s] writing entry points to ../../build/vision/vision.egg-info/entry_points.txt
[2.141s] writing requirements to ../../build/vision/vision.egg-info/requires.txt
[2.141s] writing top-level names to ../../build/vision/vision.egg-info/top_level.txt
[2.141s] writing manifest file '../../build/vision/vision.egg-info/SOURCES.txt'
[2.144s] reading manifest file '../../build/vision/vision.egg-info/SOURCES.txt'
[2.146s] writing manifest file '../../build/vision/vision.egg-info/SOURCES.txt'
[2.146s] running build
[2.146s] running build_py
[2.147s] creating /home/yirehban/ros2_ws/build/vision/build
[2.147s] creating /home/yirehban/ros2_ws/build/vision/build/lib
[2.147s] creating /home/yirehban/ros2_ws/build/vision/build/lib/vision
[2.148s] copying vision/obj_det.py -> /home/yirehban/ros2_ws/build/vision/build/lib/vision
[2.148s] copying vision/detector.py -> /home/yirehban/ros2_ws/build/vision/build/lib/vision
[2.148s] copying vision/__init__.py -> /home/yirehban/ros2_ws/build/vision/build/lib/vision
[2.149s] copying vision/custom_internal_detector.py -> /home/yirehban/ros2_ws/build/vision/build/lib/vision
[2.149s] copying vision/object_detection_image_viewer.py -> /home/yirehban/ros2_ws/build/vision/build/lib/vision
[2.149s] running install
[2.149s] running install_lib
[2.150s] creating /home/yirehban/ros2_ws/install/vision/lib/python3.10/site-packages/vision
[2.150s] copying /home/yirehban/ros2_ws/build/vision/build/lib/vision/obj_det.py -> /home/yirehban/ros2_ws/install/vision/lib/python3.10/site-packages/vision
[2.150s] copying /home/yirehban/ros2_ws/build/vision/build/lib/vision/detector.py -> /home/yirehban/ros2_ws/install/vision/lib/python3.10/site-packages/vision
[2.151s] copying /home/yirehban/ros2_ws/build/vision/build/lib/vision/__init__.py -> /home/yirehban/ros2_ws/install/vision/lib/python3.10/site-packages/vision
[2.151s] copying /home/yirehban/ros2_ws/build/vision/build/lib/vision/custom_internal_detector.py -> /home/yirehban/ros2_ws/install/vision/lib/python3.10/site-packages/vision
[2.151s] copying /home/yirehban/ros2_ws/build/vision/build/lib/vision/object_detection_image_viewer.py -> /home/yirehban/ros2_ws/install/vision/lib/python3.10/site-packages/vision
[2.152s] byte-compiling /home/yirehban/ros2_ws/install/vision/lib/python3.10/site-packages/vision/obj_det.py to obj_det.cpython-310.pyc
[2.153s] byte-compiling /home/yirehban/ros2_ws/install/vision/lib/python3.10/site-packages/vision/detector.py to detector.cpython-310.pyc
[2.156s] byte-compiling /home/yirehban/ros2_ws/install/vision/lib/python3.10/site-packages/vision/__init__.py to __init__.cpython-310.pyc
[2.156s] byte-compiling /home/yirehban/ros2_ws/install/vision/lib/python3.10/site-packages/vision/custom_internal_detector.py to custom_internal_detector.cpython-310.pyc
[2.158s] byte-compiling /home/yirehban/ros2_ws/install/vision/lib/python3.10/site-packages/vision/object_detection_image_viewer.py to object_detection_image_viewer.cpython-310.pyc
[2.159s] running install_data
[2.159s] creating /home/yirehban/ros2_ws/install/vision/share/ament_index
[2.160s] creating /home/yirehban/ros2_ws/install/vision/share/ament_index/resource_index
[2.160s] creating /home/yirehban/ros2_ws/install/vision/share/ament_index/resource_index/packages
[2.160s] copying resource/vision -> /home/yirehban/ros2_ws/install/vision/share/ament_index/resource_index/packages
[2.160s] copying package.xml -> /home/yirehban/ros2_ws/install/vision/share/vision
[2.160s] running install_egg_info
[2.164s] Copying ../../build/vision/vision.egg-info to /home/yirehban/ros2_ws/install/vision/lib/python3.10/site-packages/vision-0.0.0-py3.10.egg-info
[2.166s] running install_scripts
[2.204s] writing list of installed files to '/home/yirehban/ros2_ws/build/vision/install.log'
[2.275s] Invoked command in '/home/yirehban/ros2_ws/src/vision' returned '0': CMAKE_PREFIX_PATH=/home/yirehban/ros2_ws/install/auv_msgs:/home/yirehban/ros2_ws/install/zed_ros2:/home/yirehban/ros2_ws/install/zed_robot_integration:/home/yirehban/ros2_ws/install/zed_ipc:/home/yirehban/ros2_ws/install/zed_multi_camera:/home/yirehban/ros2_ws/install/zed_display_rviz2:/home/yirehban/ros2_ws/install/zed_depth_to_laserscan:/home/yirehban/ros2_ws/install/zed_wrapper:/home/yirehban/ros2_ws/install/zed_tutorial_video:/home/yirehban/ros2_ws/install/zed_tutorial_pos_tracking:/home/yirehban/ros2_ws/install/zed_tutorial_depth:/home/yirehban/ros2_ws/install/zed_topic_benchmark:/home/yirehban/ros2_ws/install/zed_topic_benchmark_component:/home/yirehban/ros2_ws/install/zed_topic_benchmark_interfaces:/home/yirehban/ros2_ws/install/zed_rgb_convert:/home/yirehban/ros2_ws/install/zed_aruco_localization:/home/yirehban/ros2_ws/install/zed_components:/home/yirehban/ros2_ws/install/rviz_plugin_zed_od:/home/yirehban/ros2_ws/install/examples_rclcpp_wait_set:/home/yirehban/ros2_ws/install/examples_rclcpp_multithreaded_executor:/home/yirehban/ros2_ws/install/examples_rclcpp_minimal_timer:/home/yirehban/ros2_ws/install/examples_rclcpp_minimal_subscriber:/home/yirehban/ros2_ws/install/examples_rclcpp_minimal_service:/home/yirehban/ros2_ws/install/examples_rclcpp_minimal_publisher:/home/yirehban/ros2_ws/install/examples_rclcpp_minimal_composition:/home/yirehban/ros2_ws/install/examples_rclcpp_minimal_client:/home/yirehban/ros2_ws/install/examples_rclcpp_minimal_action_server:/home/yirehban/ros2_ws/install/examples_rclcpp_minimal_action_client:/home/yirehban/ros2_ws/install/examples_rclcpp_cbg_executor:/home/yirehban/ros2_ws/install/examples_rclcpp_async_client PYTHONPATH=/home/yirehban/ros2_ws/build/vision/prefix_override:/usr/lib/python3/dist-packages/colcon_core/task/python/colcon_distutils_commands:/home/yirehban/ros2_ws/install/vision/lib/python3.10/site-packages:${PYTHONPATH} /usr/bin/python3 -W ignore:setup.py install is deprecated -W ignore:easy_install command is deprecated setup.py egg_info --egg-base ../../build/vision build --build-base /home/yirehban/ros2_ws/build/vision/build install --record /home/yirehban/ros2_ws/build/vision/install.log --single-version-externally-managed install_data
