[0.060s] Invoking command in '/home/yirehban/ros2_ws/build/examples_rclcpp_multithreaded_executor': CMAKE_PREFIX_PATH=/opt/ros/humble /usr/bin/cmake /home/yirehban/ros2_ws/src/examples/rclcpp/executors/multithreaded_executor -DCMAKE_INSTALL_PREFIX=/home/yirehban/ros2_ws/install/examples_rclcpp_multithreaded_executor
[0.256s] -- The C compiler identification is GNU 11.4.0
[0.438s] -- The CXX compiler identification is GNU 11.4.0
[0.454s] -- Detecting C compiler ABI info
[0.744s] -- Detecting C compiler ABI info - done
[0.756s] -- Check for working C compiler: /usr/bin/cc - skipped
[0.756s] -- Detecting C compile features
[0.756s] -- Detecting C compile features - done
[0.762s] -- Detecting CXX compiler ABI info
[1.076s] -- Detecting CXX compiler ABI info - done
[1.088s] -- Check for working CXX compiler: /usr/bin/c++ - skipped
[1.089s] -- Detecting CXX compile features
[1.089s] -- Detecting CXX compile features - done
[1.094s] -- Found ament_cmake: 1.3.11 (/opt/ros/humble/share/ament_cmake/cmake)
[1.523s] -- Found Python3: /usr/bin/python3 (found version "3.10.12") found components: Interpreter 
[1.739s] -- Found rclcpp: 16.0.12 (/opt/ros/humble/share/rclcpp/cmake)
[1.860s] -- Found rosidl_generator_c: 3.1.6 (/opt/ros/humble/share/rosidl_generator_c/cmake)
[1.869s] -- Found rosidl_adapter: 3.1.6 (/opt/ros/humble/share/rosidl_adapter/cmake)
[1.885s] -- Found rosidl_generator_cpp: 3.1.6 (/opt/ros/humble/share/rosidl_generator_cpp/cmake)
[1.907s] -- Using all available rosidl_typesupport_c: rosidl_typesupport_fastrtps_c;rosidl_typesupport_introspection_c
[1.936s] -- Using all available rosidl_typesupport_cpp: rosidl_typesupport_fastrtps_cpp;rosidl_typesupport_introspection_cpp
[2.016s] -- Found rmw_implementation_cmake: 6.1.2 (/opt/ros/humble/share/rmw_implementation_cmake/cmake)
[2.022s] -- Found rmw_fastrtps_cpp: 6.2.7 (/opt/ros/humble/share/rmw_fastrtps_cpp/cmake)
[2.331s] -- Found OpenSSL: /usr/lib/aarch64-linux-gnu/libcrypto.so (found version "3.0.2")  
[2.387s] -- Found FastRTPS: /opt/ros/humble/include  
[2.462s] -- Using RMW implementation 'rmw_fastrtps_cpp' as default
[2.477s] -- Looking for pthread.h
[2.743s] -- Looking for pthread.h - found
[2.745s] -- Performing Test CMAKE_HAVE_LIBC_PTHREAD
[2.950s] -- Performing Test CMAKE_HAVE_LIBC_PTHREAD - Success
[2.953s] -- Found Threads: TRUE  
[3.142s] -- Found ament_lint_auto: 0.12.12 (/opt/ros/humble/share/ament_lint_auto/cmake)
[3.386s] -- Added test 'copyright' to check source files copyright and LICENSE
[3.388s] -- Added test 'cppcheck' to perform static code analysis on C / C++ code
[3.389s] -- Configured cppcheck include dirs: 
[3.390s] -- Configured cppcheck exclude dirs and/or files: 
[3.391s] -- Added test 'cpplint' to check C / C++ code against the Google style
[3.391s] -- Configured cpplint exclude dirs and/or files: 
[3.392s] -- Added test 'lint_cmake' to check CMake code style
[3.393s] -- Added test 'uncrustify' to check C / C++ code style
[3.393s] -- Configured uncrustify additional arguments: 
[3.394s] -- Added test 'xmllint' to check XML markup files
[3.396s] -- Configuring done
[3.416s] -- Generating done
[3.424s] -- Build files have been written to: /home/yirehban/ros2_ws/build/examples_rclcpp_multithreaded_executor
[3.470s] Invoked command in '/home/yirehban/ros2_ws/build/examples_rclcpp_multithreaded_executor' returned '0': CMAKE_PREFIX_PATH=/opt/ros/humble /usr/bin/cmake /home/yirehban/ros2_ws/src/examples/rclcpp/executors/multithreaded_executor -DCMAKE_INSTALL_PREFIX=/home/yirehban/ros2_ws/install/examples_rclcpp_multithreaded_executor
[3.471s] Invoking command in '/home/yirehban/ros2_ws/build/examples_rclcpp_multithreaded_executor': CMAKE_PREFIX_PATH=/opt/ros/humble /usr/bin/cmake --build /home/yirehban/ros2_ws/build/examples_rclcpp_multithreaded_executor -- -j6 -l6
[3.955s] [ 50%] [32mBuilding CXX object CMakeFiles/multithreaded_executor.dir/multithreaded_executor.cpp.o[0m
[25.685s] [100%] [32m[1mLinking CXX executable multithreaded_executor[0m
[26.519s] [100%] Built target multithreaded_executor
[27.166s] Invoked command in '/home/yirehban/ros2_ws/build/examples_rclcpp_multithreaded_executor' returned '0': CMAKE_PREFIX_PATH=/opt/ros/humble /usr/bin/cmake --build /home/yirehban/ros2_ws/build/examples_rclcpp_multithreaded_executor -- -j6 -l6
[27.170s] Invoking command in '/home/yirehban/ros2_ws/build/examples_rclcpp_multithreaded_executor': CMAKE_PREFIX_PATH=/opt/ros/humble /usr/bin/cmake --install /home/yirehban/ros2_ws/build/examples_rclcpp_multithreaded_executor
[27.248s] -- Install configuration: ""
[27.258s] -- Installing: /home/yirehban/ros2_ws/install/examples_rclcpp_multithreaded_executor/lib/examples_rclcpp_multithreaded_executor/multithreaded_executor
[27.284s] -- Set runtime path of "/home/yirehban/ros2_ws/install/examples_rclcpp_multithreaded_executor/lib/examples_rclcpp_multithreaded_executor/multithreaded_executor" to ""
[27.284s] -- Installing: /home/yirehban/ros2_ws/install/examples_rclcpp_multithreaded_executor/share/ament_index/resource_index/package_run_dependencies/examples_rclcpp_multithreaded_executor
[27.284s] -- Installing: /home/yirehban/ros2_ws/install/examples_rclcpp_multithreaded_executor/share/ament_index/resource_index/parent_prefix_path/examples_rclcpp_multithreaded_executor
[27.285s] -- Installing: /home/yirehban/ros2_ws/install/examples_rclcpp_multithreaded_executor/share/examples_rclcpp_multithreaded_executor/environment/ament_prefix_path.sh
[27.285s] -- Installing: /home/yirehban/ros2_ws/install/examples_rclcpp_multithreaded_executor/share/examples_rclcpp_multithreaded_executor/environment/ament_prefix_path.dsv
[27.285s] -- Installing: /home/yirehban/ros2_ws/install/examples_rclcpp_multithreaded_executor/share/examples_rclcpp_multithreaded_executor/environment/path.sh
[27.285s] -- Installing: /home/yirehban/ros2_ws/install/examples_rclcpp_multithreaded_executor/share/examples_rclcpp_multithreaded_executor/environment/path.dsv
[27.286s] -- Installing: /home/yirehban/ros2_ws/install/examples_rclcpp_multithreaded_executor/share/examples_rclcpp_multithreaded_executor/local_setup.bash
[27.286s] -- Installing: /home/yirehban/ros2_ws/install/examples_rclcpp_multithreaded_executor/share/examples_rclcpp_multithreaded_executor/local_setup.sh
[27.286s] -- Installing: /home/yirehban/ros2_ws/install/examples_rclcpp_multithreaded_executor/share/examples_rclcpp_multithreaded_executor/local_setup.zsh
[27.286s] -- Installing: /home/yirehban/ros2_ws/install/examples_rclcpp_multithreaded_executor/share/examples_rclcpp_multithreaded_executor/local_setup.dsv
[27.287s] -- Installing: /home/yirehban/ros2_ws/install/examples_rclcpp_multithreaded_executor/share/examples_rclcpp_multithreaded_executor/package.dsv
[27.287s] -- Installing: /home/yirehban/ros2_ws/install/examples_rclcpp_multithreaded_executor/share/ament_index/resource_index/packages/examples_rclcpp_multithreaded_executor
[27.287s] -- Installing: /home/yirehban/ros2_ws/install/examples_rclcpp_multithreaded_executor/share/examples_rclcpp_multithreaded_executor/cmake/examples_rclcpp_multithreaded_executorConfig.cmake
[27.287s] -- Installing: /home/yirehban/ros2_ws/install/examples_rclcpp_multithreaded_executor/share/examples_rclcpp_multithreaded_executor/cmake/examples_rclcpp_multithreaded_executorConfig-version.cmake
[27.288s] -- Installing: /home/yirehban/ros2_ws/install/examples_rclcpp_multithreaded_executor/share/examples_rclcpp_multithreaded_executor/package.xml
[27.294s] Invoked command in '/home/yirehban/ros2_ws/build/examples_rclcpp_multithreaded_executor' returned '0': CMAKE_PREFIX_PATH=/opt/ros/humble /usr/bin/cmake --install /home/yirehban/ros2_ws/build/examples_rclcpp_multithreaded_executor
