-- The C compiler identification is GNU 11.4.0
-- The CXX compiler identification is GNU 11.4.0
-- Detecting C compiler ABI info
-- Detecting C compiler ABI info - done
-- Check for working C compiler: /usr/bin/cc - skipped
-- Detecting C compile features
-- Detecting C compile features - done
-- Detecting CXX compiler ABI info
-- Detecting CXX compiler ABI info - done
-- Check for working CXX compiler: /usr/bin/c++ - skipped
-- Detecting CXX compile features
-- Detecting CXX compile features - done
-- Found ament_cmake: 1.3.12 (/opt/ros/humble/share/ament_cmake/cmake)
-- Found Python3: /usr/bin/python3 (found version "3.10.12") found components: Interpreter 
-- Override CMake install command with custom implementation using symlinks instead of copying resources
-- Found rclcpp: 16.0.14 (/opt/ros/humble/share/rclcpp/cmake)
-- Found rosidl_generator_c: 3.1.7 (/opt/ros/humble/share/rosidl_generator_c/cmake)
-- Found rosidl_adapter: 3.1.7 (/opt/ros/humble/share/rosidl_adapter/cmake)
-- Found rosidl_generator_cpp: 3.1.7 (/opt/ros/humble/share/rosidl_generator_cpp/cmake)
-- Using all available rosidl_typesupport_c: rosidl_typesupport_fastrtps_c;rosidl_typesupport_introspection_c
-- Using all available rosidl_typesupport_cpp: rosidl_typesupport_fastrtps_cpp;rosidl_typesupport_introspection_cpp
-- Found rmw_implementation_cmake: 6.1.2 (/opt/ros/humble/share/rmw_implementation_cmake/cmake)
-- Found rmw_fastrtps_cpp: 6.2.8 (/opt/ros/humble/share/rmw_fastrtps_cpp/cmake)
-- Found OpenSSL: /usr/lib/aarch64-linux-gnu/libcrypto.so (found version "3.0.2")  
-- Found FastRTPS: /opt/ros/humble/include  
-- Using RMW implementation 'rmw_fastrtps_cpp' as default
-- Looking for pthread.h
-- Looking for pthread.h - found
-- Performing Test CMAKE_HAVE_LIBC_PTHREAD
-- Performing Test CMAKE_HAVE_LIBC_PTHREAD - Success
-- Found Threads: TRUE  
-- Found behaviortree_cpp: 4.7.2 (/usr/local/share/behaviortree_cpp/cmake)
-- Found ament_lint_auto: 0.12.14 (/opt/ros/humble/share/ament_lint_auto/cmake)
-- Added test 'cppcheck' to perform static code analysis on C / C++ code
-- Configured cppcheck include dirs: /home/yirehban/ros2_ws/src/mission/src/include;/home/yirehban/ros2_ws/src/mission/src/$(rclcpp_INCLUDE_DIRS)
-- Configured cppcheck exclude dirs and/or files: 
-- Added test 'lint_cmake' to check CMake code style
-- Added test 'uncrustify' to check C / C++ code style
-- Configured uncrustify additional arguments: 
-- Added test 'xmllint' to check XML markup files
-- Configuring done
-- Generating done
-- Build files have been written to: /home/yirehban/ros2_ws/build/mission
[ 20%] [32mBuilding CXX object CMakeFiles/bt_runner.dir/main.cpp.o[0m
[ 40%] [32mBuilding CXX object CMakeFiles/bt_runner.dir/nodes/rotate.cpp.o[0m
[ 60%] [32mBuilding CXX object CMakeFiles/bt_runner.dir/nodes/detect_object.cpp.o[0m
[ 80%] [32mBuilding CXX object CMakeFiles/bt_runner.dir/nodes/move_to.cpp.o[0m
[100%] [32m[1mLinking CXX executable bt_runner[0m
[100%] Built target bt_runner
-- Install configuration: ""
-- Execute custom install script
-- Symlinking: /home/yirehban/ros2_ws/install/mission/lib/mission/bt_runner
-- Symlinking: /home/yirehban/ros2_ws/install/mission/share/ament_index/resource_index/package_run_dependencies/mission
-- Symlinking: /home/yirehban/ros2_ws/install/mission/share/ament_index/resource_index/parent_prefix_path/mission
-- Symlinking: /home/yirehban/ros2_ws/install/mission/share/mission/environment/ament_prefix_path.sh
-- Symlinking: /home/yirehban/ros2_ws/install/mission/share/mission/environment/ament_prefix_path.dsv
-- Symlinking: /home/yirehban/ros2_ws/install/mission/share/mission/environment/path.sh
-- Symlinking: /home/yirehban/ros2_ws/install/mission/share/mission/environment/path.dsv
-- Symlinking: /home/yirehban/ros2_ws/install/mission/share/mission/local_setup.bash
-- Symlinking: /home/yirehban/ros2_ws/install/mission/share/mission/local_setup.sh
-- Symlinking: /home/yirehban/ros2_ws/install/mission/share/mission/local_setup.zsh
-- Symlinking: /home/yirehban/ros2_ws/install/mission/share/mission/local_setup.dsv
-- Symlinking: /home/yirehban/ros2_ws/install/mission/share/mission/package.dsv
-- Symlinking: /home/yirehban/ros2_ws/install/mission/share/ament_index/resource_index/packages/mission
-- Symlinking: /home/yirehban/ros2_ws/install/mission/share/mission/cmake/missionConfig.cmake
-- Symlinking: /home/yirehban/ros2_ws/install/mission/share/mission/cmake/missionConfig-version.cmake
-- Symlinking: /home/yirehban/ros2_ws/install/mission/share/mission/package.xml
