[5.647s] Invoking command in '/home/yirehban/ros2_ws/src/examples/rclpy/services/minimal_client': PYTHONPATH=/home/yirehban/ros2_ws/build/examples_rclpy_minimal_client/prefix_override:/usr/lib/python3/dist-packages/colcon_core/task/python/colcon_distutils_commands:/home/yirehban/ros2_ws/install/examples_rclpy_minimal_client/lib/python3.10/site-packages:${PYTHONPATH} /usr/bin/python3 -W ignore:setup.py install is deprecated -W ignore:easy_install command is deprecated setup.py egg_info --egg-base ../../../../../build/examples_rclpy_minimal_client build --build-base /home/yirehban/ros2_ws/build/examples_rclpy_minimal_client/build install --record /home/yirehban/ros2_ws/build/examples_rclpy_minimal_client/install.log --single-version-externally-managed install_data
[7.117s] running egg_info
[7.120s] writing ../../../../../build/examples_rclpy_minimal_client/examples_rclpy_minimal_client.egg-info/PKG-INFO
[7.144s] writing dependency_links to ../../../../../build/examples_rclpy_minimal_client/examples_rclpy_minimal_client.egg-info/dependency_links.txt
[7.145s] writing entry points to ../../../../../build/examples_rclpy_minimal_client/examples_rclpy_minimal_client.egg-info/entry_points.txt
[7.148s] writing requirements to ../../../../../build/examples_rclpy_minimal_client/examples_rclpy_minimal_client.egg-info/requires.txt
[7.149s] writing top-level names to ../../../../../build/examples_rclpy_minimal_client/examples_rclpy_minimal_client.egg-info/top_level.txt
[7.627s] reading manifest file '../../../../../build/examples_rclpy_minimal_client/examples_rclpy_minimal_client.egg-info/SOURCES.txt'
[7.641s] writing manifest file '../../../../../build/examples_rclpy_minimal_client/examples_rclpy_minimal_client.egg-info/SOURCES.txt'
[7.644s] running build
[7.644s] running build_py
[7.661s] running install
[7.665s] running install_lib
[7.669s] running install_data
[7.669s] running install_egg_info
[7.698s] removing '/home/yirehban/ros2_ws/install/examples_rclpy_minimal_client/lib/python3.10/site-packages/examples_rclpy_minimal_client-0.15.3-py3.10.egg-info' (and everything under it)
[7.699s] Copying ../../../../../build/examples_rclpy_minimal_client/examples_rclpy_minimal_client.egg-info to /home/yirehban/ros2_ws/install/examples_rclpy_minimal_client/lib/python3.10/site-packages/examples_rclpy_minimal_client-0.15.3-py3.10.egg-info
[7.720s] running install_scripts
[7.784s] Installing client script to /home/yirehban/ros2_ws/install/examples_rclpy_minimal_client/lib/examples_rclpy_minimal_client
[7.785s] Installing client_async script to /home/yirehban/ros2_ws/install/examples_rclpy_minimal_client/lib/examples_rclpy_minimal_client
[7.786s] Installing client_async_callback script to /home/yirehban/ros2_ws/install/examples_rclpy_minimal_client/lib/examples_rclpy_minimal_client
[7.787s] Installing client_async_member_function script to /home/yirehban/ros2_ws/install/examples_rclpy_minimal_client/lib/examples_rclpy_minimal_client
[7.790s] writing list of installed files to '/home/yirehban/ros2_ws/build/examples_rclpy_minimal_client/install.log'
[8.112s] Invoked command in '/home/yirehban/ros2_ws/src/examples/rclpy/services/minimal_client' returned '0': PYTHONPATH=/home/yirehban/ros2_ws/build/examples_rclpy_minimal_client/prefix_override:/usr/lib/python3/dist-packages/colcon_core/task/python/colcon_distutils_commands:/home/yirehban/ros2_ws/install/examples_rclpy_minimal_client/lib/python3.10/site-packages:${PYTHONPATH} /usr/bin/python3 -W ignore:setup.py install is deprecated -W ignore:easy_install command is deprecated setup.py egg_info --egg-base ../../../../../build/examples_rclpy_minimal_client build --build-base /home/yirehban/ros2_ws/build/examples_rclpy_minimal_client/build install --record /home/yirehban/ros2_ws/build/examples_rclpy_minimal_client/install.log --single-version-externally-managed install_data
