/home/yirehban/.local/lib/python3.10/site-packages/setuptools/dist.py:717: UserWarning: Usage of dash-separated 'script-dir' will not be supported in future versions. Please use the underscore name 'script_dir' instead
  warnings.warn(
running egg_info
writing ../../build/vision/vision.egg-info/PKG-INFO
writing dependency_links to ../../build/vision/vision.egg-info/dependency_links.txt
writing entry points to ../../build/vision/vision.egg-info/entry_points.txt
writing requirements to ../../build/vision/vision.egg-info/requires.txt
writing top-level names to ../../build/vision/vision.egg-info/top_level.txt
reading manifest file '../../build/vision/vision.egg-info/SOURCES.txt'
writing manifest file '../../build/vision/vision.egg-info/SOURCES.txt'
running build
running build_py
creating /home/yirehban/ros2_ws/build/vision/build/lib/vision/ogl_viewer
copying vision/ogl_viewer/__init__.py -> /home/yirehban/ros2_ws/build/vision/build/lib/vision/ogl_viewer
copying vision/ogl_viewer/viewer.py -> /home/yirehban/ros2_ws/build/vision/build/lib/vision/ogl_viewer
creating /home/yirehban/ros2_ws/build/vision/build/lib/vision/cv_viewer
copying vision/cv_viewer/utils.py -> /home/yirehban/ros2_ws/build/vision/build/lib/vision/cv_viewer
copying vision/cv_viewer/__init__.py -> /home/yirehban/ros2_ws/build/vision/build/lib/vision/cv_viewer
copying vision/cv_viewer/tracking_viewer.py -> /home/yirehban/ros2_ws/build/vision/build/lib/vision/cv_viewer
running install
running install_lib
creating /home/yirehban/ros2_ws/install/vision/lib/python3.10/site-packages/vision/ogl_viewer
copying /home/yirehban/ros2_ws/build/vision/build/lib/vision/ogl_viewer/__init__.py -> /home/yirehban/ros2_ws/install/vision/lib/python3.10/site-packages/vision/ogl_viewer
copying /home/yirehban/ros2_ws/build/vision/build/lib/vision/ogl_viewer/viewer.py -> /home/yirehban/ros2_ws/install/vision/lib/python3.10/site-packages/vision/ogl_viewer
creating /home/yirehban/ros2_ws/install/vision/lib/python3.10/site-packages/vision/cv_viewer
copying /home/yirehban/ros2_ws/build/vision/build/lib/vision/cv_viewer/utils.py -> /home/yirehban/ros2_ws/install/vision/lib/python3.10/site-packages/vision/cv_viewer
copying /home/yirehban/ros2_ws/build/vision/build/lib/vision/cv_viewer/__init__.py -> /home/yirehban/ros2_ws/install/vision/lib/python3.10/site-packages/vision/cv_viewer
copying /home/yirehban/ros2_ws/build/vision/build/lib/vision/cv_viewer/tracking_viewer.py -> /home/yirehban/ros2_ws/install/vision/lib/python3.10/site-packages/vision/cv_viewer
byte-compiling /home/yirehban/ros2_ws/install/vision/lib/python3.10/site-packages/vision/ogl_viewer/__init__.py to __init__.cpython-310.pyc
byte-compiling /home/yirehban/ros2_ws/install/vision/lib/python3.10/site-packages/vision/ogl_viewer/viewer.py to viewer.cpython-310.pyc
byte-compiling /home/yirehban/ros2_ws/install/vision/lib/python3.10/site-packages/vision/cv_viewer/utils.py to utils.cpython-310.pyc
byte-compiling /home/yirehban/ros2_ws/install/vision/lib/python3.10/site-packages/vision/cv_viewer/__init__.py to __init__.cpython-310.pyc
byte-compiling /home/yirehban/ros2_ws/install/vision/lib/python3.10/site-packages/vision/cv_viewer/tracking_viewer.py to tracking_viewer.cpython-310.pyc
running install_data
running install_egg_info
removing '/home/yirehban/ros2_ws/install/vision/lib/python3.10/site-packages/vision-0.0.0-py3.10.egg-info' (and everything under it)
Copying ../../build/vision/vision.egg-info to /home/yirehban/ros2_ws/install/vision/lib/python3.10/site-packages/vision-0.0.0-py3.10.egg-info
running install_scripts
Installing detector script to /home/yirehban/ros2_ws/install/vision/lib/vision
writing list of installed files to '/home/yirehban/ros2_ws/build/vision/install.log'
