[1.795s] Invoking command in '/home/yirehban/ros2_ws/src/vision': CMAKE_PREFIX_PATH=/home/yirehban/ros2_ws/install/auv_msgs:/home/yirehban/ros2_ws/install/zed_ros2:/home/yirehban/ros2_ws/install/zed_robot_integration:/home/yirehban/ros2_ws/install/zed_ipc:/home/yirehban/ros2_ws/install/zed_multi_camera:/home/yirehban/ros2_ws/install/zed_display_rviz2:/home/yirehban/ros2_ws/install/zed_depth_to_laserscan:/home/yirehban/ros2_ws/install/zed_wrapper:/home/yirehban/ros2_ws/install/zed_tutorial_video:/home/yirehban/ros2_ws/install/zed_tutorial_pos_tracking:/home/yirehban/ros2_ws/install/zed_tutorial_depth:/home/yirehban/ros2_ws/install/zed_topic_benchmark:/home/yirehban/ros2_ws/install/zed_topic_benchmark_component:/home/yirehban/ros2_ws/install/zed_topic_benchmark_interfaces:/home/yirehban/ros2_ws/install/zed_rgb_convert:/home/yirehban/ros2_ws/install/zed_aruco_localization:/home/yirehban/ros2_ws/install/zed_components:/home/yirehban/ros2_ws/install/rviz_plugin_zed_od:/home/yirehban/ros2_ws/install/examples_rclcpp_wait_set:/home/yirehban/ros2_ws/install/examples_rclcpp_multithreaded_executor:/home/yirehban/ros2_ws/install/examples_rclcpp_minimal_timer:/home/yirehban/ros2_ws/install/examples_rclcpp_minimal_subscriber:/home/yirehban/ros2_ws/install/examples_rclcpp_minimal_service:/home/yirehban/ros2_ws/install/examples_rclcpp_minimal_publisher:/home/yirehban/ros2_ws/install/examples_rclcpp_minimal_composition:/home/yirehban/ros2_ws/install/examples_rclcpp_minimal_client:/home/yirehban/ros2_ws/install/examples_rclcpp_minimal_action_server:/home/yirehban/ros2_ws/install/examples_rclcpp_minimal_action_client:/home/yirehban/ros2_ws/install/examples_rclcpp_cbg_executor:/home/yirehban/ros2_ws/install/examples_rclcpp_async_client PYTHONPATH=/home/yirehban/ros2_ws/build/vision/prefix_override:/usr/lib/python3/dist-packages/colcon_core/task/python/colcon_distutils_commands:/home/yirehban/ros2_ws/install/vision/lib/python3.10/site-packages:${PYTHONPATH} /usr/bin/python3 -W ignore:setup.py install is deprecated -W ignore:easy_install command is deprecated setup.py egg_info --egg-base ../../build/vision build --build-base /home/yirehban/ros2_ws/build/vision/build install --record /home/yirehban/ros2_ws/build/vision/install.log --install-scripts $base/lib/vision --single-version-externally-managed install_data
[2.332s] /home/yirehban/.local/lib/python3.10/site-packages/setuptools/dist.py:717: UserWarning: Usage of dash-separated 'script-dir' will not be supported in future versions. Please use the underscore name 'script_dir' instead
[2.333s]   warnings.warn(
[2.384s] running egg_info
[2.385s] writing ../../build/vision/vision.egg-info/PKG-INFO
[2.386s] writing dependency_links to ../../build/vision/vision.egg-info/dependency_links.txt
[2.386s] writing entry points to ../../build/vision/vision.egg-info/entry_points.txt
[2.387s] writing requirements to ../../build/vision/vision.egg-info/requires.txt
[2.387s] writing top-level names to ../../build/vision/vision.egg-info/top_level.txt
[2.391s] reading manifest file '../../build/vision/vision.egg-info/SOURCES.txt'
[2.393s] writing manifest file '../../build/vision/vision.egg-info/SOURCES.txt'
[2.393s] running build
[2.393s] running build_py
[2.394s] creating /home/yirehban/ros2_ws/build/vision/build/lib/vision/ogl_viewer
[2.394s] copying vision/ogl_viewer/__init__.py -> /home/yirehban/ros2_ws/build/vision/build/lib/vision/ogl_viewer
[2.395s] copying vision/ogl_viewer/viewer.py -> /home/yirehban/ros2_ws/build/vision/build/lib/vision/ogl_viewer
[2.395s] creating /home/yirehban/ros2_ws/build/vision/build/lib/vision/cv_viewer
[2.395s] copying vision/cv_viewer/utils.py -> /home/yirehban/ros2_ws/build/vision/build/lib/vision/cv_viewer
[2.395s] copying vision/cv_viewer/__init__.py -> /home/yirehban/ros2_ws/build/vision/build/lib/vision/cv_viewer
[2.396s] copying vision/cv_viewer/tracking_viewer.py -> /home/yirehban/ros2_ws/build/vision/build/lib/vision/cv_viewer
[2.396s] running install
[2.397s] running install_lib
[2.398s] creating /home/yirehban/ros2_ws/install/vision/lib/python3.10/site-packages/vision/ogl_viewer
[2.398s] copying /home/yirehban/ros2_ws/build/vision/build/lib/vision/ogl_viewer/__init__.py -> /home/yirehban/ros2_ws/install/vision/lib/python3.10/site-packages/vision/ogl_viewer
[2.399s] copying /home/yirehban/ros2_ws/build/vision/build/lib/vision/ogl_viewer/viewer.py -> /home/yirehban/ros2_ws/install/vision/lib/python3.10/site-packages/vision/ogl_viewer
[2.399s] creating /home/yirehban/ros2_ws/install/vision/lib/python3.10/site-packages/vision/cv_viewer
[2.399s] copying /home/yirehban/ros2_ws/build/vision/build/lib/vision/cv_viewer/utils.py -> /home/yirehban/ros2_ws/install/vision/lib/python3.10/site-packages/vision/cv_viewer
[2.400s] copying /home/yirehban/ros2_ws/build/vision/build/lib/vision/cv_viewer/__init__.py -> /home/yirehban/ros2_ws/install/vision/lib/python3.10/site-packages/vision/cv_viewer
[2.400s] copying /home/yirehban/ros2_ws/build/vision/build/lib/vision/cv_viewer/tracking_viewer.py -> /home/yirehban/ros2_ws/install/vision/lib/python3.10/site-packages/vision/cv_viewer
[2.401s] byte-compiling /home/yirehban/ros2_ws/install/vision/lib/python3.10/site-packages/vision/ogl_viewer/__init__.py to __init__.cpython-310.pyc
[2.401s] byte-compiling /home/yirehban/ros2_ws/install/vision/lib/python3.10/site-packages/vision/ogl_viewer/viewer.py to viewer.cpython-310.pyc
[2.411s] byte-compiling /home/yirehban/ros2_ws/install/vision/lib/python3.10/site-packages/vision/cv_viewer/utils.py to utils.cpython-310.pyc
[2.412s] byte-compiling /home/yirehban/ros2_ws/install/vision/lib/python3.10/site-packages/vision/cv_viewer/__init__.py to __init__.cpython-310.pyc
[2.412s] byte-compiling /home/yirehban/ros2_ws/install/vision/lib/python3.10/site-packages/vision/cv_viewer/tracking_viewer.py to tracking_viewer.cpython-310.pyc
[2.415s] running install_data
[2.415s] running install_egg_info
[2.419s] removing '/home/yirehban/ros2_ws/install/vision/lib/python3.10/site-packages/vision-0.0.0-py3.10.egg-info' (and everything under it)
[2.420s] Copying ../../build/vision/vision.egg-info to /home/yirehban/ros2_ws/install/vision/lib/python3.10/site-packages/vision-0.0.0-py3.10.egg-info
[2.421s] running install_scripts
[2.461s] Installing detector script to /home/yirehban/ros2_ws/install/vision/lib/vision
[2.462s] writing list of installed files to '/home/yirehban/ros2_ws/build/vision/install.log'
[2.537s] Invoked command in '/home/yirehban/ros2_ws/src/vision' returned '0': CMAKE_PREFIX_PATH=/home/yirehban/ros2_ws/install/auv_msgs:/home/yirehban/ros2_ws/install/zed_ros2:/home/yirehban/ros2_ws/install/zed_robot_integration:/home/yirehban/ros2_ws/install/zed_ipc:/home/yirehban/ros2_ws/install/zed_multi_camera:/home/yirehban/ros2_ws/install/zed_display_rviz2:/home/yirehban/ros2_ws/install/zed_depth_to_laserscan:/home/yirehban/ros2_ws/install/zed_wrapper:/home/yirehban/ros2_ws/install/zed_tutorial_video:/home/yirehban/ros2_ws/install/zed_tutorial_pos_tracking:/home/yirehban/ros2_ws/install/zed_tutorial_depth:/home/yirehban/ros2_ws/install/zed_topic_benchmark:/home/yirehban/ros2_ws/install/zed_topic_benchmark_component:/home/yirehban/ros2_ws/install/zed_topic_benchmark_interfaces:/home/yirehban/ros2_ws/install/zed_rgb_convert:/home/yirehban/ros2_ws/install/zed_aruco_localization:/home/yirehban/ros2_ws/install/zed_components:/home/yirehban/ros2_ws/install/rviz_plugin_zed_od:/home/yirehban/ros2_ws/install/examples_rclcpp_wait_set:/home/yirehban/ros2_ws/install/examples_rclcpp_multithreaded_executor:/home/yirehban/ros2_ws/install/examples_rclcpp_minimal_timer:/home/yirehban/ros2_ws/install/examples_rclcpp_minimal_subscriber:/home/yirehban/ros2_ws/install/examples_rclcpp_minimal_service:/home/yirehban/ros2_ws/install/examples_rclcpp_minimal_publisher:/home/yirehban/ros2_ws/install/examples_rclcpp_minimal_composition:/home/yirehban/ros2_ws/install/examples_rclcpp_minimal_client:/home/yirehban/ros2_ws/install/examples_rclcpp_minimal_action_server:/home/yirehban/ros2_ws/install/examples_rclcpp_minimal_action_client:/home/yirehban/ros2_ws/install/examples_rclcpp_cbg_executor:/home/yirehban/ros2_ws/install/examples_rclcpp_async_client PYTHONPATH=/home/yirehban/ros2_ws/build/vision/prefix_override:/usr/lib/python3/dist-packages/colcon_core/task/python/colcon_distutils_commands:/home/yirehban/ros2_ws/install/vision/lib/python3.10/site-packages:${PYTHONPATH} /usr/bin/python3 -W ignore:setup.py install is deprecated -W ignore:easy_install command is deprecated setup.py egg_info --egg-base ../../build/vision build --build-base /home/yirehban/ros2_ws/build/vision/build install --record /home/yirehban/ros2_ws/build/vision/install.log --install-scripts $base/lib/vision --single-version-externally-managed install_data
