[0.089s] Invoking command in '/home/yirehban/ros2_ws/build/zed_tutorial_video': CMAKE_PREFIX_PATH=/opt/ros/humble /usr/bin/cmake /home/yirehban/ros2_ws/src/zed-ros2-examples/tutorials/zed_video_tutorial -DCMAKE_INSTALL_PREFIX=/home/yirehban/ros2_ws/install/zed_tutorial_video
[0.258s] -- The C compiler identification is GNU 11.4.0
[0.387s] -- The CXX compiler identification is GNU 11.4.0
[0.402s] -- Detecting C compiler ABI info
[0.572s] -- Detecting C compiler ABI info - done
[0.586s] -- Check for working C compiler: /usr/bin/cc - skipped
[0.588s] -- Detecting C compile features
[0.589s] -- Detecting C compile features - done
[0.597s] -- Detecting CXX compiler ABI info
[0.831s] -- Detecting CXX compiler ABI info - done
[0.845s] -- Check for working CXX compiler: /usr/bin/c++ - skipped
[0.847s] -- Detecting CXX compile features
[0.849s] -- Detecting CXX compile features - done
[0.853s] -- Found ament_cmake_auto: 1.3.11 (/opt/ros/humble/share/ament_cmake_auto/cmake)
[1.302s] -- Found Python3: /usr/bin/python3 (found version "3.10.12") found components: Interpreter 
[1.869s] -- Found rosidl_generator_c: 3.1.6 (/opt/ros/humble/share/rosidl_generator_c/cmake)
[1.877s] -- Found rosidl_adapter: 3.1.6 (/opt/ros/humble/share/rosidl_adapter/cmake)
[1.894s] -- Found rosidl_generator_cpp: 3.1.6 (/opt/ros/humble/share/rosidl_generator_cpp/cmake)
[1.932s] -- Using all available rosidl_typesupport_c: rosidl_typesupport_fastrtps_c;rosidl_typesupport_introspection_c
[1.965s] -- Using all available rosidl_typesupport_cpp: rosidl_typesupport_fastrtps_cpp;rosidl_typesupport_introspection_cpp
[2.061s] -- Found rmw_implementation_cmake: 6.1.2 (/opt/ros/humble/share/rmw_implementation_cmake/cmake)
[2.068s] -- Found rmw_fastrtps_cpp: 6.2.7 (/opt/ros/humble/share/rmw_fastrtps_cpp/cmake)
[2.263s] -- Found OpenSSL: /usr/lib/aarch64-linux-gnu/libcrypto.so (found version "3.0.2")  
[2.326s] -- Found FastRTPS: /opt/ros/humble/include  
[2.407s] -- Using RMW implementation 'rmw_fastrtps_cpp' as default
[2.425s] -- Looking for pthread.h
[2.811s] -- Looking for pthread.h - found
[2.814s] -- Performing Test CMAKE_HAVE_LIBC_PTHREAD
[2.979s] -- Performing Test CMAKE_HAVE_LIBC_PTHREAD - Success
[2.984s] -- Found Threads: TRUE  
[3.171s] -- Found ament_lint_auto: 0.12.12 (/opt/ros/humble/share/ament_lint_auto/cmake)
[3.181s] -- Configuring done
[3.207s] -- Generating done
[3.219s] -- Build files have been written to: /home/yirehban/ros2_ws/build/zed_tutorial_video
[3.265s] Invoked command in '/home/yirehban/ros2_ws/build/zed_tutorial_video' returned '0': CMAKE_PREFIX_PATH=/opt/ros/humble /usr/bin/cmake /home/yirehban/ros2_ws/src/zed-ros2-examples/tutorials/zed_video_tutorial -DCMAKE_INSTALL_PREFIX=/home/yirehban/ros2_ws/install/zed_tutorial_video
[3.266s] Invoking command in '/home/yirehban/ros2_ws/build/zed_tutorial_video': CMAKE_PREFIX_PATH=/opt/ros/humble /usr/bin/cmake --build /home/yirehban/ros2_ws/build/zed_tutorial_video -- -j6 -l6
[3.402s] [ 50%] [32mBuilding CXX object CMakeFiles/zed_tutorial_video.dir/src/zed_video_sub_tutorial.cpp.o[0m
[28.905s] [100%] [32m[1mLinking CXX executable zed_tutorial_video[0m
[29.258s] [100%] Built target zed_tutorial_video
[29.454s] Invoked command in '/home/yirehban/ros2_ws/build/zed_tutorial_video' returned '0': CMAKE_PREFIX_PATH=/opt/ros/humble /usr/bin/cmake --build /home/yirehban/ros2_ws/build/zed_tutorial_video -- -j6 -l6
[29.458s] Invoking command in '/home/yirehban/ros2_ws/build/zed_tutorial_video': CMAKE_PREFIX_PATH=/opt/ros/humble /usr/bin/cmake --install /home/yirehban/ros2_ws/build/zed_tutorial_video
[29.477s] -- Install configuration: "Release"
[29.478s] -- Installing: /home/yirehban/ros2_ws/install/zed_tutorial_video/lib/zed_tutorial_video/zed_tutorial_video
[29.480s] -- Set runtime path of "/home/yirehban/ros2_ws/install/zed_tutorial_video/lib/zed_tutorial_video/zed_tutorial_video" to ""
[29.481s] -- Installing: /home/yirehban/ros2_ws/install/zed_tutorial_video/share/ament_index/resource_index/package_run_dependencies/zed_tutorial_video
[29.482s] -- Installing: /home/yirehban/ros2_ws/install/zed_tutorial_video/share/ament_index/resource_index/parent_prefix_path/zed_tutorial_video
[29.483s] -- Installing: /home/yirehban/ros2_ws/install/zed_tutorial_video/share/zed_tutorial_video/environment/ament_prefix_path.sh
[29.484s] -- Installing: /home/yirehban/ros2_ws/install/zed_tutorial_video/share/zed_tutorial_video/environment/ament_prefix_path.dsv
[29.484s] -- Installing: /home/yirehban/ros2_ws/install/zed_tutorial_video/share/zed_tutorial_video/environment/path.sh
[29.485s] -- Installing: /home/yirehban/ros2_ws/install/zed_tutorial_video/share/zed_tutorial_video/environment/path.dsv
[29.485s] -- Installing: /home/yirehban/ros2_ws/install/zed_tutorial_video/share/zed_tutorial_video/local_setup.bash
[29.486s] -- Installing: /home/yirehban/ros2_ws/install/zed_tutorial_video/share/zed_tutorial_video/local_setup.sh
[29.487s] -- Installing: /home/yirehban/ros2_ws/install/zed_tutorial_video/share/zed_tutorial_video/local_setup.zsh
[29.487s] -- Installing: /home/yirehban/ros2_ws/install/zed_tutorial_video/share/zed_tutorial_video/local_setup.dsv
[29.488s] -- Installing: /home/yirehban/ros2_ws/install/zed_tutorial_video/share/zed_tutorial_video/package.dsv
[29.489s] -- Installing: /home/yirehban/ros2_ws/install/zed_tutorial_video/share/ament_index/resource_index/packages/zed_tutorial_video
[29.490s] -- Installing: /home/yirehban/ros2_ws/install/zed_tutorial_video/share/zed_tutorial_video/cmake/zed_tutorial_videoConfig.cmake
[29.490s] -- Installing: /home/yirehban/ros2_ws/install/zed_tutorial_video/share/zed_tutorial_video/cmake/zed_tutorial_videoConfig-version.cmake
[29.491s] -- Installing: /home/yirehban/ros2_ws/install/zed_tutorial_video/share/zed_tutorial_video/package.xml
[29.503s] Invoked command in '/home/yirehban/ros2_ws/build/zed_tutorial_video' returned '0': CMAKE_PREFIX_PATH=/opt/ros/humble /usr/bin/cmake --install /home/yirehban/ros2_ws/build/zed_tutorial_video
