[3.147s] Invoking command in '/home/yirehban/ros2_ws/src/examples/rclpy/executors': PYTHONPATH=/home/yirehban/ros2_ws/build/examples_rclpy_executors/prefix_override:/usr/lib/python3/dist-packages/colcon_core/task/python/colcon_distutils_commands:/home/yirehban/ros2_ws/install/examples_rclpy_executors/lib/python3.10/site-packages:${PYTHONPATH} /usr/bin/python3 -W ignore:setup.py install is deprecated -W ignore:easy_install command is deprecated setup.py egg_info --egg-base ../../../../build/examples_rclpy_executors build --build-base /home/yirehban/ros2_ws/build/examples_rclpy_executors/build install --record /home/yirehban/ros2_ws/build/examples_rclpy_executors/install.log --single-version-externally-managed install_data
[3.628s] /home/yirehban/.local/lib/python3.10/site-packages/setuptools/_distutils/dist.py:289: UserWarning: Unknown distribution option: 'tests_require'
[3.628s]   warnings.warn(msg)
[3.758s] /home/yirehban/.local/lib/python3.10/site-packages/setuptools/dist.py:759: SetuptoolsDeprecationWarning: License classifiers are deprecated.
[3.758s] !!
[3.758s] 
[3.758s]         ********************************************************************************
[3.758s]         Please consider removing the following classifiers in favor of a SPDX license expression:
[3.758s] 
[3.759s]         License :: OSI Approved :: Apache Software License
[3.759s] 
[3.759s]         See https://packaging.python.org/en/latest/guides/writing-pyproject-toml/#license for details.
[3.759s]         ********************************************************************************
[3.759s] 
[3.759s] !!
[3.759s]   self._finalize_license_expression()
[3.915s] running egg_info
[3.970s] writing ../../../../build/examples_rclpy_executors/examples_rclpy_executors.egg-info/PKG-INFO
[3.973s] writing dependency_links to ../../../../build/examples_rclpy_executors/examples_rclpy_executors.egg-info/dependency_links.txt
[3.973s] writing entry points to ../../../../build/examples_rclpy_executors/examples_rclpy_executors.egg-info/entry_points.txt
[3.974s] writing requirements to ../../../../build/examples_rclpy_executors/examples_rclpy_executors.egg-info/requires.txt
[3.974s] writing top-level names to ../../../../build/examples_rclpy_executors/examples_rclpy_executors.egg-info/top_level.txt
[4.094s] reading manifest file '../../../../build/examples_rclpy_executors/examples_rclpy_executors.egg-info/SOURCES.txt'
[4.097s] writing manifest file '../../../../build/examples_rclpy_executors/examples_rclpy_executors.egg-info/SOURCES.txt'
[4.097s] running build
[4.097s] running build_py
[4.098s] copying examples_rclpy_executors/callback_group.py -> /home/yirehban/ros2_ws/build/examples_rclpy_executors/build/lib/examples_rclpy_executors
[4.104s] copying examples_rclpy_executors/__init__.py -> /home/yirehban/ros2_ws/build/examples_rclpy_executors/build/lib/examples_rclpy_executors
[4.104s] copying examples_rclpy_executors/custom_callback_group.py -> /home/yirehban/ros2_ws/build/examples_rclpy_executors/build/lib/examples_rclpy_executors
[4.105s] copying examples_rclpy_executors/listener.py -> /home/yirehban/ros2_ws/build/examples_rclpy_executors/build/lib/examples_rclpy_executors
[4.121s] copying examples_rclpy_executors/custom_executor.py -> /home/yirehban/ros2_ws/build/examples_rclpy_executors/build/lib/examples_rclpy_executors
[4.121s] copying examples_rclpy_executors/composed.py -> /home/yirehban/ros2_ws/build/examples_rclpy_executors/build/lib/examples_rclpy_executors
[4.122s] copying examples_rclpy_executors/talker.py -> /home/yirehban/ros2_ws/build/examples_rclpy_executors/build/lib/examples_rclpy_executors
[4.122s] running install
[4.122s] running install_lib
[4.190s] running install_data
[4.190s] copying resource/examples_rclpy_executors -> /home/yirehban/ros2_ws/install/examples_rclpy_executors/share/ament_index/resource_index/packages
[4.190s] copying package.xml -> /home/yirehban/ros2_ws/install/examples_rclpy_executors/share/examples_rclpy_executors
[4.190s] running install_egg_info
[4.227s] removing '/home/yirehban/ros2_ws/install/examples_rclpy_executors/lib/python3.10/site-packages/examples_rclpy_executors-0.15.3-py3.10.egg-info' (and everything under it)
[4.236s] Copying ../../../../build/examples_rclpy_executors/examples_rclpy_executors.egg-info to /home/yirehban/ros2_ws/install/examples_rclpy_executors/lib/python3.10/site-packages/examples_rclpy_executors-0.15.3-py3.10.egg-info
[4.242s] running install_scripts
[4.391s] Installing callback_group script to /home/yirehban/ros2_ws/install/examples_rclpy_executors/lib/examples_rclpy_executors
[4.393s] Installing composed script to /home/yirehban/ros2_ws/install/examples_rclpy_executors/lib/examples_rclpy_executors
[4.393s] Installing custom_callback_group script to /home/yirehban/ros2_ws/install/examples_rclpy_executors/lib/examples_rclpy_executors
[4.393s] Installing custom_executor script to /home/yirehban/ros2_ws/install/examples_rclpy_executors/lib/examples_rclpy_executors
[4.393s] Installing listener script to /home/yirehban/ros2_ws/install/examples_rclpy_executors/lib/examples_rclpy_executors
[4.393s] Installing talker script to /home/yirehban/ros2_ws/install/examples_rclpy_executors/lib/examples_rclpy_executors
[4.397s] writing list of installed files to '/home/yirehban/ros2_ws/build/examples_rclpy_executors/install.log'
[4.776s] Invoked command in '/home/yirehban/ros2_ws/src/examples/rclpy/executors' returned '0': PYTHONPATH=/home/yirehban/ros2_ws/build/examples_rclpy_executors/prefix_override:/usr/lib/python3/dist-packages/colcon_core/task/python/colcon_distutils_commands:/home/yirehban/ros2_ws/install/examples_rclpy_executors/lib/python3.10/site-packages:${PYTHONPATH} /usr/bin/python3 -W ignore:setup.py install is deprecated -W ignore:easy_install command is deprecated setup.py egg_info --egg-base ../../../../build/examples_rclpy_executors build --build-base /home/yirehban/ros2_ws/build/examples_rclpy_executors/build install --record /home/yirehban/ros2_ws/build/examples_rclpy_executors/install.log --single-version-externally-managed install_data
